# JRE version: OpenJDK Runtime Environment Temurin-17.0.10+7 (17.0.10+7) (build 17.0.10+7)
# Java VM: OpenJDK 64-Bit Server VM Temurin-17.0.10+7 (17.0.10+7, mixed mode, tiered, compressed oops, compressed class ptrs, parallel gc, windows-amd64)
GC Precious Log:
 CPUs: 12 total, 12 available
 Memory: 16225M
 Large Page Support: Disabled
 NUMA Support: Disabled
 Compressed Oops: Enabled (32-bit)
 Alignments: Space 512K, Generation 512K, Heap 2M
 Heap Min Capacity: 100M
 Heap Initial Capacity: 100M
 Heap Max Capacity: 2G
 Pre-touch: Disabled
 Parallel Workers: 10
Heap:
 PSYoungGen      total 6144K, used 730K [0x00000000d5580000, 0x00000000d5d80000, 0x0000000100000000)
  eden space 5120K, 0% used [0x00000000d5580000,0x00000000d5580000,0x00000000d5a80000)
  from space 1024K, 71% used [0x00000000d5c80000,0x00000000d5d36900,0x00000000d5d80000)
  to   space 1024K, 0% used [0x00000000d5b80000,0x00000000d5b80000,0x00000000d5c80000)
 ParOldGen       total 210432K, used 210384K [0x0000000080000000, 0x000000008cd80000, 0x00000000d5580000)
  object space 210432K, 99% used [0x0000000080000000,0x000000008cd740b8,0x000000008cd80000)
 Metaspace       used 84589K, committed 86080K, reserved 1179648K
  class space    used 8520K, committed 9152K, reserved 1048576K
GC Heap History (20 events):
Event: 159.313 GC heap after
{Heap after GC invocations=280 (full 8):
 PSYoungGen      total 2048K, used 960K [0x00000000d5580000, 0x00000000d6280000, 0x0000000100000000)
  eden space 1024K, 0% used [0x00000000d5580000,0x00000000d5580000,0x00000000d5680000)
  from space 1024K, 93% used [0x00000000d5680000,0x00000000d5770000,0x00000000d5780000)
  to   space 4608K, 0% used [0x00000000d5e00000,0x00000000d5e00000,0x00000000d6280000)
 ParOldGen       total 210432K, used 203303K [0x0000000080000000, 0x000000008cd80000, 0x00000000d5580000)
  object space 210432K, 96% used [0x0000000080000000,0x000000008c689ea0,0x000000008cd80000)
 Metaspace       used 84574K, committed 86080K, reserved 1179648K
  class space    used 8520K, committed 9152K, reserved 1048576K
}
Event: 159.314 GC heap before
{Heap before GC invocations=281 (full 8):
 PSYoungGen      total 2048K, used 1984K [0x00000000d5580000, 0x00000000d6280000, 0x0000000100000000)
  eden space 1024K, 100% used [0x00000000d5580000,0x00000000d5680000,0x00000000d5680000)
  from space 1024K, 93% used [0x00000000d5680000,0x00000000d5770000,0x00000000d5780000)
  to   space 4608K, 0% used [0x00000000d5e00000,0x00000000d5e00000,0x00000000d6280000)
 ParOldGen       total 210432K, used 203303K [0x0000000080000000, 0x000000008cd80000, 0x00000000d5580000)
  object space 210432K, 96% used [0x0000000080000000,0x000000008c689ea0,0x000000008cd80000)
 Metaspace       used 84574K, committed 86080K, reserved 1179648K
  class space    used 8520K, committed 9152K, reserved 1048576K
}
Event: 159.316 GC heap after
{Heap after GC invocations=281 (full 8):
 PSYoungGen      total 3072K, used 1088K [0x00000000d5580000, 0x00000000d5f80000, 0x0000000100000000)
  eden space 1536K, 0% used [0x00000000d5580000,0x00000000d5580000,0x00000000d5700000)
  from space 1536K, 70% used [0x00000000d5e00000,0x00000000d5f10000,0x00000000d5f80000)
  to   space 2048K, 0% used [0x00000000d5b80000,0x00000000d5b80000,0x00000000d5d80000)
 ParOldGen       total 210432K, used 204183K [0x0000000080000000, 0x000000008cd80000, 0x00000000d5580000)
  object space 210432K, 97% used [0x0000000080000000,0x000000008c765ea0,0x000000008cd80000)
 Metaspace       used 84574K, committed 86080K, reserved 1179648K
  class space    used 8520K, committed 9152K, reserved 1048576K
}
Event: 159.318 GC heap before
{Heap before GC invocations=282 (full 8):
 PSYoungGen      total 3072K, used 2624K [0x00000000d5580000, 0x00000000d5f80000, 0x0000000100000000)
  eden space 1536K, 100% used [0x00000000d5580000,0x00000000d5700000,0x00000000d5700000)
  from space 1536K, 70% used [0x00000000d5e00000,0x00000000d5f10000,0x00000000d5f80000)
  to   space 2048K, 0% used [0x00000000d5b80000,0x00000000d5b80000,0x00000000d5d80000)
 ParOldGen       total 210432K, used 204183K [0x0000000080000000, 0x000000008cd80000, 0x00000000d5580000)
  object space 210432K, 97% used [0x0000000080000000,0x000000008c765ea0,0x000000008cd80000)
 Metaspace       used 84574K, committed 86080K, reserved 1179648K
  class space    used 8520K, committed 9152K, reserved 1048576K
}
Event: 159.319 GC heap after
{Heap after GC invocations=282 (full 8):
 PSYoungGen      total 4096K, used 1664K [0x00000000d5580000, 0x00000000d5e80000, 0x0000000100000000)
  eden space 2048K, 0% used [0x00000000d5580000,0x00000000d5580000,0x00000000d5780000)
  from space 2048K, 81% used [0x00000000d5b80000,0x00000000d5d20000,0x00000000d5d80000)
  to   space 1024K, 0% used [0x00000000d5d80000,0x00000000d5d80000,0x00000000d5e80000)
 ParOldGen       total 210432K, used 205183K [0x0000000080000000, 0x000000008cd80000, 0x00000000d5580000)
  object space 210432K, 97% used [0x0000000080000000,0x000000008c85fea0,0x000000008cd80000)
 Metaspace       used 84574K, committed 86080K, reserved 1179648K
  class space    used 8520K, committed 9152K, reserved 1048576K
}
Event: 159.322 GC heap before
{Heap before GC invocations=283 (full 8):
 PSYoungGen      total 4096K, used 3712K [0x00000000d5580000, 0x00000000d5e80000, 0x0000000100000000)
  eden space 2048K, 100% used [0x00000000d5580000,0x00000000d5780000,0x00000000d5780000)
  from space 2048K, 81% used [0x00000000d5b80000,0x00000000d5d20000,0x00000000d5d80000)
  to   space 1024K, 0% used [0x00000000d5d80000,0x00000000d5d80000,0x00000000d5e80000)
 ParOldGen       total 210432K, used 205183K [0x0000000080000000, 0x000000008cd80000, 0x00000000d5580000)
  object space 210432K, 97% used [0x0000000080000000,0x000000008c85fea0,0x000000008cd80000)
 Metaspace       used 84574K, committed 86080K, reserved 1179648K
  class space    used 8520K, committed 9152K, reserved 1048576K
}
Event: 159.324 GC heap after
{Heap after GC invocations=283 (full 8):
 PSYoungGen      total 3584K, used 1024K [0x00000000d5580000, 0x00000000d5f00000, 0x0000000100000000)
  eden space 2560K, 0% used [0x00000000d5580000,0x00000000d5580000,0x00000000d5800000)
  from space 1024K, 100% used [0x00000000d5d80000,0x00000000d5e80000,0x00000000d5e80000)
  to   space 3584K, 0% used [0x00000000d5800000,0x00000000d5800000,0x00000000d5b80000)
 ParOldGen       total 210432K, used 207127K [0x0000000080000000, 0x000000008cd80000, 0x00000000d5580000)
  object space 210432K, 98% used [0x0000000080000000,0x000000008ca45ea0,0x000000008cd80000)
 Metaspace       used 84574K, committed 86080K, reserved 1179648K
  class space    used 8520K, committed 9152K, reserved 1048576K
}
Event: 159.329 GC heap before
{Heap before GC invocations=284 (full 8):
 PSYoungGen      total 3584K, used 3584K [0x00000000d5580000, 0x00000000d5f00000, 0x0000000100000000)
  eden space 2560K, 100% used [0x00000000d5580000,0x00000000d5800000,0x00000000d5800000)
  from space 1024K, 100% used [0x00000000d5d80000,0x00000000d5e80000,0x00000000d5e80000)
  to   space 3584K, 0% used [0x00000000d5800000,0x00000000d5800000,0x00000000d5b80000)
 ParOldGen       total 210432K, used 207127K [0x0000000080000000, 0x000000008cd80000, 0x00000000d5580000)
  object space 210432K, 98% used [0x0000000080000000,0x000000008ca45ea0,0x000000008cd80000)
 Metaspace       used 84574K, committed 86080K, reserved 1179648K
  class space    used 8520K, committed 9152K, reserved 1048576K
}
Event: 159.330 GC heap after
{Heap after GC invocations=284 (full 8):
 PSYoungGen      total 6144K, used 640K [0x00000000d5580000, 0x00000000d5e00000, 0x0000000100000000)
  eden space 2560K, 0% used [0x00000000d5580000,0x00000000d5580000,0x00000000d5800000)
  from space 3584K, 17% used [0x00000000d5800000,0x00000000d58a0000,0x00000000d5b80000)
  to   space 1536K, 0% used [0x00000000d5c80000,0x00000000d5c80000,0x00000000d5e00000)
 ParOldGen       total 210432K, used 208204K [0x0000000080000000, 0x000000008cd80000, 0x00000000d5580000)
  object space 210432K, 98% used [0x0000000080000000,0x000000008cb530a0,0x000000008cd80000)
 Metaspace       used 84574K, committed 86080K, reserved 1179648K
  class space    used 8520K, committed 9152K, reserved 1048576K
}
Event: 159.332 GC heap before
{Heap before GC invocations=285 (full 8):
 PSYoungGen      total 6144K, used 3200K [0x00000000d5580000, 0x00000000d5e00000, 0x0000000100000000)
  eden space 2560K, 100% used [0x00000000d5580000,0x00000000d5800000,0x00000000d5800000)
  from space 3584K, 17% used [0x00000000d5800000,0x00000000d58a0000,0x00000000d5b80000)
  to   space 1536K, 0% used [0x00000000d5c80000,0x00000000d5c80000,0x00000000d5e00000)
 ParOldGen       total 210432K, used 208204K [0x0000000080000000, 0x000000008cd80000, 0x00000000d5580000)
  object space 210432K, 98% used [0x0000000080000000,0x000000008cb530a0,0x000000008cd80000)
 Metaspace       used 84574K, committed 86080K, reserved 1179648K
  class space    used 8520K, committed 9152K, reserved 1048576K
}
Event: 159.333 GC heap after
{Heap after GC invocations=285 (full 8):
 PSYoungGen      total 3584K, used 352K [0x00000000d5580000, 0x00000000d5d00000, 0x0000000100000000)
  eden space 3072K, 0% used [0x00000000d5580000,0x00000000d5580000,0x00000000d5880000)
  from space 512K, 68% used [0x00000000d5c80000,0x00000000d5cd8000,0x00000000d5d00000)
  to   space 1024K, 0% used [0x00000000d5b00000,0x00000000d5b00000,0x00000000d5c00000)
 ParOldGen       total 210432K, used 208772K [0x0000000080000000, 0x000000008cd80000, 0x00000000d5580000)
  object space 210432K, 99% used [0x0000000080000000,0x000000008cbe10c0,0x000000008cd80000)
 Metaspace       used 84574K, committed 86080K, reserved 1179648K
  class space    used 8520K, committed 9152K, reserved 1048576K
}
Event: 159.337 GC heap before
{Heap before GC invocations=286 (full 8):
 PSYoungGen      total 3584K, used 3424K [0x00000000d5580000, 0x00000000d5d00000, 0x0000000100000000)
  eden space 3072K, 100% used [0x00000000d5580000,0x00000000d5880000,0x00000000d5880000)
  from space 512K, 68% used [0x00000000d5c80000,0x00000000d5cd8000,0x00000000d5d00000)
  to   space 1024K, 0% used [0x00000000d5b00000,0x00000000d5b00000,0x00000000d5c00000)
 ParOldGen       total 210432K, used 208772K [0x0000000080000000, 0x000000008cd80000, 0x00000000d5580000)
  object space 210432K, 99% used [0x0000000080000000,0x000000008cbe10c0,0x000000008cd80000)
 Metaspace       used 84576K, committed 86080K, reserved 1179648K
  class space    used 8520K, committed 9152K, reserved 1048576K
}
Event: 159.337 GC heap after
{Heap after GC invocations=286 (full 8):
 PSYoungGen      total 5120K, used 448K [0x00000000d5580000, 0x00000000d5d00000, 0x0000000100000000)
  eden space 4096K, 0% used [0x00000000d5580000,0x00000000d5580000,0x00000000d5980000)
  from space 1024K, 43% used [0x00000000d5b00000,0x00000000d5b70000,0x00000000d5c00000)
  to   space 512K, 0% used [0x00000000d5c80000,0x00000000d5c80000,0x00000000d5d00000)
 ParOldGen       total 210432K, used 208964K [0x0000000080000000, 0x000000008cd80000, 0x00000000d5580000)
  object space 210432K, 99% used [0x0000000080000000,0x000000008cc110c0,0x000000008cd80000)
 Metaspace       used 84576K, committed 86080K, reserved 1179648K
  class space    used 8520K, committed 9152K, reserved 1048576K
}
Event: 159.346 GC heap before
{Heap before GC invocations=287 (full 8):
 PSYoungGen      total 5120K, used 4544K [0x00000000d5580000, 0x00000000d5d00000, 0x0000000100000000)
  eden space 4096K, 100% used [0x00000000d5580000,0x00000000d5980000,0x00000000d5980000)
  from space 1024K, 43% used [0x00000000d5b00000,0x00000000d5b70000,0x00000000d5c00000)
  to   space 512K, 0% used [0x00000000d5c80000,0x00000000d5c80000,0x00000000d5d00000)
 ParOldGen       total 210432K, used 208964K [0x0000000080000000, 0x000000008cd80000, 0x00000000d5580000)
  object space 210432K, 99% used [0x0000000080000000,0x000000008cc110c0,0x000000008cd80000)
 Metaspace       used 84588K, committed 86080K, reserved 1179648K
  class space    used 8520K, committed 9152K, reserved 1048576K
}
Event: 159.347 GC heap after
{Heap after GC invocations=287 (full 8):
 PSYoungGen      total 5632K, used 512K [0x00000000d5580000, 0x00000000d5d80000, 0x0000000100000000)
  eden space 5120K, 0% used [0x00000000d5580000,0x00000000d5580000,0x00000000d5a80000)
  from space 512K, 100% used [0x00000000d5c80000,0x00000000d5d00000,0x00000000d5d00000)
  to   space 1536K, 0% used [0x00000000d5a80000,0x00000000d5a80000,0x00000000d5c00000)
 ParOldGen       total 210432K, used 209412K [0x0000000080000000, 0x000000008cd80000, 0x00000000d5580000)
  object space 210432K, 99% used [0x0000000080000000,0x000000008cc81058,0x000000008cd80000)
 Metaspace       used 84588K, committed 86080K, reserved 1179648K
  class space    used 8520K, committed 9152K, reserved 1048576K
}
Event: 159.355 GC heap before
{Heap before GC invocations=288 (full 8):
 PSYoungGen      total 5632K, used 5632K [0x00000000d5580000, 0x00000000d5d80000, 0x0000000100000000)
  eden space 5120K, 100% used [0x00000000d5580000,0x00000000d5a80000,0x00000000d5a80000)
  from space 512K, 100% used [0x00000000d5c80000,0x00000000d5d00000,0x00000000d5d00000)
  to   space 1536K, 0% used [0x00000000d5a80000,0x00000000d5a80000,0x00000000d5c00000)
 ParOldGen       total 210432K, used 209412K [0x0000000080000000, 0x000000008cd80000, 0x00000000d5580000)
  object space 210432K, 99% used [0x0000000080000000,0x000000008cc81058,0x000000008cd80000)
 Metaspace       used 84588K, committed 86080K, reserved 1179648K
  class space    used 8520K, committed 9152K, reserved 1048576K
}
Event: 159.356 GC heap after
{Heap after GC invocations=288 (full 8):
 PSYoungGen      total 6656K, used 640K [0x00000000d5580000, 0x00000000d5d80000, 0x0000000100000000)
  eden space 5120K, 0% used [0x00000000d5580000,0x00000000d5580000,0x00000000d5a80000)
  from space 1536K, 41% used [0x00000000d5a80000,0x00000000d5b20000,0x00000000d5c00000)
  to   space 1024K, 0% used [0x00000000d5c80000,0x00000000d5c80000,0x00000000d5d80000)
 ParOldGen       total 210432K, used 209892K [0x0000000080000000, 0x000000008cd80000, 0x00000000d5580000)
  object space 210432K, 99% used [0x0000000080000000,0x000000008ccf9068,0x000000008cd80000)
 Metaspace       used 84588K, committed 86080K, reserved 1179648K
  class space    used 8520K, committed 9152K, reserved 1048576K
}
Event: 159.364 GC heap before
{Heap before GC invocations=289 (full 8):
 PSYoungGen      total 6656K, used 5760K [0x00000000d5580000, 0x00000000d5d80000, 0x0000000100000000)
  eden space 5120K, 100% used [0x00000000d5580000,0x00000000d5a80000,0x00000000d5a80000)
  from space 1536K, 41% used [0x00000000d5a80000,0x00000000d5b20000,0x00000000d5c00000)
  to   space 1024K, 0% used [0x00000000d5c80000,0x00000000d5c80000,0x00000000d5d80000)
 ParOldGen       total 210432K, used 209892K [0x0000000080000000, 0x000000008cd80000, 0x00000000d5580000)
  object space 210432K, 99% used [0x0000000080000000,0x000000008ccf9068,0x000000008cd80000)
 Metaspace       used 84589K, committed 86080K, reserved 1179648K
  class space    used 8520K, committed 9152K, reserved 1048576K
}
Event: 159.365 GC heap after
{Heap after GC invocations=289 (full 8):
 PSYoungGen      total 6144K, used 730K [0x00000000d5580000, 0x00000000d5d80000, 0x0000000100000000)
  eden space 5120K, 0% used [0x00000000d5580000,0x00000000d5580000,0x00000000d5a80000)
  from space 1024K, 71% used [0x00000000d5c80000,0x00000000d5d36900,0x00000000d5d80000)
  to   space 1024K, 0% used [0x00000000d5b80000,0x00000000d5b80000,0x00000000d5c80000)
 ParOldGen       total 210432K, used 210384K [0x0000000080000000, 0x000000008cd80000, 0x00000000d5580000)
  object space 210432K, 99% used [0x0000000080000000,0x000000008cd740b8,0x000000008cd80000)
 Metaspace       used 84589K, committed 86080K, reserved 1179648K
  class space    used 8520K, committed 9152K, reserved 1048576K
}
Event: 159.365 GC heap before
{Heap before GC invocations=290 (full 9):
 PSYoungGen      total 6144K, used 730K [0x00000000d5580000, 0x00000000d5d80000, 0x0000000100000000)
  eden space 5120K, 0% used [0x00000000d5580000,0x00000000d5580000,0x00000000d5a80000)
  from space 1024K, 71% used [0x00000000d5c80000,0x00000000d5d36900,0x00000000d5d80000)
  to   space 1024K, 0% used [0x00000000d5b80000,0x00000000d5b80000,0x00000000d5c80000)
 ParOldGen       total 210432K, used 210384K [0x0000000080000000, 0x000000008cd80000, 0x00000000d5580000)
  object space 210432K, 99% used [0x0000000080000000,0x000000008cd740b8,0x000000008cd80000)
 Metaspace       used 84589K, committed 86080K, reserved 1179648K
  class space    used 8520K, committed 9152K, reserved 1048576K
}

