# JRE version: OpenJDK Runtime Environment Temurin-17.0.11+9 (17.0.11+9) (build 17.0.11+9)
# Java VM: OpenJDK 64-Bit Server VM Temurin-17.0.11+9 (17.0.11+9, mixed mode, tiered, compressed oops, compressed class ptrs, parallel gc, windows-amd64)
GC Precious Log:
 CPUs: 12 total, 12 available
 Memory: 16225M
 Large Page Support: Disabled
 NUMA Support: Disabled
 Compressed Oops: Enabled (32-bit)
 Alignments: Space 512K, Generation 512K, Heap 2M
 Heap Min Capacity: 100M
 Heap Initial Capacity: 100M
 Heap Max Capacity: 2G
 Pre-touch: Disabled
 Parallel Workers: 10
Heap:
 PSYoungGen      total 5632K, used 4608K [0x00000000d5580000, 0x00000000d5c00000, 0x0000000100000000)
  eden space 4608K, 100% used [0x00000000d5580000,0x00000000d5a00000,0x00000000d5a00000)
  from space 1024K, 0% used [0x00000000d5a00000,0x00000000d5a00000,0x00000000d5b00000)
  to   space 1024K, 0% used [0x00000000d5b00000,0x00000000d5b00000,0x00000000d5c00000)
 ParOldGen       total 209408K, used 159754K [0x0000000080000000, 0x000000008cc80000, 0x00000000d5580000)
  object space 209408K, 76% used [0x0000000080000000,0x0000000089c02950,0x000000008cc80000)
 Metaspace       used 89818K, committed 91392K, reserved 1179648K
  class space    used 8914K, committed 9664K, reserved 1048576K
GC Heap History (20 events):
Event: 3758.156 GC heap before
{Heap before GC invocations=970 (full 27):
 PSYoungGen      total 7168K, used 6816K [0x00000000d5580000, 0x00000000d5e00000, 0x0000000100000000)
  eden space 6144K, 100% used [0x00000000d5580000,0x00000000d5b80000,0x00000000d5b80000)
  from space 1024K, 65% used [0x00000000d5b80000,0x00000000d5c28000,0x00000000d5c80000)
  to   space 1024K, 0% used [0x00000000d5d00000,0x00000000d5d00000,0x00000000d5e00000)
 ParOldGen       total 218112K, used 211695K [0x0000000080000000, 0x000000008d500000, 0x00000000d5580000)
  object space 218112K, 97% used [0x0000000080000000,0x000000008cebbd90,0x000000008d500000)
 Metaspace       used 89823K, committed 91392K, reserved 1179648K
  class space    used 8916K, committed 9664K, reserved 1048576K
}
Event: 3758.158 GC heap after
{Heap after GC invocations=970 (full 27):
 PSYoungGen      total 6656K, used 1006K [0x00000000d5580000, 0x00000000d5f80000, 0x0000000100000000)
  eden space 5632K, 0% used [0x00000000d5580000,0x00000000d5580000,0x00000000d5b00000)
  from space 1024K, 98% used [0x00000000d5d00000,0x00000000d5dfbb40,0x00000000d5e00000)
  to   space 2048K, 0% used [0x00000000d5b00000,0x00000000d5b00000,0x00000000d5d00000)
 ParOldGen       total 218112K, used 212221K [0x0000000080000000, 0x000000008d500000, 0x00000000d5580000)
  object space 218112K, 97% used [0x0000000080000000,0x000000008cf3f480,0x000000008d500000)
 Metaspace       used 89823K, committed 91392K, reserved 1179648K
  class space    used 8916K, committed 9664K, reserved 1048576K
}
Event: 3758.161 GC heap before
{Heap before GC invocations=971 (full 27):
 PSYoungGen      total 6656K, used 6638K [0x00000000d5580000, 0x00000000d5f80000, 0x0000000100000000)
  eden space 5632K, 100% used [0x00000000d5580000,0x00000000d5b00000,0x00000000d5b00000)
  from space 1024K, 98% used [0x00000000d5d00000,0x00000000d5dfbb40,0x00000000d5e00000)
  to   space 2048K, 0% used [0x00000000d5b00000,0x00000000d5b00000,0x00000000d5d00000)
 ParOldGen       total 218112K, used 212221K [0x0000000080000000, 0x000000008d500000, 0x00000000d5580000)
  object space 218112K, 97% used [0x0000000080000000,0x000000008cf3f480,0x000000008d500000)
 Metaspace       used 89823K, committed 91392K, reserved 1179648K
  class space    used 8916K, committed 9664K, reserved 1048576K
}
Event: 3758.163 GC heap after
{Heap after GC invocations=971 (full 27):
 PSYoungGen      total 6656K, used 896K [0x00000000d5580000, 0x00000000d5e00000, 0x0000000100000000)
  eden space 5632K, 0% used [0x00000000d5580000,0x00000000d5580000,0x00000000d5b00000)
  from space 1024K, 87% used [0x00000000d5b00000,0x00000000d5be0000,0x00000000d5c00000)
  to   space 1536K, 0% used [0x00000000d5c80000,0x00000000d5c80000,0x00000000d5e00000)
 ParOldGen       total 218112K, used 213186K [0x0000000080000000, 0x000000008d500000, 0x00000000d5580000)
  object space 218112K, 97% used [0x0000000080000000,0x000000008d030870,0x000000008d500000)
 Metaspace       used 89823K, committed 91392K, reserved 1179648K
  class space    used 8916K, committed 9664K, reserved 1048576K
}
Event: 3758.559 GC heap before
{Heap before GC invocations=972 (full 27):
 PSYoungGen      total 6656K, used 6528K [0x00000000d5580000, 0x00000000d5e00000, 0x0000000100000000)
  eden space 5632K, 100% used [0x00000000d5580000,0x00000000d5b00000,0x00000000d5b00000)
  from space 1024K, 87% used [0x00000000d5b00000,0x00000000d5be0000,0x00000000d5c00000)
  to   space 1536K, 0% used [0x00000000d5c80000,0x00000000d5c80000,0x00000000d5e00000)
 ParOldGen       total 218112K, used 213186K [0x0000000080000000, 0x000000008d500000, 0x00000000d5580000)
  object space 218112K, 97% used [0x0000000080000000,0x000000008d030870,0x000000008d500000)
 Metaspace       used 89823K, committed 91392K, reserved 1179648K
  class space    used 8916K, committed 9664K, reserved 1048576K
}
Event: 3758.560 GC heap after
{Heap after GC invocations=972 (full 27):
 PSYoungGen      total 6656K, used 666K [0x00000000d5580000, 0x00000000d5d80000, 0x0000000100000000)
  eden space 5632K, 0% used [0x00000000d5580000,0x00000000d5580000,0x00000000d5b00000)
  from space 1024K, 65% used [0x00000000d5c80000,0x00000000d5d26920,0x00000000d5d80000)
  to   space 1024K, 0% used [0x00000000d5b00000,0x00000000d5b00000,0x00000000d5c00000)
 ParOldGen       total 218112K, used 213935K [0x0000000080000000, 0x000000008d500000, 0x00000000d5580000)
  object space 218112K, 98% used [0x0000000080000000,0x000000008d0ebf20,0x000000008d500000)
 Metaspace       used 89823K, committed 91392K, reserved 1179648K
  class space    used 8916K, committed 9664K, reserved 1048576K
}
Event: 3758.566 GC heap before
{Heap before GC invocations=973 (full 27):
 PSYoungGen      total 6656K, used 6298K [0x00000000d5580000, 0x00000000d5d80000, 0x0000000100000000)
  eden space 5632K, 100% used [0x00000000d5580000,0x00000000d5b00000,0x00000000d5b00000)
  from space 1024K, 65% used [0x00000000d5c80000,0x00000000d5d26920,0x00000000d5d80000)
  to   space 1024K, 0% used [0x00000000d5b00000,0x00000000d5b00000,0x00000000d5c00000)
 ParOldGen       total 218112K, used 213935K [0x0000000080000000, 0x000000008d500000, 0x00000000d5580000)
  object space 218112K, 98% used [0x0000000080000000,0x000000008d0ebf20,0x000000008d500000)
 Metaspace       used 89823K, committed 91392K, reserved 1179648K
  class space    used 8916K, committed 9664K, reserved 1048576K
}
Event: 3758.567 GC heap after
{Heap after GC invocations=973 (full 27):
 PSYoungGen      total 6656K, used 864K [0x00000000d5580000, 0x00000000d5d00000, 0x0000000100000000)
  eden space 5632K, 0% used [0x00000000d5580000,0x00000000d5580000,0x00000000d5b00000)
  from space 1024K, 84% used [0x00000000d5b00000,0x00000000d5bd8000,0x00000000d5c00000)
  to   space 1024K, 0% used [0x00000000d5c00000,0x00000000d5c00000,0x00000000d5d00000)
 ParOldGen       total 218112K, used 214434K [0x0000000080000000, 0x000000008d500000, 0x00000000d5580000)
  object space 218112K, 98% used [0x0000000080000000,0x000000008d168978,0x000000008d500000)
 Metaspace       used 89823K, committed 91392K, reserved 1179648K
  class space    used 8916K, committed 9664K, reserved 1048576K
}
Event: 3758.820 GC heap before
{Heap before GC invocations=974 (full 27):
 PSYoungGen      total 6656K, used 6496K [0x00000000d5580000, 0x00000000d5d00000, 0x0000000100000000)
  eden space 5632K, 100% used [0x00000000d5580000,0x00000000d5b00000,0x00000000d5b00000)
  from space 1024K, 84% used [0x00000000d5b00000,0x00000000d5bd8000,0x00000000d5c00000)
  to   space 1024K, 0% used [0x00000000d5c00000,0x00000000d5c00000,0x00000000d5d00000)
 ParOldGen       total 218112K, used 214434K [0x0000000080000000, 0x000000008d500000, 0x00000000d5580000)
  object space 218112K, 98% used [0x0000000080000000,0x000000008d168978,0x000000008d500000)
 Metaspace       used 89823K, committed 91392K, reserved 1179648K
  class space    used 8916K, committed 9664K, reserved 1048576K
}
Event: 3758.821 GC heap after
{Heap after GC invocations=974 (full 27):
 PSYoungGen      total 5632K, used 1018K [0x00000000d5580000, 0x00000000d5f00000, 0x0000000100000000)
  eden space 4608K, 0% used [0x00000000d5580000,0x00000000d5580000,0x00000000d5a00000)
  from space 1024K, 99% used [0x00000000d5c00000,0x00000000d5cfe920,0x00000000d5d00000)
  to   space 2048K, 0% used [0x00000000d5a00000,0x00000000d5a00000,0x00000000d5c00000)
 ParOldGen       total 218112K, used 215217K [0x0000000080000000, 0x000000008d500000, 0x00000000d5580000)
  object space 218112K, 98% used [0x0000000080000000,0x000000008d22c510,0x000000008d500000)
 Metaspace       used 89823K, committed 91392K, reserved 1179648K
  class space    used 8916K, committed 9664K, reserved 1048576K
}
Event: 3758.827 GC heap before
{Heap before GC invocations=975 (full 27):
 PSYoungGen      total 5632K, used 5626K [0x00000000d5580000, 0x00000000d5f00000, 0x0000000100000000)
  eden space 4608K, 100% used [0x00000000d5580000,0x00000000d5a00000,0x00000000d5a00000)
  from space 1024K, 99% used [0x00000000d5c00000,0x00000000d5cfe920,0x00000000d5d00000)
  to   space 2048K, 0% used [0x00000000d5a00000,0x00000000d5a00000,0x00000000d5c00000)
 ParOldGen       total 218112K, used 215217K [0x0000000080000000, 0x000000008d500000, 0x00000000d5580000)
  object space 218112K, 98% used [0x0000000080000000,0x000000008d22c510,0x000000008d500000)
 Metaspace       used 89823K, committed 91392K, reserved 1179648K
  class space    used 8916K, committed 9664K, reserved 1048576K
}
Event: 3758.828 GC heap after
{Heap after GC invocations=975 (full 27):
 PSYoungGen      total 5632K, used 864K [0x00000000d5580000, 0x00000000d5d00000, 0x0000000100000000)
  eden space 4608K, 0% used [0x00000000d5580000,0x00000000d5580000,0x00000000d5a00000)
  from space 1024K, 84% used [0x00000000d5a00000,0x00000000d5ad8000,0x00000000d5b00000)
  to   space 1536K, 0% used [0x00000000d5b80000,0x00000000d5b80000,0x00000000d5d00000)
 ParOldGen       total 218112K, used 216096K [0x0000000080000000, 0x000000008d500000, 0x00000000d5580000)
  object space 218112K, 99% used [0x0000000080000000,0x000000008d308190,0x000000008d500000)
 Metaspace       used 89823K, committed 91392K, reserved 1179648K
  class space    used 8916K, committed 9664K, reserved 1048576K
}
Event: 3758.835 GC heap before
{Heap before GC invocations=976 (full 27):
 PSYoungGen      total 5632K, used 5472K [0x00000000d5580000, 0x00000000d5d00000, 0x0000000100000000)
  eden space 4608K, 100% used [0x00000000d5580000,0x00000000d5a00000,0x00000000d5a00000)
  from space 1024K, 84% used [0x00000000d5a00000,0x00000000d5ad8000,0x00000000d5b00000)
  to   space 1536K, 0% used [0x00000000d5b80000,0x00000000d5b80000,0x00000000d5d00000)
 ParOldGen       total 218112K, used 216096K [0x0000000080000000, 0x000000008d500000, 0x00000000d5580000)
  object space 218112K, 99% used [0x0000000080000000,0x000000008d308190,0x000000008d500000)
 Metaspace       used 89823K, committed 91392K, reserved 1179648K
  class space    used 8916K, committed 9664K, reserved 1048576K
}
Event: 3758.837 GC heap after
{Heap after GC invocations=976 (full 27):
 PSYoungGen      total 5632K, used 544K [0x00000000d5580000, 0x00000000d5c80000, 0x0000000100000000)
  eden space 4608K, 0% used [0x00000000d5580000,0x00000000d5580000,0x00000000d5a00000)
  from space 1024K, 53% used [0x00000000d5b80000,0x00000000d5c08000,0x00000000d5c80000)
  to   space 1024K, 0% used [0x00000000d5a00000,0x00000000d5a00000,0x00000000d5b00000)
 ParOldGen       total 218112K, used 216835K [0x0000000080000000, 0x000000008d500000, 0x00000000d5580000)
  object space 218112K, 99% used [0x0000000080000000,0x000000008d3c0cf8,0x000000008d500000)
 Metaspace       used 89823K, committed 91392K, reserved 1179648K
  class space    used 8916K, committed 9664K, reserved 1048576K
}
Event: 3758.850 GC heap before
{Heap before GC invocations=977 (full 27):
 PSYoungGen      total 5632K, used 5152K [0x00000000d5580000, 0x00000000d5c80000, 0x0000000100000000)
  eden space 4608K, 100% used [0x00000000d5580000,0x00000000d5a00000,0x00000000d5a00000)
  from space 1024K, 53% used [0x00000000d5b80000,0x00000000d5c08000,0x00000000d5c80000)
  to   space 1024K, 0% used [0x00000000d5a00000,0x00000000d5a00000,0x00000000d5b00000)
 ParOldGen       total 218112K, used 216835K [0x0000000080000000, 0x000000008d500000, 0x00000000d5580000)
  object space 218112K, 99% used [0x0000000080000000,0x000000008d3c0cf8,0x000000008d500000)
 Metaspace       used 89826K, committed 91392K, reserved 1179648K
  class space    used 8916K, committed 9664K, reserved 1048576K
}
Event: 3758.851 GC heap after
{Heap after GC invocations=977 (full 27):
 PSYoungGen      total 5632K, used 996K [0x00000000d5580000, 0x00000000d5d00000, 0x0000000100000000)
  eden space 4608K, 0% used [0x00000000d5580000,0x00000000d5580000,0x00000000d5a00000)
  from space 1024K, 97% used [0x00000000d5a00000,0x00000000d5af9210,0x00000000d5b00000)
  to   space 1536K, 0% used [0x00000000d5b80000,0x00000000d5b80000,0x00000000d5d00000)
 ParOldGen       total 218112K, used 217259K [0x0000000080000000, 0x000000008d500000, 0x00000000d5580000)
  object space 218112K, 99% used [0x0000000080000000,0x000000008d42ad38,0x000000008d500000)
 Metaspace       used 89826K, committed 91392K, reserved 1179648K
  class space    used 8916K, committed 9664K, reserved 1048576K
}
Event: 3758.856 GC heap before
{Heap before GC invocations=978 (full 27):
 PSYoungGen      total 5632K, used 5604K [0x00000000d5580000, 0x00000000d5d00000, 0x0000000100000000)
  eden space 4608K, 100% used [0x00000000d5580000,0x00000000d5a00000,0x00000000d5a00000)
  from space 1024K, 97% used [0x00000000d5a00000,0x00000000d5af9210,0x00000000d5b00000)
  to   space 1536K, 0% used [0x00000000d5b80000,0x00000000d5b80000,0x00000000d5d00000)
 ParOldGen       total 218112K, used 217259K [0x0000000080000000, 0x000000008d500000, 0x00000000d5580000)
  object space 218112K, 99% used [0x0000000080000000,0x000000008d42ad38,0x000000008d500000)
 Metaspace       used 89826K, committed 91392K, reserved 1179648K
  class space    used 8916K, committed 9664K, reserved 1048576K
}
Event: 3758.857 GC heap after
{Heap after GC invocations=978 (full 27):
 PSYoungGen      total 5632K, used 704K [0x00000000d5580000, 0x00000000d5c80000, 0x0000000100000000)
  eden space 4608K, 0% used [0x00000000d5580000,0x00000000d5580000,0x00000000d5a00000)
  from space 1024K, 68% used [0x00000000d5b80000,0x00000000d5c30000,0x00000000d5c80000)
  to   space 1024K, 0% used [0x00000000d5a00000,0x00000000d5a00000,0x00000000d5b00000)
 ParOldGen       total 218624K, used 218140K [0x0000000080000000, 0x000000008d580000, 0x00000000d5580000)
  object space 218624K, 99% used [0x0000000080000000,0x000000008d5073b0,0x000000008d580000)
 Metaspace       used 89826K, committed 91392K, reserved 1179648K
  class space    used 8916K, committed 9664K, reserved 1048576K
}
Event: 3758.857 GC heap before
{Heap before GC invocations=979 (full 28):
 PSYoungGen      total 5632K, used 704K [0x00000000d5580000, 0x00000000d5c80000, 0x0000000100000000)
  eden space 4608K, 0% used [0x00000000d5580000,0x00000000d5580000,0x00000000d5a00000)
  from space 1024K, 68% used [0x00000000d5b80000,0x00000000d5c30000,0x00000000d5c80000)
  to   space 1024K, 0% used [0x00000000d5a00000,0x00000000d5a00000,0x00000000d5b00000)
 ParOldGen       total 218624K, used 218140K [0x0000000080000000, 0x000000008d580000, 0x00000000d5580000)
  object space 218624K, 99% used [0x0000000080000000,0x000000008d5073b0,0x000000008d580000)
 Metaspace       used 89826K, committed 91392K, reserved 1179648K
  class space    used 8916K, committed 9664K, reserved 1048576K
}
Event: 3758.954 GC heap after
{Heap after GC invocations=979 (full 28):
 PSYoungGen      total 5632K, used 0K [0x00000000d5580000, 0x00000000d5c00000, 0x0000000100000000)
  eden space 4608K, 0% used [0x00000000d5580000,0x00000000d5580000,0x00000000d5a00000)
  from space 1024K, 0% used [0x00000000d5a00000,0x00000000d5a00000,0x00000000d5b00000)
  to   space 1024K, 0% used [0x00000000d5b00000,0x00000000d5b00000,0x00000000d5c00000)
 ParOldGen       total 209408K, used 159754K [0x0000000080000000, 0x000000008cc80000, 0x00000000d5580000)
  object space 209408K, 76% used [0x0000000080000000,0x0000000089c02950,0x000000008cc80000)
 Metaspace       used 89818K, committed 91392K, reserved 1179648K
  class space    used 8914K, committed 9664K, reserved 1048576K
}

