# JRE version: OpenJDK Runtime Environment Temurin-17.0.13+11 (17.0.13+11) (build 17.0.13+11)
# Java VM: OpenJDK 64-Bit Server VM Temurin-17.0.13+11 (17.0.13+11, mixed mode, tiered, compressed oops, compressed class ptrs, parallel gc, windows-amd64)
GC Precious Log:
 CPUs: 4 total, 4 available
 Memory: 8072M
 Large Page Support: Disabled
 NUMA Support: Disabled
 Compressed Oops: Enabled (32-bit)
 Alignments: Space 512K, Generation 512K, Heap 2M
 Heap Min Capacity: 100M
 Heap Initial Capacity: 100M
 Heap Max Capacity: 1G
 Pre-touch: Disabled
 Parallel Workers: 4
Heap:
 PSYoungGen      total 7168K, used 7150K [0x00000000eab00000, 0x00000000ebf00000, 0x0000000100000000)
  eden space 6144K, 100% used [0x00000000eab00000,0x00000000eb100000,0x00000000eb100000)
  from space 1024K, 98% used [0x00000000eb200000,0x00000000eb2fbb90,0x00000000eb300000)
  to   space 7168K, 0% used [0x00000000eb800000,0x00000000eb800000,0x00000000ebf00000)
 ParOldGen       total 106496K, used 106264K [0x00000000c0000000, 0x00000000c6800000, 0x00000000eab00000)
  object space 106496K, 99% used [0x00000000c0000000,0x00000000c67c6248,0x00000000c6800000)
 Metaspace       used 91583K, committed 92928K, reserved 1179648K
  class space    used 9284K, committed 9920K, reserved 1048576K
GC Heap History (20 events):
Event: 16232.511 GC heap after
{Heap after GC invocations=1315 (full 34):
 PSYoungGen      total 7168K, used 752K [0x00000000eab00000, 0x00000000eb600000, 0x0000000100000000)
  eden space 6144K, 0% used [0x00000000eab00000,0x00000000eab00000,0x00000000eb100000)
  from space 1024K, 73% used [0x00000000eb500000,0x00000000eb5bc010,0x00000000eb600000)
  to   space 1024K, 0% used [0x00000000eb400000,0x00000000eb400000,0x00000000eb500000)
 ParOldGen       total 102912K, used 96675K [0x00000000c0000000, 0x00000000c6480000, 0x00000000eab00000)
  object space 102912K, 93% used [0x00000000c0000000,0x00000000c5e68d18,0x00000000c6480000)
 Metaspace       used 91582K, committed 92928K, reserved 1179648K
  class space    used 9284K, committed 9920K, reserved 1048576K
}
Event: 16232.519 GC heap before
{Heap before GC invocations=1316 (full 34):
 PSYoungGen      total 7168K, used 6896K [0x00000000eab00000, 0x00000000eb600000, 0x0000000100000000)
  eden space 6144K, 100% used [0x00000000eab00000,0x00000000eb100000,0x00000000eb100000)
  from space 1024K, 73% used [0x00000000eb500000,0x00000000eb5bc010,0x00000000eb600000)
  to   space 1024K, 0% used [0x00000000eb400000,0x00000000eb400000,0x00000000eb500000)
 ParOldGen       total 102912K, used 96675K [0x00000000c0000000, 0x00000000c6480000, 0x00000000eab00000)
  object space 102912K, 93% used [0x00000000c0000000,0x00000000c5e68d18,0x00000000c6480000)
 Metaspace       used 91582K, committed 92928K, reserved 1179648K
  class space    used 9284K, committed 9920K, reserved 1048576K
}
Event: 16232.521 GC heap after
{Heap after GC invocations=1316 (full 34):
 PSYoungGen      total 6656K, used 448K [0x00000000eab00000, 0x00000000eb580000, 0x0000000100000000)
  eden space 6144K, 0% used [0x00000000eab00000,0x00000000eab00000,0x00000000eb100000)
  from space 512K, 87% used [0x00000000eb400000,0x00000000eb470000,0x00000000eb480000)
  to   space 1024K, 0% used [0x00000000eb480000,0x00000000eb480000,0x00000000eb580000)
 ParOldGen       total 102912K, used 97387K [0x00000000c0000000, 0x00000000c6480000, 0x00000000eab00000)
  object space 102912K, 94% used [0x00000000c0000000,0x00000000c5f1ad38,0x00000000c6480000)
 Metaspace       used 91582K, committed 92928K, reserved 1179648K
  class space    used 9284K, committed 9920K, reserved 1048576K
}
Event: 16232.532 GC heap before
{Heap before GC invocations=1317 (full 34):
 PSYoungGen      total 6656K, used 6592K [0x00000000eab00000, 0x00000000eb580000, 0x0000000100000000)
  eden space 6144K, 100% used [0x00000000eab00000,0x00000000eb100000,0x00000000eb100000)
  from space 512K, 87% used [0x00000000eb400000,0x00000000eb470000,0x00000000eb480000)
  to   space 1024K, 0% used [0x00000000eb480000,0x00000000eb480000,0x00000000eb580000)
 ParOldGen       total 102912K, used 97387K [0x00000000c0000000, 0x00000000c6480000, 0x00000000eab00000)
  object space 102912K, 94% used [0x00000000c0000000,0x00000000c5f1ad38,0x00000000c6480000)
 Metaspace       used 91582K, committed 92928K, reserved 1179648K
  class space    used 9284K, committed 9920K, reserved 1048576K
}
Event: 16232.533 GC heap after
{Heap after GC invocations=1317 (full 34):
 PSYoungGen      total 6656K, used 416K [0x00000000eab00000, 0x00000000eb500000, 0x0000000100000000)
  eden space 6144K, 0% used [0x00000000eab00000,0x00000000eab00000,0x00000000eb100000)
  from space 512K, 81% used [0x00000000eb480000,0x00000000eb4e8000,0x00000000eb500000)
  to   space 512K, 0% used [0x00000000eb400000,0x00000000eb400000,0x00000000eb480000)
 ParOldGen       total 102912K, used 97775K [0x00000000c0000000, 0x00000000c6480000, 0x00000000eab00000)
  object space 102912K, 95% used [0x00000000c0000000,0x00000000c5f7bd88,0x00000000c6480000)
 Metaspace       used 91582K, committed 92928K, reserved 1179648K
  class space    used 9284K, committed 9920K, reserved 1048576K
}
Event: 16232.544 GC heap before
{Heap before GC invocations=1318 (full 34):
 PSYoungGen      total 6656K, used 6560K [0x00000000eab00000, 0x00000000eb500000, 0x0000000100000000)
  eden space 6144K, 100% used [0x00000000eab00000,0x00000000eb100000,0x00000000eb100000)
  from space 512K, 81% used [0x00000000eb480000,0x00000000eb4e8000,0x00000000eb500000)
  to   space 512K, 0% used [0x00000000eb400000,0x00000000eb400000,0x00000000eb480000)
 ParOldGen       total 102912K, used 97775K [0x00000000c0000000, 0x00000000c6480000, 0x00000000eab00000)
  object space 102912K, 95% used [0x00000000c0000000,0x00000000c5f7bd88,0x00000000c6480000)
 Metaspace       used 91582K, committed 92928K, reserved 1179648K
  class space    used 9284K, committed 9920K, reserved 1048576K
}
Event: 16232.546 GC heap after
{Heap after GC invocations=1318 (full 34):
 PSYoungGen      total 6656K, used 448K [0x00000000eab00000, 0x00000000eb500000, 0x0000000100000000)
  eden space 6144K, 0% used [0x00000000eab00000,0x00000000eab00000,0x00000000eb100000)
  from space 512K, 87% used [0x00000000eb400000,0x00000000eb470000,0x00000000eb480000)
  to   space 512K, 0% used [0x00000000eb480000,0x00000000eb480000,0x00000000eb500000)
 ParOldGen       total 102912K, used 98175K [0x00000000c0000000, 0x00000000c6480000, 0x00000000eab00000)
  object space 102912K, 95% used [0x00000000c0000000,0x00000000c5fdfde8,0x00000000c6480000)
 Metaspace       used 91582K, committed 92928K, reserved 1179648K
  class space    used 9284K, committed 9920K, reserved 1048576K
}
Event: 16232.877 GC heap before
{Heap before GC invocations=1319 (full 34):
 PSYoungGen      total 6656K, used 6587K [0x00000000eab00000, 0x00000000eb500000, 0x0000000100000000)
  eden space 6144K, 99% used [0x00000000eab00000,0x00000000eb0fefd8,0x00000000eb100000)
  from space 512K, 87% used [0x00000000eb400000,0x00000000eb470000,0x00000000eb480000)
  to   space 512K, 0% used [0x00000000eb480000,0x00000000eb480000,0x00000000eb500000)
 ParOldGen       total 102912K, used 98175K [0x00000000c0000000, 0x00000000c6480000, 0x00000000eab00000)
  object space 102912K, 95% used [0x00000000c0000000,0x00000000c5fdfde8,0x00000000c6480000)
 Metaspace       used 91582K, committed 92928K, reserved 1179648K
  class space    used 9284K, committed 9920K, reserved 1048576K
}
Event: 16232.882 GC heap after
{Heap after GC invocations=1319 (full 34):
 PSYoungGen      total 6656K, used 500K [0x00000000eab00000, 0x00000000eb500000, 0x0000000100000000)
  eden space 6144K, 0% used [0x00000000eab00000,0x00000000eab00000,0x00000000eb100000)
  from space 512K, 97% used [0x00000000eb480000,0x00000000eb4fd220,0x00000000eb500000)
  to   space 2048K, 0% used [0x00000000eb100000,0x00000000eb100000,0x00000000eb300000)
 ParOldGen       total 102912K, used 99176K [0x00000000c0000000, 0x00000000c6480000, 0x00000000eab00000)
  object space 102912K, 96% used [0x00000000c0000000,0x00000000c60da2c0,0x00000000c6480000)
 Metaspace       used 91582K, committed 92928K, reserved 1179648K
  class space    used 9284K, committed 9920K, reserved 1048576K
}
Event: 16232.901 GC heap before
{Heap before GC invocations=1320 (full 34):
 PSYoungGen      total 6656K, used 6644K [0x00000000eab00000, 0x00000000eb500000, 0x0000000100000000)
  eden space 6144K, 100% used [0x00000000eab00000,0x00000000eb100000,0x00000000eb100000)
  from space 512K, 97% used [0x00000000eb480000,0x00000000eb4fd220,0x00000000eb500000)
  to   space 2048K, 0% used [0x00000000eb100000,0x00000000eb100000,0x00000000eb300000)
 ParOldGen       total 102912K, used 99176K [0x00000000c0000000, 0x00000000c6480000, 0x00000000eab00000)
  object space 102912K, 96% used [0x00000000c0000000,0x00000000c60da2c0,0x00000000c6480000)
 Metaspace       used 91582K, committed 92928K, reserved 1179648K
  class space    used 9284K, committed 9920K, reserved 1048576K
}
Event: 16232.903 GC heap after
{Heap after GC invocations=1320 (full 34):
 PSYoungGen      total 8192K, used 768K [0x00000000eab00000, 0x00000000eb500000, 0x0000000100000000)
  eden space 6144K, 0% used [0x00000000eab00000,0x00000000eab00000,0x00000000eb100000)
  from space 2048K, 37% used [0x00000000eb100000,0x00000000eb1c0000,0x00000000eb300000)
  to   space 1536K, 0% used [0x00000000eb380000,0x00000000eb380000,0x00000000eb500000)
 ParOldGen       total 102912K, used 99671K [0x00000000c0000000, 0x00000000c6480000, 0x00000000eab00000)
  object space 102912K, 96% used [0x00000000c0000000,0x00000000c6155d80,0x00000000c6480000)
 Metaspace       used 91582K, committed 92928K, reserved 1179648K
  class space    used 9284K, committed 9920K, reserved 1048576K
}
Event: 16232.915 GC heap before
{Heap before GC invocations=1321 (full 34):
 PSYoungGen      total 8192K, used 6912K [0x00000000eab00000, 0x00000000eb500000, 0x0000000100000000)
  eden space 6144K, 100% used [0x00000000eab00000,0x00000000eb100000,0x00000000eb100000)
  from space 2048K, 37% used [0x00000000eb100000,0x00000000eb1c0000,0x00000000eb300000)
  to   space 1536K, 0% used [0x00000000eb380000,0x00000000eb380000,0x00000000eb500000)
 ParOldGen       total 102912K, used 99671K [0x00000000c0000000, 0x00000000c6480000, 0x00000000eab00000)
  object space 102912K, 96% used [0x00000000c0000000,0x00000000c6155d80,0x00000000c6480000)
 Metaspace       used 91582K, committed 92928K, reserved 1179648K
  class space    used 9284K, committed 9920K, reserved 1048576K
}
Event: 16232.917 GC heap after
{Heap after GC invocations=1321 (full 34):
 PSYoungGen      total 6656K, used 416K [0x00000000eab00000, 0x00000000eb400000, 0x0000000100000000)
  eden space 6144K, 0% used [0x00000000eab00000,0x00000000eab00000,0x00000000eb100000)
  from space 512K, 81% used [0x00000000eb380000,0x00000000eb3e8000,0x00000000eb400000)
  to   space 1024K, 0% used [0x00000000eb200000,0x00000000eb200000,0x00000000eb300000)
 ParOldGen       total 102912K, used 100335K [0x00000000c0000000, 0x00000000c6480000, 0x00000000eab00000)
  object space 102912K, 97% used [0x00000000c0000000,0x00000000c61fbdc0,0x00000000c6480000)
 Metaspace       used 91582K, committed 92928K, reserved 1179648K
  class space    used 9284K, committed 9920K, reserved 1048576K
}
Event: 16232.928 GC heap before
{Heap before GC invocations=1322 (full 34):
 PSYoungGen      total 6656K, used 6560K [0x00000000eab00000, 0x00000000eb400000, 0x0000000100000000)
  eden space 6144K, 100% used [0x00000000eab00000,0x00000000eb100000,0x00000000eb100000)
  from space 512K, 81% used [0x00000000eb380000,0x00000000eb3e8000,0x00000000eb400000)
  to   space 1024K, 0% used [0x00000000eb200000,0x00000000eb200000,0x00000000eb300000)
 ParOldGen       total 102912K, used 100335K [0x00000000c0000000, 0x00000000c6480000, 0x00000000eab00000)
  object space 102912K, 97% used [0x00000000c0000000,0x00000000c61fbdc0,0x00000000c6480000)
 Metaspace       used 91582K, committed 92928K, reserved 1179648K
  class space    used 9284K, committed 9920K, reserved 1048576K
}
Event: 16232.929 GC heap after
{Heap after GC invocations=1322 (full 34):
 PSYoungGen      total 7168K, used 448K [0x00000000eab00000, 0x00000000eb400000, 0x0000000100000000)
  eden space 6144K, 0% used [0x00000000eab00000,0x00000000eab00000,0x00000000eb100000)
  from space 1024K, 43% used [0x00000000eb200000,0x00000000eb270000,0x00000000eb300000)
  to   space 512K, 0% used [0x00000000eb380000,0x00000000eb380000,0x00000000eb400000)
 ParOldGen       total 102912K, used 100691K [0x00000000c0000000, 0x00000000c6480000, 0x00000000eab00000)
  object space 102912K, 97% used [0x00000000c0000000,0x00000000c6254df0,0x00000000c6480000)
 Metaspace       used 91582K, committed 92928K, reserved 1179648K
  class space    used 9284K, committed 9920K, reserved 1048576K
}
Event: 16232.938 GC heap before
{Heap before GC invocations=1323 (full 34):
 PSYoungGen      total 7168K, used 6590K [0x00000000eab00000, 0x00000000eb400000, 0x0000000100000000)
  eden space 6144K, 99% used [0x00000000eab00000,0x00000000eb0ff8b8,0x00000000eb100000)
  from space 1024K, 43% used [0x00000000eb200000,0x00000000eb270000,0x00000000eb300000)
  to   space 512K, 0% used [0x00000000eb380000,0x00000000eb380000,0x00000000eb400000)
 ParOldGen       total 102912K, used 100691K [0x00000000c0000000, 0x00000000c6480000, 0x00000000eab00000)
  object space 102912K, 97% used [0x00000000c0000000,0x00000000c6254df0,0x00000000c6480000)
 Metaspace       used 91583K, committed 92928K, reserved 1179648K
  class space    used 9284K, committed 9920K, reserved 1048576K
}
Event: 16232.939 GC heap after
{Heap after GC invocations=1323 (full 34):
 PSYoungGen      total 6656K, used 512K [0x00000000eab00000, 0x00000000eb400000, 0x0000000100000000)
  eden space 6144K, 0% used [0x00000000eab00000,0x00000000eab00000,0x00000000eb100000)
  from space 512K, 100% used [0x00000000eb380000,0x00000000eb400000,0x00000000eb400000)
  to   space 1024K, 0% used [0x00000000eb200000,0x00000000eb200000,0x00000000eb300000)
 ParOldGen       total 102912K, used 101088K [0x00000000c0000000, 0x00000000c6480000, 0x00000000eab00000)
  object space 102912K, 98% used [0x00000000c0000000,0x00000000c62b8228,0x00000000c6480000)
 Metaspace       used 91583K, committed 92928K, reserved 1179648K
  class space    used 9284K, committed 9920K, reserved 1048576K
}
Event: 16232.951 GC heap before
{Heap before GC invocations=1324 (full 34):
 PSYoungGen      total 6656K, used 6656K [0x00000000eab00000, 0x00000000eb400000, 0x0000000100000000)
  eden space 6144K, 100% used [0x00000000eab00000,0x00000000eb100000,0x00000000eb100000)
  from space 512K, 100% used [0x00000000eb380000,0x00000000eb400000,0x00000000eb400000)
  to   space 1024K, 0% used [0x00000000eb200000,0x00000000eb200000,0x00000000eb300000)
 ParOldGen       total 102912K, used 101088K [0x00000000c0000000, 0x00000000c6480000, 0x00000000eab00000)
  object space 102912K, 98% used [0x00000000c0000000,0x00000000c62b8228,0x00000000c6480000)
 Metaspace       used 91583K, committed 92928K, reserved 1179648K
  class space    used 9284K, committed 9920K, reserved 1048576K
}
Event: 16232.955 GC heap after
{Heap after GC invocations=1324 (full 34):
 PSYoungGen      total 7168K, used 1006K [0x00000000eab00000, 0x00000000ebf00000, 0x0000000100000000)
  eden space 6144K, 0% used [0x00000000eab00000,0x00000000eab00000,0x00000000eb100000)
  from space 1024K, 98% used [0x00000000eb200000,0x00000000eb2fbb90,0x00000000eb300000)
  to   space 7168K, 0% used [0x00000000eb800000,0x00000000eb800000,0x00000000ebf00000)
 ParOldGen       total 106496K, used 106264K [0x00000000c0000000, 0x00000000c6800000, 0x00000000eab00000)
  object space 106496K, 99% used [0x00000000c0000000,0x00000000c67c6248,0x00000000c6800000)
 Metaspace       used 91583K, committed 92928K, reserved 1179648K
  class space    used 9284K, committed 9920K, reserved 1048576K
}
Event: 16232.967 GC heap before
{Heap before GC invocations=1325 (full 35):
 PSYoungGen      total 7168K, used 7150K [0x00000000eab00000, 0x00000000ebf00000, 0x0000000100000000)
  eden space 6144K, 100% used [0x00000000eab00000,0x00000000eb100000,0x00000000eb100000)
  from space 1024K, 98% used [0x00000000eb200000,0x00000000eb2fbb90,0x00000000eb300000)
  to   space 7168K, 0% used [0x00000000eb800000,0x00000000eb800000,0x00000000ebf00000)
 ParOldGen       total 106496K, used 106264K [0x00000000c0000000, 0x00000000c6800000, 0x00000000eab00000)
  object space 106496K, 99% used [0x00000000c0000000,0x00000000c67c6248,0x00000000c6800000)
 Metaspace       used 91583K, committed 92928K, reserved 1179648K
  class space    used 9284K, committed 9920K, reserved 1048576K
}

