# JRE version: OpenJDK Runtime Environment Temurin-17.0.10+7 (17.0.10+7) (build 17.0.10+7)
# Java VM: OpenJDK 64-Bit Server VM Temurin-17.0.10+7 (17.0.10+7, mixed mode, emulated-client, tiered, compressed oops, compressed class ptrs, g1 gc, windows-amd64)
GC Precious Log:
 CPUs: 12 total, 12 available
 Memory: 16225M
 Large Page Support: Disabled
 NUMA Support: Disabled
 Compressed Oops: Enabled (32-bit)
 Heap Region Size: 1M
 Heap Min Capacity: 8M
 Heap Initial Capacity: 254M
 Heap Max Capacity: 1G
 Pre-touch: Disabled
 Parallel Workers: 10
 Concurrent Workers: 3
 Concurrent Refinement Workers: 10
 Periodic GC: Disabled
Heap:
 garbage-first heap   total 95232K, used 39399K [0x00000000c0000000, 0x0000000100000000)
  region size 1024K, 1 young (1024K), 0 survivors (0K)
 Metaspace       used 59007K, committed 59712K, reserved 1114112K
  class space    used 7414K, committed 7680K, reserved 1048576K
GC Heap History (20 events):
Event: 102.785 GC heap after
{Heap after GC invocations=25 (full 6):
 garbage-first heap   total 95232K, used 39235K [0x00000000c0000000, 0x0000000100000000)
  region size 1024K, 0 young (0K), 0 survivors (0K)
 Metaspace       used 59007K, committed 59712K, reserved 1114112K
  class space    used 7414K, committed 7680K, reserved 1048576K
}
Event: 112.842 GC heap before
{Heap before GC invocations=25 (full 6):
 garbage-first heap   total 95232K, used 39235K [0x00000000c0000000, 0x0000000100000000)
  region size 1024K, 1 young (1024K), 0 survivors (0K)
 Metaspace       used 59007K, committed 59712K, reserved 1114112K
  class space    used 7414K, committed 7680K, reserved 1048576K
}
Event: 112.859 GC heap after
{Heap after GC invocations=26 (full 7):
 garbage-first heap   total 95232K, used 39235K [0x00000000c0000000, 0x0000000100000000)
  region size 1024K, 0 young (0K), 0 survivors (0K)
 Metaspace       used 59007K, committed 59712K, reserved 1114112K
  class space    used 7414K, committed 7680K, reserved 1048576K
}
Event: 122.911 GC heap before
{Heap before GC invocations=26 (full 7):
 garbage-first heap   total 95232K, used 39235K [0x00000000c0000000, 0x0000000100000000)
  region size 1024K, 1 young (1024K), 0 survivors (0K)
 Metaspace       used 59007K, committed 59712K, reserved 1114112K
  class space    used 7414K, committed 7680K, reserved 1048576K
}
Event: 122.927 GC heap after
{Heap after GC invocations=27 (full 8):
 garbage-first heap   total 95232K, used 39235K [0x00000000c0000000, 0x0000000100000000)
  region size 1024K, 0 young (0K), 0 survivors (0K)
 Metaspace       used 59007K, committed 59712K, reserved 1114112K
  class space    used 7414K, committed 7680K, reserved 1048576K
}
Event: 132.977 GC heap before
{Heap before GC invocations=27 (full 8):
 garbage-first heap   total 95232K, used 39235K [0x00000000c0000000, 0x0000000100000000)
  region size 1024K, 1 young (1024K), 0 survivors (0K)
 Metaspace       used 59007K, committed 59712K, reserved 1114112K
  class space    used 7414K, committed 7680K, reserved 1048576K
}
Event: 132.993 GC heap after
{Heap after GC invocations=28 (full 9):
 garbage-first heap   total 95232K, used 39235K [0x00000000c0000000, 0x0000000100000000)
  region size 1024K, 0 young (0K), 0 survivors (0K)
 Metaspace       used 59007K, committed 59712K, reserved 1114112K
  class space    used 7414K, committed 7680K, reserved 1048576K
}
Event: 143.046 GC heap before
{Heap before GC invocations=28 (full 9):
 garbage-first heap   total 95232K, used 39235K [0x00000000c0000000, 0x0000000100000000)
  region size 1024K, 1 young (1024K), 0 survivors (0K)
 Metaspace       used 59007K, committed 59712K, reserved 1114112K
  class space    used 7414K, committed 7680K, reserved 1048576K
}
Event: 143.064 GC heap after
{Heap after GC invocations=29 (full 10):
 garbage-first heap   total 95232K, used 39235K [0x00000000c0000000, 0x0000000100000000)
  region size 1024K, 0 young (0K), 0 survivors (0K)
 Metaspace       used 59007K, committed 59712K, reserved 1114112K
  class space    used 7414K, committed 7680K, reserved 1048576K
}
Event: 153.115 GC heap before
{Heap before GC invocations=29 (full 10):
 garbage-first heap   total 95232K, used 39235K [0x00000000c0000000, 0x0000000100000000)
  region size 1024K, 1 young (1024K), 0 survivors (0K)
 Metaspace       used 59007K, committed 59712K, reserved 1114112K
  class space    used 7414K, committed 7680K, reserved 1048576K
}
Event: 153.133 GC heap after
{Heap after GC invocations=30 (full 11):
 garbage-first heap   total 95232K, used 39235K [0x00000000c0000000, 0x0000000100000000)
  region size 1024K, 0 young (0K), 0 survivors (0K)
 Metaspace       used 59007K, committed 59712K, reserved 1114112K
  class space    used 7414K, committed 7680K, reserved 1048576K
}
Event: 163.186 GC heap before
{Heap before GC invocations=30 (full 11):
 garbage-first heap   total 95232K, used 39235K [0x00000000c0000000, 0x0000000100000000)
  region size 1024K, 1 young (1024K), 0 survivors (0K)
 Metaspace       used 59007K, committed 59712K, reserved 1114112K
  class space    used 7414K, committed 7680K, reserved 1048576K
}
Event: 163.203 GC heap after
{Heap after GC invocations=31 (full 12):
 garbage-first heap   total 95232K, used 39235K [0x00000000c0000000, 0x0000000100000000)
  region size 1024K, 0 young (0K), 0 survivors (0K)
 Metaspace       used 59007K, committed 59712K, reserved 1114112K
  class space    used 7414K, committed 7680K, reserved 1048576K
}
Event: 173.258 GC heap before
{Heap before GC invocations=31 (full 12):
 garbage-first heap   total 95232K, used 39235K [0x00000000c0000000, 0x0000000100000000)
  region size 1024K, 1 young (1024K), 0 survivors (0K)
 Metaspace       used 59007K, committed 59712K, reserved 1114112K
  class space    used 7414K, committed 7680K, reserved 1048576K
}
Event: 173.274 GC heap after
{Heap after GC invocations=32 (full 13):
 garbage-first heap   total 95232K, used 39235K [0x00000000c0000000, 0x0000000100000000)
  region size 1024K, 0 young (0K), 0 survivors (0K)
 Metaspace       used 59007K, committed 59712K, reserved 1114112K
  class space    used 7414K, committed 7680K, reserved 1048576K
}
Event: 183.328 GC heap before
{Heap before GC invocations=32 (full 13):
 garbage-first heap   total 95232K, used 39235K [0x00000000c0000000, 0x0000000100000000)
  region size 1024K, 1 young (1024K), 0 survivors (0K)
 Metaspace       used 59007K, committed 59712K, reserved 1114112K
  class space    used 7414K, committed 7680K, reserved 1048576K
}
Event: 183.348 GC heap after
{Heap after GC invocations=33 (full 14):
 garbage-first heap   total 95232K, used 39235K [0x00000000c0000000, 0x0000000100000000)
  region size 1024K, 0 young (0K), 0 survivors (0K)
 Metaspace       used 59007K, committed 59712K, reserved 1114112K
  class space    used 7414K, committed 7680K, reserved 1048576K
}
Event: 193.405 GC heap before
{Heap before GC invocations=33 (full 14):
 garbage-first heap   total 95232K, used 39235K [0x00000000c0000000, 0x0000000100000000)
  region size 1024K, 1 young (1024K), 0 survivors (0K)
 Metaspace       used 59007K, committed 59712K, reserved 1114112K
  class space    used 7414K, committed 7680K, reserved 1048576K
}
Event: 193.423 GC heap after
{Heap after GC invocations=34 (full 15):
 garbage-first heap   total 95232K, used 39235K [0x00000000c0000000, 0x0000000100000000)
  region size 1024K, 0 young (0K), 0 survivors (0K)
 Metaspace       used 59007K, committed 59712K, reserved 1114112K
  class space    used 7414K, committed 7680K, reserved 1048576K
}
Event: 203.474 GC heap before
{Heap before GC invocations=34 (full 15):
 garbage-first heap   total 95232K, used 39235K [0x00000000c0000000, 0x0000000100000000)
  region size 1024K, 1 young (1024K), 0 survivors (0K)
 Metaspace       used 59007K, committed 59712K, reserved 1114112K
  class space    used 7414K, committed 7680K, reserved 1048576K
}

