# JRE version: OpenJDK Runtime Environment Temurin-17.0.9+9 (17.0.9+9) (build 17.0.9+9)
# Java VM: OpenJDK 64-Bit Server VM Temurin-17.0.9+9 (17.0.9+9, mixed mode, sharing, tiered, compressed oops, compressed class ptrs, parallel gc, windows-amd64)
GC Precious Log:
 CPUs: 12 total, 12 available
 Memory: 16225M
 Large Page Support: Disabled
 NUMA Support: Disabled
 Compressed Oops: Enabled (32-bit)
 Alignments: Space 512K, Generation 512K, Heap 2M
 Heap Min Capacity: 100M
 Heap Initial Capacity: 100M
 Heap Max Capacity: 1G
 Pre-touch: Disabled
 Parallel Workers: 10
Heap:
 PSYoungGen      total 7168K, used 1014K [0x00000000eab00000, 0x00000000ec000000, 0x0000000100000000)
  eden space 6144K, 0% used [0x00000000eab00000,0x00000000eab00000,0x00000000eb100000)
  from space 1024K, 99% used [0x00000000eb100000,0x00000000eb1fdaf0,0x00000000eb200000)
  to   space 7680K, 0% used [0x00000000eb880000,0x00000000eb880000,0x00000000ec000000)
 ParOldGen       total 224256K, used 224238K [0x00000000c0000000, 0x00000000cdb00000, 0x00000000eab00000)
  object space 224256K, 99% used [0x00000000c0000000,0x00000000cdafbbc0,0x00000000cdb00000)
 Metaspace       used 94806K, committed 96256K, reserved 1179648K
  class space    used 9038K, committed 9664K, reserved 1048576K
GC Heap History (20 events):
Event: 11068.287 GC heap after
{Heap after GC invocations=9085 (full 243):
 PSYoungGen      total 9728K, used 4115K [0x00000000eab00000, 0x00000000eb900000, 0x0000000100000000)
  eden space 5120K, 0% used [0x00000000eab00000,0x00000000eab00000,0x00000000eb000000)
  from space 4608K, 89% used [0x00000000eb480000,0x00000000eb884db8,0x00000000eb900000)
  to   space 4608K, 0% used [0x00000000eb000000,0x00000000eb000000,0x00000000eb480000)
 ParOldGen       total 211968K, used 178545K [0x00000000c0000000, 0x00000000ccf00000, 0x00000000eab00000)
  object space 211968K, 84% used [0x00000000c0000000,0x00000000cae5c578,0x00000000ccf00000)
 Metaspace       used 94797K, committed 96256K, reserved 1179648K
  class space    used 9037K, committed 9664K, reserved 1048576K
}
Event: 11068.297 GC heap before
{Heap before GC invocations=9086 (full 243):
 PSYoungGen      total 9728K, used 9235K [0x00000000eab00000, 0x00000000eb900000, 0x0000000100000000)
  eden space 5120K, 100% used [0x00000000eab00000,0x00000000eb000000,0x00000000eb000000)
  from space 4608K, 89% used [0x00000000eb480000,0x00000000eb884db8,0x00000000eb900000)
  to   space 4608K, 0% used [0x00000000eb000000,0x00000000eb000000,0x00000000eb480000)
 ParOldGen       total 211968K, used 178545K [0x00000000c0000000, 0x00000000ccf00000, 0x00000000eab00000)
  object space 211968K, 84% used [0x00000000c0000000,0x00000000cae5c578,0x00000000ccf00000)
 Metaspace       used 94797K, committed 96256K, reserved 1179648K
  class space    used 9037K, committed 9664K, reserved 1048576K
}
Event: 11068.298 GC heap after
{Heap after GC invocations=9086 (full 243):
 PSYoungGen      total 9728K, used 3181K [0x00000000eab00000, 0x00000000eb800000, 0x0000000100000000)
  eden space 5120K, 0% used [0x00000000eab00000,0x00000000eab00000,0x00000000eb000000)
  from space 4608K, 69% used [0x00000000eb000000,0x00000000eb31b530,0x00000000eb480000)
  to   space 3584K, 0% used [0x00000000eb480000,0x00000000eb480000,0x00000000eb800000)
 ParOldGen       total 211968K, used 181872K [0x00000000c0000000, 0x00000000ccf00000, 0x00000000eab00000)
  object space 211968K, 85% used [0x00000000c0000000,0x00000000cb19c2c8,0x00000000ccf00000)
 Metaspace       used 94797K, committed 96256K, reserved 1179648K
  class space    used 9037K, committed 9664K, reserved 1048576K
}
Event: 11068.329 GC heap before
{Heap before GC invocations=9087 (full 243):
 PSYoungGen      total 9728K, used 8301K [0x00000000eab00000, 0x00000000eb800000, 0x0000000100000000)
  eden space 5120K, 100% used [0x00000000eab00000,0x00000000eb000000,0x00000000eb000000)
  from space 4608K, 69% used [0x00000000eb000000,0x00000000eb31b530,0x00000000eb480000)
  to   space 3584K, 0% used [0x00000000eb480000,0x00000000eb480000,0x00000000eb800000)
 ParOldGen       total 223744K, used 212592K [0x00000000c0000000, 0x00000000cda80000, 0x00000000eab00000)
  object space 223744K, 95% used [0x00000000c0000000,0x00000000ccf9c2f8,0x00000000cda80000)
 Metaspace       used 94805K, committed 96256K, reserved 1179648K
  class space    used 9038K, committed 9664K, reserved 1048576K
}
Event: 11068.331 GC heap after
{Heap after GC invocations=9087 (full 243):
 PSYoungGen      total 7168K, used 672K [0x00000000eab00000, 0x00000000eb580000, 0x0000000100000000)
  eden space 6144K, 0% used [0x00000000eab00000,0x00000000eab00000,0x00000000eb100000)
  from space 1024K, 65% used [0x00000000eb480000,0x00000000eb528000,0x00000000eb580000)
  to   space 2048K, 0% used [0x00000000eb180000,0x00000000eb180000,0x00000000eb380000)
 ParOldGen       total 223744K, used 214880K [0x00000000c0000000, 0x00000000cda80000, 0x00000000eab00000)
  object space 223744K, 96% used [0x00000000c0000000,0x00000000cd1d82f8,0x00000000cda80000)
 Metaspace       used 94805K, committed 96256K, reserved 1179648K
  class space    used 9038K, committed 9664K, reserved 1048576K
}
Event: 11068.819 GC heap before
{Heap before GC invocations=9088 (full 243):
 PSYoungGen      total 7168K, used 6816K [0x00000000eab00000, 0x00000000eb580000, 0x0000000100000000)
  eden space 6144K, 100% used [0x00000000eab00000,0x00000000eb100000,0x00000000eb100000)
  from space 1024K, 65% used [0x00000000eb480000,0x00000000eb528000,0x00000000eb580000)
  to   space 2048K, 0% used [0x00000000eb180000,0x00000000eb180000,0x00000000eb380000)
 ParOldGen       total 223744K, used 214880K [0x00000000c0000000, 0x00000000cda80000, 0x00000000eab00000)
  object space 223744K, 96% used [0x00000000c0000000,0x00000000cd1d82f8,0x00000000cda80000)
 Metaspace       used 94806K, committed 96256K, reserved 1179648K
  class space    used 9038K, committed 9664K, reserved 1048576K
}
Event: 11068.821 GC heap after
{Heap after GC invocations=9088 (full 243):
 PSYoungGen      total 8192K, used 852K [0x00000000eab00000, 0x00000000eb500000, 0x0000000100000000)
  eden space 6144K, 0% used [0x00000000eab00000,0x00000000eab00000,0x00000000eb100000)
  from space 2048K, 41% used [0x00000000eb180000,0x00000000eb255200,0x00000000eb380000)
  to   space 1024K, 0% used [0x00000000eb400000,0x00000000eb400000,0x00000000eb500000)
 ParOldGen       total 223744K, used 215419K [0x00000000c0000000, 0x00000000cda80000, 0x00000000eab00000)
  object space 223744K, 96% used [0x00000000c0000000,0x00000000cd25ef70,0x00000000cda80000)
 Metaspace       used 94806K, committed 96256K, reserved 1179648K
  class space    used 9038K, committed 9664K, reserved 1048576K
}
Event: 11068.830 GC heap before
{Heap before GC invocations=9089 (full 243):
 PSYoungGen      total 8192K, used 6996K [0x00000000eab00000, 0x00000000eb500000, 0x0000000100000000)
  eden space 6144K, 100% used [0x00000000eab00000,0x00000000eb100000,0x00000000eb100000)
  from space 2048K, 41% used [0x00000000eb180000,0x00000000eb255200,0x00000000eb380000)
  to   space 1024K, 0% used [0x00000000eb400000,0x00000000eb400000,0x00000000eb500000)
 ParOldGen       total 223744K, used 215419K [0x00000000c0000000, 0x00000000cda80000, 0x00000000eab00000)
  object space 223744K, 96% used [0x00000000c0000000,0x00000000cd25ef70,0x00000000cda80000)
 Metaspace       used 94806K, committed 96256K, reserved 1179648K
  class space    used 9038K, committed 9664K, reserved 1048576K
}
Event: 11068.832 GC heap after
{Heap after GC invocations=9089 (full 243):
 PSYoungGen      total 7168K, used 1002K [0x00000000eab00000, 0x00000000eb500000, 0x0000000100000000)
  eden space 6144K, 0% used [0x00000000eab00000,0x00000000eab00000,0x00000000eb100000)
  from space 1024K, 97% used [0x00000000eb400000,0x00000000eb4fa910,0x00000000eb500000)
  to   space 2048K, 0% used [0x00000000eb100000,0x00000000eb100000,0x00000000eb300000)
 ParOldGen       total 223744K, used 216079K [0x00000000c0000000, 0x00000000cda80000, 0x00000000eab00000)
  object space 223744K, 96% used [0x00000000c0000000,0x00000000cd303df8,0x00000000cda80000)
 Metaspace       used 94806K, committed 96256K, reserved 1179648K
  class space    used 9038K, committed 9664K, reserved 1048576K
}
Event: 11160.342 GC heap before
{Heap before GC invocations=9090 (full 243):
 PSYoungGen      total 7168K, used 7146K [0x00000000eab00000, 0x00000000eb500000, 0x0000000100000000)
  eden space 6144K, 100% used [0x00000000eab00000,0x00000000eb100000,0x00000000eb100000)
  from space 1024K, 97% used [0x00000000eb400000,0x00000000eb4fa910,0x00000000eb500000)
  to   space 2048K, 0% used [0x00000000eb100000,0x00000000eb100000,0x00000000eb300000)
 ParOldGen       total 223744K, used 216079K [0x00000000c0000000, 0x00000000cda80000, 0x00000000eab00000)
  object space 223744K, 96% used [0x00000000c0000000,0x00000000cd303df8,0x00000000cda80000)
 Metaspace       used 94806K, committed 96256K, reserved 1179648K
  class space    used 9038K, committed 9664K, reserved 1048576K
}
Event: 11160.343 GC heap after
{Heap after GC invocations=9090 (full 243):
 PSYoungGen      total 8192K, used 506K [0x00000000eab00000, 0x00000000eb480000, 0x0000000100000000)
  eden space 6144K, 0% used [0x00000000eab00000,0x00000000eab00000,0x00000000eb100000)
  from space 2048K, 24% used [0x00000000eb100000,0x00000000eb17e900,0x00000000eb300000)
  to   space 1024K, 0% used [0x00000000eb380000,0x00000000eb380000,0x00000000eb480000)
 ParOldGen       total 223744K, used 217083K [0x00000000c0000000, 0x00000000cda80000, 0x00000000eab00000)
  object space 223744K, 97% used [0x00000000c0000000,0x00000000cd3feca0,0x00000000cda80000)
 Metaspace       used 94806K, committed 96256K, reserved 1179648K
  class space    used 9038K, committed 9664K, reserved 1048576K
}
Event: 11160.355 GC heap before
{Heap before GC invocations=9091 (full 243):
 PSYoungGen      total 8192K, used 6650K [0x00000000eab00000, 0x00000000eb480000, 0x0000000100000000)
  eden space 6144K, 100% used [0x00000000eab00000,0x00000000eb100000,0x00000000eb100000)
  from space 2048K, 24% used [0x00000000eb100000,0x00000000eb17e900,0x00000000eb300000)
  to   space 1024K, 0% used [0x00000000eb380000,0x00000000eb380000,0x00000000eb480000)
 ParOldGen       total 223744K, used 217083K [0x00000000c0000000, 0x00000000cda80000, 0x00000000eab00000)
  object space 223744K, 97% used [0x00000000c0000000,0x00000000cd3feca0,0x00000000cda80000)
 Metaspace       used 94806K, committed 96256K, reserved 1179648K
  class space    used 9038K, committed 9664K, reserved 1048576K
}
Event: 11160.356 GC heap after
{Heap after GC invocations=9091 (full 243):
 PSYoungGen      total 7168K, used 1018K [0x00000000eab00000, 0x00000000eb500000, 0x0000000100000000)
  eden space 6144K, 0% used [0x00000000eab00000,0x00000000eab00000,0x00000000eb100000)
  from space 1024K, 99% used [0x00000000eb380000,0x00000000eb47e900,0x00000000eb480000)
  to   space 2048K, 0% used [0x00000000eb100000,0x00000000eb100000,0x00000000eb300000)
 ParOldGen       total 223744K, used 217525K [0x00000000c0000000, 0x00000000cda80000, 0x00000000eab00000)
  object space 223744K, 97% used [0x00000000c0000000,0x00000000cd46d5a0,0x00000000cda80000)
 Metaspace       used 94806K, committed 96256K, reserved 1179648K
  class space    used 9038K, committed 9664K, reserved 1048576K
}
Event: 11160.539 GC heap before
{Heap before GC invocations=9092 (full 243):
 PSYoungGen      total 7168K, used 7155K [0x00000000eab00000, 0x00000000eb500000, 0x0000000100000000)
  eden space 6144K, 99% used [0x00000000eab00000,0x00000000eb0fe3f0,0x00000000eb100000)
  from space 1024K, 99% used [0x00000000eb380000,0x00000000eb47e900,0x00000000eb480000)
  to   space 2048K, 0% used [0x00000000eb100000,0x00000000eb100000,0x00000000eb300000)
 ParOldGen       total 223744K, used 217525K [0x00000000c0000000, 0x00000000cda80000, 0x00000000eab00000)
  object space 223744K, 97% used [0x00000000c0000000,0x00000000cd46d5a0,0x00000000cda80000)
 Metaspace       used 94806K, committed 96256K, reserved 1179648K
  class space    used 9038K, committed 9664K, reserved 1048576K
}
Event: 11160.539 GC heap after
{Heap after GC invocations=9092 (full 243):
 PSYoungGen      total 7168K, used 832K [0x00000000eab00000, 0x00000000eb400000, 0x0000000100000000)
  eden space 6144K, 0% used [0x00000000eab00000,0x00000000eab00000,0x00000000eb100000)
  from space 1024K, 81% used [0x00000000eb100000,0x00000000eb1d0000,0x00000000eb200000)
  to   space 1536K, 0% used [0x00000000eb280000,0x00000000eb280000,0x00000000eb400000)
 ParOldGen       total 223744K, used 218587K [0x00000000c0000000, 0x00000000cda80000, 0x00000000eab00000)
  object space 223744K, 97% used [0x00000000c0000000,0x00000000cd576ed0,0x00000000cda80000)
 Metaspace       used 94806K, committed 96256K, reserved 1179648K
  class space    used 9038K, committed 9664K, reserved 1048576K
}
Event: 11160.584 GC heap before
{Heap before GC invocations=9093 (full 243):
 PSYoungGen      total 7168K, used 6953K [0x00000000eab00000, 0x00000000eb400000, 0x0000000100000000)
  eden space 6144K, 99% used [0x00000000eab00000,0x00000000eb0fa5b0,0x00000000eb100000)
  from space 1024K, 81% used [0x00000000eb100000,0x00000000eb1d0000,0x00000000eb200000)
  to   space 1536K, 0% used [0x00000000eb280000,0x00000000eb280000,0x00000000eb400000)
 ParOldGen       total 223744K, used 218587K [0x00000000c0000000, 0x00000000cda80000, 0x00000000eab00000)
  object space 223744K, 97% used [0x00000000c0000000,0x00000000cd576ed0,0x00000000cda80000)
 Metaspace       used 94806K, committed 96256K, reserved 1179648K
  class space    used 9038K, committed 9664K, reserved 1048576K
}
Event: 11160.585 GC heap after
{Heap after GC invocations=9093 (full 243):
 PSYoungGen      total 7168K, used 630K [0x00000000eab00000, 0x00000000eb380000, 0x0000000100000000)
  eden space 6144K, 0% used [0x00000000eab00000,0x00000000eab00000,0x00000000eb100000)
  from space 1024K, 61% used [0x00000000eb280000,0x00000000eb31daf0,0x00000000eb380000)
  to   space 1024K, 0% used [0x00000000eb100000,0x00000000eb100000,0x00000000eb200000)
 ParOldGen       total 223744K, used 218659K [0x00000000c0000000, 0x00000000cda80000, 0x00000000eab00000)
  object space 223744K, 97% used [0x00000000c0000000,0x00000000cd588ed0,0x00000000cda80000)
 Metaspace       used 94806K, committed 96256K, reserved 1179648K
  class space    used 9038K, committed 9664K, reserved 1048576K
}
Event: 11160.592 GC heap before
{Heap before GC invocations=9094 (full 243):
 PSYoungGen      total 7168K, used 6774K [0x00000000eab00000, 0x00000000eb380000, 0x0000000100000000)
  eden space 6144K, 100% used [0x00000000eab00000,0x00000000eb100000,0x00000000eb100000)
  from space 1024K, 61% used [0x00000000eb280000,0x00000000eb31daf0,0x00000000eb380000)
  to   space 1024K, 0% used [0x00000000eb100000,0x00000000eb100000,0x00000000eb200000)
 ParOldGen       total 223744K, used 218659K [0x00000000c0000000, 0x00000000cda80000, 0x00000000eab00000)
  object space 223744K, 97% used [0x00000000c0000000,0x00000000cd588ed0,0x00000000cda80000)
 Metaspace       used 94806K, committed 96256K, reserved 1179648K
  class space    used 9038K, committed 9664K, reserved 1048576K
}
Event: 11160.594 GC heap after
{Heap after GC invocations=9094 (full 243):
 PSYoungGen      total 7168K, used 1014K [0x00000000eab00000, 0x00000000ec000000, 0x0000000100000000)
  eden space 6144K, 0% used [0x00000000eab00000,0x00000000eab00000,0x00000000eb100000)
  from space 1024K, 99% used [0x00000000eb100000,0x00000000eb1fdaf0,0x00000000eb200000)
  to   space 7680K, 0% used [0x00000000eb880000,0x00000000eb880000,0x00000000ec000000)
 ParOldGen       total 224256K, used 224238K [0x00000000c0000000, 0x00000000cdb00000, 0x00000000eab00000)
  object space 224256K, 99% used [0x00000000c0000000,0x00000000cdafbbc0,0x00000000cdb00000)
 Metaspace       used 94806K, committed 96256K, reserved 1179648K
  class space    used 9038K, committed 9664K, reserved 1048576K
}
Event: 11160.594 GC heap before
{Heap before GC invocations=9095 (full 244):
 PSYoungGen      total 7168K, used 1014K [0x00000000eab00000, 0x00000000ec000000, 0x0000000100000000)
  eden space 6144K, 0% used [0x00000000eab00000,0x00000000eab00000,0x00000000eb100000)
  from space 1024K, 99% used [0x00000000eb100000,0x00000000eb1fdaf0,0x00000000eb200000)
  to   space 7680K, 0% used [0x00000000eb880000,0x00000000eb880000,0x00000000ec000000)
 ParOldGen       total 224256K, used 224238K [0x00000000c0000000, 0x00000000cdb00000, 0x00000000eab00000)
  object space 224256K, 99% used [0x00000000c0000000,0x00000000cdafbbc0,0x00000000cdb00000)
 Metaspace       used 94806K, committed 96256K, reserved 1179648K
  class space    used 9038K, committed 9664K, reserved 1048576K
}

