# JRE version: OpenJDK Runtime Environment Temurin-17.0.10+7 (17.0.10+7) (build 17.0.10+7)
# Java VM: OpenJDK 64-Bit Server VM Temurin-17.0.10+7 (17.0.10+7, mixed mode, tiered, compressed oops, compressed class ptrs, parallel gc, windows-amd64)
GC Precious Log:
 CPUs: 12 total, 12 available
 Memory: 16225M
 Large Page Support: Disabled
 NUMA Support: Disabled
 Compressed Oops: Enabled (32-bit)
 Alignments: Space 512K, Generation 512K, Heap 2M
 Heap Min Capacity: 100M
 Heap Initial Capacity: 100M
 Heap Max Capacity: 2G
 Pre-touch: Disabled
 Parallel Workers: 10
Heap:
 PSYoungGen      total 3072K, used 1022K [0x00000000d5580000, 0x00000000d6400000, 0x0000000100000000)
  eden space 2048K, 0% used [0x00000000d5580000,0x00000000d5580000,0x00000000d5780000)
  from space 1024K, 99% used [0x00000000d5c00000,0x00000000d5cff9e8,0x00000000d5d00000)
  to   space 4608K, 0% used [0x00000000d5780000,0x00000000d5780000,0x00000000d5c00000)
 ParOldGen       total 172032K, used 171849K [0x0000000080000000, 0x000000008a800000, 0x00000000d5580000)
  object space 172032K, 99% used [0x0000000080000000,0x000000008a7d24b8,0x000000008a800000)
 Metaspace       used 92473K, committed 94016K, reserved 1179648K
  class space    used 9635K, committed 10304K, reserved 1048576K
GC Heap History (20 events):
Event: 306.264 GC heap after
{Heap after GC invocations=238 (full 9):
 PSYoungGen      total 6656K, used 704K [0x00000000d5580000, 0x00000000d5d80000, 0x0000000100000000)
  eden space 5632K, 0% used [0x00000000d5580000,0x00000000d5580000,0x00000000d5b00000)
  from space 1024K, 68% used [0x00000000d5b00000,0x00000000d5bb0000,0x00000000d5c00000)
  to   space 1024K, 0% used [0x00000000d5c80000,0x00000000d5c80000,0x00000000d5d80000)
 ParOldGen       total 171008K, used 164503K [0x0000000080000000, 0x000000008a700000, 0x00000000d5580000)
  object space 171008K, 96% used [0x0000000080000000,0x000000008a0a5c60,0x000000008a700000)
 Metaspace       used 91558K, committed 93056K, reserved 1179648K
  class space    used 9474K, committed 10112K, reserved 1048576K
}
Event: 306.774 GC heap before
{Heap before GC invocations=239 (full 9):
 PSYoungGen      total 6656K, used 6336K [0x00000000d5580000, 0x00000000d5d80000, 0x0000000100000000)
  eden space 5632K, 100% used [0x00000000d5580000,0x00000000d5b00000,0x00000000d5b00000)
  from space 1024K, 68% used [0x00000000d5b00000,0x00000000d5bb0000,0x00000000d5c00000)
  to   space 1024K, 0% used [0x00000000d5c80000,0x00000000d5c80000,0x00000000d5d80000)
 ParOldGen       total 171008K, used 164503K [0x0000000080000000, 0x000000008a700000, 0x00000000d5580000)
  object space 171008K, 96% used [0x0000000080000000,0x000000008a0a5c60,0x000000008a700000)
 Metaspace       used 91573K, committed 93056K, reserved 1179648K
  class space    used 9474K, committed 10112K, reserved 1048576K
}
Event: 306.774 GC heap after
{Heap after GC invocations=239 (full 9):
 PSYoungGen      total 6656K, used 532K [0x00000000d5580000, 0x00000000d5d80000, 0x0000000100000000)
  eden space 5632K, 0% used [0x00000000d5580000,0x00000000d5580000,0x00000000d5b00000)
  from space 1024K, 52% used [0x00000000d5c80000,0x00000000d5d05220,0x00000000d5d80000)
  to   space 1024K, 0% used [0x00000000d5b00000,0x00000000d5b00000,0x00000000d5c00000)
 ParOldGen       total 171008K, used 165175K [0x0000000080000000, 0x000000008a700000, 0x00000000d5580000)
  object space 171008K, 96% used [0x0000000080000000,0x000000008a14dc60,0x000000008a700000)
 Metaspace       used 91573K, committed 93056K, reserved 1179648K
  class space    used 9474K, committed 10112K, reserved 1048576K
}
Event: 306.779 GC heap before
{Heap before GC invocations=240 (full 9):
 PSYoungGen      total 6656K, used 6164K [0x00000000d5580000, 0x00000000d5d80000, 0x0000000100000000)
  eden space 5632K, 100% used [0x00000000d5580000,0x00000000d5b00000,0x00000000d5b00000)
  from space 1024K, 52% used [0x00000000d5c80000,0x00000000d5d05220,0x00000000d5d80000)
  to   space 1024K, 0% used [0x00000000d5b00000,0x00000000d5b00000,0x00000000d5c00000)
 ParOldGen       total 171008K, used 165175K [0x0000000080000000, 0x000000008a700000, 0x00000000d5580000)
  object space 171008K, 96% used [0x0000000080000000,0x000000008a14dc60,0x000000008a700000)
 Metaspace       used 91573K, committed 93056K, reserved 1179648K
  class space    used 9474K, committed 10112K, reserved 1048576K
}
Event: 306.779 GC heap after
{Heap after GC invocations=240 (full 9):
 PSYoungGen      total 6656K, used 896K [0x00000000d5580000, 0x00000000d5d00000, 0x0000000100000000)
  eden space 5632K, 0% used [0x00000000d5580000,0x00000000d5580000,0x00000000d5b00000)
  from space 1024K, 87% used [0x00000000d5b00000,0x00000000d5be0000,0x00000000d5c00000)
  to   space 1024K, 0% used [0x00000000d5c00000,0x00000000d5c00000,0x00000000d5d00000)
 ParOldGen       total 171008K, used 165442K [0x0000000080000000, 0x000000008a700000, 0x00000000d5580000)
  object space 171008K, 96% used [0x0000000080000000,0x000000008a190800,0x000000008a700000)
 Metaspace       used 91573K, committed 93056K, reserved 1179648K
  class space    used 9474K, committed 10112K, reserved 1048576K
}
Event: 306.945 GC heap before
{Heap before GC invocations=241 (full 9):
 PSYoungGen      total 6656K, used 6528K [0x00000000d5580000, 0x00000000d5d00000, 0x0000000100000000)
  eden space 5632K, 100% used [0x00000000d5580000,0x00000000d5b00000,0x00000000d5b00000)
  from space 1024K, 87% used [0x00000000d5b00000,0x00000000d5be0000,0x00000000d5c00000)
  to   space 1024K, 0% used [0x00000000d5c00000,0x00000000d5c00000,0x00000000d5d00000)
 ParOldGen       total 171008K, used 165442K [0x0000000080000000, 0x000000008a700000, 0x00000000d5580000)
  object space 171008K, 96% used [0x0000000080000000,0x000000008a190800,0x000000008a700000)
 Metaspace       used 91577K, committed 93056K, reserved 1179648K
  class space    used 9474K, committed 10112K, reserved 1048576K
}
Event: 306.946 GC heap after
{Heap after GC invocations=241 (full 9):
 PSYoungGen      total 6656K, used 730K [0x00000000d5580000, 0x00000000d5d00000, 0x0000000100000000)
  eden space 5632K, 0% used [0x00000000d5580000,0x00000000d5580000,0x00000000d5b00000)
  from space 1024K, 71% used [0x00000000d5c00000,0x00000000d5cb6900,0x00000000d5d00000)
  to   space 1024K, 0% used [0x00000000d5b00000,0x00000000d5b00000,0x00000000d5c00000)
 ParOldGen       total 171008K, used 166234K [0x0000000080000000, 0x000000008a700000, 0x00000000d5580000)
  object space 171008K, 97% used [0x0000000080000000,0x000000008a256840,0x000000008a700000)
 Metaspace       used 91577K, committed 93056K, reserved 1179648K
  class space    used 9474K, committed 10112K, reserved 1048576K
}
Event: 306.950 GC heap before
{Heap before GC invocations=242 (full 9):
 PSYoungGen      total 6656K, used 6362K [0x00000000d5580000, 0x00000000d5d00000, 0x0000000100000000)
  eden space 5632K, 100% used [0x00000000d5580000,0x00000000d5b00000,0x00000000d5b00000)
  from space 1024K, 71% used [0x00000000d5c00000,0x00000000d5cb6900,0x00000000d5d00000)
  to   space 1024K, 0% used [0x00000000d5b00000,0x00000000d5b00000,0x00000000d5c00000)
 ParOldGen       total 171008K, used 166234K [0x0000000080000000, 0x000000008a700000, 0x00000000d5580000)
  object space 171008K, 97% used [0x0000000080000000,0x000000008a256840,0x000000008a700000)
 Metaspace       used 91577K, committed 93056K, reserved 1179648K
  class space    used 9474K, committed 10112K, reserved 1048576K
}
Event: 306.951 GC heap after
{Heap after GC invocations=242 (full 9):
 PSYoungGen      total 6656K, used 912K [0x00000000d5580000, 0x00000000d5d00000, 0x0000000100000000)
  eden space 5632K, 0% used [0x00000000d5580000,0x00000000d5580000,0x00000000d5b00000)
  from space 1024K, 89% used [0x00000000d5b00000,0x00000000d5be4010,0x00000000d5c00000)
  to   space 1024K, 0% used [0x00000000d5c00000,0x00000000d5c00000,0x00000000d5d00000)
 ParOldGen       total 171008K, used 166858K [0x0000000080000000, 0x000000008a700000, 0x00000000d5580000)
  object space 171008K, 97% used [0x0000000080000000,0x000000008a2f2950,0x000000008a700000)
 Metaspace       used 91577K, committed 93056K, reserved 1179648K
  class space    used 9474K, committed 10112K, reserved 1048576K
}
Event: 306.958 GC heap before
{Heap before GC invocations=243 (full 9):
 PSYoungGen      total 6656K, used 6544K [0x00000000d5580000, 0x00000000d5d00000, 0x0000000100000000)
  eden space 5632K, 100% used [0x00000000d5580000,0x00000000d5b00000,0x00000000d5b00000)
  from space 1024K, 89% used [0x00000000d5b00000,0x00000000d5be4010,0x00000000d5c00000)
  to   space 1024K, 0% used [0x00000000d5c00000,0x00000000d5c00000,0x00000000d5d00000)
 ParOldGen       total 171008K, used 166858K [0x0000000080000000, 0x000000008a700000, 0x00000000d5580000)
  object space 171008K, 97% used [0x0000000080000000,0x000000008a2f2950,0x000000008a700000)
 Metaspace       used 91577K, committed 93056K, reserved 1179648K
  class space    used 9474K, committed 10112K, reserved 1048576K
}
Event: 306.959 GC heap after
{Heap after GC invocations=243 (full 9):
 PSYoungGen      total 6656K, used 912K [0x00000000d5580000, 0x00000000d5d00000, 0x0000000100000000)
  eden space 5632K, 0% used [0x00000000d5580000,0x00000000d5580000,0x00000000d5b00000)
  from space 1024K, 89% used [0x00000000d5c00000,0x00000000d5ce4030,0x00000000d5d00000)
  to   space 1024K, 0% used [0x00000000d5b00000,0x00000000d5b00000,0x00000000d5c00000)
 ParOldGen       total 171008K, used 167642K [0x0000000080000000, 0x000000008a700000, 0x00000000d5580000)
  object space 171008K, 98% used [0x0000000080000000,0x000000008a3b6990,0x000000008a700000)
 Metaspace       used 91577K, committed 93056K, reserved 1179648K
  class space    used 9474K, committed 10112K, reserved 1048576K
}
Event: 307.227 GC heap before
{Heap before GC invocations=244 (full 9):
 PSYoungGen      total 6656K, used 6544K [0x00000000d5580000, 0x00000000d5d00000, 0x0000000100000000)
  eden space 5632K, 100% used [0x00000000d5580000,0x00000000d5b00000,0x00000000d5b00000)
  from space 1024K, 89% used [0x00000000d5c00000,0x00000000d5ce4030,0x00000000d5d00000)
  to   space 1024K, 0% used [0x00000000d5b00000,0x00000000d5b00000,0x00000000d5c00000)
 ParOldGen       total 171008K, used 167642K [0x0000000080000000, 0x000000008a700000, 0x00000000d5580000)
  object space 171008K, 98% used [0x0000000080000000,0x000000008a3b6990,0x000000008a700000)
 Metaspace       used 91579K, committed 93056K, reserved 1179648K
  class space    used 9474K, committed 10112K, reserved 1048576K
}
Event: 307.228 GC heap after
{Heap after GC invocations=244 (full 9):
 PSYoungGen      total 6656K, used 672K [0x00000000d5580000, 0x00000000d5d00000, 0x0000000100000000)
  eden space 5632K, 0% used [0x00000000d5580000,0x00000000d5580000,0x00000000d5b00000)
  from space 1024K, 65% used [0x00000000d5b00000,0x00000000d5ba8000,0x00000000d5c00000)
  to   space 1024K, 0% used [0x00000000d5c00000,0x00000000d5c00000,0x00000000d5d00000)
 ParOldGen       total 171008K, used 168396K [0x0000000080000000, 0x000000008a700000, 0x00000000d5580000)
  object space 171008K, 98% used [0x0000000080000000,0x000000008a473350,0x000000008a700000)
 Metaspace       used 91579K, committed 93056K, reserved 1179648K
  class space    used 9474K, committed 10112K, reserved 1048576K
}
Event: 308.441 GC heap before
{Heap before GC invocations=245 (full 9):
 PSYoungGen      total 6656K, used 6303K [0x00000000d5580000, 0x00000000d5d00000, 0x0000000100000000)
  eden space 5632K, 99% used [0x00000000d5580000,0x00000000d5afffe8,0x00000000d5b00000)
  from space 1024K, 65% used [0x00000000d5b00000,0x00000000d5ba8000,0x00000000d5c00000)
  to   space 1024K, 0% used [0x00000000d5c00000,0x00000000d5c00000,0x00000000d5d00000)
 ParOldGen       total 171008K, used 168396K [0x0000000080000000, 0x000000008a700000, 0x00000000d5580000)
  object space 171008K, 98% used [0x0000000080000000,0x000000008a473350,0x000000008a700000)
 Metaspace       used 91865K, committed 93376K, reserved 1179648K
  class space    used 9514K, committed 10176K, reserved 1048576K
}
Event: 308.442 GC heap after
{Heap after GC invocations=245 (full 9):
 PSYoungGen      total 6144K, used 320K [0x00000000d5580000, 0x00000000d5c80000, 0x0000000100000000)
  eden space 5632K, 0% used [0x00000000d5580000,0x00000000d5580000,0x00000000d5b00000)
  from space 512K, 62% used [0x00000000d5c00000,0x00000000d5c50000,0x00000000d5c80000)
  to   space 512K, 0% used [0x00000000d5b80000,0x00000000d5b80000,0x00000000d5c00000)
 ParOldGen       total 171008K, used 168874K [0x0000000080000000, 0x000000008a700000, 0x00000000d5580000)
  object space 171008K, 98% used [0x0000000080000000,0x000000008a4eaad0,0x000000008a700000)
 Metaspace       used 91865K, committed 93376K, reserved 1179648K
  class space    used 9514K, committed 10176K, reserved 1048576K
}
Event: 308.507 GC heap before
{Heap before GC invocations=246 (full 9):
 PSYoungGen      total 6144K, used 5728K [0x00000000d5580000, 0x00000000d5c80000, 0x0000000100000000)
  eden space 5632K, 96% used [0x00000000d5580000,0x00000000d5ac8158,0x00000000d5b00000)
  from space 512K, 62% used [0x00000000d5c00000,0x00000000d5c50000,0x00000000d5c80000)
  to   space 512K, 0% used [0x00000000d5b80000,0x00000000d5b80000,0x00000000d5c00000)
 ParOldGen       total 171008K, used 168874K [0x0000000080000000, 0x000000008a700000, 0x00000000d5580000)
  object space 171008K, 98% used [0x0000000080000000,0x000000008a4eaad0,0x000000008a700000)
 Metaspace       used 92469K, committed 94016K, reserved 1179648K
  class space    used 9634K, committed 10304K, reserved 1048576K
}
Event: 308.508 GC heap after
{Heap after GC invocations=246 (full 9):
 PSYoungGen      total 6144K, used 512K [0x00000000d5580000, 0x00000000d5d00000, 0x0000000100000000)
  eden space 5632K, 0% used [0x00000000d5580000,0x00000000d5580000,0x00000000d5b00000)
  from space 512K, 100% used [0x00000000d5b80000,0x00000000d5c00000,0x00000000d5c00000)
  to   space 1024K, 0% used [0x00000000d5c00000,0x00000000d5c00000,0x00000000d5d00000)
 ParOldGen       total 171008K, used 168898K [0x0000000080000000, 0x000000008a700000, 0x00000000d5580000)
  object space 171008K, 98% used [0x0000000080000000,0x000000008a4f0ad0,0x000000008a700000)
 Metaspace       used 92469K, committed 94016K, reserved 1179648K
  class space    used 9634K, committed 10304K, reserved 1048576K
}
Event: 308.512 GC heap before
{Heap before GC invocations=247 (full 9):
 PSYoungGen      total 6144K, used 6144K [0x00000000d5580000, 0x00000000d5d00000, 0x0000000100000000)
  eden space 5632K, 100% used [0x00000000d5580000,0x00000000d5b00000,0x00000000d5b00000)
  from space 512K, 100% used [0x00000000d5b80000,0x00000000d5c00000,0x00000000d5c00000)
  to   space 1024K, 0% used [0x00000000d5c00000,0x00000000d5c00000,0x00000000d5d00000)
 ParOldGen       total 171008K, used 168898K [0x0000000080000000, 0x000000008a700000, 0x00000000d5580000)
  object space 171008K, 98% used [0x0000000080000000,0x000000008a4f0ad0,0x000000008a700000)
 Metaspace       used 92473K, committed 94016K, reserved 1179648K
  class space    used 9635K, committed 10304K, reserved 1048576K
}
Event: 308.513 GC heap after
{Heap after GC invocations=247 (full 9):
 PSYoungGen      total 3072K, used 1022K [0x00000000d5580000, 0x00000000d6400000, 0x0000000100000000)
  eden space 2048K, 0% used [0x00000000d5580000,0x00000000d5580000,0x00000000d5780000)
  from space 1024K, 99% used [0x00000000d5c00000,0x00000000d5cff9e8,0x00000000d5d00000)
  to   space 4608K, 0% used [0x00000000d5780000,0x00000000d5780000,0x00000000d5c00000)
 ParOldGen       total 172032K, used 171849K [0x0000000080000000, 0x000000008a800000, 0x00000000d5580000)
  object space 172032K, 99% used [0x0000000080000000,0x000000008a7d24b8,0x000000008a800000)
 Metaspace       used 92473K, committed 94016K, reserved 1179648K
  class space    used 9635K, committed 10304K, reserved 1048576K
}
Event: 308.513 GC heap before
{Heap before GC invocations=248 (full 10):
 PSYoungGen      total 3072K, used 1022K [0x00000000d5580000, 0x00000000d6400000, 0x0000000100000000)
  eden space 2048K, 0% used [0x00000000d5580000,0x00000000d5580000,0x00000000d5780000)
  from space 1024K, 99% used [0x00000000d5c00000,0x00000000d5cff9e8,0x00000000d5d00000)
  to   space 4608K, 0% used [0x00000000d5780000,0x00000000d5780000,0x00000000d5c00000)
 ParOldGen       total 172032K, used 171849K [0x0000000080000000, 0x000000008a800000, 0x00000000d5580000)
  object space 172032K, 99% used [0x0000000080000000,0x000000008a7d24b8,0x000000008a800000)
 Metaspace       used 92473K, committed 94016K, reserved 1179648K
  class space    used 9635K, committed 10304K, reserved 1048576K
}

