# JRE version: OpenJDK Runtime Environment Temurin-17.0.8+7 (17.0.8+7) (build 17.0.8+7)
# Java VM: OpenJDK 64-Bit Server VM Temurin-17.0.8+7 (17.0.8+7, mixed mode, sharing, tiered, compressed oops, compressed class ptrs, parallel gc, windows-amd64)
GC Precious Log:
 CPUs: 8 total, 8 available
 Memory: 16320M
 Large Page Support: Disabled
 NUMA Support: Disabled
 Compressed Oops: Enabled (32-bit)
 Alignments: Space 512K, Generation 512K, Heap 2M
 Heap Min Capacity: 100M
 Heap Initial Capacity: 100M
 Heap Max Capacity: 1G
 Pre-touch: Disabled
 Parallel Workers: 8
Heap:
 PSYoungGen      total 4096K, used 3389K [0x00000000eab00000, 0x00000000eb300000, 0x0000000100000000)
  eden space 2560K, 74% used [0x00000000eab00000,0x00000000eacdb748,0x00000000ead80000)
  from space 1536K, 96% used [0x00000000eb180000,0x00000000eb2f4000,0x00000000eb300000)
  to   space 2560K, 0% used [0x00000000eae00000,0x00000000eae00000,0x00000000eb080000)
 ParOldGen       total 239104K, used 196463K [0x00000000c0000000, 0x00000000ce980000, 0x00000000eab00000)
  object space 239104K, 82% used [0x00000000c0000000,0x00000000cbfdbd88,0x00000000ce980000)
 Metaspace       used 87048K, committed 88448K, reserved 1179648K
  class space    used 8645K, committed 9280K, reserved 1048576K
GC Heap History (20 events):
Event: 77239.199 GC heap before
{Heap before GC invocations=4758 (full 111):
 PSYoungGen      total 1536K, used 1003K [0x00000000eab00000, 0x00000000eb080000, 0x0000000100000000)
  eden space 512K, 89% used [0x00000000eab00000,0x00000000eab72e48,0x00000000eab80000)
  from space 1024K, 53% used [0x00000000eab80000,0x00000000eac08000,0x00000000eac80000)
  to   space 2048K, 0% used [0x00000000eae80000,0x00000000eae80000,0x00000000eb080000)
 ParOldGen       total 241664K, used 235350K [0x00000000c0000000, 0x00000000cec00000, 0x00000000eab00000)
  object space 241664K, 97% used [0x00000000c0000000,0x00000000ce5d5800,0x00000000cec00000)
 Metaspace       used 87045K, committed 88448K, reserved 1179648K
  class space    used 8645K, committed 9280K, reserved 1048576K
}
Event: 77239.200 GC heap after
{Heap after GC invocations=4758 (full 111):
 PSYoungGen      total 2048K, used 518K [0x00000000eab00000, 0x00000000eaf80000, 0x0000000100000000)
  eden space 1024K, 0% used [0x00000000eab00000,0x00000000eab00000,0x00000000eac00000)
  from space 1024K, 50% used [0x00000000eae80000,0x00000000eaf01800,0x00000000eaf80000)
  to   space 1024K, 0% used [0x00000000ead80000,0x00000000ead80000,0x00000000eae80000)
 ParOldGen       total 241664K, used 235806K [0x00000000c0000000, 0x00000000cec00000, 0x00000000eab00000)
  object space 241664K, 97% used [0x00000000c0000000,0x00000000ce647800,0x00000000cec00000)
 Metaspace       used 87045K, committed 88448K, reserved 1179648K
  class space    used 8645K, committed 9280K, reserved 1048576K
}
Event: 77239.205 GC heap before
{Heap before GC invocations=4759 (full 111):
 PSYoungGen      total 2048K, used 1354K [0x00000000eab00000, 0x00000000eaf80000, 0x0000000100000000)
  eden space 1024K, 81% used [0x00000000eab00000,0x00000000eabd1048,0x00000000eac00000)
  from space 1024K, 50% used [0x00000000eae80000,0x00000000eaf01800,0x00000000eaf80000)
  to   space 1024K, 0% used [0x00000000ead80000,0x00000000ead80000,0x00000000eae80000)
 ParOldGen       total 241664K, used 235806K [0x00000000c0000000, 0x00000000cec00000, 0x00000000eab00000)
  object space 241664K, 97% used [0x00000000c0000000,0x00000000ce647800,0x00000000cec00000)
 Metaspace       used 87045K, committed 88448K, reserved 1179648K
  class space    used 8645K, committed 9280K, reserved 1048576K
}
Event: 77239.207 GC heap after
{Heap after GC invocations=4759 (full 111):
 PSYoungGen      total 2560K, used 792K [0x00000000eab00000, 0x00000000eaf00000, 0x0000000100000000)
  eden space 1536K, 0% used [0x00000000eab00000,0x00000000eab00000,0x00000000eac80000)
  from space 1024K, 77% used [0x00000000ead80000,0x00000000eae46000,0x00000000eae80000)
  to   space 512K, 0% used [0x00000000eae80000,0x00000000eae80000,0x00000000eaf00000)
 ParOldGen       total 241664K, used 236126K [0x00000000c0000000, 0x00000000cec00000, 0x00000000eab00000)
  object space 241664K, 97% used [0x00000000c0000000,0x00000000ce697800,0x00000000cec00000)
 Metaspace       used 87045K, committed 88448K, reserved 1179648K
  class space    used 8645K, committed 9280K, reserved 1048576K
}
Event: 77239.220 GC heap before
{Heap before GC invocations=4760 (full 111):
 PSYoungGen      total 2560K, used 1930K [0x00000000eab00000, 0x00000000eaf00000, 0x0000000100000000)
  eden space 1536K, 74% used [0x00000000eab00000,0x00000000eac1ca18,0x00000000eac80000)
  from space 1024K, 77% used [0x00000000ead80000,0x00000000eae46000,0x00000000eae80000)
  to   space 512K, 0% used [0x00000000eae80000,0x00000000eae80000,0x00000000eaf00000)
 ParOldGen       total 241664K, used 236126K [0x00000000c0000000, 0x00000000cec00000, 0x00000000eab00000)
  object space 241664K, 97% used [0x00000000c0000000,0x00000000ce697800,0x00000000cec00000)
 Metaspace       used 87045K, committed 88448K, reserved 1179648K
  class space    used 8645K, committed 9280K, reserved 1048576K
}
Event: 77239.222 GC heap after
{Heap after GC invocations=4760 (full 111):
 PSYoungGen      total 2048K, used 504K [0x00000000eab00000, 0x00000000eb100000, 0x0000000100000000)
  eden space 1536K, 0% used [0x00000000eab00000,0x00000000eab00000,0x00000000eac80000)
  from space 512K, 98% used [0x00000000eae80000,0x00000000eaefe000,0x00000000eaf00000)
  to   space 2048K, 0% used [0x00000000eac80000,0x00000000eac80000,0x00000000eae80000)
 ParOldGen       total 241664K, used 237110K [0x00000000c0000000, 0x00000000cec00000, 0x00000000eab00000)
  object space 241664K, 98% used [0x00000000c0000000,0x00000000ce78d800,0x00000000cec00000)
 Metaspace       used 87045K, committed 88448K, reserved 1179648K
  class space    used 8645K, committed 9280K, reserved 1048576K
}
Event: 77239.253 GC heap before
{Heap before GC invocations=4761 (full 111):
 PSYoungGen      total 2048K, used 2039K [0x00000000eab00000, 0x00000000eb100000, 0x0000000100000000)
  eden space 1536K, 99% used [0x00000000eab00000,0x00000000eac7fff8,0x00000000eac80000)
  from space 512K, 98% used [0x00000000eae80000,0x00000000eaefe000,0x00000000eaf00000)
  to   space 2048K, 0% used [0x00000000eac80000,0x00000000eac80000,0x00000000eae80000)
 ParOldGen       total 241664K, used 237110K [0x00000000c0000000, 0x00000000cec00000, 0x00000000eab00000)
  object space 241664K, 98% used [0x00000000c0000000,0x00000000ce78d800,0x00000000cec00000)
 Metaspace       used 87045K, committed 88448K, reserved 1179648K
  class space    used 8645K, committed 9280K, reserved 1048576K
}
Event: 77239.255 GC heap after
{Heap after GC invocations=4761 (full 111):
 PSYoungGen      total 3584K, used 1536K [0x00000000eab00000, 0x00000000eb100000, 0x0000000100000000)
  eden space 1536K, 0% used [0x00000000eab00000,0x00000000eab00000,0x00000000eac80000)
  from space 2048K, 75% used [0x00000000eac80000,0x00000000eae00000,0x00000000eae80000)
  to   space 2048K, 0% used [0x00000000eaf00000,0x00000000eaf00000,0x00000000eb100000)
 ParOldGen       total 241664K, used 237358K [0x00000000c0000000, 0x00000000cec00000, 0x00000000eab00000)
  object space 241664K, 98% used [0x00000000c0000000,0x00000000ce7cb800,0x00000000cec00000)
 Metaspace       used 87045K, committed 88448K, reserved 1179648K
  class space    used 8645K, committed 9280K, reserved 1048576K
}
Event: 77239.316 GC heap before
{Heap before GC invocations=4762 (full 111):
 PSYoungGen      total 3584K, used 3071K [0x00000000eab00000, 0x00000000eb100000, 0x0000000100000000)
  eden space 1536K, 99% used [0x00000000eab00000,0x00000000eac7ffd0,0x00000000eac80000)
  from space 2048K, 75% used [0x00000000eac80000,0x00000000eae00000,0x00000000eae80000)
  to   space 2048K, 0% used [0x00000000eaf00000,0x00000000eaf00000,0x00000000eb100000)
 ParOldGen       total 241664K, used 237358K [0x00000000c0000000, 0x00000000cec00000, 0x00000000eab00000)
  object space 241664K, 98% used [0x00000000c0000000,0x00000000ce7cb800,0x00000000cec00000)
 Metaspace       used 87046K, committed 88448K, reserved 1179648K
  class space    used 8645K, committed 9280K, reserved 1048576K
}
Event: 77239.319 GC heap after
{Heap after GC invocations=4762 (full 111):
 PSYoungGen      total 3072K, used 800K [0x00000000eab00000, 0x00000000eb000000, 0x0000000100000000)
  eden space 2048K, 0% used [0x00000000eab00000,0x00000000eab00000,0x00000000ead00000)
  from space 1024K, 78% used [0x00000000eaf00000,0x00000000eafc8000,0x00000000eb000000)
  to   space 1536K, 0% used [0x00000000ead00000,0x00000000ead00000,0x00000000eae80000)
 ParOldGen       total 241664K, used 239878K [0x00000000c0000000, 0x00000000cec00000, 0x00000000eab00000)
  object space 241664K, 99% used [0x00000000c0000000,0x00000000cea41800,0x00000000cec00000)
 Metaspace       used 87046K, committed 88448K, reserved 1179648K
  class space    used 8645K, committed 9280K, reserved 1048576K
}
Event: 77239.319 GC heap before
{Heap before GC invocations=4763 (full 112):
 PSYoungGen      total 3072K, used 800K [0x00000000eab00000, 0x00000000eb000000, 0x0000000100000000)
  eden space 2048K, 0% used [0x00000000eab00000,0x00000000eab00000,0x00000000ead00000)
  from space 1024K, 78% used [0x00000000eaf00000,0x00000000eafc8000,0x00000000eb000000)
  to   space 1536K, 0% used [0x00000000ead00000,0x00000000ead00000,0x00000000eae80000)
 ParOldGen       total 241664K, used 239878K [0x00000000c0000000, 0x00000000cec00000, 0x00000000eab00000)
  object space 241664K, 99% used [0x00000000c0000000,0x00000000cea41800,0x00000000cec00000)
 Metaspace       used 87046K, committed 88448K, reserved 1179648K
  class space    used 8645K, committed 9280K, reserved 1048576K
}
Event: 77239.461 GC heap after
{Heap after GC invocations=4763 (full 112):
 PSYoungGen      total 3584K, used 0K [0x00000000eab00000, 0x00000000eb080000, 0x0000000100000000)
  eden space 2048K, 0% used [0x00000000eab00000,0x00000000eab00000,0x00000000ead00000)
  from space 1536K, 0% used [0x00000000ead00000,0x00000000ead00000,0x00000000eae80000)
  to   space 1536K, 0% used [0x00000000eaf00000,0x00000000eaf00000,0x00000000eb080000)
 ParOldGen       total 239104K, used 189535K [0x00000000c0000000, 0x00000000ce980000, 0x00000000eab00000)
  object space 239104K, 79% used [0x00000000c0000000,0x00000000cb917d28,0x00000000ce980000)
 Metaspace       used 87046K, committed 88448K, reserved 1179648K
  class space    used 8645K, committed 9280K, reserved 1048576K
}
Event: 77239.479 GC heap before
{Heap before GC invocations=4764 (full 112):
 PSYoungGen      total 3584K, used 2048K [0x00000000eab00000, 0x00000000eb080000, 0x0000000100000000)
  eden space 2048K, 100% used [0x00000000eab00000,0x00000000ead00000,0x00000000ead00000)
  from space 1536K, 0% used [0x00000000ead00000,0x00000000ead00000,0x00000000eae80000)
  to   space 1536K, 0% used [0x00000000eaf00000,0x00000000eaf00000,0x00000000eb080000)
 ParOldGen       total 239104K, used 189535K [0x00000000c0000000, 0x00000000ce980000, 0x00000000eab00000)
  object space 239104K, 79% used [0x00000000c0000000,0x00000000cb917d28,0x00000000ce980000)
 Metaspace       used 87046K, committed 88448K, reserved 1179648K
  class space    used 8645K, committed 9280K, reserved 1048576K
}
Event: 77239.481 GC heap after
{Heap after GC invocations=4764 (full 112):
 PSYoungGen      total 3072K, used 1520K [0x00000000eab00000, 0x00000000eb200000, 0x0000000100000000)
  eden space 1536K, 0% used [0x00000000eab00000,0x00000000eab00000,0x00000000eac80000)
  from space 1536K, 98% used [0x00000000eaf00000,0x00000000eb07c060,0x00000000eb080000)
  to   space 2560K, 0% used [0x00000000eac80000,0x00000000eac80000,0x00000000eaf00000)
 ParOldGen       total 239104K, used 189911K [0x00000000c0000000, 0x00000000ce980000, 0x00000000eab00000)
  object space 239104K, 79% used [0x00000000c0000000,0x00000000cb975d28,0x00000000ce980000)
 Metaspace       used 87046K, committed 88448K, reserved 1179648K
  class space    used 8645K, committed 9280K, reserved 1048576K
}
Event: 77239.485 GC heap before
{Heap before GC invocations=4765 (full 112):
 PSYoungGen      total 3072K, used 3056K [0x00000000eab00000, 0x00000000eb200000, 0x0000000100000000)
  eden space 1536K, 100% used [0x00000000eab00000,0x00000000eac80000,0x00000000eac80000)
  from space 1536K, 98% used [0x00000000eaf00000,0x00000000eb07c060,0x00000000eb080000)
  to   space 2560K, 0% used [0x00000000eac80000,0x00000000eac80000,0x00000000eaf00000)
 ParOldGen       total 239104K, used 189911K [0x00000000c0000000, 0x00000000ce980000, 0x00000000eab00000)
  object space 239104K, 79% used [0x00000000c0000000,0x00000000cb975d28,0x00000000ce980000)
 Metaspace       used 87046K, committed 88448K, reserved 1179648K
  class space    used 8645K, committed 9280K, reserved 1048576K
}
Event: 77239.487 GC heap after
{Heap after GC invocations=4765 (full 112):
 PSYoungGen      total 4096K, used 1536K [0x00000000eab00000, 0x00000000eb100000, 0x0000000100000000)
  eden space 1536K, 0% used [0x00000000eab00000,0x00000000eab00000,0x00000000eac80000)
  from space 2560K, 60% used [0x00000000eac80000,0x00000000eae00000,0x00000000eaf00000)
  to   space 2048K, 0% used [0x00000000eaf00000,0x00000000eaf00000,0x00000000eb100000)
 ParOldGen       total 239104K, used 191471K [0x00000000c0000000, 0x00000000ce980000, 0x00000000eab00000)
  object space 239104K, 80% used [0x00000000c0000000,0x00000000cbafbd88,0x00000000ce980000)
 Metaspace       used 87046K, committed 88448K, reserved 1179648K
  class space    used 8645K, committed 9280K, reserved 1048576K
}
Event: 77239.494 GC heap before
{Heap before GC invocations=4766 (full 112):
 PSYoungGen      total 4096K, used 3072K [0x00000000eab00000, 0x00000000eb100000, 0x0000000100000000)
  eden space 1536K, 100% used [0x00000000eab00000,0x00000000eac80000,0x00000000eac80000)
  from space 2560K, 60% used [0x00000000eac80000,0x00000000eae00000,0x00000000eaf00000)
  to   space 2048K, 0% used [0x00000000eaf00000,0x00000000eaf00000,0x00000000eb100000)
 ParOldGen       total 239104K, used 191471K [0x00000000c0000000, 0x00000000ce980000, 0x00000000eab00000)
  object space 239104K, 80% used [0x00000000c0000000,0x00000000cbafbd88,0x00000000ce980000)
 Metaspace       used 87046K, committed 88448K, reserved 1179648K
  class space    used 8645K, committed 9280K, reserved 1048576K
}
Event: 77239.496 GC heap after
{Heap after GC invocations=4766 (full 112):
 PSYoungGen      total 4096K, used 1600K [0x00000000eab00000, 0x00000000eb100000, 0x0000000100000000)
  eden space 2048K, 0% used [0x00000000eab00000,0x00000000eab00000,0x00000000ead00000)
  from space 2048K, 78% used [0x00000000eaf00000,0x00000000eb090000,0x00000000eb100000)
  to   space 2048K, 0% used [0x00000000ead00000,0x00000000ead00000,0x00000000eaf00000)
 ParOldGen       total 239104K, used 192975K [0x00000000c0000000, 0x00000000ce980000, 0x00000000eab00000)
  object space 239104K, 80% used [0x00000000c0000000,0x00000000cbc73d88,0x00000000ce980000)
 Metaspace       used 87046K, committed 88448K, reserved 1179648K
  class space    used 8645K, committed 9280K, reserved 1048576K
}
Event: 77239.503 GC heap before
{Heap before GC invocations=4767 (full 112):
 PSYoungGen      total 4096K, used 3647K [0x00000000eab00000, 0x00000000eb100000, 0x0000000100000000)
  eden space 2048K, 99% used [0x00000000eab00000,0x00000000eacfffd8,0x00000000ead00000)
  from space 2048K, 78% used [0x00000000eaf00000,0x00000000eb090000,0x00000000eb100000)
  to   space 2048K, 0% used [0x00000000ead00000,0x00000000ead00000,0x00000000eaf00000)
 ParOldGen       total 239104K, used 192975K [0x00000000c0000000, 0x00000000ce980000, 0x00000000eab00000)
  object space 239104K, 80% used [0x00000000c0000000,0x00000000cbc73d88,0x00000000ce980000)
 Metaspace       used 87046K, committed 88448K, reserved 1179648K
  class space    used 8645K, committed 9280K, reserved 1048576K
}
Event: 77239.505 GC heap after
{Heap after GC invocations=4767 (full 112):
 PSYoungGen      total 4096K, used 2048K [0x00000000eab00000, 0x00000000eb580000, 0x0000000100000000)
  eden space 2048K, 0% used [0x00000000eab00000,0x00000000eab00000,0x00000000ead00000)
  from space 2048K, 100% used [0x00000000ead00000,0x00000000eaf00000,0x00000000eaf00000)
  to   space 4096K, 0% used [0x00000000eb180000,0x00000000eb180000,0x00000000eb580000)
 ParOldGen       total 239104K, used 194447K [0x00000000c0000000, 0x00000000ce980000, 0x00000000eab00000)
  object space 239104K, 81% used [0x00000000c0000000,0x00000000cbde3d88,0x00000000ce980000)
 Metaspace       used 87046K, committed 88448K, reserved 1179648K
  class space    used 8645K, committed 9280K, reserved 1048576K
}

