# JRE version: OpenJDK Runtime Environment Temurin-17.0.11+9 (17.0.11+9) (build 17.0.11+9)
# Java VM: OpenJDK 64-Bit Server VM Temurin-17.0.11+9 (17.0.11+9, mixed mode, tiered, compressed oops, compressed class ptrs, parallel gc, windows-amd64)
GC Precious Log:
 CPUs: 12 total, 12 available
 Memory: 16225M
 Large Page Support: Disabled
 NUMA Support: Disabled
 Compressed Oops: Enabled (32-bit)
 Alignments: Space 512K, Generation 512K, Heap 2M
 Heap Min Capacity: 100M
 Heap Initial Capacity: 100M
 Heap Max Capacity: 2G
 Pre-touch: Disabled
 Parallel Workers: 10
Heap:
 PSYoungGen      total 14336K, used 1018K [0x00000000d5580000, 0x00000000d6780000, 0x0000000100000000)
  eden space 13312K, 0% used [0x00000000d5580000,0x00000000d5580000,0x00000000d6280000)
  from space 1024K, 99% used [0x00000000d6400000,0x00000000d64fe900,0x00000000d6500000)
  to   space 2560K, 0% used [0x00000000d6500000,0x00000000d6500000,0x00000000d6780000)
 ParOldGen       total 145408K, used 144262K [0x0000000080000000, 0x0000000088e00000, 0x00000000d5580000)
  object space 145408K, 99% used [0x0000000080000000,0x0000000088ce19a8,0x0000000088e00000)
 Metaspace       used 96573K, committed 98112K, reserved 1179648K
  class space    used 9436K, committed 10112K, reserved 1048576K
GC Heap History (20 events):
Event: 6555.342 GC heap after
{Heap after GC invocations=3250 (full 106):
 PSYoungGen      total 15872K, used 1252K [0x00000000d5580000, 0x00000000d6680000, 0x0000000100000000)
  eden space 14336K, 0% used [0x00000000d5580000,0x00000000d5580000,0x00000000d6380000)
  from space 1536K, 81% used [0x00000000d6500000,0x00000000d6639230,0x00000000d6680000)
  to   space 1536K, 0% used [0x00000000d6380000,0x00000000d6380000,0x00000000d6500000)
 ParOldGen       total 145408K, used 134212K [0x0000000080000000, 0x0000000088e00000, 0x00000000d5580000)
  object space 145408K, 92% used [0x0000000080000000,0x0000000088311058,0x0000000088e00000)
 Metaspace       used 96566K, committed 98112K, reserved 1179648K
  class space    used 9436K, committed 10112K, reserved 1048576K
}
Event: 6555.359 GC heap before
{Heap before GC invocations=3251 (full 106):
 PSYoungGen      total 15872K, used 15588K [0x00000000d5580000, 0x00000000d6680000, 0x0000000100000000)
  eden space 14336K, 100% used [0x00000000d5580000,0x00000000d6380000,0x00000000d6380000)
  from space 1536K, 81% used [0x00000000d6500000,0x00000000d6639230,0x00000000d6680000)
  to   space 1536K, 0% used [0x00000000d6380000,0x00000000d6380000,0x00000000d6500000)
 ParOldGen       total 145408K, used 134212K [0x0000000080000000, 0x0000000088e00000, 0x00000000d5580000)
  object space 145408K, 92% used [0x0000000080000000,0x0000000088311058,0x0000000088e00000)
 Metaspace       used 96568K, committed 98112K, reserved 1179648K
  class space    used 9436K, committed 10112K, reserved 1048576K
}
Event: 6555.361 GC heap after
{Heap after GC invocations=3251 (full 106):
 PSYoungGen      total 15872K, used 1524K [0x00000000d5580000, 0x00000000d6880000, 0x0000000100000000)
  eden space 14336K, 0% used [0x00000000d5580000,0x00000000d5580000,0x00000000d6380000)
  from space 1536K, 99% used [0x00000000d6380000,0x00000000d64fd220,0x00000000d6500000)
  to   space 2560K, 0% used [0x00000000d6600000,0x00000000d6600000,0x00000000d6880000)
 ParOldGen       total 145408K, used 134987K [0x0000000080000000, 0x0000000088e00000, 0x00000000d5580000)
  object space 145408K, 92% used [0x0000000080000000,0x00000000883d2c40,0x0000000088e00000)
 Metaspace       used 96568K, committed 98112K, reserved 1179648K
  class space    used 9436K, committed 10112K, reserved 1048576K
}
Event: 6555.372 GC heap before
{Heap before GC invocations=3252 (full 106):
 PSYoungGen      total 15872K, used 15860K [0x00000000d5580000, 0x00000000d6880000, 0x0000000100000000)
  eden space 14336K, 100% used [0x00000000d5580000,0x00000000d6380000,0x00000000d6380000)
  from space 1536K, 99% used [0x00000000d6380000,0x00000000d64fd220,0x00000000d6500000)
  to   space 2560K, 0% used [0x00000000d6600000,0x00000000d6600000,0x00000000d6880000)
 ParOldGen       total 145408K, used 134987K [0x0000000080000000, 0x0000000088e00000, 0x00000000d5580000)
  object space 145408K, 92% used [0x0000000080000000,0x00000000883d2c40,0x0000000088e00000)
 Metaspace       used 96568K, committed 98112K, reserved 1179648K
  class space    used 9436K, committed 10112K, reserved 1048576K
}
Event: 6555.374 GC heap after
{Heap after GC invocations=3252 (full 106):
 PSYoungGen      total 15872K, used 2542K [0x00000000d5580000, 0x00000000d6a80000, 0x0000000100000000)
  eden space 13312K, 0% used [0x00000000d5580000,0x00000000d5580000,0x00000000d6280000)
  from space 2560K, 99% used [0x00000000d6600000,0x00000000d687bb20,0x00000000d6880000)
  to   space 3584K, 0% used [0x00000000d6280000,0x00000000d6280000,0x00000000d6600000)
 ParOldGen       total 145408K, used 135499K [0x0000000080000000, 0x0000000088e00000, 0x00000000d5580000)
  object space 145408K, 93% used [0x0000000080000000,0x0000000088452c60,0x0000000088e00000)
 Metaspace       used 96568K, committed 98112K, reserved 1179648K
  class space    used 9436K, committed 10112K, reserved 1048576K
}
Event: 6573.804 GC heap before
{Heap before GC invocations=3253 (full 106):
 PSYoungGen      total 15872K, used 15854K [0x00000000d5580000, 0x00000000d6a80000, 0x0000000100000000)
  eden space 13312K, 99% used [0x00000000d5580000,0x00000000d627ffe8,0x00000000d6280000)
  from space 2560K, 99% used [0x00000000d6600000,0x00000000d687bb20,0x00000000d6880000)
  to   space 3584K, 0% used [0x00000000d6280000,0x00000000d6280000,0x00000000d6600000)
 ParOldGen       total 145408K, used 135499K [0x0000000080000000, 0x0000000088e00000, 0x00000000d5580000)
  object space 145408K, 93% used [0x0000000080000000,0x0000000088452c60,0x0000000088e00000)
 Metaspace       used 96569K, committed 98112K, reserved 1179648K
  class space    used 9436K, committed 10112K, reserved 1048576K
}
Event: 6573.808 GC heap after
{Heap after GC invocations=3253 (full 106):
 PSYoungGen      total 15360K, used 1993K [0x00000000d5580000, 0x00000000d6780000, 0x0000000100000000)
  eden space 13312K, 0% used [0x00000000d5580000,0x00000000d5580000,0x00000000d6280000)
  from space 2048K, 97% used [0x00000000d6280000,0x00000000d6472420,0x00000000d6480000)
  to   space 2560K, 0% used [0x00000000d6500000,0x00000000d6500000,0x00000000d6780000)
 ParOldGen       total 145408K, used 136639K [0x0000000080000000, 0x0000000088e00000, 0x00000000d5580000)
  object space 145408K, 93% used [0x0000000080000000,0x000000008856fea0,0x0000000088e00000)
 Metaspace       used 96569K, committed 98112K, reserved 1179648K
  class space    used 9436K, committed 10112K, reserved 1048576K
}
Event: 6573.816 GC heap before
{Heap before GC invocations=3254 (full 106):
 PSYoungGen      total 15360K, used 15305K [0x00000000d5580000, 0x00000000d6780000, 0x0000000100000000)
  eden space 13312K, 100% used [0x00000000d5580000,0x00000000d6280000,0x00000000d6280000)
  from space 2048K, 97% used [0x00000000d6280000,0x00000000d6472420,0x00000000d6480000)
  to   space 2560K, 0% used [0x00000000d6500000,0x00000000d6500000,0x00000000d6780000)
 ParOldGen       total 145408K, used 136639K [0x0000000080000000, 0x0000000088e00000, 0x00000000d5580000)
  object space 145408K, 93% used [0x0000000080000000,0x000000008856fea0,0x0000000088e00000)
 Metaspace       used 96569K, committed 98112K, reserved 1179648K
  class space    used 9436K, committed 10112K, reserved 1048576K
}
Event: 6573.819 GC heap after
{Heap after GC invocations=3254 (full 106):
 PSYoungGen      total 14336K, used 826K [0x00000000d5580000, 0x00000000d6600000, 0x0000000100000000)
  eden space 13312K, 0% used [0x00000000d5580000,0x00000000d5580000,0x00000000d6280000)
  from space 1024K, 80% used [0x00000000d6500000,0x00000000d65ce900,0x00000000d6600000)
  to   space 1536K, 0% used [0x00000000d6300000,0x00000000d6300000,0x00000000d6480000)
 ParOldGen       total 145408K, used 138404K [0x0000000080000000, 0x0000000088e00000, 0x00000000d5580000)
  object space 145408K, 95% used [0x0000000080000000,0x0000000088729100,0x0000000088e00000)
 Metaspace       used 96569K, committed 98112K, reserved 1179648K
  class space    used 9436K, committed 10112K, reserved 1048576K
}
Event: 6656.305 GC heap before
{Heap before GC invocations=3255 (full 106):
 PSYoungGen      total 14336K, used 14138K [0x00000000d5580000, 0x00000000d6600000, 0x0000000100000000)
  eden space 13312K, 100% used [0x00000000d5580000,0x00000000d6280000,0x00000000d6280000)
  from space 1024K, 80% used [0x00000000d6500000,0x00000000d65ce900,0x00000000d6600000)
  to   space 1536K, 0% used [0x00000000d6300000,0x00000000d6300000,0x00000000d6480000)
 ParOldGen       total 145408K, used 138404K [0x0000000080000000, 0x0000000088e00000, 0x00000000d5580000)
  object space 145408K, 95% used [0x0000000080000000,0x0000000088729100,0x0000000088e00000)
 Metaspace       used 96573K, committed 98112K, reserved 1179648K
  class space    used 9436K, committed 10112K, reserved 1048576K
}
Event: 6656.306 GC heap after
{Heap after GC invocations=3255 (full 106):
 PSYoungGen      total 14848K, used 1514K [0x00000000d5580000, 0x00000000d6780000, 0x0000000100000000)
  eden space 13312K, 0% used [0x00000000d5580000,0x00000000d5580000,0x00000000d6280000)
  from space 1536K, 98% used [0x00000000d6300000,0x00000000d647a930,0x00000000d6480000)
  to   space 2560K, 0% used [0x00000000d6500000,0x00000000d6500000,0x00000000d6780000)
 ParOldGen       total 145408K, used 139104K [0x0000000080000000, 0x0000000088e00000, 0x00000000d5580000)
  object space 145408K, 95% used [0x0000000080000000,0x00000000887d8320,0x0000000088e00000)
 Metaspace       used 96573K, committed 98112K, reserved 1179648K
  class space    used 9436K, committed 10112K, reserved 1048576K
}
Event: 6656.319 GC heap before
{Heap before GC invocations=3256 (full 106):
 PSYoungGen      total 14848K, used 14826K [0x00000000d5580000, 0x00000000d6780000, 0x0000000100000000)
  eden space 13312K, 100% used [0x00000000d5580000,0x00000000d6280000,0x00000000d6280000)
  from space 1536K, 98% used [0x00000000d6300000,0x00000000d647a930,0x00000000d6480000)
  to   space 2560K, 0% used [0x00000000d6500000,0x00000000d6500000,0x00000000d6780000)
 ParOldGen       total 145408K, used 139104K [0x0000000080000000, 0x0000000088e00000, 0x00000000d5580000)
  object space 145408K, 95% used [0x0000000080000000,0x00000000887d8320,0x0000000088e00000)
 Metaspace       used 96573K, committed 98112K, reserved 1179648K
  class space    used 9436K, committed 10112K, reserved 1048576K
}
Event: 6656.321 GC heap after
{Heap after GC invocations=3256 (full 106):
 PSYoungGen      total 15360K, used 1956K [0x00000000d5580000, 0x00000000d6700000, 0x0000000100000000)
  eden space 13312K, 0% used [0x00000000d5580000,0x00000000d5580000,0x00000000d6280000)
  from space 2048K, 95% used [0x00000000d6500000,0x00000000d66e9210,0x00000000d6700000)
  to   space 2048K, 0% used [0x00000000d6300000,0x00000000d6300000,0x00000000d6500000)
 ParOldGen       total 145408K, used 140542K [0x0000000080000000, 0x0000000088e00000, 0x00000000d5580000)
  object space 145408K, 96% used [0x0000000080000000,0x000000008893f818,0x0000000088e00000)
 Metaspace       used 96573K, committed 98112K, reserved 1179648K
  class space    used 9436K, committed 10112K, reserved 1048576K
}
Event: 6656.358 GC heap before
{Heap before GC invocations=3257 (full 106):
 PSYoungGen      total 15360K, used 15268K [0x00000000d5580000, 0x00000000d6700000, 0x0000000100000000)
  eden space 13312K, 100% used [0x00000000d5580000,0x00000000d6280000,0x00000000d6280000)
  from space 2048K, 95% used [0x00000000d6500000,0x00000000d66e9210,0x00000000d6700000)
  to   space 2048K, 0% used [0x00000000d6300000,0x00000000d6300000,0x00000000d6500000)
 ParOldGen       total 145408K, used 140542K [0x0000000080000000, 0x0000000088e00000, 0x00000000d5580000)
  object space 145408K, 96% used [0x0000000080000000,0x000000008893f818,0x0000000088e00000)
 Metaspace       used 96573K, committed 98112K, reserved 1179648K
  class space    used 9436K, committed 10112K, reserved 1048576K
}
Event: 6656.359 GC heap after
{Heap after GC invocations=3257 (full 106):
 PSYoungGen      total 15360K, used 1546K [0x00000000d5580000, 0x00000000d6680000, 0x0000000100000000)
  eden space 13312K, 0% used [0x00000000d5580000,0x00000000d5580000,0x00000000d6280000)
  from space 2048K, 75% used [0x00000000d6300000,0x00000000d6482930,0x00000000d6500000)
  to   space 1536K, 0% used [0x00000000d6500000,0x00000000d6500000,0x00000000d6680000)
 ParOldGen       total 145408K, used 142409K [0x0000000080000000, 0x0000000088e00000, 0x00000000d5580000)
  object space 145408K, 97% used [0x0000000080000000,0x0000000088b12460,0x0000000088e00000)
 Metaspace       used 96573K, committed 98112K, reserved 1179648K
  class space    used 9436K, committed 10112K, reserved 1048576K
}
Event: 6656.540 GC heap before
{Heap before GC invocations=3258 (full 106):
 PSYoungGen      total 15360K, used 14858K [0x00000000d5580000, 0x00000000d6680000, 0x0000000100000000)
  eden space 13312K, 100% used [0x00000000d5580000,0x00000000d6280000,0x00000000d6280000)
  from space 2048K, 75% used [0x00000000d6300000,0x00000000d6482930,0x00000000d6500000)
  to   space 1536K, 0% used [0x00000000d6500000,0x00000000d6500000,0x00000000d6680000)
 ParOldGen       total 145408K, used 142409K [0x0000000080000000, 0x0000000088e00000, 0x00000000d5580000)
  object space 145408K, 97% used [0x0000000080000000,0x0000000088b12460,0x0000000088e00000)
 Metaspace       used 96573K, committed 98112K, reserved 1179648K
  class space    used 9436K, committed 10112K, reserved 1048576K
}
Event: 6656.540 GC heap after
{Heap after GC invocations=3258 (full 106):
 PSYoungGen      total 14336K, used 666K [0x00000000d5580000, 0x00000000d6600000, 0x0000000100000000)
  eden space 13312K, 0% used [0x00000000d5580000,0x00000000d5580000,0x00000000d6280000)
  from space 1024K, 65% used [0x00000000d6500000,0x00000000d65a6920,0x00000000d6600000)
  to   space 1024K, 0% used [0x00000000d6400000,0x00000000d6400000,0x00000000d6500000)
 ParOldGen       total 145408K, used 143155K [0x0000000080000000, 0x0000000088e00000, 0x00000000d5580000)
  object space 145408K, 98% used [0x0000000080000000,0x0000000088bccc00,0x0000000088e00000)
 Metaspace       used 96573K, committed 98112K, reserved 1179648K
  class space    used 9436K, committed 10112K, reserved 1048576K
}
Event: 6656.555 GC heap before
{Heap before GC invocations=3259 (full 106):
 PSYoungGen      total 14336K, used 13978K [0x00000000d5580000, 0x00000000d6600000, 0x0000000100000000)
  eden space 13312K, 100% used [0x00000000d5580000,0x00000000d6280000,0x00000000d6280000)
  from space 1024K, 65% used [0x00000000d6500000,0x00000000d65a6920,0x00000000d6600000)
  to   space 1024K, 0% used [0x00000000d6400000,0x00000000d6400000,0x00000000d6500000)
 ParOldGen       total 145408K, used 143155K [0x0000000080000000, 0x0000000088e00000, 0x00000000d5580000)
  object space 145408K, 98% used [0x0000000080000000,0x0000000088bccc00,0x0000000088e00000)
 Metaspace       used 96573K, committed 98112K, reserved 1179648K
  class space    used 9436K, committed 10112K, reserved 1048576K
}
Event: 6656.556 GC heap after
{Heap after GC invocations=3259 (full 106):
 PSYoungGen      total 14336K, used 1018K [0x00000000d5580000, 0x00000000d6780000, 0x0000000100000000)
  eden space 13312K, 0% used [0x00000000d5580000,0x00000000d5580000,0x00000000d6280000)
  from space 1024K, 99% used [0x00000000d6400000,0x00000000d64fe900,0x00000000d6500000)
  to   space 2560K, 0% used [0x00000000d6500000,0x00000000d6500000,0x00000000d6780000)
 ParOldGen       total 145408K, used 144262K [0x0000000080000000, 0x0000000088e00000, 0x00000000d5580000)
  object space 145408K, 99% used [0x0000000080000000,0x0000000088ce19a8,0x0000000088e00000)
 Metaspace       used 96573K, committed 98112K, reserved 1179648K
  class space    used 9436K, committed 10112K, reserved 1048576K
}
Event: 6656.556 GC heap before
{Heap before GC invocations=3260 (full 107):
 PSYoungGen      total 14336K, used 1018K [0x00000000d5580000, 0x00000000d6780000, 0x0000000100000000)
  eden space 13312K, 0% used [0x00000000d5580000,0x00000000d5580000,0x00000000d6280000)
  from space 1024K, 99% used [0x00000000d6400000,0x00000000d64fe900,0x00000000d6500000)
  to   space 2560K, 0% used [0x00000000d6500000,0x00000000d6500000,0x00000000d6780000)
 ParOldGen       total 145408K, used 144262K [0x0000000080000000, 0x0000000088e00000, 0x00000000d5580000)
  object space 145408K, 99% used [0x0000000080000000,0x0000000088ce19a8,0x0000000088e00000)
 Metaspace       used 96573K, committed 98112K, reserved 1179648K
  class space    used 9436K, committed 10112K, reserved 1048576K
}

