# JRE version: OpenJDK Runtime Environment Temurin-21.0.7+6 (21.0.7+6) (build 21.0.7+6-LTS)
# Java VM: OpenJDK 64-Bit Server VM Temurin-21.0.7+6 (21.0.7+6-LTS, mixed mode, sharing, tiered, compressed oops, compressed class ptrs, parallel gc, windows-amd64)
GC Precious Log:
 CardTable entry size: 512
 CPUs: 8 total, 8 available
 Memory: 16316M
 Large Page Support: Disabled
 NUMA Support: Disabled
 Compressed Oops: Enabled (32-bit)
 Alignments: Space 512K, Generation 512K, Heap 2M
 Heap Min Capacity: 100M
 Heap Initial Capacity: 100M
 Heap Max Capacity: 2G
 Pre-touch: Disabled
 Parallel Workers: 8
Heap:
 PSYoungGen      total 12288K, used 2821K [0x00000000d5580000, 0x00000000d6580000, 0x0000000100000000)
  eden space 10240K, 27% used [0x00000000d5580000,0x00000000d58416e8,0x00000000d5f80000)
  from space 2048K, 0% used [0x00000000d5f80000,0x00000000d5f80000,0x00000000d6180000)
  to   space 2048K, 0% used [0x00000000d6380000,0x00000000d6380000,0x00000000d6580000)
 ParOldGen       total 170496K, used 161364K [0x0000000080000000, 0x000000008a680000, 0x00000000d5580000)
  object space 170496K, 94% used [0x0000000080000000,0x0000000089d95260,0x000000008a680000)
 Metaspace       used 86061K, committed 87936K, reserved 1179648K
  class space    used 8515K, committed 9344K, reserved 1048576K
GC Heap History (20 events):
Event: 1083.294 GC heap before
{Heap before GC invocations=2475 (full 5):
 PSYoungGen      total 13824K, used 13428K [0x00000000d5580000, 0x00000000d6900000, 0x0000000100000000)
  eden space 12288K, 100% used [0x00000000d5580000,0x00000000d6180000,0x00000000d6180000)
  from space 1536K, 74% used [0x00000000d6700000,0x00000000d681d220,0x00000000d6880000)
  to   space 512K, 0% used [0x00000000d6880000,0x00000000d6880000,0x00000000d6900000)
 ParOldGen       total 1354240K, used 1353815K [0x0000000080000000, 0x00000000d2a80000, 0x00000000d5580000)
  object space 1354240K, 99% used [0x0000000080000000,0x00000000d2a15e10,0x00000000d2a80000)
 Metaspace       used 86054K, committed 87872K, reserved 1179648K
  class space    used 8515K, committed 9344K, reserved 1048576K
}
Event: 1083.297 GC heap after
{Heap after GC invocations=2475 (full 5):
 PSYoungGen      total 12800K, used 512K [0x00000000d5580000, 0x00000000d6900000, 0x0000000100000000)
  eden space 12288K, 0% used [0x00000000d5580000,0x00000000d5580000,0x00000000d6180000)
  from space 512K, 100% used [0x00000000d6880000,0x00000000d6900000,0x00000000d6900000)
  to   space 2560K, 0% used [0x00000000d6400000,0x00000000d6400000,0x00000000d6680000)
 ParOldGen       total 1355776K, used 1355454K [0x0000000080000000, 0x00000000d2c00000, 0x00000000d5580000)
  object space 1355776K, 99% used [0x0000000080000000,0x00000000d2bafb78,0x00000000d2c00000)
 Metaspace       used 86054K, committed 87872K, reserved 1179648K
  class space    used 8515K, committed 9344K, reserved 1048576K
}
Event: 1083.550 GC heap before
{Heap before GC invocations=2476 (full 5):
 PSYoungGen      total 12800K, used 12799K [0x00000000d5580000, 0x00000000d6900000, 0x0000000100000000)
  eden space 12288K, 99% used [0x00000000d5580000,0x00000000d617ffd8,0x00000000d6180000)
  from space 512K, 100% used [0x00000000d6880000,0x00000000d6900000,0x00000000d6900000)
  to   space 2560K, 0% used [0x00000000d6400000,0x00000000d6400000,0x00000000d6680000)
 ParOldGen       total 1355776K, used 1355454K [0x0000000080000000, 0x00000000d2c00000, 0x00000000d5580000)
  object space 1355776K, 99% used [0x0000000080000000,0x00000000d2bafb78,0x00000000d2c00000)
 Metaspace       used 86057K, committed 87872K, reserved 1179648K
  class space    used 8515K, committed 9344K, reserved 1048576K
}
Event: 1083.552 GC heap after
{Heap after GC invocations=2476 (full 5):
 PSYoungGen      total 14848K, used 864K [0x00000000d5580000, 0x00000000d6900000, 0x0000000100000000)
  eden space 12288K, 0% used [0x00000000d5580000,0x00000000d5580000,0x00000000d6180000)
  from space 2560K, 33% used [0x00000000d6400000,0x00000000d64d8020,0x00000000d6680000)
  to   space 1536K, 0% used [0x00000000d6780000,0x00000000d6780000,0x00000000d6900000)
 ParOldGen       total 1356288K, used 1355966K [0x0000000080000000, 0x00000000d2c80000, 0x00000000d5580000)
  object space 1356288K, 99% used [0x0000000080000000,0x00000000d2c2fb98,0x00000000d2c80000)
 Metaspace       used 86057K, committed 87872K, reserved 1179648K
  class space    used 8515K, committed 9344K, reserved 1048576K
}
Event: 1083.591 GC heap before
{Heap before GC invocations=2477 (full 5):
 PSYoungGen      total 14848K, used 13152K [0x00000000d5580000, 0x00000000d6900000, 0x0000000100000000)
  eden space 12288K, 100% used [0x00000000d5580000,0x00000000d6180000,0x00000000d6180000)
  from space 2560K, 33% used [0x00000000d6400000,0x00000000d64d8020,0x00000000d6680000)
  to   space 1536K, 0% used [0x00000000d6780000,0x00000000d6780000,0x00000000d6900000)
 ParOldGen       total 1356288K, used 1355966K [0x0000000080000000, 0x00000000d2c80000, 0x00000000d5580000)
  object space 1356288K, 99% used [0x0000000080000000,0x00000000d2c2fb98,0x00000000d2c80000)
 Metaspace       used 86059K, committed 87872K, reserved 1179648K
  class space    used 8515K, committed 9344K, reserved 1048576K
}
Event: 1083.598 GC heap after
{Heap after GC invocations=2477 (full 5):
 PSYoungGen      total 8192K, used 1534K [0x00000000d5580000, 0x00000000d7880000, 0x0000000100000000)
  eden space 6656K, 0% used [0x00000000d5580000,0x00000000d5580000,0x00000000d5c00000)
  from space 1536K, 99% used [0x00000000d6780000,0x00000000d68ff960,0x00000000d6900000)
  to   space 11776K, 0% used [0x00000000d5c00000,0x00000000d5c00000,0x00000000d6780000)
 ParOldGen       total 1364480K, used 1364289K [0x0000000080000000, 0x00000000d3480000, 0x00000000d5580000)
  object space 1364480K, 99% used [0x0000000080000000,0x00000000d3450558,0x00000000d3480000)
 Metaspace       used 86059K, committed 87872K, reserved 1179648K
  class space    used 8515K, committed 9344K, reserved 1048576K
}
Event: 1083.626 GC heap before
{Heap before GC invocations=2478 (full 5):
 PSYoungGen      total 8192K, used 8190K [0x00000000d5580000, 0x00000000d7880000, 0x0000000100000000)
  eden space 6656K, 100% used [0x00000000d5580000,0x00000000d5c00000,0x00000000d5c00000)
  from space 1536K, 99% used [0x00000000d6780000,0x00000000d68ff960,0x00000000d6900000)
  to   space 11776K, 0% used [0x00000000d5c00000,0x00000000d5c00000,0x00000000d6780000)
 ParOldGen       total 1364480K, used 1364289K [0x0000000080000000, 0x00000000d3480000, 0x00000000d5580000)
  object space 1364480K, 99% used [0x0000000080000000,0x00000000d3450558,0x00000000d3480000)
 Metaspace       used 86059K, committed 87872K, reserved 1179648K
  class space    used 8515K, committed 9344K, reserved 1048576K
}
Event: 1083.632 GC heap after
{Heap after GC invocations=2478 (full 5):
 PSYoungGen      total 12800K, used 6041K [0x00000000d5580000, 0x00000000d6b00000, 0x0000000100000000)
  eden space 6656K, 0% used [0x00000000d5580000,0x00000000d5580000,0x00000000d5c00000)
  from space 6144K, 98% used [0x00000000d5c00000,0x00000000d61e6400,0x00000000d6200000)
  to   space 7680K, 0% used [0x00000000d6380000,0x00000000d6380000,0x00000000d6b00000)
 ParOldGen       total 1367552K, used 1366966K [0x0000000080000000, 0x00000000d3780000, 0x00000000d5580000)
  object space 1367552K, 99% used [0x0000000080000000,0x00000000d36ed828,0x00000000d3780000)
 Metaspace       used 86059K, committed 87872K, reserved 1179648K
  class space    used 8515K, committed 9344K, reserved 1048576K
}
Event: 1083.671 GC heap before
{Heap before GC invocations=2479 (full 5):
 PSYoungGen      total 12800K, used 12697K [0x00000000d5580000, 0x00000000d6b00000, 0x0000000100000000)
  eden space 6656K, 100% used [0x00000000d5580000,0x00000000d5c00000,0x00000000d5c00000)
  from space 6144K, 98% used [0x00000000d5c00000,0x00000000d61e6400,0x00000000d6200000)
  to   space 7680K, 0% used [0x00000000d6380000,0x00000000d6380000,0x00000000d6b00000)
 ParOldGen       total 1367552K, used 1366966K [0x0000000080000000, 0x00000000d3780000, 0x00000000d5580000)
  object space 1367552K, 99% used [0x0000000080000000,0x00000000d36ed828,0x00000000d3780000)
 Metaspace       used 86059K, committed 87872K, reserved 1179648K
  class space    used 8515K, committed 9344K, reserved 1048576K
}
Event: 1083.679 GC heap after
{Heap after GC invocations=2479 (full 5):
 PSYoungGen      total 9728K, used 2770K [0x00000000d5580000, 0x00000000d6680000, 0x0000000100000000)
  eden space 6656K, 0% used [0x00000000d5580000,0x00000000d5580000,0x00000000d5c00000)
  from space 3072K, 90% used [0x00000000d6380000,0x00000000d6634840,0x00000000d6680000)
  to   space 4608K, 0% used [0x00000000d5d80000,0x00000000d5d80000,0x00000000d6200000)
 ParOldGen       total 1372672K, used 1372326K [0x0000000080000000, 0x00000000d3c80000, 0x00000000d5580000)
  object space 1372672K, 99% used [0x0000000080000000,0x00000000d3c29828,0x00000000d3c80000)
 Metaspace       used 86059K, committed 87872K, reserved 1179648K
  class space    used 8515K, committed 9344K, reserved 1048576K
}
Event: 1083.695 GC heap before
{Heap before GC invocations=2480 (full 5):
 PSYoungGen      total 9728K, used 9426K [0x00000000d5580000, 0x00000000d6680000, 0x0000000100000000)
  eden space 6656K, 100% used [0x00000000d5580000,0x00000000d5c00000,0x00000000d5c00000)
  from space 3072K, 90% used [0x00000000d6380000,0x00000000d6634840,0x00000000d6680000)
  to   space 4608K, 0% used [0x00000000d5d80000,0x00000000d5d80000,0x00000000d6200000)
 ParOldGen       total 1372672K, used 1372326K [0x0000000080000000, 0x00000000d3c80000, 0x00000000d5580000)
  object space 1372672K, 99% used [0x0000000080000000,0x00000000d3c29828,0x00000000d3c80000)
 Metaspace       used 86059K, committed 87872K, reserved 1179648K
  class space    used 8515K, committed 9344K, reserved 1048576K
}
Event: 1083.700 GC heap after
{Heap after GC invocations=2480 (full 5):
 PSYoungGen      total 11264K, used 4605K [0x00000000d5580000, 0x00000000d6f00000, 0x0000000100000000)
  eden space 6656K, 0% used [0x00000000d5580000,0x00000000d5580000,0x00000000d5c00000)
  from space 4608K, 99% used [0x00000000d5d80000,0x00000000d61ff6b8,0x00000000d6200000)
  to   space 9728K, 0% used [0x00000000d6580000,0x00000000d6580000,0x00000000d6f00000)
 ParOldGen       total 1376256K, used 1376245K [0x0000000080000000, 0x00000000d4000000, 0x00000000d5580000)
  object space 1376256K, 99% used [0x0000000080000000,0x00000000d3ffd588,0x00000000d4000000)
 Metaspace       used 86059K, committed 87872K, reserved 1179648K
  class space    used 8515K, committed 9344K, reserved 1048576K
}
Event: 1083.711 GC heap before
{Heap before GC invocations=2481 (full 5):
 PSYoungGen      total 11264K, used 11261K [0x00000000d5580000, 0x00000000d6f00000, 0x0000000100000000)
  eden space 6656K, 100% used [0x00000000d5580000,0x00000000d5c00000,0x00000000d5c00000)
  from space 4608K, 99% used [0x00000000d5d80000,0x00000000d61ff6b8,0x00000000d6200000)
  to   space 9728K, 0% used [0x00000000d6580000,0x00000000d6580000,0x00000000d6f00000)
 ParOldGen       total 1376256K, used 1376245K [0x0000000080000000, 0x00000000d4000000, 0x00000000d5580000)
  object space 1376256K, 99% used [0x0000000080000000,0x00000000d3ffd588,0x00000000d4000000)
 Metaspace       used 86059K, committed 87872K, reserved 1179648K
  class space    used 8515K, committed 9344K, reserved 1048576K
}
Event: 1083.716 GC heap after
{Heap after GC invocations=2481 (full 5):
 PSYoungGen      total 12800K, used 4320K [0x00000000d5580000, 0x00000000d6a00000, 0x0000000100000000)
  eden space 8192K, 0% used [0x00000000d5580000,0x00000000d5580000,0x00000000d5d80000)
  from space 4608K, 93% used [0x00000000d6580000,0x00000000d69b8000,0x00000000d6a00000)
  to   space 6144K, 0% used [0x00000000d5e00000,0x00000000d5e00000,0x00000000d6400000)
 ParOldGen       total 1380864K, used 1380852K [0x0000000080000000, 0x00000000d4480000, 0x00000000d5580000)
  object space 1380864K, 99% used [0x0000000080000000,0x00000000d447d2f0,0x00000000d4480000)
 Metaspace       used 86059K, committed 87872K, reserved 1179648K
  class space    used 8515K, committed 9344K, reserved 1048576K
}
Event: 1083.739 GC heap before
{Heap before GC invocations=2482 (full 5):
 PSYoungGen      total 12800K, used 11759K [0x00000000d5580000, 0x00000000d6a00000, 0x0000000100000000)
  eden space 8192K, 90% used [0x00000000d5580000,0x00000000d5cc3e18,0x00000000d5d80000)
  from space 4608K, 93% used [0x00000000d6580000,0x00000000d69b8000,0x00000000d6a00000)
  to   space 6144K, 0% used [0x00000000d5e00000,0x00000000d5e00000,0x00000000d6400000)
 ParOldGen       total 1398272K, used 1388532K [0x0000000080000000, 0x00000000d5580000, 0x00000000d5580000)
  object space 1398272K, 99% used [0x0000000080000000,0x00000000d4bfd300,0x00000000d5580000)
 Metaspace       used 86061K, committed 87936K, reserved 1179648K
  class space    used 8515K, committed 9344K, reserved 1048576K
}
Event: 1083.744 GC heap after
{Heap after GC invocations=2482 (full 5):
 PSYoungGen      total 13312K, used 5008K [0x00000000d5580000, 0x00000000d6880000, 0x0000000100000000)
  eden space 8192K, 0% used [0x00000000d5580000,0x00000000d5580000,0x00000000d5d80000)
  from space 5120K, 97% used [0x00000000d5e00000,0x00000000d62e4010,0x00000000d6300000)
  to   space 5632K, 0% used [0x00000000d6300000,0x00000000d6300000,0x00000000d6880000)
 ParOldGen       total 1398272K, used 1392755K [0x0000000080000000, 0x00000000d5580000, 0x00000000d5580000)
  object space 1398272K, 99% used [0x0000000080000000,0x00000000d501cd98,0x00000000d5580000)
 Metaspace       used 86061K, committed 87936K, reserved 1179648K
  class space    used 8515K, committed 9344K, reserved 1048576K
}
Event: 1083.744 GC heap before
{Heap before GC invocations=2483 (full 5):
 PSYoungGen      total 13312K, used 5008K [0x00000000d5580000, 0x00000000d6880000, 0x0000000100000000)
  eden space 8192K, 0% used [0x00000000d5580000,0x00000000d5580000,0x00000000d5d80000)
  from space 5120K, 97% used [0x00000000d5e00000,0x00000000d62e4010,0x00000000d6300000)
  to   space 5632K, 0% used [0x00000000d6300000,0x00000000d6300000,0x00000000d6880000)
 ParOldGen       total 1398272K, used 1392755K [0x0000000080000000, 0x00000000d5580000, 0x00000000d5580000)
  object space 1398272K, 99% used [0x0000000080000000,0x00000000d501cd98,0x00000000d5580000)
 Metaspace       used 86061K, committed 87936K, reserved 1179648K
  class space    used 8515K, committed 9344K, reserved 1048576K
}
Event: 1083.749 GC heap after
{Heap after GC invocations=2483 (full 5):
 PSYoungGen      total 10752K, used 0K [0x00000000d5580000, 0x00000000d6380000, 0x0000000100000000)
  eden space 10240K, 0% used [0x00000000d5580000,0x00000000d5580000,0x00000000d5f80000)
  from space 512K, 0% used [0x00000000d6300000,0x00000000d6300000,0x00000000d6380000)
  to   space 2048K, 0% used [0x00000000d5f80000,0x00000000d5f80000,0x00000000d6180000)
 ParOldGen       total 1398272K, used 1398134K [0x0000000080000000, 0x00000000d5580000, 0x00000000d5580000)
  object space 1398272K, 99% used [0x0000000080000000,0x00000000d555d870,0x00000000d5580000)
 Metaspace       used 86061K, committed 87936K, reserved 1179648K
  class space    used 8515K, committed 9344K, reserved 1048576K
}
Event: 1083.749 GC heap before
{Heap before GC invocations=2484 (full 6):
 PSYoungGen      total 10752K, used 0K [0x00000000d5580000, 0x00000000d6380000, 0x0000000100000000)
  eden space 10240K, 0% used [0x00000000d5580000,0x00000000d5580000,0x00000000d5f80000)
  from space 512K, 0% used [0x00000000d6300000,0x00000000d6300000,0x00000000d6380000)
  to   space 2048K, 0% used [0x00000000d5f80000,0x00000000d5f80000,0x00000000d6180000)
 ParOldGen       total 1398272K, used 1398134K [0x0000000080000000, 0x00000000d5580000, 0x00000000d5580000)
  object space 1398272K, 99% used [0x0000000080000000,0x00000000d555d870,0x00000000d5580000)
 Metaspace       used 86061K, committed 87936K, reserved 1179648K
  class space    used 8515K, committed 9344K, reserved 1048576K
}
Event: 1084.080 GC heap after
{Heap after GC invocations=2484 (full 6):
 PSYoungGen      total 12288K, used 0K [0x00000000d5580000, 0x00000000d6580000, 0x0000000100000000)
  eden space 10240K, 0% used [0x00000000d5580000,0x00000000d5580000,0x00000000d5f80000)
  from space 2048K, 0% used [0x00000000d5f80000,0x00000000d5f80000,0x00000000d6180000)
  to   space 2048K, 0% used [0x00000000d6380000,0x00000000d6380000,0x00000000d6580000)
 ParOldGen       total 170496K, used 138324K [0x0000000080000000, 0x000000008a680000, 0x00000000d5580000)
  object space 170496K, 81% used [0x0000000080000000,0x0000000088715240,0x000000008a680000)
 Metaspace       used 86061K, committed 87936K, reserved 1179648K
  class space    used 8515K, committed 9344K, reserved 1048576K
}

