# JRE version: OpenJDK Runtime Environment Temurin-17.0.11+9 (17.0.11+9) (build 17.0.11+9)
# Java VM: OpenJDK 64-Bit Server VM Temurin-17.0.11+9 (17.0.11+9, mixed mode, emulated-client, tiered, compressed oops, compressed class ptrs, g1 gc, windows-amd64)
GC Precious Log:
 CPUs: 4 total, 4 available
 Memory: 7167M
 Large Page Support: Disabled
 NUMA Support: Disabled
 Compressed Oops: Enabled (32-bit)
 Heap Region Size: 1M
 Heap Min Capacity: 8M
 Heap Initial Capacity: 112M
 Heap Max Capacity: 1G
 Pre-touch: Disabled
 Parallel Workers: 4
 Concurrent Workers: 1
 Concurrent Refinement Workers: 4
 Periodic GC: Disabled
Heap:
 garbage-first heap   total 75776K, used 57478K [0x00000000c0000000, 0x0000000100000000)
  region size 1024K, 28 young (28672K), 4 survivors (4096K)
 Metaspace       used 46469K, committed 46976K, reserved 1114112K
  class space    used 5731K, committed 5952K, reserved 1048576K
GC Heap History (19 events):
Event: 61.401 GC heap before
{Heap before GC invocations=0 (full 0):
 garbage-first heap   total 114688K, used 16384K [0x00000000c0000000, 0x0000000100000000)
  region size 1024K, 13 young (13312K), 0 survivors (0K)
 Metaspace       used 5782K, committed 5888K, reserved 1114112K
  class space    used 556K, committed 640K, reserved 1048576K
}
Event: 61.452 GC heap after
{Heap after GC invocations=1 (full 0):
 garbage-first heap   total 114688K, used 12107K [0x00000000c0000000, 0x0000000100000000)
  region size 1024K, 2 young (2048K), 2 survivors (2048K)
 Metaspace       used 5782K, committed 5888K, reserved 1114112K
  class space    used 556K, committed 640K, reserved 1048576K
}
Event: 64.867 GC heap before
{Heap before GC invocations=1 (full 0):
 garbage-first heap   total 114688K, used 23371K [0x00000000c0000000, 0x0000000100000000)
  region size 1024K, 11 young (11264K), 2 survivors (2048K)
 Metaspace       used 7937K, committed 8128K, reserved 1114112K
  class space    used 862K, committed 960K, reserved 1048576K
}
Event: 64.874 GC heap after
{Heap after GC invocations=2 (full 0):
 garbage-first heap   total 114688K, used 15915K [0x00000000c0000000, 0x0000000100000000)
  region size 1024K, 2 young (2048K), 2 survivors (2048K)
 Metaspace       used 7937K, committed 8128K, reserved 1114112K
  class space    used 862K, committed 960K, reserved 1048576K
}
Event: 65.989 GC heap before
{Heap before GC invocations=2 (full 0):
 garbage-first heap   total 114688K, used 31275K [0x00000000c0000000, 0x0000000100000000)
  region size 1024K, 17 young (17408K), 2 survivors (2048K)
 Metaspace       used 11964K, committed 12160K, reserved 1114112K
  class space    used 1464K, committed 1600K, reserved 1048576K
}
Event: 65.997 GC heap after
{Heap after GC invocations=3 (full 0):
 garbage-first heap   total 114688K, used 17031K [0x00000000c0000000, 0x0000000100000000)
  region size 1024K, 2 young (2048K), 2 survivors (2048K)
 Metaspace       used 11964K, committed 12160K, reserved 1114112K
  class space    used 1464K, committed 1600K, reserved 1048576K
}
Event: 74.346 GC heap before
{Heap before GC invocations=3 (full 0):
 garbage-first heap   total 114688K, used 57991K [0x00000000c0000000, 0x0000000100000000)
  region size 1024K, 43 young (44032K), 2 survivors (2048K)
 Metaspace       used 21288K, committed 21504K, reserved 1114112K
  class space    used 2630K, committed 2752K, reserved 1048576K
}
Event: 74.357 GC heap after
{Heap after GC invocations=4 (full 0):
 garbage-first heap   total 114688K, used 20679K [0x00000000c0000000, 0x0000000100000000)
  region size 1024K, 5 young (5120K), 5 survivors (5120K)
 Metaspace       used 21288K, committed 21504K, reserved 1114112K
  class space    used 2630K, committed 2752K, reserved 1048576K
}
Event: 97.717 GC heap before
{Heap before GC invocations=5 (full 0):
 garbage-first heap   total 75776K, used 60615K [0x00000000c0000000, 0x0000000100000000)
  region size 1024K, 44 young (45056K), 5 survivors (5120K)
 Metaspace       used 28047K, committed 28288K, reserved 1114112K
  class space    used 3495K, committed 3584K, reserved 1048576K
}
Event: 97.736 GC heap after
{Heap after GC invocations=6 (full 0):
 garbage-first heap   total 75776K, used 23766K [0x00000000c0000000, 0x0000000100000000)
  region size 1024K, 4 young (4096K), 4 survivors (4096K)
 Metaspace       used 28047K, committed 28288K, reserved 1114112K
  class space    used 3495K, committed 3584K, reserved 1048576K
}
Event: 109.129 GC heap before
{Heap before GC invocations=6 (full 0):
 garbage-first heap   total 75776K, used 49366K [0x00000000c0000000, 0x0000000100000000)
  region size 1024K, 30 young (30720K), 4 survivors (4096K)
 Metaspace       used 32355K, committed 32768K, reserved 1114112K
  class space    used 4113K, committed 4288K, reserved 1048576K
}
Event: 109.147 GC heap after
{Heap after GC invocations=7 (full 0):
 garbage-first heap   total 75776K, used 26032K [0x00000000c0000000, 0x0000000100000000)
  region size 1024K, 2 young (2048K), 2 survivors (2048K)
 Metaspace       used 32355K, committed 32768K, reserved 1114112K
  class space    used 4113K, committed 4288K, reserved 1048576K
}
Event: 116.369 GC heap before
{Heap before GC invocations=7 (full 0):
 garbage-first heap   total 75776K, used 49584K [0x00000000c0000000, 0x0000000100000000)
  region size 1024K, 25 young (25600K), 2 survivors (2048K)
 Metaspace       used 35574K, committed 35968K, reserved 1114112K
  class space    used 4388K, committed 4608K, reserved 1048576K
}
Event: 116.384 GC heap after
{Heap after GC invocations=8 (full 0):
 garbage-first heap   total 75776K, used 28800K [0x00000000c0000000, 0x0000000100000000)
  region size 1024K, 4 young (4096K), 4 survivors (4096K)
 Metaspace       used 35574K, committed 35968K, reserved 1114112K
  class space    used 4388K, committed 4608K, reserved 1048576K
}
Event: 120.669 GC heap before
{Heap before GC invocations=9 (full 0):
 garbage-first heap   total 75776K, used 54400K [0x00000000c0000000, 0x0000000100000000)
  region size 1024K, 29 young (29696K), 4 survivors (4096K)
 Metaspace       used 40009K, committed 40448K, reserved 1114112K
  class space    used 5056K, committed 5248K, reserved 1048576K
}
Event: 120.682 GC heap after
{Heap after GC invocations=10 (full 0):
 garbage-first heap   total 75776K, used 31309K [0x00000000c0000000, 0x0000000100000000)
  region size 1024K, 3 young (3072K), 3 survivors (3072K)
 Metaspace       used 40009K, committed 40448K, reserved 1114112K
  class space    used 5056K, committed 5248K, reserved 1048576K
}
Event: 122.798 GC heap before
{Heap before GC invocations=10 (full 0):
 garbage-first heap   total 75776K, used 55885K [0x00000000c0000000, 0x0000000100000000)
  region size 1024K, 27 young (27648K), 3 survivors (3072K)
 Metaspace       used 43989K, committed 44416K, reserved 1114112K
  class space    used 5515K, committed 5696K, reserved 1048576K
}
Event: 122.807 GC heap after
{Heap after GC invocations=11 (full 0):
 garbage-first heap   total 75776K, used 32902K [0x00000000c0000000, 0x0000000100000000)
  region size 1024K, 2 young (2048K), 2 survivors (2048K)
 Metaspace       used 43989K, committed 44416K, reserved 1114112K
  class space    used 5515K, committed 5696K, reserved 1048576K
}
Event: 123.106 GC heap before
{Heap before GC invocations=11 (full 0):
 garbage-first heap   total 75776K, used 56454K [0x00000000c0000000, 0x0000000100000000)
  region size 1024K, 26 young (26624K), 2 survivors (2048K)
 Metaspace       used 46469K, committed 46976K, reserved 1114112K
  class space    used 5731K, committed 5952K, reserved 1048576K
}

