# JRE version: OpenJDK Runtime Environment Temurin-17.0.9+9 (17.0.9+9) (build 17.0.9+9)
# Java VM: OpenJDK 64-Bit Server VM Temurin-17.0.9+9 (17.0.9+9, mixed mode, sharing, tiered, compressed oops, compressed class ptrs, parallel gc, windows-amd64)
GC Precious Log:
 CPUs: 12 total, 12 available
 Memory: 16225M
 Large Page Support: Disabled
 NUMA Support: Disabled
 Compressed Oops: Enabled (32-bit)
 Alignments: Space 512K, Generation 512K, Heap 2M
 Heap Min Capacity: 100M
 Heap Initial Capacity: 100M
 Heap Max Capacity: 1G
 Pre-touch: Disabled
 Parallel Workers: 10
Heap:
 PSYoungGen      total 4096K, used 1669K [0x00000000eab00000, 0x00000000eb080000, 0x0000000100000000)
  eden space 3072K, 29% used [0x00000000eab00000,0x00000000eabe14b8,0x00000000eae00000)
  from space 1024K, 75% used [0x00000000eaf80000,0x00000000eb040000,0x00000000eb080000)
  to   space 1024K, 0% used [0x00000000eae00000,0x00000000eae00000,0x00000000eaf00000)
 ParOldGen       total 197120K, used 177231K [0x00000000c0000000, 0x00000000cc080000, 0x00000000eab00000)
  object space 197120K, 89% used [0x00000000c0000000,0x00000000cad13ff0,0x00000000cc080000)
 Metaspace       used 91925K, committed 93376K, reserved 1179648K
  class space    used 8861K, committed 9536K, reserved 1048576K
GC Heap History (20 events):
Event: 7955.014 GC heap before
{Heap before GC invocations=8620 (full 234):
 PSYoungGen      total 3072K, used 2848K [0x00000000eab00000, 0x00000000eb000000, 0x0000000100000000)
  eden space 2560K, 100% used [0x00000000eab00000,0x00000000ead80000,0x00000000ead80000)
  from space 512K, 56% used [0x00000000eaf80000,0x00000000eafc8000,0x00000000eb000000)
  to   space 512K, 0% used [0x00000000eaf00000,0x00000000eaf00000,0x00000000eaf80000)
 ParOldGen       total 197120K, used 172043K [0x00000000c0000000, 0x00000000cc080000, 0x00000000eab00000)
  object space 197120K, 87% used [0x00000000c0000000,0x00000000ca802c78,0x00000000cc080000)
 Metaspace       used 91925K, committed 93376K, reserved 1179648K
  class space    used 8861K, committed 9536K, reserved 1048576K
}
Event: 7955.015 GC heap after
{Heap after GC invocations=8620 (full 234):
 PSYoungGen      total 3072K, used 500K [0x00000000eab00000, 0x00000000eb000000, 0x0000000100000000)
  eden space 2560K, 0% used [0x00000000eab00000,0x00000000eab00000,0x00000000ead80000)
  from space 512K, 97% used [0x00000000eaf00000,0x00000000eaf7d200,0x00000000eaf80000)
  to   space 512K, 0% used [0x00000000eaf80000,0x00000000eaf80000,0x00000000eb000000)
 ParOldGen       total 197120K, used 172307K [0x00000000c0000000, 0x00000000cc080000, 0x00000000eab00000)
  object space 197120K, 87% used [0x00000000c0000000,0x00000000ca844c78,0x00000000cc080000)
 Metaspace       used 91925K, committed 93376K, reserved 1179648K
  class space    used 8861K, committed 9536K, reserved 1048576K
}
Event: 7955.018 GC heap before
{Heap before GC invocations=8621 (full 234):
 PSYoungGen      total 3072K, used 3060K [0x00000000eab00000, 0x00000000eb000000, 0x0000000100000000)
  eden space 2560K, 100% used [0x00000000eab00000,0x00000000ead80000,0x00000000ead80000)
  from space 512K, 97% used [0x00000000eaf00000,0x00000000eaf7d200,0x00000000eaf80000)
  to   space 512K, 0% used [0x00000000eaf80000,0x00000000eaf80000,0x00000000eb000000)
 ParOldGen       total 197120K, used 172307K [0x00000000c0000000, 0x00000000cc080000, 0x00000000eab00000)
  object space 197120K, 87% used [0x00000000c0000000,0x00000000ca844c78,0x00000000cc080000)
 Metaspace       used 91925K, committed 93376K, reserved 1179648K
  class space    used 8861K, committed 9536K, reserved 1048576K
}
Event: 7955.019 GC heap after
{Heap after GC invocations=8621 (full 234):
 PSYoungGen      total 3072K, used 496K [0x00000000eab00000, 0x00000000eb000000, 0x0000000100000000)
  eden space 2560K, 0% used [0x00000000eab00000,0x00000000eab00000,0x00000000ead80000)
  from space 512K, 96% used [0x00000000eaf80000,0x00000000eaffc010,0x00000000eb000000)
  to   space 1024K, 0% used [0x00000000eae00000,0x00000000eae00000,0x00000000eaf00000)
 ParOldGen       total 197120K, used 172744K [0x00000000c0000000, 0x00000000cc080000, 0x00000000eab00000)
  object space 197120K, 87% used [0x00000000c0000000,0x00000000ca8b22e8,0x00000000cc080000)
 Metaspace       used 91925K, committed 93376K, reserved 1179648K
  class space    used 8861K, committed 9536K, reserved 1048576K
}
Event: 7955.089 GC heap before
{Heap before GC invocations=8622 (full 234):
 PSYoungGen      total 3072K, used 3056K [0x00000000eab00000, 0x00000000eb000000, 0x0000000100000000)
  eden space 2560K, 100% used [0x00000000eab00000,0x00000000ead80000,0x00000000ead80000)
  from space 512K, 96% used [0x00000000eaf80000,0x00000000eaffc010,0x00000000eb000000)
  to   space 1024K, 0% used [0x00000000eae00000,0x00000000eae00000,0x00000000eaf00000)
 ParOldGen       total 197120K, used 172744K [0x00000000c0000000, 0x00000000cc080000, 0x00000000eab00000)
  object space 197120K, 87% used [0x00000000c0000000,0x00000000ca8b22e8,0x00000000cc080000)
 Metaspace       used 91925K, committed 93376K, reserved 1179648K
  class space    used 8861K, committed 9536K, reserved 1048576K
}
Event: 7955.090 GC heap after
{Heap after GC invocations=8622 (full 234):
 PSYoungGen      total 3584K, used 650K [0x00000000eab00000, 0x00000000eb000000, 0x0000000100000000)
  eden space 2560K, 0% used [0x00000000eab00000,0x00000000eab00000,0x00000000ead80000)
  from space 1024K, 63% used [0x00000000eae00000,0x00000000eaea2910,0x00000000eaf00000)
  to   space 1024K, 0% used [0x00000000eaf00000,0x00000000eaf00000,0x00000000eb000000)
 ParOldGen       total 197120K, used 173224K [0x00000000c0000000, 0x00000000cc080000, 0x00000000eab00000)
  object space 197120K, 87% used [0x00000000c0000000,0x00000000ca92a308,0x00000000cc080000)
 Metaspace       used 91925K, committed 93376K, reserved 1179648K
  class space    used 8861K, committed 9536K, reserved 1048576K
}
Event: 7955.092 GC heap before
{Heap before GC invocations=8623 (full 234):
 PSYoungGen      total 3584K, used 3210K [0x00000000eab00000, 0x00000000eb000000, 0x0000000100000000)
  eden space 2560K, 100% used [0x00000000eab00000,0x00000000ead80000,0x00000000ead80000)
  from space 1024K, 63% used [0x00000000eae00000,0x00000000eaea2910,0x00000000eaf00000)
  to   space 1024K, 0% used [0x00000000eaf00000,0x00000000eaf00000,0x00000000eb000000)
 ParOldGen       total 197120K, used 173224K [0x00000000c0000000, 0x00000000cc080000, 0x00000000eab00000)
  object space 197120K, 87% used [0x00000000c0000000,0x00000000ca92a308,0x00000000cc080000)
 Metaspace       used 91925K, committed 93376K, reserved 1179648K
  class space    used 8861K, committed 9536K, reserved 1048576K
}
Event: 7955.094 GC heap after
{Heap after GC invocations=8623 (full 234):
 PSYoungGen      total 4096K, used 544K [0x00000000eab00000, 0x00000000eb000000, 0x0000000100000000)
  eden space 3072K, 0% used [0x00000000eab00000,0x00000000eab00000,0x00000000eae00000)
  from space 1024K, 53% used [0x00000000eaf00000,0x00000000eaf88000,0x00000000eb000000)
  to   space 1024K, 0% used [0x00000000eae00000,0x00000000eae00000,0x00000000eaf00000)
 ParOldGen       total 197120K, used 173749K [0x00000000c0000000, 0x00000000cc080000, 0x00000000eab00000)
  object space 197120K, 88% used [0x00000000c0000000,0x00000000ca9ad528,0x00000000cc080000)
 Metaspace       used 91925K, committed 93376K, reserved 1179648K
  class space    used 8861K, committed 9536K, reserved 1048576K
}
Event: 7955.097 GC heap before
{Heap before GC invocations=8624 (full 234):
 PSYoungGen      total 4096K, used 3616K [0x00000000eab00000, 0x00000000eb000000, 0x0000000100000000)
  eden space 3072K, 100% used [0x00000000eab00000,0x00000000eae00000,0x00000000eae00000)
  from space 1024K, 53% used [0x00000000eaf00000,0x00000000eaf88000,0x00000000eb000000)
  to   space 1024K, 0% used [0x00000000eae00000,0x00000000eae00000,0x00000000eaf00000)
 ParOldGen       total 197120K, used 173749K [0x00000000c0000000, 0x00000000cc080000, 0x00000000eab00000)
  object space 197120K, 88% used [0x00000000c0000000,0x00000000ca9ad528,0x00000000cc080000)
 Metaspace       used 91925K, committed 93376K, reserved 1179648K
  class space    used 8861K, committed 9536K, reserved 1048576K
}
Event: 7955.099 GC heap after
{Heap after GC invocations=8624 (full 234):
 PSYoungGen      total 4096K, used 724K [0x00000000eab00000, 0x00000000eb100000, 0x0000000100000000)
  eden space 3072K, 0% used [0x00000000eab00000,0x00000000eab00000,0x00000000eae00000)
  from space 1024K, 70% used [0x00000000eae00000,0x00000000eaeb5200,0x00000000eaf00000)
  to   space 1024K, 0% used [0x00000000eb000000,0x00000000eb000000,0x00000000eb100000)
 ParOldGen       total 197120K, used 174245K [0x00000000c0000000, 0x00000000cc080000, 0x00000000eab00000)
  object space 197120K, 88% used [0x00000000c0000000,0x00000000caa29528,0x00000000cc080000)
 Metaspace       used 91925K, committed 93376K, reserved 1179648K
  class space    used 8861K, committed 9536K, reserved 1048576K
}
Event: 7955.214 GC heap before
{Heap before GC invocations=8625 (full 234):
 PSYoungGen      total 4096K, used 3796K [0x00000000eab00000, 0x00000000eb100000, 0x0000000100000000)
  eden space 3072K, 100% used [0x00000000eab00000,0x00000000eae00000,0x00000000eae00000)
  from space 1024K, 70% used [0x00000000eae00000,0x00000000eaeb5200,0x00000000eaf00000)
  to   space 1024K, 0% used [0x00000000eb000000,0x00000000eb000000,0x00000000eb100000)
 ParOldGen       total 197120K, used 174245K [0x00000000c0000000, 0x00000000cc080000, 0x00000000eab00000)
  object space 197120K, 88% used [0x00000000c0000000,0x00000000caa29528,0x00000000cc080000)
 Metaspace       used 91925K, committed 93376K, reserved 1179648K
  class space    used 8861K, committed 9536K, reserved 1048576K
}
Event: 7955.215 GC heap after
{Heap after GC invocations=8625 (full 234):
 PSYoungGen      total 4096K, used 708K [0x00000000eab00000, 0x00000000eb100000, 0x0000000100000000)
  eden space 3072K, 0% used [0x00000000eab00000,0x00000000eab00000,0x00000000eae00000)
  from space 1024K, 69% used [0x00000000eb000000,0x00000000eb0b1210,0x00000000eb100000)
  to   space 1024K, 0% used [0x00000000eae00000,0x00000000eae00000,0x00000000eaf00000)
 ParOldGen       total 197120K, used 174921K [0x00000000c0000000, 0x00000000cc080000, 0x00000000eab00000)
  object space 197120K, 88% used [0x00000000c0000000,0x00000000caad2748,0x00000000cc080000)
 Metaspace       used 91925K, committed 93376K, reserved 1179648K
  class space    used 8861K, committed 9536K, reserved 1048576K
}
Event: 7955.219 GC heap before
{Heap before GC invocations=8626 (full 234):
 PSYoungGen      total 4096K, used 3780K [0x00000000eab00000, 0x00000000eb100000, 0x0000000100000000)
  eden space 3072K, 100% used [0x00000000eab00000,0x00000000eae00000,0x00000000eae00000)
  from space 1024K, 69% used [0x00000000eb000000,0x00000000eb0b1210,0x00000000eb100000)
  to   space 1024K, 0% used [0x00000000eae00000,0x00000000eae00000,0x00000000eaf00000)
 ParOldGen       total 197120K, used 174921K [0x00000000c0000000, 0x00000000cc080000, 0x00000000eab00000)
  object space 197120K, 88% used [0x00000000c0000000,0x00000000caad2748,0x00000000cc080000)
 Metaspace       used 91925K, committed 93376K, reserved 1179648K
  class space    used 8861K, committed 9536K, reserved 1048576K
}
Event: 7955.220 GC heap after
{Heap after GC invocations=8626 (full 234):
 PSYoungGen      total 4096K, used 736K [0x00000000eab00000, 0x00000000eb100000, 0x0000000100000000)
  eden space 3072K, 0% used [0x00000000eab00000,0x00000000eab00000,0x00000000eae00000)
  from space 1024K, 71% used [0x00000000eae00000,0x00000000eaeb8000,0x00000000eaf00000)
  to   space 1024K, 0% used [0x00000000eb000000,0x00000000eb000000,0x00000000eb100000)
 ParOldGen       total 197120K, used 175498K [0x00000000c0000000, 0x00000000cc080000, 0x00000000eab00000)
  object space 197120K, 89% used [0x00000000c0000000,0x00000000cab62ba0,0x00000000cc080000)
 Metaspace       used 91925K, committed 93376K, reserved 1179648K
  class space    used 8861K, committed 9536K, reserved 1048576K
}
Event: 7955.679 GC heap before
{Heap before GC invocations=8627 (full 234):
 PSYoungGen      total 4096K, used 3808K [0x00000000eab00000, 0x00000000eb100000, 0x0000000100000000)
  eden space 3072K, 100% used [0x00000000eab00000,0x00000000eae00000,0x00000000eae00000)
  from space 1024K, 71% used [0x00000000eae00000,0x00000000eaeb8000,0x00000000eaf00000)
  to   space 1024K, 0% used [0x00000000eb000000,0x00000000eb000000,0x00000000eb100000)
 ParOldGen       total 197120K, used 175498K [0x00000000c0000000, 0x00000000cc080000, 0x00000000eab00000)
  object space 197120K, 89% used [0x00000000c0000000,0x00000000cab62ba0,0x00000000cc080000)
 Metaspace       used 91925K, committed 93376K, reserved 1179648K
  class space    used 8861K, committed 9536K, reserved 1048576K
}
Event: 7955.680 GC heap after
{Heap after GC invocations=8627 (full 234):
 PSYoungGen      total 4096K, used 698K [0x00000000eab00000, 0x00000000eb100000, 0x0000000100000000)
  eden space 3072K, 0% used [0x00000000eab00000,0x00000000eab00000,0x00000000eae00000)
  from space 1024K, 68% used [0x00000000eb000000,0x00000000eb0ae900,0x00000000eb100000)
  to   space 1024K, 0% used [0x00000000eae00000,0x00000000eae00000,0x00000000eaf00000)
 ParOldGen       total 197120K, used 176174K [0x00000000c0000000, 0x00000000cc080000, 0x00000000eab00000)
  object space 197120K, 89% used [0x00000000c0000000,0x00000000cac0bbb0,0x00000000cc080000)
 Metaspace       used 91925K, committed 93376K, reserved 1179648K
  class space    used 8861K, committed 9536K, reserved 1048576K
}
Event: 7955.684 GC heap before
{Heap before GC invocations=8628 (full 234):
 PSYoungGen      total 4096K, used 3770K [0x00000000eab00000, 0x00000000eb100000, 0x0000000100000000)
  eden space 3072K, 100% used [0x00000000eab00000,0x00000000eae00000,0x00000000eae00000)
  from space 1024K, 68% used [0x00000000eb000000,0x00000000eb0ae900,0x00000000eb100000)
  to   space 1024K, 0% used [0x00000000eae00000,0x00000000eae00000,0x00000000eaf00000)
 ParOldGen       total 197120K, used 176174K [0x00000000c0000000, 0x00000000cc080000, 0x00000000eab00000)
  object space 197120K, 89% used [0x00000000c0000000,0x00000000cac0bbb0,0x00000000cc080000)
 Metaspace       used 91925K, committed 93376K, reserved 1179648K
  class space    used 8861K, committed 9536K, reserved 1048576K
}
Event: 7955.685 GC heap after
{Heap after GC invocations=8628 (full 234):
 PSYoungGen      total 4096K, used 640K [0x00000000eab00000, 0x00000000eb080000, 0x0000000100000000)
  eden space 3072K, 0% used [0x00000000eab00000,0x00000000eab00000,0x00000000eae00000)
  from space 1024K, 62% used [0x00000000eae00000,0x00000000eaea0000,0x00000000eaf00000)
  to   space 1024K, 0% used [0x00000000eaf80000,0x00000000eaf80000,0x00000000eb080000)
 ParOldGen       total 197120K, used 176699K [0x00000000c0000000, 0x00000000cc080000, 0x00000000eab00000)
  object space 197120K, 89% used [0x00000000c0000000,0x00000000cac8edd0,0x00000000cc080000)
 Metaspace       used 91925K, committed 93376K, reserved 1179648K
  class space    used 8861K, committed 9536K, reserved 1048576K
}
Event: 7955.688 GC heap before
{Heap before GC invocations=8629 (full 234):
 PSYoungGen      total 4096K, used 3712K [0x00000000eab00000, 0x00000000eb080000, 0x0000000100000000)
  eden space 3072K, 100% used [0x00000000eab00000,0x00000000eae00000,0x00000000eae00000)
  from space 1024K, 62% used [0x00000000eae00000,0x00000000eaea0000,0x00000000eaf00000)
  to   space 1024K, 0% used [0x00000000eaf80000,0x00000000eaf80000,0x00000000eb080000)
 ParOldGen       total 197120K, used 176699K [0x00000000c0000000, 0x00000000cc080000, 0x00000000eab00000)
  object space 197120K, 89% used [0x00000000c0000000,0x00000000cac8edd0,0x00000000cc080000)
 Metaspace       used 91925K, committed 93376K, reserved 1179648K
  class space    used 8861K, committed 9536K, reserved 1048576K
}
Event: 7955.688 GC heap after
{Heap after GC invocations=8629 (full 234):
 PSYoungGen      total 4096K, used 768K [0x00000000eab00000, 0x00000000eb080000, 0x0000000100000000)
  eden space 3072K, 0% used [0x00000000eab00000,0x00000000eab00000,0x00000000eae00000)
  from space 1024K, 75% used [0x00000000eaf80000,0x00000000eb040000,0x00000000eb080000)
  to   space 1024K, 0% used [0x00000000eae00000,0x00000000eae00000,0x00000000eaf00000)
 ParOldGen       total 197120K, used 177231K [0x00000000c0000000, 0x00000000cc080000, 0x00000000eab00000)
  object space 197120K, 89% used [0x00000000c0000000,0x00000000cad13ff0,0x00000000cc080000)
 Metaspace       used 91925K, committed 93376K, reserved 1179648K
  class space    used 8861K, committed 9536K, reserved 1048576K
}

