# JRE version: OpenJDK Runtime Environment Temurin-17.0.11+9 (17.0.11+9) (build 17.0.11+9)
# Java VM: OpenJDK 64-Bit Server VM Temurin-17.0.11+9 (17.0.11+9, mixed mode, tiered, compressed oops, compressed class ptrs, parallel gc, windows-amd64)
GC Precious Log:
 CPUs: 12 total, 12 available
 Memory: 16225M
 Large Page Support: Disabled
 NUMA Support: Disabled
 Compressed Oops: Enabled (32-bit)
 Alignments: Space 512K, Generation 512K, Heap 2M
 Heap Min Capacity: 100M
 Heap Initial Capacity: 100M
 Heap Max Capacity: 2G
 Pre-touch: Disabled
 Parallel Workers: 10
Heap:
 PSYoungGen      total 3584K, used 736K [0x00000000d5580000, 0x00000000d5a80000, 0x0000000100000000)
  eden space 2560K, 0% used [0x00000000d5580000,0x00000000d5580000,0x00000000d5800000)
  from space 1024K, 71% used [0x00000000d5980000,0x00000000d5a38000,0x00000000d5a80000)
  to   space 1024K, 0% used [0x00000000d5800000,0x00000000d5800000,0x00000000d5900000)
 ParOldGen       total 274944K, used 274519K [0x0000000080000000, 0x0000000090c80000, 0x00000000d5580000)
  object space 274944K, 99% used [0x0000000080000000,0x0000000090c15e10,0x0000000090c80000)
 Metaspace       used 81776K, committed 83200K, reserved 1179648K
  class space    used 8216K, committed 8896K, reserved 1048576K
GC Heap History (20 events):
Event: 3987.611 GC heap after
{Heap after GC invocations=450 (full 18):
 PSYoungGen      total 4608K, used 1420K [0x00000000d5580000, 0x00000000d5c00000, 0x0000000100000000)
  eden space 2560K, 0% used [0x00000000d5580000,0x00000000d5580000,0x00000000d5800000)
  from space 2048K, 69% used [0x00000000d5800000,0x00000000d5963008,0x00000000d5a00000)
  to   space 2048K, 0% used [0x00000000d5a00000,0x00000000d5a00000,0x00000000d5c00000)
 ParOldGen       total 274944K, used 270718K [0x0000000080000000, 0x0000000090c80000, 0x00000000d5580000)
  object space 274944K, 98% used [0x0000000080000000,0x000000009085fb90,0x0000000090c80000)
 Metaspace       used 81775K, committed 83200K, reserved 1179648K
  class space    used 8216K, committed 8896K, reserved 1048576K
}
Event: 3987.615 GC heap before
{Heap before GC invocations=451 (full 18):
 PSYoungGen      total 4608K, used 3980K [0x00000000d5580000, 0x00000000d5c00000, 0x0000000100000000)
  eden space 2560K, 100% used [0x00000000d5580000,0x00000000d5800000,0x00000000d5800000)
  from space 2048K, 69% used [0x00000000d5800000,0x00000000d5963008,0x00000000d5a00000)
  to   space 2048K, 0% used [0x00000000d5a00000,0x00000000d5a00000,0x00000000d5c00000)
 ParOldGen       total 274944K, used 270718K [0x0000000080000000, 0x0000000090c80000, 0x00000000d5580000)
  object space 274944K, 98% used [0x0000000080000000,0x000000009085fb90,0x0000000090c80000)
 Metaspace       used 81775K, committed 83200K, reserved 1179648K
  class space    used 8216K, committed 8896K, reserved 1048576K
}
Event: 3987.616 GC heap after
{Heap after GC invocations=451 (full 18):
 PSYoungGen      total 4096K, used 1036K [0x00000000d5580000, 0x00000000d5b80000, 0x0000000100000000)
  eden space 2560K, 0% used [0x00000000d5580000,0x00000000d5580000,0x00000000d5800000)
  from space 1536K, 67% used [0x00000000d5a00000,0x00000000d5b03008,0x00000000d5b80000)
  to   space 1536K, 0% used [0x00000000d5880000,0x00000000d5880000,0x00000000d5a00000)
 ParOldGen       total 274944K, used 271558K [0x0000000080000000, 0x0000000090c80000, 0x00000000d5580000)
  object space 274944K, 98% used [0x0000000080000000,0x0000000090931b90,0x0000000090c80000)
 Metaspace       used 81775K, committed 83200K, reserved 1179648K
  class space    used 8216K, committed 8896K, reserved 1048576K
}
Event: 3987.621 GC heap before
{Heap before GC invocations=452 (full 18):
 PSYoungGen      total 4096K, used 3596K [0x00000000d5580000, 0x00000000d5b80000, 0x0000000100000000)
  eden space 2560K, 100% used [0x00000000d5580000,0x00000000d5800000,0x00000000d5800000)
  from space 1536K, 67% used [0x00000000d5a00000,0x00000000d5b03008,0x00000000d5b80000)
  to   space 1536K, 0% used [0x00000000d5880000,0x00000000d5880000,0x00000000d5a00000)
 ParOldGen       total 274944K, used 271558K [0x0000000080000000, 0x0000000090c80000, 0x00000000d5580000)
  object space 274944K, 98% used [0x0000000080000000,0x0000000090931b90,0x0000000090c80000)
 Metaspace       used 81775K, committed 83200K, reserved 1179648K
  class space    used 8216K, committed 8896K, reserved 1048576K
}
Event: 3987.622 GC heap after
{Heap after GC invocations=452 (full 18):
 PSYoungGen      total 3072K, used 416K [0x00000000d5580000, 0x00000000d5a80000, 0x0000000100000000)
  eden space 2560K, 0% used [0x00000000d5580000,0x00000000d5580000,0x00000000d5800000)
  from space 512K, 81% used [0x00000000d5880000,0x00000000d58e8000,0x00000000d5900000)
  to   space 1024K, 0% used [0x00000000d5980000,0x00000000d5980000,0x00000000d5a80000)
 ParOldGen       total 274944K, used 272450K [0x0000000080000000, 0x0000000090c80000, 0x00000000d5580000)
  object space 274944K, 99% used [0x0000000080000000,0x0000000090a10b98,0x0000000090c80000)
 Metaspace       used 81775K, committed 83200K, reserved 1179648K
  class space    used 8216K, committed 8896K, reserved 1048576K
}
Event: 3987.723 GC heap before
{Heap before GC invocations=453 (full 18):
 PSYoungGen      total 3072K, used 2976K [0x00000000d5580000, 0x00000000d5a80000, 0x0000000100000000)
  eden space 2560K, 100% used [0x00000000d5580000,0x00000000d5800000,0x00000000d5800000)
  from space 512K, 81% used [0x00000000d5880000,0x00000000d58e8000,0x00000000d5900000)
  to   space 1024K, 0% used [0x00000000d5980000,0x00000000d5980000,0x00000000d5a80000)
 ParOldGen       total 274944K, used 272450K [0x0000000080000000, 0x0000000090c80000, 0x00000000d5580000)
  object space 274944K, 99% used [0x0000000080000000,0x0000000090a10b98,0x0000000090c80000)
 Metaspace       used 81775K, committed 83200K, reserved 1179648K
  class space    used 8216K, committed 8896K, reserved 1048576K
}
Event: 3987.724 GC heap after
{Heap after GC invocations=453 (full 18):
 PSYoungGen      total 3072K, used 344K [0x00000000d5580000, 0x00000000d5a00000, 0x0000000100000000)
  eden space 2560K, 0% used [0x00000000d5580000,0x00000000d5580000,0x00000000d5800000)
  from space 512K, 67% used [0x00000000d5980000,0x00000000d59d6330,0x00000000d5a00000)
  to   space 512K, 0% used [0x00000000d5880000,0x00000000d5880000,0x00000000d5900000)
 ParOldGen       total 274944K, used 272730K [0x0000000080000000, 0x0000000090c80000, 0x00000000d5580000)
  object space 274944K, 99% used [0x0000000080000000,0x0000000090a56b98,0x0000000090c80000)
 Metaspace       used 81775K, committed 83200K, reserved 1179648K
  class space    used 8216K, committed 8896K, reserved 1048576K
}
Event: 3987.729 GC heap before
{Heap before GC invocations=454 (full 18):
 PSYoungGen      total 3072K, used 2904K [0x00000000d5580000, 0x00000000d5a00000, 0x0000000100000000)
  eden space 2560K, 100% used [0x00000000d5580000,0x00000000d5800000,0x00000000d5800000)
  from space 512K, 67% used [0x00000000d5980000,0x00000000d59d6330,0x00000000d5a00000)
  to   space 512K, 0% used [0x00000000d5880000,0x00000000d5880000,0x00000000d5900000)
 ParOldGen       total 274944K, used 272730K [0x0000000080000000, 0x0000000090c80000, 0x00000000d5580000)
  object space 274944K, 99% used [0x0000000080000000,0x0000000090a56b98,0x0000000090c80000)
 Metaspace       used 81775K, committed 83200K, reserved 1179648K
  class space    used 8216K, committed 8896K, reserved 1048576K
}
Event: 3987.730 GC heap after
{Heap after GC invocations=454 (full 18):
 PSYoungGen      total 3072K, used 504K [0x00000000d5580000, 0x00000000d5a00000, 0x0000000100000000)
  eden space 2560K, 0% used [0x00000000d5580000,0x00000000d5580000,0x00000000d5800000)
  from space 512K, 98% used [0x00000000d5880000,0x00000000d58fe330,0x00000000d5900000)
  to   space 1024K, 0% used [0x00000000d5900000,0x00000000d5900000,0x00000000d5a00000)
 ParOldGen       total 274944K, used 272850K [0x0000000080000000, 0x0000000090c80000, 0x00000000d5580000)
  object space 274944K, 99% used [0x0000000080000000,0x0000000090a74b98,0x0000000090c80000)
 Metaspace       used 81775K, committed 83200K, reserved 1179648K
  class space    used 8216K, committed 8896K, reserved 1048576K
}
Event: 3987.747 GC heap before
{Heap before GC invocations=455 (full 18):
 PSYoungGen      total 3072K, used 3049K [0x00000000d5580000, 0x00000000d5a00000, 0x0000000100000000)
  eden space 2560K, 99% used [0x00000000d5580000,0x00000000d57fc250,0x00000000d5800000)
  from space 512K, 98% used [0x00000000d5880000,0x00000000d58fe330,0x00000000d5900000)
  to   space 1024K, 0% used [0x00000000d5900000,0x00000000d5900000,0x00000000d5a00000)
 ParOldGen       total 274944K, used 272850K [0x0000000080000000, 0x0000000090c80000, 0x00000000d5580000)
  object space 274944K, 99% used [0x0000000080000000,0x0000000090a74b98,0x0000000090c80000)
 Metaspace       used 81775K, committed 83200K, reserved 1179648K
  class space    used 8216K, committed 8896K, reserved 1048576K
}
Event: 3987.747 GC heap after
{Heap after GC invocations=455 (full 18):
 PSYoungGen      total 3584K, used 480K [0x00000000d5580000, 0x00000000d5a00000, 0x0000000100000000)
  eden space 2560K, 0% used [0x00000000d5580000,0x00000000d5580000,0x00000000d5800000)
  from space 1024K, 46% used [0x00000000d5900000,0x00000000d5978000,0x00000000d5a00000)
  to   space 1024K, 0% used [0x00000000d5800000,0x00000000d5800000,0x00000000d5900000)
 ParOldGen       total 274944K, used 273329K [0x0000000080000000, 0x0000000090c80000, 0x00000000d5580000)
  object space 274944K, 99% used [0x0000000080000000,0x0000000090aec608,0x0000000090c80000)
 Metaspace       used 81775K, committed 83200K, reserved 1179648K
  class space    used 8216K, committed 8896K, reserved 1048576K
}
Event: 3987.751 GC heap before
{Heap before GC invocations=456 (full 18):
 PSYoungGen      total 3584K, used 3040K [0x00000000d5580000, 0x00000000d5a00000, 0x0000000100000000)
  eden space 2560K, 100% used [0x00000000d5580000,0x00000000d5800000,0x00000000d5800000)
  from space 1024K, 46% used [0x00000000d5900000,0x00000000d5978000,0x00000000d5a00000)
  to   space 1024K, 0% used [0x00000000d5800000,0x00000000d5800000,0x00000000d5900000)
 ParOldGen       total 274944K, used 273329K [0x0000000080000000, 0x0000000090c80000, 0x00000000d5580000)
  object space 274944K, 99% used [0x0000000080000000,0x0000000090aec608,0x0000000090c80000)
 Metaspace       used 81776K, committed 83200K, reserved 1179648K
  class space    used 8216K, committed 8896K, reserved 1048576K
}
Event: 3987.752 GC heap after
{Heap after GC invocations=456 (full 18):
 PSYoungGen      total 3584K, used 891K [0x00000000d5580000, 0x00000000d5a00000, 0x0000000100000000)
  eden space 2560K, 0% used [0x00000000d5580000,0x00000000d5580000,0x00000000d5800000)
  from space 1024K, 87% used [0x00000000d5800000,0x00000000d58dec08,0x00000000d5900000)
  to   space 1024K, 0% used [0x00000000d5900000,0x00000000d5900000,0x00000000d5a00000)
 ParOldGen       total 274944K, used 273329K [0x0000000080000000, 0x0000000090c80000, 0x00000000d5580000)
  object space 274944K, 99% used [0x0000000080000000,0x0000000090aec608,0x0000000090c80000)
 Metaspace       used 81776K, committed 83200K, reserved 1179648K
  class space    used 8216K, committed 8896K, reserved 1048576K
}
Event: 3987.763 GC heap before
{Heap before GC invocations=457 (full 18):
 PSYoungGen      total 3584K, used 3451K [0x00000000d5580000, 0x00000000d5a00000, 0x0000000100000000)
  eden space 2560K, 100% used [0x00000000d5580000,0x00000000d5800000,0x00000000d5800000)
  from space 1024K, 87% used [0x00000000d5800000,0x00000000d58dec08,0x00000000d5900000)
  to   space 1024K, 0% used [0x00000000d5900000,0x00000000d5900000,0x00000000d5a00000)
 ParOldGen       total 274944K, used 273329K [0x0000000080000000, 0x0000000090c80000, 0x00000000d5580000)
  object space 274944K, 99% used [0x0000000080000000,0x0000000090aec608,0x0000000090c80000)
 Metaspace       used 81776K, committed 83200K, reserved 1179648K
  class space    used 8216K, committed 8896K, reserved 1048576K
}
Event: 3987.764 GC heap after
{Heap after GC invocations=457 (full 18):
 PSYoungGen      total 3584K, used 918K [0x00000000d5580000, 0x00000000d5a00000, 0x0000000100000000)
  eden space 2560K, 0% used [0x00000000d5580000,0x00000000d5580000,0x00000000d5800000)
  from space 1024K, 89% used [0x00000000d5900000,0x00000000d59e5808,0x00000000d5a00000)
  to   space 1024K, 0% used [0x00000000d5800000,0x00000000d5800000,0x00000000d5900000)
 ParOldGen       total 274944K, used 273673K [0x0000000080000000, 0x0000000090c80000, 0x00000000d5580000)
  object space 274944K, 99% used [0x0000000080000000,0x0000000090b42608,0x0000000090c80000)
 Metaspace       used 81776K, committed 83200K, reserved 1179648K
  class space    used 8216K, committed 8896K, reserved 1048576K
}
Event: 3987.771 GC heap before
{Heap before GC invocations=458 (full 18):
 PSYoungGen      total 3584K, used 3478K [0x00000000d5580000, 0x00000000d5a00000, 0x0000000100000000)
  eden space 2560K, 100% used [0x00000000d5580000,0x00000000d5800000,0x00000000d5800000)
  from space 1024K, 89% used [0x00000000d5900000,0x00000000d59e5808,0x00000000d5a00000)
  to   space 1024K, 0% used [0x00000000d5800000,0x00000000d5800000,0x00000000d5900000)
 ParOldGen       total 274944K, used 273673K [0x0000000080000000, 0x0000000090c80000, 0x00000000d5580000)
  object space 274944K, 99% used [0x0000000080000000,0x0000000090b42608,0x0000000090c80000)
 Metaspace       used 81776K, committed 83200K, reserved 1179648K
  class space    used 8216K, committed 8896K, reserved 1048576K
}
Event: 3987.772 GC heap after
{Heap after GC invocations=458 (full 18):
 PSYoungGen      total 3584K, used 1014K [0x00000000d5580000, 0x00000000d5b00000, 0x0000000100000000)
  eden space 2560K, 0% used [0x00000000d5580000,0x00000000d5580000,0x00000000d5800000)
  from space 1024K, 99% used [0x00000000d5800000,0x00000000d58fd808,0x00000000d5900000)
  to   space 1536K, 0% used [0x00000000d5980000,0x00000000d5980000,0x00000000d5b00000)
 ParOldGen       total 274944K, used 273905K [0x0000000080000000, 0x0000000090c80000, 0x00000000d5580000)
  object space 274944K, 99% used [0x0000000080000000,0x0000000090b7c608,0x0000000090c80000)
 Metaspace       used 81776K, committed 83200K, reserved 1179648K
  class space    used 8216K, committed 8896K, reserved 1048576K
}
Event: 3987.775 GC heap before
{Heap before GC invocations=459 (full 18):
 PSYoungGen      total 3584K, used 3574K [0x00000000d5580000, 0x00000000d5b00000, 0x0000000100000000)
  eden space 2560K, 100% used [0x00000000d5580000,0x00000000d5800000,0x00000000d5800000)
  from space 1024K, 99% used [0x00000000d5800000,0x00000000d58fd808,0x00000000d5900000)
  to   space 1536K, 0% used [0x00000000d5980000,0x00000000d5980000,0x00000000d5b00000)
 ParOldGen       total 274944K, used 273905K [0x0000000080000000, 0x0000000090c80000, 0x00000000d5580000)
  object space 274944K, 99% used [0x0000000080000000,0x0000000090b7c608,0x0000000090c80000)
 Metaspace       used 81776K, committed 83200K, reserved 1179648K
  class space    used 8216K, committed 8896K, reserved 1048576K
}
Event: 3987.777 GC heap after
{Heap after GC invocations=459 (full 18):
 PSYoungGen      total 3584K, used 736K [0x00000000d5580000, 0x00000000d5a80000, 0x0000000100000000)
  eden space 2560K, 0% used [0x00000000d5580000,0x00000000d5580000,0x00000000d5800000)
  from space 1024K, 71% used [0x00000000d5980000,0x00000000d5a38000,0x00000000d5a80000)
  to   space 1024K, 0% used [0x00000000d5800000,0x00000000d5800000,0x00000000d5900000)
 ParOldGen       total 274944K, used 274519K [0x0000000080000000, 0x0000000090c80000, 0x00000000d5580000)
  object space 274944K, 99% used [0x0000000080000000,0x0000000090c15e10,0x0000000090c80000)
 Metaspace       used 81776K, committed 83200K, reserved 1179648K
  class space    used 8216K, committed 8896K, reserved 1048576K
}
Event: 3987.777 GC heap before
{Heap before GC invocations=460 (full 19):
 PSYoungGen      total 3584K, used 736K [0x00000000d5580000, 0x00000000d5a80000, 0x0000000100000000)
  eden space 2560K, 0% used [0x00000000d5580000,0x00000000d5580000,0x00000000d5800000)
  from space 1024K, 71% used [0x00000000d5980000,0x00000000d5a38000,0x00000000d5a80000)
  to   space 1024K, 0% used [0x00000000d5800000,0x00000000d5800000,0x00000000d5900000)
 ParOldGen       total 274944K, used 274519K [0x0000000080000000, 0x0000000090c80000, 0x00000000d5580000)
  object space 274944K, 99% used [0x0000000080000000,0x0000000090c15e10,0x0000000090c80000)
 Metaspace       used 81776K, committed 83200K, reserved 1179648K
  class space    used 8216K, committed 8896K, reserved 1048576K
}

