# JRE version: OpenJDK Runtime Environment Temurin-17.0.10+7 (17.0.10+7) (build 17.0.10+7)
# Java VM: OpenJDK 64-Bit Server VM Temurin-17.0.10+7 (17.0.10+7, mixed mode, tiered, compressed oops, compressed class ptrs, parallel gc, windows-amd64)
GC Precious Log:
 CPUs: 4 total, 4 available
 Memory: 7167M
 Large Page Support: Disabled
 NUMA Support: Disabled
 Compressed Oops: Enabled (32-bit)
 Alignments: Space 512K, Generation 512K, Heap 2M
 Heap Min Capacity: 100M
 Heap Initial Capacity: 100M
 Heap Max Capacity: 1G
 Pre-touch: Disabled
 Parallel Workers: 4
Heap:
 PSYoungGen      total 7168K, used 1108K [0x00000000eab00000, 0x00000000eb700000, 0x0000000100000000)
  eden space 5632K, 0% used [0x00000000eab00000,0x00000000eab00000,0x00000000eb080000)
  from space 1536K, 72% used [0x00000000eb080000,0x00000000eb195200,0x00000000eb200000)
  to   space 2560K, 0% used [0x00000000eb480000,0x00000000eb480000,0x00000000eb700000)
 ParOldGen       total 194560K, used 194371K [0x00000000c0000000, 0x00000000cbe00000, 0x00000000eab00000)
  object space 194560K, 99% used [0x00000000c0000000,0x00000000cbdd0fb8,0x00000000cbe00000)
 Metaspace       used 100436K, committed 101888K, reserved 1179648K
  class space    used 10189K, committed 10816K, reserved 1048576K
GC Heap History (20 events):
Event: 10250.697 GC heap after
{Heap after GC invocations=2047 (full 57):
 PSYoungGen      total 15872K, used 7687K [0x00000000eab00000, 0x00000000ec380000, 0x0000000100000000)
  eden space 7680K, 0% used [0x00000000eab00000,0x00000000eab00000,0x00000000eb280000)
  from space 8192K, 93% used [0x00000000eba80000,0x00000000ec201c98,0x00000000ec280000)
  to   space 8192K, 0% used [0x00000000eb280000,0x00000000eb280000,0x00000000eba80000)
 ParOldGen       total 194560K, used 177706K [0x00000000c0000000, 0x00000000cbe00000, 0x00000000eab00000)
  object space 194560K, 91% used [0x00000000c0000000,0x00000000cad8aac8,0x00000000cbe00000)
 Metaspace       used 100435K, committed 101888K, reserved 1179648K
  class space    used 10189K, committed 10816K, reserved 1048576K
}
Event: 10250.730 GC heap before
{Heap before GC invocations=2048 (full 57):
 PSYoungGen      total 15872K, used 15367K [0x00000000eab00000, 0x00000000ec380000, 0x0000000100000000)
  eden space 7680K, 100% used [0x00000000eab00000,0x00000000eb280000,0x00000000eb280000)
  from space 8192K, 93% used [0x00000000eba80000,0x00000000ec201c98,0x00000000ec280000)
  to   space 8192K, 0% used [0x00000000eb280000,0x00000000eb280000,0x00000000eba80000)
 ParOldGen       total 194560K, used 177706K [0x00000000c0000000, 0x00000000cbe00000, 0x00000000eab00000)
  object space 194560K, 91% used [0x00000000c0000000,0x00000000cad8aac8,0x00000000cbe00000)
 Metaspace       used 100435K, committed 101888K, reserved 1179648K
  class space    used 10189K, committed 10816K, reserved 1048576K
}
Event: 10250.741 GC heap after
{Heap after GC invocations=2048 (full 57):
 PSYoungGen      total 15872K, used 8172K [0x00000000eab00000, 0x00000000ec480000, 0x0000000100000000)
  eden space 7680K, 0% used [0x00000000eab00000,0x00000000eab00000,0x00000000eb280000)
  from space 8192K, 99% used [0x00000000eb280000,0x00000000eba7b398,0x00000000eba80000)
  to   space 8704K, 0% used [0x00000000ebc00000,0x00000000ebc00000,0x00000000ec480000)
 ParOldGen       total 194560K, used 178138K [0x00000000c0000000, 0x00000000cbe00000, 0x00000000eab00000)
  object space 194560K, 91% used [0x00000000c0000000,0x00000000cadf6ae8,0x00000000cbe00000)
 Metaspace       used 100435K, committed 101888K, reserved 1179648K
  class space    used 10189K, committed 10816K, reserved 1048576K
}
Event: 10250.773 GC heap before
{Heap before GC invocations=2049 (full 57):
 PSYoungGen      total 15872K, used 15852K [0x00000000eab00000, 0x00000000ec480000, 0x0000000100000000)
  eden space 7680K, 100% used [0x00000000eab00000,0x00000000eb280000,0x00000000eb280000)
  from space 8192K, 99% used [0x00000000eb280000,0x00000000eba7b398,0x00000000eba80000)
  to   space 8704K, 0% used [0x00000000ebc00000,0x00000000ebc00000,0x00000000ec480000)
 ParOldGen       total 194560K, used 178138K [0x00000000c0000000, 0x00000000cbe00000, 0x00000000eab00000)
  object space 194560K, 91% used [0x00000000c0000000,0x00000000cadf6ae8,0x00000000cbe00000)
 Metaspace       used 100435K, committed 101888K, reserved 1179648K
  class space    used 10189K, committed 10816K, reserved 1048576K
}
Event: 10250.793 GC heap after
{Heap after GC invocations=2049 (full 57):
 PSYoungGen      total 10752K, used 8691K [0x00000000eab00000, 0x00000000ed180000, 0x0000000100000000)
  eden space 2048K, 0% used [0x00000000eab00000,0x00000000eab00000,0x00000000ead00000)
  from space 8704K, 99% used [0x00000000ebc00000,0x00000000ec47cc70,0x00000000ec480000)
  to   space 15360K, 0% used [0x00000000ead00000,0x00000000ead00000,0x00000000ebc00000)
 ParOldGen       total 194560K, used 183586K [0x00000000c0000000, 0x00000000cbe00000, 0x00000000eab00000)
  object space 194560K, 94% used [0x00000000c0000000,0x00000000cb3488d0,0x00000000cbe00000)
 Metaspace       used 100435K, committed 101888K, reserved 1179648K
  class space    used 10189K, committed 10816K, reserved 1048576K
}
Event: 10250.803 GC heap before
{Heap before GC invocations=2050 (full 57):
 PSYoungGen      total 10752K, used 10739K [0x00000000eab00000, 0x00000000ed180000, 0x0000000100000000)
  eden space 2048K, 100% used [0x00000000eab00000,0x00000000ead00000,0x00000000ead00000)
  from space 8704K, 99% used [0x00000000ebc00000,0x00000000ec47cc70,0x00000000ec480000)
  to   space 15360K, 0% used [0x00000000ead00000,0x00000000ead00000,0x00000000ebc00000)
 ParOldGen       total 194560K, used 183586K [0x00000000c0000000, 0x00000000cbe00000, 0x00000000eab00000)
  object space 194560K, 94% used [0x00000000c0000000,0x00000000cb3488d0,0x00000000cbe00000)
 Metaspace       used 100435K, committed 101888K, reserved 1179648K
  class space    used 10189K, committed 10816K, reserved 1048576K
}
Event: 10250.816 GC heap after
{Heap after GC invocations=2050 (full 57):
 PSYoungGen      total 12800K, used 10739K [0x00000000eab00000, 0x00000000ec580000, 0x0000000100000000)
  eden space 2048K, 0% used [0x00000000eab00000,0x00000000eab00000,0x00000000ead00000)
  from space 10752K, 99% used [0x00000000ead00000,0x00000000eb77cc90,0x00000000eb780000)
  to   space 12288K, 0% used [0x00000000eb980000,0x00000000eb980000,0x00000000ec580000)
 ParOldGen       total 194560K, used 183610K [0x00000000c0000000, 0x00000000cbe00000, 0x00000000eab00000)
  object space 194560K, 94% used [0x00000000c0000000,0x00000000cb34e8d0,0x00000000cbe00000)
 Metaspace       used 100435K, committed 101888K, reserved 1179648K
  class space    used 10189K, committed 10816K, reserved 1048576K
}
Event: 10250.823 GC heap before
{Heap before GC invocations=2051 (full 57):
 PSYoungGen      total 12800K, used 12787K [0x00000000eab00000, 0x00000000ec580000, 0x0000000100000000)
  eden space 2048K, 100% used [0x00000000eab00000,0x00000000ead00000,0x00000000ead00000)
  from space 10752K, 99% used [0x00000000ead00000,0x00000000eb77cc90,0x00000000eb780000)
  to   space 12288K, 0% used [0x00000000eb980000,0x00000000eb980000,0x00000000ec580000)
 ParOldGen       total 194560K, used 183610K [0x00000000c0000000, 0x00000000cbe00000, 0x00000000eab00000)
  object space 194560K, 94% used [0x00000000c0000000,0x00000000cb34e8d0,0x00000000cbe00000)
 Metaspace       used 100436K, committed 101888K, reserved 1179648K
  class space    used 10189K, committed 10816K, reserved 1048576K
}
Event: 10250.836 GC heap after
{Heap after GC invocations=2051 (full 57):
 PSYoungGen      total 13824K, used 11107K [0x00000000eab00000, 0x00000000ec480000, 0x0000000100000000)
  eden space 2560K, 0% used [0x00000000eab00000,0x00000000eab00000,0x00000000ead80000)
  from space 11264K, 98% used [0x00000000eb980000,0x00000000ec458c80,0x00000000ec480000)
  to   space 11264K, 0% used [0x00000000eae80000,0x00000000eae80000,0x00000000eb980000)
 ParOldGen       total 194560K, used 183666K [0x00000000c0000000, 0x00000000cbe00000, 0x00000000eab00000)
  object space 194560K, 94% used [0x00000000c0000000,0x00000000cb35c8d0,0x00000000cbe00000)
 Metaspace       used 100436K, committed 101888K, reserved 1179648K
  class space    used 10189K, committed 10816K, reserved 1048576K
}
Event: 10250.843 GC heap before
{Heap before GC invocations=2052 (full 57):
 PSYoungGen      total 13824K, used 13667K [0x00000000eab00000, 0x00000000ec480000, 0x0000000100000000)
  eden space 2560K, 100% used [0x00000000eab00000,0x00000000ead80000,0x00000000ead80000)
  from space 11264K, 98% used [0x00000000eb980000,0x00000000ec458c80,0x00000000ec480000)
  to   space 11264K, 0% used [0x00000000eae80000,0x00000000eae80000,0x00000000eb980000)
 ParOldGen       total 194560K, used 183666K [0x00000000c0000000, 0x00000000cbe00000, 0x00000000eab00000)
  object space 194560K, 94% used [0x00000000c0000000,0x00000000cb35c8d0,0x00000000cbe00000)
 Metaspace       used 100436K, committed 101888K, reserved 1179648K
  class space    used 10189K, committed 10816K, reserved 1048576K
}
Event: 10250.856 GC heap after
{Heap after GC invocations=2052 (full 57):
 PSYoungGen      total 13312K, used 9923K [0x00000000eab00000, 0x00000000ec300000, 0x0000000100000000)
  eden space 3072K, 0% used [0x00000000eab00000,0x00000000eab00000,0x00000000eae00000)
  from space 10240K, 96% used [0x00000000eae80000,0x00000000eb830f58,0x00000000eb880000)
  to   space 10752K, 0% used [0x00000000eb880000,0x00000000eb880000,0x00000000ec300000)
 ParOldGen       total 194560K, used 185091K [0x00000000c0000000, 0x00000000cbe00000, 0x00000000eab00000)
  object space 194560K, 95% used [0x00000000c0000000,0x00000000cb4c0cc0,0x00000000cbe00000)
 Metaspace       used 100436K, committed 101888K, reserved 1179648K
  class space    used 10189K, committed 10816K, reserved 1048576K
}
Event: 10250.867 GC heap before
{Heap before GC invocations=2053 (full 57):
 PSYoungGen      total 13312K, used 12995K [0x00000000eab00000, 0x00000000ec300000, 0x0000000100000000)
  eden space 3072K, 100% used [0x00000000eab00000,0x00000000eae00000,0x00000000eae00000)
  from space 10240K, 96% used [0x00000000eae80000,0x00000000eb830f58,0x00000000eb880000)
  to   space 10752K, 0% used [0x00000000eb880000,0x00000000eb880000,0x00000000ec300000)
 ParOldGen       total 194560K, used 185091K [0x00000000c0000000, 0x00000000cbe00000, 0x00000000eab00000)
  object space 194560K, 95% used [0x00000000c0000000,0x00000000cb4c0cc0,0x00000000cbe00000)
 Metaspace       used 100436K, committed 101888K, reserved 1179648K
  class space    used 10189K, committed 10816K, reserved 1048576K
}
Event: 10250.880 GC heap after
{Heap after GC invocations=2053 (full 57):
 PSYoungGen      total 11776K, used 7465K [0x00000000eab00000, 0x00000000ec000000, 0x0000000100000000)
  eden space 4096K, 0% used [0x00000000eab00000,0x00000000eab00000,0x00000000eaf00000)
  from space 7680K, 97% used [0x00000000eb880000,0x00000000ebfca638,0x00000000ec000000)
  to   space 8704K, 0% used [0x00000000eaf00000,0x00000000eaf00000,0x00000000eb780000)
 ParOldGen       total 194560K, used 187908K [0x00000000c0000000, 0x00000000cbe00000, 0x00000000eab00000)
  object space 194560K, 96% used [0x00000000c0000000,0x00000000cb781350,0x00000000cbe00000)
 Metaspace       used 100436K, committed 101888K, reserved 1179648K
  class space    used 10189K, committed 10816K, reserved 1048576K
}
Event: 10250.894 GC heap before
{Heap before GC invocations=2054 (full 57):
 PSYoungGen      total 11776K, used 11561K [0x00000000eab00000, 0x00000000ec000000, 0x0000000100000000)
  eden space 4096K, 100% used [0x00000000eab00000,0x00000000eaf00000,0x00000000eaf00000)
  from space 7680K, 97% used [0x00000000eb880000,0x00000000ebfca638,0x00000000ec000000)
  to   space 8704K, 0% used [0x00000000eaf00000,0x00000000eaf00000,0x00000000eb780000)
 ParOldGen       total 194560K, used 187908K [0x00000000c0000000, 0x00000000cbe00000, 0x00000000eab00000)
  object space 194560K, 96% used [0x00000000c0000000,0x00000000cb781350,0x00000000cbe00000)
 Metaspace       used 100436K, committed 101888K, reserved 1179648K
  class space    used 10189K, committed 10816K, reserved 1048576K
}
Event: 10250.903 GC heap after
{Heap after GC invocations=2054 (full 57):
 PSYoungGen      total 9728K, used 5413K [0x00000000eab00000, 0x00000000ebd00000, 0x0000000100000000)
  eden space 4096K, 0% used [0x00000000eab00000,0x00000000eab00000,0x00000000eaf00000)
  from space 5632K, 96% used [0x00000000eaf00000,0x00000000eb449448,0x00000000eb480000)
  to   space 6656K, 0% used [0x00000000eb680000,0x00000000eb680000,0x00000000ebd00000)
 ParOldGen       total 194560K, used 189127K [0x00000000c0000000, 0x00000000cbe00000, 0x00000000eab00000)
  object space 194560K, 97% used [0x00000000c0000000,0x00000000cb8b1f20,0x00000000cbe00000)
 Metaspace       used 100436K, committed 101888K, reserved 1179648K
  class space    used 10189K, committed 10816K, reserved 1048576K
}
Event: 10250.915 GC heap before
{Heap before GC invocations=2055 (full 57):
 PSYoungGen      total 9728K, used 9509K [0x00000000eab00000, 0x00000000ebd00000, 0x0000000100000000)
  eden space 4096K, 100% used [0x00000000eab00000,0x00000000eaf00000,0x00000000eaf00000)
  from space 5632K, 96% used [0x00000000eaf00000,0x00000000eb449448,0x00000000eb480000)
  to   space 6656K, 0% used [0x00000000eb680000,0x00000000eb680000,0x00000000ebd00000)
 ParOldGen       total 194560K, used 189127K [0x00000000c0000000, 0x00000000cbe00000, 0x00000000eab00000)
  object space 194560K, 97% used [0x00000000c0000000,0x00000000cb8b1f20,0x00000000cbe00000)
 Metaspace       used 100436K, committed 101888K, reserved 1179648K
  class space    used 10189K, committed 10816K, reserved 1048576K
}
Event: 10250.923 GC heap after
{Heap after GC invocations=2055 (full 57):
 PSYoungGen      total 9216K, used 3958K [0x00000000eab00000, 0x00000000eba80000, 0x0000000100000000)
  eden space 5120K, 0% used [0x00000000eab00000,0x00000000eab00000,0x00000000eb000000)
  from space 4096K, 96% used [0x00000000eb680000,0x00000000eba5d928,0x00000000eba80000)
  to   space 5120K, 0% used [0x00000000eb080000,0x00000000eb080000,0x00000000eb580000)
 ParOldGen       total 194560K, used 191035K [0x00000000c0000000, 0x00000000cbe00000, 0x00000000eab00000)
  object space 194560K, 98% used [0x00000000c0000000,0x00000000cba8ef90,0x00000000cbe00000)
 Metaspace       used 100436K, committed 101888K, reserved 1179648K
  class space    used 10189K, committed 10816K, reserved 1048576K
}
Event: 10250.939 GC heap before
{Heap before GC invocations=2056 (full 57):
 PSYoungGen      total 9216K, used 9078K [0x00000000eab00000, 0x00000000eba80000, 0x0000000100000000)
  eden space 5120K, 100% used [0x00000000eab00000,0x00000000eb000000,0x00000000eb000000)
  from space 4096K, 96% used [0x00000000eb680000,0x00000000eba5d928,0x00000000eba80000)
  to   space 5120K, 0% used [0x00000000eb080000,0x00000000eb080000,0x00000000eb580000)
 ParOldGen       total 194560K, used 191035K [0x00000000c0000000, 0x00000000cbe00000, 0x00000000eab00000)
  object space 194560K, 98% used [0x00000000c0000000,0x00000000cba8ef90,0x00000000cbe00000)
 Metaspace       used 100436K, committed 101888K, reserved 1179648K
  class space    used 10189K, committed 10816K, reserved 1048576K
}
Event: 10250.947 GC heap after
{Heap after GC invocations=2056 (full 57):
 PSYoungGen      total 7168K, used 1108K [0x00000000eab00000, 0x00000000eb700000, 0x0000000100000000)
  eden space 5632K, 0% used [0x00000000eab00000,0x00000000eab00000,0x00000000eb080000)
  from space 1536K, 72% used [0x00000000eb080000,0x00000000eb195200,0x00000000eb200000)
  to   space 2560K, 0% used [0x00000000eb480000,0x00000000eb480000,0x00000000eb700000)
 ParOldGen       total 194560K, used 194371K [0x00000000c0000000, 0x00000000cbe00000, 0x00000000eab00000)
  object space 194560K, 99% used [0x00000000c0000000,0x00000000cbdd0fb8,0x00000000cbe00000)
 Metaspace       used 100436K, committed 101888K, reserved 1179648K
  class space    used 10189K, committed 10816K, reserved 1048576K
}
Event: 10250.947 GC heap before
{Heap before GC invocations=2057 (full 58):
 PSYoungGen      total 7168K, used 1108K [0x00000000eab00000, 0x00000000eb700000, 0x0000000100000000)
  eden space 5632K, 0% used [0x00000000eab00000,0x00000000eab00000,0x00000000eb080000)
  from space 1536K, 72% used [0x00000000eb080000,0x00000000eb195200,0x00000000eb200000)
  to   space 2560K, 0% used [0x00000000eb480000,0x00000000eb480000,0x00000000eb700000)
 ParOldGen       total 194560K, used 194371K [0x00000000c0000000, 0x00000000cbe00000, 0x00000000eab00000)
  object space 194560K, 99% used [0x00000000c0000000,0x00000000cbdd0fb8,0x00000000cbe00000)
 Metaspace       used 100436K, committed 101888K, reserved 1179648K
  class space    used 10189K, committed 10816K, reserved 1048576K
}

