# JRE version: OpenJDK Runtime Environment Temurin-17.0.10+7 (17.0.10+7) (build 17.0.10+7)
# Java VM: OpenJDK 64-Bit Server VM Temurin-17.0.10+7 (17.0.10+7, mixed mode, emulated-client, tiered, compressed oops, compressed class ptrs, g1 gc, windows-amd64)
GC Precious Log:
 CPUs: 12 total, 12 available
 Memory: 16225M
 Large Page Support: Disabled
 NUMA Support: Disabled
 Compressed Oops: Enabled (32-bit)
 Heap Region Size: 1M
 Heap Min Capacity: 8M
 Heap Initial Capacity: 254M
 Heap Max Capacity: 1G
 Pre-touch: Disabled
 Parallel Workers: 10
 Concurrent Workers: 3
 Concurrent Refinement Workers: 10
 Periodic GC: Disabled
Heap:
 garbage-first heap   total 133120K, used 93289K [0x00000000c0000000, 0x0000000100000000)
  region size 1024K, 52 young (53248K), 0 survivors (0K)
 Metaspace       used 62117K, committed 62592K, reserved 1114112K
  class space    used 7901K, committed 8128K, reserved 1048576K
GC Heap History (20 events):
Event: 2209.985 GC heap after
{Heap after GC invocations=175 (full 112):
 garbage-first heap   total 133120K, used 39917K [0x00000000c0000000, 0x0000000100000000)
  region size 1024K, 0 young (0K), 0 survivors (0K)
 Metaspace       used 62031K, committed 62592K, reserved 1114112K
  class space    used 7887K, committed 8128K, reserved 1048576K
}
Event: 2220.051 GC heap before
{Heap before GC invocations=175 (full 112):
 garbage-first heap   total 133120K, used 39917K [0x00000000c0000000, 0x0000000100000000)
  region size 1024K, 1 young (1024K), 0 survivors (0K)
 Metaspace       used 62031K, committed 62592K, reserved 1114112K
  class space    used 7887K, committed 8128K, reserved 1048576K
}
Event: 2220.067 GC heap after
{Heap after GC invocations=176 (full 113):
 garbage-first heap   total 133120K, used 39917K [0x00000000c0000000, 0x0000000100000000)
  region size 1024K, 0 young (0K), 0 survivors (0K)
 Metaspace       used 62031K, committed 62592K, reserved 1114112K
  class space    used 7887K, committed 8128K, reserved 1048576K
}
Event: 2230.131 GC heap before
{Heap before GC invocations=176 (full 113):
 garbage-first heap   total 133120K, used 39917K [0x00000000c0000000, 0x0000000100000000)
  region size 1024K, 1 young (1024K), 0 survivors (0K)
 Metaspace       used 62031K, committed 62592K, reserved 1114112K
  class space    used 7887K, committed 8128K, reserved 1048576K
}
Event: 2230.149 GC heap after
{Heap after GC invocations=177 (full 114):
 garbage-first heap   total 133120K, used 39917K [0x00000000c0000000, 0x0000000100000000)
  region size 1024K, 0 young (0K), 0 survivors (0K)
 Metaspace       used 62031K, committed 62592K, reserved 1114112K
  class space    used 7887K, committed 8128K, reserved 1048576K
}
Event: 2270.227 GC heap before
{Heap before GC invocations=177 (full 114):
 garbage-first heap   total 133120K, used 75757K [0x00000000c0000000, 0x0000000100000000)
  region size 1024K, 36 young (36864K), 0 survivors (0K)
 Metaspace       used 62031K, committed 62592K, reserved 1114112K
  class space    used 7887K, committed 8128K, reserved 1048576K
}
Event: 2270.245 GC heap after
{Heap after GC invocations=178 (full 115):
 garbage-first heap   total 133120K, used 39952K [0x00000000c0000000, 0x0000000100000000)
  region size 1024K, 0 young (0K), 0 survivors (0K)
 Metaspace       used 62031K, committed 62592K, reserved 1114112K
  class space    used 7887K, committed 8128K, reserved 1048576K
}
Event: 2280.309 GC heap before
{Heap before GC invocations=178 (full 115):
 garbage-first heap   total 133120K, used 39952K [0x00000000c0000000, 0x0000000100000000)
  region size 1024K, 1 young (1024K), 0 survivors (0K)
 Metaspace       used 62031K, committed 62592K, reserved 1114112K
  class space    used 7887K, committed 8128K, reserved 1048576K
}
Event: 2280.328 GC heap after
{Heap after GC invocations=179 (full 116):
 garbage-first heap   total 133120K, used 39952K [0x00000000c0000000, 0x0000000100000000)
  region size 1024K, 0 young (0K), 0 survivors (0K)
 Metaspace       used 62031K, committed 62592K, reserved 1114112K
  class space    used 7887K, committed 8128K, reserved 1048576K
}
Event: 2290.390 GC heap before
{Heap before GC invocations=179 (full 116):
 garbage-first heap   total 133120K, used 39952K [0x00000000c0000000, 0x0000000100000000)
  region size 1024K, 1 young (1024K), 0 survivors (0K)
 Metaspace       used 62031K, committed 62592K, reserved 1114112K
  class space    used 7887K, committed 8128K, reserved 1048576K
}
Event: 2290.407 GC heap after
{Heap after GC invocations=180 (full 117):
 garbage-first heap   total 133120K, used 39952K [0x00000000c0000000, 0x0000000100000000)
  region size 1024K, 0 young (0K), 0 survivors (0K)
 Metaspace       used 62031K, committed 62592K, reserved 1114112K
  class space    used 7887K, committed 8128K, reserved 1048576K
}
Event: 2300.457 GC heap before
{Heap before GC invocations=180 (full 117):
 garbage-first heap   total 133120K, used 39952K [0x00000000c0000000, 0x0000000100000000)
  region size 1024K, 1 young (1024K), 0 survivors (0K)
 Metaspace       used 62031K, committed 62592K, reserved 1114112K
  class space    used 7887K, committed 8128K, reserved 1048576K
}
Event: 2300.474 GC heap after
{Heap after GC invocations=181 (full 118):
 garbage-first heap   total 133120K, used 39952K [0x00000000c0000000, 0x0000000100000000)
  region size 1024K, 0 young (0K), 0 survivors (0K)
 Metaspace       used 62031K, committed 62592K, reserved 1114112K
  class space    used 7887K, committed 8128K, reserved 1048576K
}
Event: 2310.524 GC heap before
{Heap before GC invocations=181 (full 118):
 garbage-first heap   total 133120K, used 39952K [0x00000000c0000000, 0x0000000100000000)
  region size 1024K, 1 young (1024K), 0 survivors (0K)
 Metaspace       used 62031K, committed 62592K, reserved 1114112K
  class space    used 7887K, committed 8128K, reserved 1048576K
}
Event: 2310.541 GC heap after
{Heap after GC invocations=182 (full 119):
 garbage-first heap   total 133120K, used 39952K [0x00000000c0000000, 0x0000000100000000)
  region size 1024K, 0 young (0K), 0 survivors (0K)
 Metaspace       used 62031K, committed 62592K, reserved 1114112K
  class space    used 7887K, committed 8128K, reserved 1048576K
}
Event: 2360.636 GC heap before
{Heap before GC invocations=182 (full 119):
 garbage-first heap   total 133120K, used 51216K [0x00000000c0000000, 0x0000000100000000)
  region size 1024K, 12 young (12288K), 0 survivors (0K)
 Metaspace       used 62031K, committed 62592K, reserved 1114112K
  class space    used 7887K, committed 8128K, reserved 1048576K
}
Event: 2360.655 GC heap after
{Heap after GC invocations=183 (full 120):
 garbage-first heap   total 133120K, used 40525K [0x00000000c0000000, 0x0000000100000000)
  region size 1024K, 0 young (0K), 0 survivors (0K)
 Metaspace       used 62031K, committed 62592K, reserved 1114112K
  class space    used 7887K, committed 8128K, reserved 1048576K
}
Event: 2370.709 GC heap before
{Heap before GC invocations=183 (full 120):
 garbage-first heap   total 133120K, used 40525K [0x00000000c0000000, 0x0000000100000000)
  region size 1024K, 1 young (1024K), 0 survivors (0K)
 Metaspace       used 62031K, committed 62592K, reserved 1114112K
  class space    used 7887K, committed 8128K, reserved 1048576K
}
Event: 2370.727 GC heap after
{Heap after GC invocations=184 (full 121):
 garbage-first heap   total 133120K, used 40533K [0x00000000c0000000, 0x0000000100000000)
  region size 1024K, 0 young (0K), 0 survivors (0K)
 Metaspace       used 62031K, committed 62592K, reserved 1114112K
  class space    used 7887K, committed 8128K, reserved 1048576K
}
Event: 2470.830 GC heap before
{Heap before GC invocations=184 (full 121):
 garbage-first heap   total 133120K, used 92757K [0x00000000c0000000, 0x0000000100000000)
  region size 1024K, 52 young (53248K), 0 survivors (0K)
 Metaspace       used 62117K, committed 62592K, reserved 1114112K
  class space    used 7901K, committed 8128K, reserved 1048576K
}

