# JRE version: OpenJDK Runtime Environment Temurin-17.0.9+9 (17.0.9+9) (build 17.0.9+9)
# Java VM: OpenJDK 64-Bit Server VM Temurin-17.0.9+9 (17.0.9+9, mixed mode, sharing, tiered, compressed oops, compressed class ptrs, parallel gc, windows-amd64)
GC Precious Log:
 CPUs: 12 total, 12 available
 Memory: 16225M
 Large Page Support: Disabled
 NUMA Support: Disabled
 Compressed Oops: Enabled (32-bit)
 Alignments: Space 512K, Generation 512K, Heap 2M
 Heap Min Capacity: 100M
 Heap Initial Capacity: 100M
 Heap Max Capacity: 1G
 Pre-touch: Disabled
 Parallel Workers: 10
Heap:
 PSYoungGen      total 6656K, used 954K [0x00000000eab00000, 0x00000000eb380000, 0x0000000100000000)
  eden space 5120K, 0% used [0x00000000eab00000,0x00000000eab00000,0x00000000eb000000)
  from space 1536K, 62% used [0x00000000eb000000,0x00000000eb0ee900,0x00000000eb180000)
  to   space 1536K, 0% used [0x00000000eb200000,0x00000000eb200000,0x00000000eb380000)
 ParOldGen       total 194048K, used 193569K [0x00000000c0000000, 0x00000000cbd80000, 0x00000000eab00000)
  object space 194048K, 99% used [0x00000000c0000000,0x00000000cbd086b0,0x00000000cbd80000)
 Metaspace       used 87196K, committed 88640K, reserved 1179648K
  class space    used 8655K, committed 9280K, reserved 1048576K
GC Heap History (20 events):
Event: 5595.942 GC heap after
{Heap after GC invocations=1812 (full 57):
 PSYoungGen      total 3072K, used 672K [0x00000000eab00000, 0x00000000eb280000, 0x0000000100000000)
  eden space 2048K, 0% used [0x00000000eab00000,0x00000000eab00000,0x00000000ead00000)
  from space 1024K, 65% used [0x00000000eb180000,0x00000000eb228000,0x00000000eb280000)
  to   space 2048K, 0% used [0x00000000eae80000,0x00000000eae80000,0x00000000eb080000)
 ParOldGen       total 161792K, used 159826K [0x00000000c0000000, 0x00000000c9e00000, 0x00000000eab00000)
  object space 161792K, 98% used [0x00000000c0000000,0x00000000c9c14a18,0x00000000c9e00000)
 Metaspace       used 87160K, committed 88512K, reserved 1179648K
  class space    used 8655K, committed 9280K, reserved 1048576K
}
Event: 5595.967 GC heap before
{Heap before GC invocations=1813 (full 57):
 PSYoungGen      total 3072K, used 2720K [0x00000000eab00000, 0x00000000eb280000, 0x0000000100000000)
  eden space 2048K, 100% used [0x00000000eab00000,0x00000000ead00000,0x00000000ead00000)
  from space 1024K, 65% used [0x00000000eb180000,0x00000000eb228000,0x00000000eb280000)
  to   space 2048K, 0% used [0x00000000eae80000,0x00000000eae80000,0x00000000eb080000)
 ParOldGen       total 193536K, used 190546K [0x00000000c0000000, 0x00000000cbd00000, 0x00000000eab00000)
  object space 193536K, 98% used [0x00000000c0000000,0x00000000cba14a48,0x00000000cbd00000)
 Metaspace       used 87169K, committed 88576K, reserved 1179648K
  class space    used 8655K, committed 9280K, reserved 1048576K
}
Event: 5595.967 GC heap after
{Heap after GC invocations=1813 (full 57):
 PSYoungGen      total 4608K, used 768K [0x00000000eab00000, 0x00000000eb200000, 0x0000000100000000)
  eden space 2560K, 0% used [0x00000000eab00000,0x00000000eab00000,0x00000000ead80000)
  from space 2048K, 37% used [0x00000000eae80000,0x00000000eaf40000,0x00000000eb080000)
  to   space 1024K, 0% used [0x00000000eb100000,0x00000000eb100000,0x00000000eb200000)
 ParOldGen       total 193536K, used 190578K [0x00000000c0000000, 0x00000000cbd00000, 0x00000000eab00000)
  object space 193536K, 98% used [0x00000000c0000000,0x00000000cba1ca48,0x00000000cbd00000)
 Metaspace       used 87169K, committed 88576K, reserved 1179648K
  class space    used 8655K, committed 9280K, reserved 1048576K
}
Event: 5596.256 GC heap before
{Heap before GC invocations=1814 (full 57):
 PSYoungGen      total 4608K, used 3328K [0x00000000eab00000, 0x00000000eb200000, 0x0000000100000000)
  eden space 2560K, 100% used [0x00000000eab00000,0x00000000ead80000,0x00000000ead80000)
  from space 2048K, 37% used [0x00000000eae80000,0x00000000eaf40000,0x00000000eb080000)
  to   space 1024K, 0% used [0x00000000eb100000,0x00000000eb100000,0x00000000eb200000)
 ParOldGen       total 193536K, used 190578K [0x00000000c0000000, 0x00000000cbd00000, 0x00000000eab00000)
  object space 193536K, 98% used [0x00000000c0000000,0x00000000cba1ca48,0x00000000cbd00000)
 Metaspace       used 87170K, committed 88576K, reserved 1179648K
  class space    used 8655K, committed 9280K, reserved 1048576K
}
Event: 5596.257 GC heap after
{Heap after GC invocations=1814 (full 57):
 PSYoungGen      total 3584K, used 436K [0x00000000eab00000, 0x00000000eb180000, 0x0000000100000000)
  eden space 3072K, 0% used [0x00000000eab00000,0x00000000eab00000,0x00000000eae00000)
  from space 512K, 85% used [0x00000000eb100000,0x00000000eb16d200,0x00000000eb180000)
  to   space 1024K, 0% used [0x00000000eaf80000,0x00000000eaf80000,0x00000000eb080000)
 ParOldGen       total 193536K, used 191168K [0x00000000c0000000, 0x00000000cbd00000, 0x00000000eab00000)
  object space 193536K, 98% used [0x00000000c0000000,0x00000000cbab0020,0x00000000cbd00000)
 Metaspace       used 87170K, committed 88576K, reserved 1179648K
  class space    used 8655K, committed 9280K, reserved 1048576K
}
Event: 5596.262 GC heap before
{Heap before GC invocations=1815 (full 57):
 PSYoungGen      total 3584K, used 3508K [0x00000000eab00000, 0x00000000eb180000, 0x0000000100000000)
  eden space 3072K, 100% used [0x00000000eab00000,0x00000000eae00000,0x00000000eae00000)
  from space 512K, 85% used [0x00000000eb100000,0x00000000eb16d200,0x00000000eb180000)
  to   space 1024K, 0% used [0x00000000eaf80000,0x00000000eaf80000,0x00000000eb080000)
 ParOldGen       total 193536K, used 191168K [0x00000000c0000000, 0x00000000cbd00000, 0x00000000eab00000)
  object space 193536K, 98% used [0x00000000c0000000,0x00000000cbab0020,0x00000000cbd00000)
 Metaspace       used 87170K, committed 88576K, reserved 1179648K
  class space    used 8655K, committed 9280K, reserved 1048576K
}
Event: 5596.263 GC heap after
{Heap after GC invocations=1815 (full 57):
 PSYoungGen      total 5120K, used 900K [0x00000000eab00000, 0x00000000eb180000, 0x0000000100000000)
  eden space 4096K, 0% used [0x00000000eab00000,0x00000000eab00000,0x00000000eaf00000)
  from space 1024K, 87% used [0x00000000eaf80000,0x00000000eb061210,0x00000000eb080000)
  to   space 1024K, 0% used [0x00000000eb080000,0x00000000eb080000,0x00000000eb180000)
 ParOldGen       total 193536K, used 191224K [0x00000000c0000000, 0x00000000cbd00000, 0x00000000eab00000)
  object space 193536K, 98% used [0x00000000c0000000,0x00000000cbabe020,0x00000000cbd00000)
 Metaspace       used 87170K, committed 88576K, reserved 1179648K
  class space    used 8655K, committed 9280K, reserved 1048576K
}
Event: 5596.269 GC heap before
{Heap before GC invocations=1816 (full 57):
 PSYoungGen      total 5120K, used 4996K [0x00000000eab00000, 0x00000000eb180000, 0x0000000100000000)
  eden space 4096K, 100% used [0x00000000eab00000,0x00000000eaf00000,0x00000000eaf00000)
  from space 1024K, 87% used [0x00000000eaf80000,0x00000000eb061210,0x00000000eb080000)
  to   space 1024K, 0% used [0x00000000eb080000,0x00000000eb080000,0x00000000eb180000)
 ParOldGen       total 193536K, used 191224K [0x00000000c0000000, 0x00000000cbd00000, 0x00000000eab00000)
  object space 193536K, 98% used [0x00000000c0000000,0x00000000cbabe020,0x00000000cbd00000)
 Metaspace       used 87170K, committed 88576K, reserved 1179648K
  class space    used 8655K, committed 9280K, reserved 1048576K
}
Event: 5596.270 GC heap after
{Heap after GC invocations=1816 (full 57):
 PSYoungGen      total 5632K, used 784K [0x00000000eab00000, 0x00000000eb200000, 0x0000000100000000)
  eden space 4608K, 0% used [0x00000000eab00000,0x00000000eab00000,0x00000000eaf80000)
  from space 1024K, 76% used [0x00000000eb080000,0x00000000eb144010,0x00000000eb180000)
  to   space 1024K, 0% used [0x00000000eaf80000,0x00000000eaf80000,0x00000000eb080000)
 ParOldGen       total 193536K, used 191356K [0x00000000c0000000, 0x00000000cbd00000, 0x00000000eab00000)
  object space 193536K, 98% used [0x00000000c0000000,0x00000000cbadf220,0x00000000cbd00000)
 Metaspace       used 87170K, committed 88576K, reserved 1179648K
  class space    used 8655K, committed 9280K, reserved 1048576K
}
Event: 5596.274 GC heap before
{Heap before GC invocations=1817 (full 57):
 PSYoungGen      total 5632K, used 5392K [0x00000000eab00000, 0x00000000eb200000, 0x0000000100000000)
  eden space 4608K, 100% used [0x00000000eab00000,0x00000000eaf80000,0x00000000eaf80000)
  from space 1024K, 76% used [0x00000000eb080000,0x00000000eb144010,0x00000000eb180000)
  to   space 1024K, 0% used [0x00000000eaf80000,0x00000000eaf80000,0x00000000eb080000)
 ParOldGen       total 193536K, used 191356K [0x00000000c0000000, 0x00000000cbd00000, 0x00000000eab00000)
  object space 193536K, 98% used [0x00000000c0000000,0x00000000cbadf220,0x00000000cbd00000)
 Metaspace       used 87170K, committed 88576K, reserved 1179648K
  class space    used 8655K, committed 9280K, reserved 1048576K
}
Event: 5596.275 GC heap after
{Heap after GC invocations=1817 (full 57):
 PSYoungGen      total 5632K, used 192K [0x00000000eab00000, 0x00000000eb180000, 0x0000000100000000)
  eden space 4608K, 0% used [0x00000000eab00000,0x00000000eab00000,0x00000000eaf80000)
  from space 1024K, 18% used [0x00000000eaf80000,0x00000000eafb0000,0x00000000eb080000)
  to   space 512K, 0% used [0x00000000eb100000,0x00000000eb100000,0x00000000eb180000)
 ParOldGen       total 193536K, used 191996K [0x00000000c0000000, 0x00000000cbd00000, 0x00000000eab00000)
  object space 193536K, 99% used [0x00000000c0000000,0x00000000cbb7f240,0x00000000cbd00000)
 Metaspace       used 87170K, committed 88576K, reserved 1179648K
  class space    used 8655K, committed 9280K, reserved 1048576K
}
Event: 5895.778 GC heap before
{Heap before GC invocations=1818 (full 57):
 PSYoungGen      total 5632K, used 4800K [0x00000000eab00000, 0x00000000eb180000, 0x0000000100000000)
  eden space 4608K, 100% used [0x00000000eab00000,0x00000000eaf80000,0x00000000eaf80000)
  from space 1024K, 18% used [0x00000000eaf80000,0x00000000eafb0000,0x00000000eb080000)
  to   space 512K, 0% used [0x00000000eb100000,0x00000000eb100000,0x00000000eb180000)
 ParOldGen       total 193536K, used 191996K [0x00000000c0000000, 0x00000000cbd00000, 0x00000000eab00000)
  object space 193536K, 99% used [0x00000000c0000000,0x00000000cbb7f240,0x00000000cbd00000)
 Metaspace       used 87188K, committed 88640K, reserved 1179648K
  class space    used 8655K, committed 9280K, reserved 1048576K
}
Event: 5895.780 GC heap after
{Heap after GC invocations=1818 (full 57):
 PSYoungGen      total 5632K, used 288K [0x00000000eab00000, 0x00000000eb180000, 0x0000000100000000)
  eden space 5120K, 0% used [0x00000000eab00000,0x00000000eab00000,0x00000000eb000000)
  from space 512K, 56% used [0x00000000eb100000,0x00000000eb148000,0x00000000eb180000)
  to   space 512K, 0% used [0x00000000eb080000,0x00000000eb080000,0x00000000eb100000)
 ParOldGen       total 193536K, used 192084K [0x00000000c0000000, 0x00000000cbd00000, 0x00000000eab00000)
  object space 193536K, 99% used [0x00000000c0000000,0x00000000cbb95240,0x00000000cbd00000)
 Metaspace       used 87188K, committed 88640K, reserved 1179648K
  class space    used 8655K, committed 9280K, reserved 1048576K
}
Event: 6512.155 GC heap before
{Heap before GC invocations=1819 (full 57):
 PSYoungGen      total 5632K, used 5408K [0x00000000eab00000, 0x00000000eb180000, 0x0000000100000000)
  eden space 5120K, 100% used [0x00000000eab00000,0x00000000eb000000,0x00000000eb000000)
  from space 512K, 56% used [0x00000000eb100000,0x00000000eb148000,0x00000000eb180000)
  to   space 512K, 0% used [0x00000000eb080000,0x00000000eb080000,0x00000000eb100000)
 ParOldGen       total 193536K, used 192084K [0x00000000c0000000, 0x00000000cbd00000, 0x00000000eab00000)
  object space 193536K, 99% used [0x00000000c0000000,0x00000000cbb95240,0x00000000cbd00000)
 Metaspace       used 87190K, committed 88640K, reserved 1179648K
  class space    used 8655K, committed 9280K, reserved 1048576K
}
Event: 6512.157 GC heap after
{Heap after GC invocations=1819 (full 57):
 PSYoungGen      total 6144K, used 500K [0x00000000eab00000, 0x00000000eb280000, 0x0000000100000000)
  eden space 5632K, 0% used [0x00000000eab00000,0x00000000eab00000,0x00000000eb080000)
  from space 512K, 97% used [0x00000000eb080000,0x00000000eb0fd200,0x00000000eb100000)
  to   space 1024K, 0% used [0x00000000eb180000,0x00000000eb180000,0x00000000eb280000)
 ParOldGen       total 193536K, used 192228K [0x00000000c0000000, 0x00000000cbd00000, 0x00000000eab00000)
  object space 193536K, 99% used [0x00000000c0000000,0x00000000cbbb9240,0x00000000cbd00000)
 Metaspace       used 87190K, committed 88640K, reserved 1179648K
  class space    used 8655K, committed 9280K, reserved 1048576K
}
Event: 6512.571 GC heap before
{Heap before GC invocations=1820 (full 57):
 PSYoungGen      total 6144K, used 6132K [0x00000000eab00000, 0x00000000eb280000, 0x0000000100000000)
  eden space 5632K, 100% used [0x00000000eab00000,0x00000000eb080000,0x00000000eb080000)
  from space 512K, 97% used [0x00000000eb080000,0x00000000eb0fd200,0x00000000eb100000)
  to   space 1024K, 0% used [0x00000000eb180000,0x00000000eb180000,0x00000000eb280000)
 ParOldGen       total 193536K, used 192228K [0x00000000c0000000, 0x00000000cbd00000, 0x00000000eab00000)
  object space 193536K, 99% used [0x00000000c0000000,0x00000000cbbb9240,0x00000000cbd00000)
 Metaspace       used 87192K, committed 88640K, reserved 1179648K
  class space    used 8655K, committed 9280K, reserved 1048576K
}
Event: 6512.572 GC heap after
{Heap after GC invocations=1820 (full 57):
 PSYoungGen      total 6144K, used 1022K [0x00000000eab00000, 0x00000000eb400000, 0x0000000100000000)
  eden space 5120K, 0% used [0x00000000eab00000,0x00000000eab00000,0x00000000eb000000)
  from space 1024K, 99% used [0x00000000eb180000,0x00000000eb27fb10,0x00000000eb280000)
  to   space 1536K, 0% used [0x00000000eb000000,0x00000000eb000000,0x00000000eb180000)
 ParOldGen       total 193536K, used 192516K [0x00000000c0000000, 0x00000000cbd00000, 0x00000000eab00000)
  object space 193536K, 99% used [0x00000000c0000000,0x00000000cbc01240,0x00000000cbd00000)
 Metaspace       used 87192K, committed 88640K, reserved 1179648K
  class space    used 8655K, committed 9280K, reserved 1048576K
}
Event: 6512.579 GC heap before
{Heap before GC invocations=1821 (full 57):
 PSYoungGen      total 6144K, used 6142K [0x00000000eab00000, 0x00000000eb400000, 0x0000000100000000)
  eden space 5120K, 100% used [0x00000000eab00000,0x00000000eb000000,0x00000000eb000000)
  from space 1024K, 99% used [0x00000000eb180000,0x00000000eb27fb10,0x00000000eb280000)
  to   space 1536K, 0% used [0x00000000eb000000,0x00000000eb000000,0x00000000eb180000)
 ParOldGen       total 193536K, used 192516K [0x00000000c0000000, 0x00000000cbd00000, 0x00000000eab00000)
  object space 193536K, 99% used [0x00000000c0000000,0x00000000cbc01240,0x00000000cbd00000)
 Metaspace       used 87196K, committed 88640K, reserved 1179648K
  class space    used 8655K, committed 9280K, reserved 1048576K
}
Event: 6512.581 GC heap after
{Heap after GC invocations=1821 (full 57):
 PSYoungGen      total 6656K, used 954K [0x00000000eab00000, 0x00000000eb380000, 0x0000000100000000)
  eden space 5120K, 0% used [0x00000000eab00000,0x00000000eab00000,0x00000000eb000000)
  from space 1536K, 62% used [0x00000000eb000000,0x00000000eb0ee900,0x00000000eb180000)
  to   space 1536K, 0% used [0x00000000eb200000,0x00000000eb200000,0x00000000eb380000)
 ParOldGen       total 194048K, used 193569K [0x00000000c0000000, 0x00000000cbd80000, 0x00000000eab00000)
  object space 194048K, 99% used [0x00000000c0000000,0x00000000cbd086b0,0x00000000cbd80000)
 Metaspace       used 87196K, committed 88640K, reserved 1179648K
  class space    used 8655K, committed 9280K, reserved 1048576K
}
Event: 6512.581 GC heap before
{Heap before GC invocations=1822 (full 58):
 PSYoungGen      total 6656K, used 954K [0x00000000eab00000, 0x00000000eb380000, 0x0000000100000000)
  eden space 5120K, 0% used [0x00000000eab00000,0x00000000eab00000,0x00000000eb000000)
  from space 1536K, 62% used [0x00000000eb000000,0x00000000eb0ee900,0x00000000eb180000)
  to   space 1536K, 0% used [0x00000000eb200000,0x00000000eb200000,0x00000000eb380000)
 ParOldGen       total 194048K, used 193569K [0x00000000c0000000, 0x00000000cbd80000, 0x00000000eab00000)
  object space 194048K, 99% used [0x00000000c0000000,0x00000000cbd086b0,0x00000000cbd80000)
 Metaspace       used 87196K, committed 88640K, reserved 1179648K
  class space    used 8655K, committed 9280K, reserved 1048576K
}

