# JRE version: OpenJDK Runtime Environment Temurin-17.0.10+7 (17.0.10+7) (build 17.0.10+7)
# Java VM: OpenJDK 64-Bit Server VM Temurin-17.0.10+7 (17.0.10+7, mixed mode, tiered, compressed oops, compressed class ptrs, parallel gc, windows-amd64)
GC Precious Log:
 CPUs: 12 total, 12 available
 Memory: 16225M
 Large Page Support: Disabled
 NUMA Support: Disabled
 Compressed Oops: Enabled (32-bit)
 Alignments: Space 512K, Generation 512K, Heap 2M
 Heap Min Capacity: 100M
 Heap Initial Capacity: 100M
 Heap Max Capacity: 2G
 Pre-touch: Disabled
 Parallel Workers: 10
Heap:
 PSYoungGen      total 30208K, used 9198K [0x00000000d5580000, 0x00000000d8600000, 0x0000000100000000)
  eden space 20992K, 0% used [0x00000000d5580000,0x00000000d5580000,0x00000000d6a00000)
  from space 9216K, 99% used [0x00000000d6a00000,0x00000000d72fb900,0x00000000d7300000)
  to   space 14336K, 0% used [0x00000000d7800000,0x00000000d7800000,0x00000000d8600000)
 ParOldGen       total 324608K, used 324469K [0x0000000080000000, 0x0000000093d00000, 0x00000000d5580000)
  object space 324608K, 99% used [0x0000000080000000,0x0000000093cdd748,0x0000000093d00000)
 Metaspace       used 86966K, committed 88512K, reserved 1179648K
  class space    used 8704K, committed 9408K, reserved 1048576K
GC Heap History (20 events):
Event: 1295.172 GC heap after
{Heap after GC invocations=258 (full 13):
 PSYoungGen      total 27136K, used 5623K [0x00000000d5580000, 0x00000000d7d00000, 0x0000000100000000)
  eden space 21504K, 0% used [0x00000000d5580000,0x00000000d5580000,0x00000000d6a80000)
  from space 5632K, 99% used [0x00000000d7280000,0x00000000d77fdf40,0x00000000d7800000)
  to   space 8192K, 0% used [0x00000000d6a80000,0x00000000d6a80000,0x00000000d7280000)
 ParOldGen       total 324096K, used 315922K [0x0000000080000000, 0x0000000093c80000, 0x00000000d5580000)
  object space 324096K, 97% used [0x0000000080000000,0x0000000093484be8,0x0000000093c80000)
 Metaspace       used 84597K, committed 86144K, reserved 1179648K
  class space    used 8416K, committed 9088K, reserved 1048576K
}
Event: 1410.676 GC heap before
{Heap before GC invocations=259 (full 13):
 PSYoungGen      total 27136K, used 27127K [0x00000000d5580000, 0x00000000d7d00000, 0x0000000100000000)
  eden space 21504K, 100% used [0x00000000d5580000,0x00000000d6a80000,0x00000000d6a80000)
  from space 5632K, 99% used [0x00000000d7280000,0x00000000d77fdf40,0x00000000d7800000)
  to   space 8192K, 0% used [0x00000000d6a80000,0x00000000d6a80000,0x00000000d7280000)
 ParOldGen       total 324096K, used 315922K [0x0000000080000000, 0x0000000093c80000, 0x00000000d5580000)
  object space 324096K, 97% used [0x0000000080000000,0x0000000093484be8,0x0000000093c80000)
 Metaspace       used 84644K, committed 86208K, reserved 1179648K
  class space    used 8418K, committed 9088K, reserved 1048576K
}
Event: 1410.680 GC heap after
{Heap after GC invocations=259 (full 13):
 PSYoungGen      total 29184K, used 7256K [0x00000000d5580000, 0x00000000d7980000, 0x0000000100000000)
  eden space 21504K, 0% used [0x00000000d5580000,0x00000000d5580000,0x00000000d6a80000)
  from space 7680K, 94% used [0x00000000d6a80000,0x00000000d7196140,0x00000000d7200000)
  to   space 7680K, 0% used [0x00000000d7200000,0x00000000d7200000,0x00000000d7980000)
 ParOldGen       total 324096K, used 319130K [0x0000000080000000, 0x0000000093c80000, 0x00000000d5580000)
  object space 324096K, 98% used [0x0000000080000000,0x00000000937a6b50,0x0000000093c80000)
 Metaspace       used 84644K, committed 86208K, reserved 1179648K
  class space    used 8418K, committed 9088K, reserved 1048576K
}
Event: 1707.552 GC heap before
{Heap before GC invocations=260 (full 13):
 PSYoungGen      total 29184K, used 28760K [0x00000000d5580000, 0x00000000d7980000, 0x0000000100000000)
  eden space 21504K, 100% used [0x00000000d5580000,0x00000000d6a80000,0x00000000d6a80000)
  from space 7680K, 94% used [0x00000000d6a80000,0x00000000d7196140,0x00000000d7200000)
  to   space 7680K, 0% used [0x00000000d7200000,0x00000000d7200000,0x00000000d7980000)
 ParOldGen       total 324096K, used 319130K [0x0000000080000000, 0x0000000093c80000, 0x00000000d5580000)
  object space 324096K, 98% used [0x0000000080000000,0x00000000937a6b50,0x0000000093c80000)
 Metaspace       used 84751K, committed 86272K, reserved 1179648K
  class space    used 8425K, committed 9088K, reserved 1048576K
}
Event: 1707.556 GC heap after
{Heap after GC invocations=260 (full 13):
 PSYoungGen      total 28160K, used 6353K [0x00000000d5580000, 0x00000000d7880000, 0x0000000100000000)
  eden space 21504K, 0% used [0x00000000d5580000,0x00000000d5580000,0x00000000d6a80000)
  from space 6656K, 95% used [0x00000000d7200000,0x00000000d78346c8,0x00000000d7880000)
  to   space 7168K, 0% used [0x00000000d6a80000,0x00000000d6a80000,0x00000000d7180000)
 ParOldGen       total 324096K, used 319138K [0x0000000080000000, 0x0000000093c80000, 0x00000000d5580000)
  object space 324096K, 98% used [0x0000000080000000,0x00000000937a8b50,0x0000000093c80000)
 Metaspace       used 84751K, committed 86272K, reserved 1179648K
  class space    used 8425K, committed 9088K, reserved 1048576K
}
Event: 1707.875 GC heap before
{Heap before GC invocations=261 (full 13):
 PSYoungGen      total 28160K, used 27857K [0x00000000d5580000, 0x00000000d7880000, 0x0000000100000000)
  eden space 21504K, 99% used [0x00000000d5580000,0x00000000d6a7ffb0,0x00000000d6a80000)
  from space 6656K, 95% used [0x00000000d7200000,0x00000000d78346c8,0x00000000d7880000)
  to   space 7168K, 0% used [0x00000000d6a80000,0x00000000d6a80000,0x00000000d7180000)
 ParOldGen       total 324096K, used 319138K [0x0000000080000000, 0x0000000093c80000, 0x00000000d5580000)
  object space 324096K, 98% used [0x0000000080000000,0x00000000937a8b50,0x0000000093c80000)
 Metaspace       used 85186K, committed 86720K, reserved 1179648K
  class space    used 8464K, committed 9152K, reserved 1048576K
}
Event: 1707.878 GC heap after
{Heap after GC invocations=261 (full 13):
 PSYoungGen      total 28672K, used 7147K [0x00000000d5580000, 0x00000000d7980000, 0x0000000100000000)
  eden space 21504K, 0% used [0x00000000d5580000,0x00000000d5580000,0x00000000d6a80000)
  from space 7168K, 99% used [0x00000000d6a80000,0x00000000d717afe8,0x00000000d7180000)
  to   space 7680K, 0% used [0x00000000d7200000,0x00000000d7200000,0x00000000d7980000)
 ParOldGen       total 324096K, used 319250K [0x0000000080000000, 0x0000000093c80000, 0x00000000d5580000)
  object space 324096K, 98% used [0x0000000080000000,0x00000000937c4b50,0x0000000093c80000)
 Metaspace       used 85186K, committed 86720K, reserved 1179648K
  class space    used 8464K, committed 9152K, reserved 1048576K
}
Event: 1709.994 GC heap before
{Heap before GC invocations=262 (full 13):
 PSYoungGen      total 28672K, used 28651K [0x00000000d5580000, 0x00000000d7980000, 0x0000000100000000)
  eden space 21504K, 100% used [0x00000000d5580000,0x00000000d6a80000,0x00000000d6a80000)
  from space 7168K, 99% used [0x00000000d6a80000,0x00000000d717afe8,0x00000000d7180000)
  to   space 7680K, 0% used [0x00000000d7200000,0x00000000d7200000,0x00000000d7980000)
 ParOldGen       total 324096K, used 319250K [0x0000000080000000, 0x0000000093c80000, 0x00000000d5580000)
  object space 324096K, 98% used [0x0000000080000000,0x00000000937c4b50,0x0000000093c80000)
 Metaspace       used 85251K, committed 86784K, reserved 1179648K
  class space    used 8468K, committed 9152K, reserved 1048576K
}
Event: 1709.997 GC heap after
{Heap after GC invocations=262 (full 13):
 PSYoungGen      total 28672K, used 7648K [0x00000000d5580000, 0x00000000d7a80000, 0x0000000100000000)
  eden space 20992K, 0% used [0x00000000d5580000,0x00000000d5580000,0x00000000d6a00000)
  from space 7680K, 99% used [0x00000000d7200000,0x00000000d7978228,0x00000000d7980000)
  to   space 8192K, 0% used [0x00000000d6a00000,0x00000000d6a00000,0x00000000d7200000)
 ParOldGen       total 324096K, used 319433K [0x0000000080000000, 0x0000000093c80000, 0x00000000d5580000)
  object space 324096K, 98% used [0x0000000080000000,0x00000000937f2458,0x0000000093c80000)
 Metaspace       used 85251K, committed 86784K, reserved 1179648K
  class space    used 8468K, committed 9152K, reserved 1048576K
}
Event: 1710.485 GC heap before
{Heap before GC invocations=263 (full 13):
 PSYoungGen      total 28672K, used 28640K [0x00000000d5580000, 0x00000000d7a80000, 0x0000000100000000)
  eden space 20992K, 100% used [0x00000000d5580000,0x00000000d6a00000,0x00000000d6a00000)
  from space 7680K, 99% used [0x00000000d7200000,0x00000000d7978228,0x00000000d7980000)
  to   space 8192K, 0% used [0x00000000d6a00000,0x00000000d6a00000,0x00000000d7200000)
 ParOldGen       total 324096K, used 319433K [0x0000000080000000, 0x0000000093c80000, 0x00000000d5580000)
  object space 324096K, 98% used [0x0000000080000000,0x00000000937f2458,0x0000000093c80000)
 Metaspace       used 85365K, committed 86848K, reserved 1179648K
  class space    used 8486K, committed 9152K, reserved 1048576K
}
Event: 1710.488 GC heap after
{Heap after GC invocations=263 (full 13):
 PSYoungGen      total 29184K, used 8186K [0x00000000d5580000, 0x00000000d7c00000, 0x0000000100000000)
  eden space 20992K, 0% used [0x00000000d5580000,0x00000000d5580000,0x00000000d6a00000)
  from space 8192K, 99% used [0x00000000d6a00000,0x00000000d71feb08,0x00000000d7200000)
  to   space 9216K, 0% used [0x00000000d7300000,0x00000000d7300000,0x00000000d7c00000)
 ParOldGen       total 324096K, used 319913K [0x0000000080000000, 0x0000000093c80000, 0x00000000d5580000)
  object space 324096K, 98% used [0x0000000080000000,0x000000009386a738,0x0000000093c80000)
 Metaspace       used 85365K, committed 86848K, reserved 1179648K
  class space    used 8486K, committed 9152K, reserved 1048576K
}
Event: 1714.514 GC heap before
{Heap before GC invocations=264 (full 13):
 PSYoungGen      total 29184K, used 29178K [0x00000000d5580000, 0x00000000d7c00000, 0x0000000100000000)
  eden space 20992K, 100% used [0x00000000d5580000,0x00000000d6a00000,0x00000000d6a00000)
  from space 8192K, 99% used [0x00000000d6a00000,0x00000000d71feb08,0x00000000d7200000)
  to   space 9216K, 0% used [0x00000000d7300000,0x00000000d7300000,0x00000000d7c00000)
 ParOldGen       total 324096K, used 319913K [0x0000000080000000, 0x0000000093c80000, 0x00000000d5580000)
  object space 324096K, 98% used [0x0000000080000000,0x000000009386a738,0x0000000093c80000)
 Metaspace       used 85636K, committed 87232K, reserved 1179648K
  class space    used 8508K, committed 9216K, reserved 1048576K
}
Event: 1714.517 GC heap after
{Heap after GC invocations=264 (full 13):
 PSYoungGen      total 29696K, used 8319K [0x00000000d5580000, 0x00000000d7b80000, 0x0000000100000000)
  eden space 20992K, 0% used [0x00000000d5580000,0x00000000d5580000,0x00000000d6a00000)
  from space 8704K, 95% used [0x00000000d7300000,0x00000000d7b1fd78,0x00000000d7b80000)
  to   space 8704K, 0% used [0x00000000d6a80000,0x00000000d6a80000,0x00000000d7300000)
 ParOldGen       total 324096K, used 320257K [0x0000000080000000, 0x0000000093c80000, 0x00000000d5580000)
  object space 324096K, 98% used [0x0000000080000000,0x00000000938c0768,0x0000000093c80000)
 Metaspace       used 85636K, committed 87232K, reserved 1179648K
  class space    used 8508K, committed 9216K, reserved 1048576K
}
Event: 1721.662 GC heap before
{Heap before GC invocations=265 (full 13):
 PSYoungGen      total 29696K, used 29311K [0x00000000d5580000, 0x00000000d7b80000, 0x0000000100000000)
  eden space 20992K, 100% used [0x00000000d5580000,0x00000000d6a00000,0x00000000d6a00000)
  from space 8704K, 95% used [0x00000000d7300000,0x00000000d7b1fd78,0x00000000d7b80000)
  to   space 8704K, 0% used [0x00000000d6a80000,0x00000000d6a80000,0x00000000d7300000)
 ParOldGen       total 324096K, used 320257K [0x0000000080000000, 0x0000000093c80000, 0x00000000d5580000)
  object space 324096K, 98% used [0x0000000080000000,0x00000000938c0768,0x0000000093c80000)
 Metaspace       used 85667K, committed 87232K, reserved 1179648K
  class space    used 8510K, committed 9216K, reserved 1048576K
}
Event: 1721.665 GC heap after
{Heap after GC invocations=265 (full 13):
 PSYoungGen      total 29696K, used 8656K [0x00000000d5580000, 0x00000000d7c00000, 0x0000000100000000)
  eden space 20992K, 0% used [0x00000000d5580000,0x00000000d5580000,0x00000000d6a00000)
  from space 8704K, 99% used [0x00000000d6a80000,0x00000000d72f4278,0x00000000d7300000)
  to   space 9216K, 0% used [0x00000000d7300000,0x00000000d7300000,0x00000000d7c00000)
 ParOldGen       total 324096K, used 320265K [0x0000000080000000, 0x0000000093c80000, 0x00000000d5580000)
  object space 324096K, 98% used [0x0000000080000000,0x00000000938c2768,0x0000000093c80000)
 Metaspace       used 85667K, committed 87232K, reserved 1179648K
  class space    used 8510K, committed 9216K, reserved 1048576K
}
Event: 1723.747 GC heap before
{Heap before GC invocations=266 (full 13):
 PSYoungGen      total 29696K, used 29648K [0x00000000d5580000, 0x00000000d7c00000, 0x0000000100000000)
  eden space 20992K, 100% used [0x00000000d5580000,0x00000000d6a00000,0x00000000d6a00000)
  from space 8704K, 99% used [0x00000000d6a80000,0x00000000d72f4278,0x00000000d7300000)
  to   space 9216K, 0% used [0x00000000d7300000,0x00000000d7300000,0x00000000d7c00000)
 ParOldGen       total 324096K, used 320265K [0x0000000080000000, 0x0000000093c80000, 0x00000000d5580000)
  object space 324096K, 98% used [0x0000000080000000,0x00000000938c2768,0x0000000093c80000)
 Metaspace       used 85973K, committed 87488K, reserved 1179648K
  class space    used 8530K, committed 9216K, reserved 1048576K
}
Event: 1723.750 GC heap after
{Heap after GC invocations=266 (full 13):
 PSYoungGen      total 30208K, used 9040K [0x00000000d5580000, 0x00000000d7c00000, 0x0000000100000000)
  eden space 20992K, 0% used [0x00000000d5580000,0x00000000d5580000,0x00000000d6a00000)
  from space 9216K, 98% used [0x00000000d7300000,0x00000000d7bd4278,0x00000000d7c00000)
  to   space 9216K, 0% used [0x00000000d6a00000,0x00000000d6a00000,0x00000000d7300000)
 ParOldGen       total 324096K, used 320273K [0x0000000080000000, 0x0000000093c80000, 0x00000000d5580000)
  object space 324096K, 98% used [0x0000000080000000,0x00000000938c4768,0x0000000093c80000)
 Metaspace       used 85973K, committed 87488K, reserved 1179648K
  class space    used 8530K, committed 9216K, reserved 1048576K
}
Event: 1724.782 GC heap before
{Heap before GC invocations=267 (full 13):
 PSYoungGen      total 30208K, used 30032K [0x00000000d5580000, 0x00000000d7c00000, 0x0000000100000000)
  eden space 20992K, 100% used [0x00000000d5580000,0x00000000d6a00000,0x00000000d6a00000)
  from space 9216K, 98% used [0x00000000d7300000,0x00000000d7bd4278,0x00000000d7c00000)
  to   space 9216K, 0% used [0x00000000d6a00000,0x00000000d6a00000,0x00000000d7300000)
 ParOldGen       total 324096K, used 320273K [0x0000000080000000, 0x0000000093c80000, 0x00000000d5580000)
  object space 324096K, 98% used [0x0000000080000000,0x00000000938c4768,0x0000000093c80000)
 Metaspace       used 86966K, committed 88512K, reserved 1179648K
  class space    used 8704K, committed 9408K, reserved 1048576K
}
Event: 1724.786 GC heap after
{Heap after GC invocations=267 (full 13):
 PSYoungGen      total 30208K, used 9198K [0x00000000d5580000, 0x00000000d8600000, 0x0000000100000000)
  eden space 20992K, 0% used [0x00000000d5580000,0x00000000d5580000,0x00000000d6a00000)
  from space 9216K, 99% used [0x00000000d6a00000,0x00000000d72fb900,0x00000000d7300000)
  to   space 14336K, 0% used [0x00000000d7800000,0x00000000d7800000,0x00000000d8600000)
 ParOldGen       total 324608K, used 324469K [0x0000000080000000, 0x0000000093d00000, 0x00000000d5580000)
  object space 324608K, 99% used [0x0000000080000000,0x0000000093cdd748,0x0000000093d00000)
 Metaspace       used 86966K, committed 88512K, reserved 1179648K
  class space    used 8704K, committed 9408K, reserved 1048576K
}
Event: 1724.786 GC heap before
{Heap before GC invocations=268 (full 14):
 PSYoungGen      total 30208K, used 9198K [0x00000000d5580000, 0x00000000d8600000, 0x0000000100000000)
  eden space 20992K, 0% used [0x00000000d5580000,0x00000000d5580000,0x00000000d6a00000)
  from space 9216K, 99% used [0x00000000d6a00000,0x00000000d72fb900,0x00000000d7300000)
  to   space 14336K, 0% used [0x00000000d7800000,0x00000000d7800000,0x00000000d8600000)
 ParOldGen       total 324608K, used 324469K [0x0000000080000000, 0x0000000093d00000, 0x00000000d5580000)
  object space 324608K, 99% used [0x0000000080000000,0x0000000093cdd748,0x0000000093d00000)
 Metaspace       used 86966K, committed 88512K, reserved 1179648K
  class space    used 8704K, committed 9408K, reserved 1048576K
}

