# JRE version: OpenJDK Runtime Environment Temurin-17.0.10+7 (17.0.10+7) (build 17.0.10+7)
# Java VM: OpenJDK 64-Bit Server VM Temurin-17.0.10+7 (17.0.10+7, mixed mode, tiered, compressed oops, compressed class ptrs, parallel gc, windows-amd64)
GC Precious Log:
 CPUs: 12 total, 12 available
 Memory: 16225M
 Large Page Support: Disabled
 NUMA Support: Disabled
 Compressed Oops: Enabled (32-bit)
 Alignments: Space 512K, Generation 512K, Heap 2M
 Heap Min Capacity: 100M
 Heap Initial Capacity: 100M
 Heap Max Capacity: 2G
 Pre-touch: Disabled
 Parallel Workers: 10
Heap:
 PSYoungGen      total 4608K, used 492K [0x00000000d5580000, 0x00000000d6380000, 0x0000000100000000)
  eden space 4096K, 0% used [0x00000000d5580000,0x00000000d5580000,0x00000000d5980000)
  from space 512K, 96% used [0x00000000d5a00000,0x00000000d5a7b018,0x00000000d5a80000)
  to   space 5120K, 0% used [0x00000000d5e80000,0x00000000d5e80000,0x00000000d6380000)
 ParOldGen       total 334848K, used 332028K [0x0000000080000000, 0x0000000094700000, 0x00000000d5580000)
  object space 334848K, 99% used [0x0000000080000000,0x000000009443f1e8,0x0000000094700000)
 Metaspace       used 92926K, committed 94656K, reserved 1179648K
  class space    used 9565K, committed 10368K, reserved 1048576K
GC Heap History (20 events):
Event: 1735.190 GC heap after
{Heap after GC invocations=319 (full 14):
 PSYoungGen      total 5120K, used 480K [0x00000000d5580000, 0x00000000d5c00000, 0x0000000100000000)
  eden space 4096K, 0% used [0x00000000d5580000,0x00000000d5580000,0x00000000d5980000)
  from space 1024K, 46% used [0x00000000d5a80000,0x00000000d5af8000,0x00000000d5b80000)
  to   space 1024K, 0% used [0x00000000d5980000,0x00000000d5980000,0x00000000d5a80000)
 ParOldGen       total 334848K, used 324416K [0x0000000080000000, 0x0000000094700000, 0x00000000d5580000)
  object space 334848K, 96% used [0x0000000080000000,0x0000000093cd0268,0x0000000094700000)
 Metaspace       used 92869K, committed 94592K, reserved 1179648K
  class space    used 9564K, committed 10368K, reserved 1048576K
}
Event: 1735.199 GC heap before
{Heap before GC invocations=320 (full 14):
 PSYoungGen      total 5120K, used 4576K [0x00000000d5580000, 0x00000000d5c00000, 0x0000000100000000)
  eden space 4096K, 100% used [0x00000000d5580000,0x00000000d5980000,0x00000000d5980000)
  from space 1024K, 46% used [0x00000000d5a80000,0x00000000d5af8000,0x00000000d5b80000)
  to   space 1024K, 0% used [0x00000000d5980000,0x00000000d5980000,0x00000000d5a80000)
 ParOldGen       total 334848K, used 324416K [0x0000000080000000, 0x0000000094700000, 0x00000000d5580000)
  object space 334848K, 96% used [0x0000000080000000,0x0000000093cd0268,0x0000000094700000)
 Metaspace       used 92870K, committed 94592K, reserved 1179648K
  class space    used 9564K, committed 10368K, reserved 1048576K
}
Event: 1735.200 GC heap after
{Heap after GC invocations=320 (full 14):
 PSYoungGen      total 5120K, used 752K [0x00000000d5580000, 0x00000000d5b80000, 0x0000000100000000)
  eden space 4096K, 0% used [0x00000000d5580000,0x00000000d5580000,0x00000000d5980000)
  from space 1024K, 73% used [0x00000000d5980000,0x00000000d5a3c010,0x00000000d5a80000)
  to   space 1024K, 0% used [0x00000000d5a80000,0x00000000d5a80000,0x00000000d5b80000)
 ParOldGen       total 334848K, used 324684K [0x0000000080000000, 0x0000000094700000, 0x00000000d5580000)
  object space 334848K, 96% used [0x0000000080000000,0x0000000093d13278,0x0000000094700000)
 Metaspace       used 92870K, committed 94592K, reserved 1179648K
  class space    used 9564K, committed 10368K, reserved 1048576K
}
Event: 1736.872 GC heap before
{Heap before GC invocations=321 (full 14):
 PSYoungGen      total 5120K, used 4848K [0x00000000d5580000, 0x00000000d5b80000, 0x0000000100000000)
  eden space 4096K, 99% used [0x00000000d5580000,0x00000000d597fff8,0x00000000d5980000)
  from space 1024K, 73% used [0x00000000d5980000,0x00000000d5a3c010,0x00000000d5a80000)
  to   space 1024K, 0% used [0x00000000d5a80000,0x00000000d5a80000,0x00000000d5b80000)
 ParOldGen       total 334848K, used 324684K [0x0000000080000000, 0x0000000094700000, 0x00000000d5580000)
  object space 334848K, 96% used [0x0000000080000000,0x0000000093d13278,0x0000000094700000)
 Metaspace       used 92895K, committed 94656K, reserved 1179648K
  class space    used 9564K, committed 10368K, reserved 1048576K
}
Event: 1736.874 GC heap after
{Heap after GC invocations=321 (full 14):
 PSYoungGen      total 5120K, used 836K [0x00000000d5580000, 0x00000000d5b80000, 0x0000000100000000)
  eden space 4096K, 0% used [0x00000000d5580000,0x00000000d5580000,0x00000000d5980000)
  from space 1024K, 81% used [0x00000000d5a80000,0x00000000d5b51210,0x00000000d5b80000)
  to   space 1024K, 0% used [0x00000000d5980000,0x00000000d5980000,0x00000000d5a80000)
 ParOldGen       total 334848K, used 325290K [0x0000000080000000, 0x0000000094700000, 0x00000000d5580000)
  object space 334848K, 97% used [0x0000000080000000,0x0000000093daaa38,0x0000000094700000)
 Metaspace       used 92895K, committed 94656K, reserved 1179648K
  class space    used 9564K, committed 10368K, reserved 1048576K
}
Event: 1736.879 GC heap before
{Heap before GC invocations=322 (full 14):
 PSYoungGen      total 5120K, used 4932K [0x00000000d5580000, 0x00000000d5b80000, 0x0000000100000000)
  eden space 4096K, 100% used [0x00000000d5580000,0x00000000d5980000,0x00000000d5980000)
  from space 1024K, 81% used [0x00000000d5a80000,0x00000000d5b51210,0x00000000d5b80000)
  to   space 1024K, 0% used [0x00000000d5980000,0x00000000d5980000,0x00000000d5a80000)
 ParOldGen       total 334848K, used 325290K [0x0000000080000000, 0x0000000094700000, 0x00000000d5580000)
  object space 334848K, 97% used [0x0000000080000000,0x0000000093daaa38,0x0000000094700000)
 Metaspace       used 92895K, committed 94656K, reserved 1179648K
  class space    used 9564K, committed 10368K, reserved 1048576K
}
Event: 1736.880 GC heap after
{Heap after GC invocations=322 (full 14):
 PSYoungGen      total 5120K, used 320K [0x00000000d5580000, 0x00000000d5b00000, 0x0000000100000000)
  eden space 4096K, 0% used [0x00000000d5580000,0x00000000d5580000,0x00000000d5980000)
  from space 1024K, 31% used [0x00000000d5980000,0x00000000d59d0000,0x00000000d5a80000)
  to   space 512K, 0% used [0x00000000d5a80000,0x00000000d5a80000,0x00000000d5b00000)
 ParOldGen       total 334848K, used 325964K [0x0000000080000000, 0x0000000094700000, 0x00000000d5580000)
  object space 334848K, 97% used [0x0000000080000000,0x0000000093e53278,0x0000000094700000)
 Metaspace       used 92895K, committed 94656K, reserved 1179648K
  class space    used 9564K, committed 10368K, reserved 1048576K
}
Event: 1736.889 GC heap before
{Heap before GC invocations=323 (full 14):
 PSYoungGen      total 5120K, used 4416K [0x00000000d5580000, 0x00000000d5b00000, 0x0000000100000000)
  eden space 4096K, 100% used [0x00000000d5580000,0x00000000d5980000,0x00000000d5980000)
  from space 1024K, 31% used [0x00000000d5980000,0x00000000d59d0000,0x00000000d5a80000)
  to   space 512K, 0% used [0x00000000d5a80000,0x00000000d5a80000,0x00000000d5b00000)
 ParOldGen       total 334848K, used 325964K [0x0000000080000000, 0x0000000094700000, 0x00000000d5580000)
  object space 334848K, 97% used [0x0000000080000000,0x0000000093e53278,0x0000000094700000)
 Metaspace       used 92895K, committed 94656K, reserved 1179648K
  class space    used 9564K, committed 10368K, reserved 1048576K
}
Event: 1736.890 GC heap after
{Heap after GC invocations=323 (full 14):
 PSYoungGen      total 4608K, used 512K [0x00000000d5580000, 0x00000000d5b80000, 0x0000000100000000)
  eden space 4096K, 0% used [0x00000000d5580000,0x00000000d5580000,0x00000000d5980000)
  from space 512K, 100% used [0x00000000d5a80000,0x00000000d5b00000,0x00000000d5b00000)
  to   space 1024K, 0% used [0x00000000d5980000,0x00000000d5980000,0x00000000d5a80000)
 ParOldGen       total 334848K, used 326244K [0x0000000080000000, 0x0000000094700000, 0x00000000d5580000)
  object space 334848K, 97% used [0x0000000080000000,0x0000000093e992a8,0x0000000094700000)
 Metaspace       used 92895K, committed 94656K, reserved 1179648K
  class space    used 9564K, committed 10368K, reserved 1048576K
}
Event: 1736.895 GC heap before
{Heap before GC invocations=324 (full 14):
 PSYoungGen      total 4608K, used 4608K [0x00000000d5580000, 0x00000000d5b80000, 0x0000000100000000)
  eden space 4096K, 100% used [0x00000000d5580000,0x00000000d5980000,0x00000000d5980000)
  from space 512K, 100% used [0x00000000d5a80000,0x00000000d5b00000,0x00000000d5b00000)
  to   space 1024K, 0% used [0x00000000d5980000,0x00000000d5980000,0x00000000d5a80000)
 ParOldGen       total 334848K, used 326244K [0x0000000080000000, 0x0000000094700000, 0x00000000d5580000)
  object space 334848K, 97% used [0x0000000080000000,0x0000000093e992a8,0x0000000094700000)
 Metaspace       used 92895K, committed 94656K, reserved 1179648K
  class space    used 9564K, committed 10368K, reserved 1048576K
}
Event: 1736.896 GC heap after
{Heap after GC invocations=324 (full 14):
 PSYoungGen      total 5120K, used 788K [0x00000000d5580000, 0x00000000d5b80000, 0x0000000100000000)
  eden space 4096K, 0% used [0x00000000d5580000,0x00000000d5580000,0x00000000d5980000)
  from space 1024K, 77% used [0x00000000d5980000,0x00000000d5a45200,0x00000000d5a80000)
  to   space 1024K, 0% used [0x00000000d5a80000,0x00000000d5a80000,0x00000000d5b80000)
 ParOldGen       total 334848K, used 326744K [0x0000000080000000, 0x0000000094700000, 0x00000000d5580000)
  object space 334848K, 97% used [0x0000000080000000,0x0000000093f162c8,0x0000000094700000)
 Metaspace       used 92895K, committed 94656K, reserved 1179648K
  class space    used 9564K, committed 10368K, reserved 1048576K
}
Event: 1736.900 GC heap before
{Heap before GC invocations=325 (full 14):
 PSYoungGen      total 5120K, used 4884K [0x00000000d5580000, 0x00000000d5b80000, 0x0000000100000000)
  eden space 4096K, 100% used [0x00000000d5580000,0x00000000d5980000,0x00000000d5980000)
  from space 1024K, 77% used [0x00000000d5980000,0x00000000d5a45200,0x00000000d5a80000)
  to   space 1024K, 0% used [0x00000000d5a80000,0x00000000d5a80000,0x00000000d5b80000)
 ParOldGen       total 334848K, used 326744K [0x0000000080000000, 0x0000000094700000, 0x00000000d5580000)
  object space 334848K, 97% used [0x0000000080000000,0x0000000093f162c8,0x0000000094700000)
 Metaspace       used 92895K, committed 94656K, reserved 1179648K
  class space    used 9564K, committed 10368K, reserved 1048576K
}
Event: 1736.901 GC heap after
{Heap after GC invocations=325 (full 14):
 PSYoungGen      total 5120K, used 464K [0x00000000d5580000, 0x00000000d5b80000, 0x0000000100000000)
  eden space 4096K, 0% used [0x00000000d5580000,0x00000000d5580000,0x00000000d5980000)
  from space 1024K, 45% used [0x00000000d5a80000,0x00000000d5af4010,0x00000000d5b80000)
  to   space 1024K, 0% used [0x00000000d5980000,0x00000000d5980000,0x00000000d5a80000)
 ParOldGen       total 334848K, used 327405K [0x0000000080000000, 0x0000000094700000, 0x00000000d5580000)
  object space 334848K, 97% used [0x0000000080000000,0x0000000093fbb7f0,0x0000000094700000)
 Metaspace       used 92895K, committed 94656K, reserved 1179648K
  class space    used 9564K, committed 10368K, reserved 1048576K
}
Event: 1830.371 GC heap before
{Heap before GC invocations=326 (full 14):
 PSYoungGen      total 5120K, used 4560K [0x00000000d5580000, 0x00000000d5b80000, 0x0000000100000000)
  eden space 4096K, 100% used [0x00000000d5580000,0x00000000d5980000,0x00000000d5980000)
  from space 1024K, 45% used [0x00000000d5a80000,0x00000000d5af4010,0x00000000d5b80000)
  to   space 1024K, 0% used [0x00000000d5980000,0x00000000d5980000,0x00000000d5a80000)
 ParOldGen       total 334848K, used 327405K [0x0000000080000000, 0x0000000094700000, 0x00000000d5580000)
  object space 334848K, 97% used [0x0000000080000000,0x0000000093fbb7f0,0x0000000094700000)
 Metaspace       used 92895K, committed 94656K, reserved 1179648K
  class space    used 9564K, committed 10368K, reserved 1048576K
}
Event: 1830.373 GC heap after
{Heap after GC invocations=326 (full 14):
 PSYoungGen      total 5120K, used 672K [0x00000000d5580000, 0x00000000d5b80000, 0x0000000100000000)
  eden space 4096K, 0% used [0x00000000d5580000,0x00000000d5580000,0x00000000d5980000)
  from space 1024K, 65% used [0x00000000d5980000,0x00000000d5a28000,0x00000000d5a80000)
  to   space 1024K, 0% used [0x00000000d5a80000,0x00000000d5a80000,0x00000000d5b80000)
 ParOldGen       total 334848K, used 327758K [0x0000000080000000, 0x0000000094700000, 0x00000000d5580000)
  object space 334848K, 97% used [0x0000000080000000,0x0000000094013830,0x0000000094700000)
 Metaspace       used 92895K, committed 94656K, reserved 1179648K
  class space    used 9564K, committed 10368K, reserved 1048576K
}
Event: 1830.615 GC heap before
{Heap before GC invocations=327 (full 14):
 PSYoungGen      total 5120K, used 4593K [0x00000000d5580000, 0x00000000d5b80000, 0x0000000100000000)
  eden space 4096K, 95% used [0x00000000d5580000,0x00000000d5954528,0x00000000d5980000)
  from space 1024K, 65% used [0x00000000d5980000,0x00000000d5a28000,0x00000000d5a80000)
  to   space 1024K, 0% used [0x00000000d5a80000,0x00000000d5a80000,0x00000000d5b80000)
 ParOldGen       total 334848K, used 327758K [0x0000000080000000, 0x0000000094700000, 0x00000000d5580000)
  object space 334848K, 97% used [0x0000000080000000,0x0000000094013830,0x0000000094700000)
 Metaspace       used 92926K, committed 94656K, reserved 1179648K
  class space    used 9565K, committed 10368K, reserved 1048576K
}
Event: 1830.615 GC heap after
{Heap after GC invocations=327 (full 14):
 PSYoungGen      total 4608K, used 244K [0x00000000d5580000, 0x00000000d5b00000, 0x0000000100000000)
  eden space 4096K, 0% used [0x00000000d5580000,0x00000000d5580000,0x00000000d5980000)
  from space 512K, 47% used [0x00000000d5a80000,0x00000000d5abd220,0x00000000d5b00000)
  to   space 512K, 0% used [0x00000000d5a00000,0x00000000d5a00000,0x00000000d5a80000)
 ParOldGen       total 334848K, used 328291K [0x0000000080000000, 0x0000000094700000, 0x00000000d5580000)
  object space 334848K, 98% used [0x0000000080000000,0x0000000094098fb0,0x0000000094700000)
 Metaspace       used 92926K, committed 94656K, reserved 1179648K
  class space    used 9565K, committed 10368K, reserved 1048576K
}
Event: 1830.619 GC heap before
{Heap before GC invocations=328 (full 14):
 PSYoungGen      total 4608K, used 4340K [0x00000000d5580000, 0x00000000d5b00000, 0x0000000100000000)
  eden space 4096K, 100% used [0x00000000d5580000,0x00000000d5980000,0x00000000d5980000)
  from space 512K, 47% used [0x00000000d5a80000,0x00000000d5abd220,0x00000000d5b00000)
  to   space 512K, 0% used [0x00000000d5a00000,0x00000000d5a00000,0x00000000d5a80000)
 ParOldGen       total 334848K, used 328291K [0x0000000080000000, 0x0000000094700000, 0x00000000d5580000)
  object space 334848K, 98% used [0x0000000080000000,0x0000000094098fb0,0x0000000094700000)
 Metaspace       used 92926K, committed 94656K, reserved 1179648K
  class space    used 9565K, committed 10368K, reserved 1048576K
}
Event: 1830.621 GC heap after
{Heap after GC invocations=328 (full 14):
 PSYoungGen      total 4608K, used 492K [0x00000000d5580000, 0x00000000d6380000, 0x0000000100000000)
  eden space 4096K, 0% used [0x00000000d5580000,0x00000000d5580000,0x00000000d5980000)
  from space 512K, 96% used [0x00000000d5a00000,0x00000000d5a7b018,0x00000000d5a80000)
  to   space 5120K, 0% used [0x00000000d5e80000,0x00000000d5e80000,0x00000000d6380000)
 ParOldGen       total 334848K, used 332028K [0x0000000080000000, 0x0000000094700000, 0x00000000d5580000)
  object space 334848K, 99% used [0x0000000080000000,0x000000009443f1e8,0x0000000094700000)
 Metaspace       used 92926K, committed 94656K, reserved 1179648K
  class space    used 9565K, committed 10368K, reserved 1048576K
}
Event: 1830.621 GC heap before
{Heap before GC invocations=329 (full 15):
 PSYoungGen      total 4608K, used 492K [0x00000000d5580000, 0x00000000d6380000, 0x0000000100000000)
  eden space 4096K, 0% used [0x00000000d5580000,0x00000000d5580000,0x00000000d5980000)
  from space 512K, 96% used [0x00000000d5a00000,0x00000000d5a7b018,0x00000000d5a80000)
  to   space 5120K, 0% used [0x00000000d5e80000,0x00000000d5e80000,0x00000000d6380000)
 ParOldGen       total 334848K, used 332028K [0x0000000080000000, 0x0000000094700000, 0x00000000d5580000)
  object space 334848K, 99% used [0x0000000080000000,0x000000009443f1e8,0x0000000094700000)
 Metaspace       used 92926K, committed 94656K, reserved 1179648K
  class space    used 9565K, committed 10368K, reserved 1048576K
}

