# JRE version: Java(TM) SE Runtime Environment (20.0.2+9) (build 20.0.2+9-78)
# Java VM: Java HotSpot(TM) 64-Bit Server VM (20.0.2+9-78, mixed mode, sharing, tiered, compressed oops, compressed class ptrs, g1 gc, windows-amd64)
GC Precious Log:
 CardTable entry size: 512
 Card Set container configuration: InlinePtr #cards 4 size 8 Array Of Cards #cards 16 size 48 Howl #buckets 8 coarsen threshold 3686 Howl Bitmap #cards 512 size 80 coarsen threshold 460 Card regions per heap region 1 cards per card region 4096
 CPUs: 8 total, 8 available
 Memory: 16320M
 Large Page Support: Disabled
 NUMA Support: Disabled
 Compressed Oops: Enabled (Zero based)
 Heap Region Size: 2M
 Heap Min Capacity: 8M
 Heap Initial Capacity: 256M
 Heap Max Capacity: 4082M
 Pre-touch: Disabled
 Parallel Workers: 8
 Concurrent Workers: 2
 Concurrent Refinement Workers: 8
 Periodic GC: Disabled
Heap:
 garbage-first heap   total 55296K, used 37667K [0x0000000700e00000, 0x0000000800000000)
  region size 2048K, 8 young (16384K), 2 survivors (4096K)
 Metaspace       used 65032K, committed 65728K, reserved 1114112K
  class space    used 8579K, committed 8896K, reserved 1048576K
GC Heap History (20 events):
Event: 2.473 GC heap before
{Heap before GC invocations=2 (full 0):
 garbage-first heap   total 262144K, used 51549K [0x0000000700e00000, 0x0000000800000000)
  region size 2048K, 24 young (49152K), 1 survivors (2048K)
 Metaspace       used 21272K, committed 21504K, reserved 1114112K
  class space    used 2652K, committed 2752K, reserved 1048576K
}
Event: 2.479 GC heap after
{Heap after GC invocations=3 (full 0):
 garbage-first heap   total 262144K, used 12397K [0x0000000700e00000, 0x0000000800000000)
  region size 2048K, 3 young (6144K), 3 survivors (6144K)
 Metaspace       used 21272K, committed 21504K, reserved 1114112K
  class space    used 2652K, committed 2752K, reserved 1048576K
}
Event: 3.327 GC heap before
{Heap before GC invocations=4 (full 0):
 garbage-first heap   total 55296K, used 39021K [0x0000000700e00000, 0x0000000800000000)
  region size 2048K, 16 young (32768K), 3 survivors (6144K)
 Metaspace       used 25836K, committed 26304K, reserved 1114112K
  class space    used 3354K, committed 3584K, reserved 1048576K
}
Event: 3.336 GC heap after
{Heap after GC invocations=5 (full 0):
 garbage-first heap   total 55296K, used 15088K [0x0000000700e00000, 0x0000000800000000)
  region size 2048K, 2 young (4096K), 2 survivors (4096K)
 Metaspace       used 25836K, committed 26304K, reserved 1114112K
  class space    used 3354K, committed 3584K, reserved 1048576K
}
Event: 4.057 GC heap before
{Heap before GC invocations=5 (full 0):
 garbage-first heap   total 55296K, used 39664K [0x0000000700e00000, 0x0000000800000000)
  region size 2048K, 14 young (28672K), 2 survivors (4096K)
 Metaspace       used 31592K, committed 32064K, reserved 1114112K
  class space    used 4005K, committed 4224K, reserved 1048576K
}
Event: 4.063 GC heap after
{Heap after GC invocations=6 (full 0):
 garbage-first heap   total 55296K, used 18190K [0x0000000700e00000, 0x0000000800000000)
  region size 2048K, 2 young (4096K), 2 survivors (4096K)
 Metaspace       used 31592K, committed 32064K, reserved 1114112K
  class space    used 4005K, committed 4224K, reserved 1048576K
}
Event: 4.370 GC heap before
{Heap before GC invocations=6 (full 0):
 garbage-first heap   total 55296K, used 30478K [0x0000000700e00000, 0x0000000800000000)
  region size 2048K, 9 young (18432K), 2 survivors (4096K)
 Metaspace       used 35625K, committed 36096K, reserved 1114112K
  class space    used 4565K, committed 4800K, reserved 1048576K
}
Event: 4.374 GC heap after
{Heap after GC invocations=7 (full 0):
 garbage-first heap   total 55296K, used 19058K [0x0000000700e00000, 0x0000000800000000)
  region size 2048K, 1 young (2048K), 1 survivors (2048K)
 Metaspace       used 35625K, committed 36096K, reserved 1114112K
  class space    used 4565K, committed 4800K, reserved 1048576K
}
Event: 5.529 GC heap before
{Heap before GC invocations=8 (full 0):
 garbage-first heap   total 55296K, used 41586K [0x0000000700e00000, 0x0000000800000000)
  region size 2048K, 13 young (26624K), 1 survivors (2048K)
 Metaspace       used 44955K, committed 45568K, reserved 1114112K
  class space    used 5729K, committed 6016K, reserved 1048576K
}
Event: 5.533 GC heap after
{Heap after GC invocations=9 (full 0):
 garbage-first heap   total 55296K, used 20739K [0x0000000700e00000, 0x0000000800000000)
  region size 2048K, 2 young (4096K), 2 survivors (4096K)
 Metaspace       used 44955K, committed 45568K, reserved 1114112K
  class space    used 5729K, committed 6016K, reserved 1048576K
}
Event: 6.052 GC heap before
{Heap before GC invocations=9 (full 0):
 garbage-first heap   total 55296K, used 43267K [0x0000000700e00000, 0x0000000800000000)
  region size 2048K, 13 young (26624K), 2 survivors (4096K)
 Metaspace       used 52180K, committed 52800K, reserved 1114112K
  class space    used 6838K, committed 7104K, reserved 1048576K
}
Event: 6.057 GC heap after
{Heap after GC invocations=10 (full 0):
 garbage-first heap   total 55296K, used 21751K [0x0000000700e00000, 0x0000000800000000)
  region size 2048K, 2 young (4096K), 2 survivors (4096K)
 Metaspace       used 52180K, committed 52800K, reserved 1114112K
  class space    used 6838K, committed 7104K, reserved 1048576K
}
Event: 7.346 GC heap before
{Heap before GC invocations=10 (full 0):
 garbage-first heap   total 55296K, used 44279K [0x0000000700e00000, 0x0000000800000000)
  region size 2048K, 13 young (26624K), 2 survivors (4096K)
 Metaspace       used 57297K, committed 57856K, reserved 1114112K
  class space    used 7567K, committed 7808K, reserved 1048576K
}
Event: 7.351 GC heap after
{Heap after GC invocations=11 (full 0):
 garbage-first heap   total 55296K, used 23551K [0x0000000700e00000, 0x0000000800000000)
  region size 2048K, 2 young (4096K), 2 survivors (4096K)
 Metaspace       used 57297K, committed 57856K, reserved 1114112K
  class space    used 7567K, committed 7808K, reserved 1048576K
}
Event: 7.690 GC heap before
{Heap before GC invocations=11 (full 0):
 garbage-first heap   total 55296K, used 39935K [0x0000000700e00000, 0x0000000800000000)
  region size 2048K, 11 young (22528K), 2 survivors (4096K)
 Metaspace       used 59977K, committed 60480K, reserved 1114112K
  class space    used 7906K, committed 8128K, reserved 1048576K
}
Event: 7.694 GC heap after
{Heap after GC invocations=12 (full 0):
 garbage-first heap   total 55296K, used 24780K [0x0000000700e00000, 0x0000000800000000)
  region size 2048K, 2 young (4096K), 2 survivors (4096K)
 Metaspace       used 59977K, committed 60480K, reserved 1114112K
  class space    used 7906K, committed 8128K, reserved 1048576K
}
Event: 8.013 GC heap before
{Heap before GC invocations=13 (full 0):
 garbage-first heap   total 55296K, used 45260K [0x0000000700e00000, 0x0000000800000000)
  region size 2048K, 12 young (24576K), 2 survivors (4096K)
 Metaspace       used 61027K, committed 61696K, reserved 1114112K
  class space    used 8077K, committed 8384K, reserved 1048576K
}
Event: 8.016 GC heap after
{Heap after GC invocations=14 (full 0):
 garbage-first heap   total 55296K, used 25587K [0x0000000700e00000, 0x0000000800000000)
  region size 2048K, 1 young (2048K), 1 survivors (2048K)
 Metaspace       used 61027K, committed 61696K, reserved 1114112K
  class space    used 8077K, committed 8384K, reserved 1048576K
}
Event: 8.540 GC heap before
{Heap before GC invocations=14 (full 0):
 garbage-first heap   total 55296K, used 48115K [0x0000000700e00000, 0x0000000800000000)
  region size 2048K, 12 young (24576K), 1 survivors (2048K)
 Metaspace       used 63077K, committed 63744K, reserved 1114112K
  class space    used 8347K, committed 8640K, reserved 1048576K
}
Event: 8.545 GC heap after
{Heap after GC invocations=15 (full 0):
 garbage-first heap   total 55296K, used 27427K [0x0000000700e00000, 0x0000000800000000)
  region size 2048K, 2 young (4096K), 2 survivors (4096K)
 Metaspace       used 63077K, committed 63744K, reserved 1114112K
  class space    used 8347K, committed 8640K, reserved 1048576K
}

