# JRE version: OpenJDK Runtime Environment Temurin-17.0.10+7 (17.0.10+7) (build 17.0.10+7)
# Java VM: OpenJDK 64-Bit Server VM Temurin-17.0.10+7 (17.0.10+7, mixed mode, tiered, compressed oops, compressed class ptrs, parallel gc, windows-amd64)
GC Precious Log:
 CPUs: 4 total, 4 available
 Memory: 7167M
 Large Page Support: Disabled
 NUMA Support: Disabled
 Compressed Oops: Enabled (32-bit)
 Alignments: Space 512K, Generation 512K, Heap 2M
 Heap Min Capacity: 100M
 Heap Initial Capacity: 100M
 Heap Max Capacity: 1G
 Pre-touch: Disabled
 Parallel Workers: 4
Heap:
 PSYoungGen      total 22528K, used 1184K [0x00000000eab00000, 0x00000000ec280000, 0x0000000100000000)
  eden space 20992K, 0% used [0x00000000eab00000,0x00000000eab00000,0x00000000ebf80000)
  from space 1536K, 77% used [0x00000000ebf80000,0x00000000ec0a8020,0x00000000ec100000)
  to   space 1536K, 0% used [0x00000000ec100000,0x00000000ec100000,0x00000000ec280000)
 ParOldGen       total 68608K, used 67125K [0x00000000c0000000, 0x00000000c4300000, 0x00000000eab00000)
  object space 68608K, 97% used [0x00000000c0000000,0x00000000c418d7d0,0x00000000c4300000)
 Metaspace       used 68227K, committed 69504K, reserved 1114112K
  class space    used 7173K, committed 7680K, reserved 1048576K
GC Heap History (20 events):
Event: 28.025 GC heap after
{Heap after GC invocations=43 (full 3):
 PSYoungGen      total 22016K, used 785K [0x00000000eab00000, 0x00000000ec200000, 0x0000000100000000)
  eden space 20992K, 0% used [0x00000000eab00000,0x00000000eab00000,0x00000000ebf80000)
  from space 1024K, 76% used [0x00000000ec100000,0x00000000ec1c4788,0x00000000ec200000)
  to   space 1024K, 0% used [0x00000000ec000000,0x00000000ec000000,0x00000000ec100000)
 ParOldGen       total 68608K, used 53414K [0x00000000c0000000, 0x00000000c4300000, 0x00000000eab00000)
  object space 68608K, 77% used [0x00000000c0000000,0x00000000c34299e0,0x00000000c4300000)
 Metaspace       used 65341K, committed 66624K, reserved 1114112K
  class space    used 6896K, committed 7424K, reserved 1048576K
}
Event: 28.256 GC heap before
{Heap before GC invocations=44 (full 3):
 PSYoungGen      total 22016K, used 21777K [0x00000000eab00000, 0x00000000ec200000, 0x0000000100000000)
  eden space 20992K, 100% used [0x00000000eab00000,0x00000000ebf80000,0x00000000ebf80000)
  from space 1024K, 76% used [0x00000000ec100000,0x00000000ec1c4788,0x00000000ec200000)
  to   space 1024K, 0% used [0x00000000ec000000,0x00000000ec000000,0x00000000ec100000)
 ParOldGen       total 68608K, used 53414K [0x00000000c0000000, 0x00000000c4300000, 0x00000000eab00000)
  object space 68608K, 77% used [0x00000000c0000000,0x00000000c34299e0,0x00000000c4300000)
 Metaspace       used 65458K, committed 66688K, reserved 1114112K
  class space    used 6904K, committed 7424K, reserved 1048576K
}
Event: 28.262 GC heap after
{Heap after GC invocations=44 (full 3):
 PSYoungGen      total 22016K, used 999K [0x00000000eab00000, 0x00000000ec980000, 0x0000000100000000)
  eden space 20992K, 0% used [0x00000000eab00000,0x00000000eab00000,0x00000000ebf80000)
  from space 1024K, 97% used [0x00000000ec000000,0x00000000ec0f9e58,0x00000000ec100000)
  to   space 5120K, 0% used [0x00000000ec480000,0x00000000ec480000,0x00000000ec980000)
 ParOldGen       total 68608K, used 56765K [0x00000000c0000000, 0x00000000c4300000, 0x00000000eab00000)
  object space 68608K, 82% used [0x00000000c0000000,0x00000000c376f548,0x00000000c4300000)
 Metaspace       used 65458K, committed 66688K, reserved 1114112K
  class space    used 6904K, committed 7424K, reserved 1048576K
}
Event: 28.410 GC heap before
{Heap before GC invocations=45 (full 3):
 PSYoungGen      total 22016K, used 21991K [0x00000000eab00000, 0x00000000ec980000, 0x0000000100000000)
  eden space 20992K, 100% used [0x00000000eab00000,0x00000000ebf80000,0x00000000ebf80000)
  from space 1024K, 97% used [0x00000000ec000000,0x00000000ec0f9e58,0x00000000ec100000)
  to   space 5120K, 0% used [0x00000000ec480000,0x00000000ec480000,0x00000000ec980000)
 ParOldGen       total 68608K, used 56765K [0x00000000c0000000, 0x00000000c4300000, 0x00000000eab00000)
  object space 68608K, 82% used [0x00000000c0000000,0x00000000c376f548,0x00000000c4300000)
 Metaspace       used 65492K, committed 66752K, reserved 1114112K
  class space    used 6905K, committed 7424K, reserved 1048576K
}
Event: 28.415 GC heap after
{Heap after GC invocations=45 (full 3):
 PSYoungGen      total 23040K, used 1567K [0x00000000eab00000, 0x00000000ec680000, 0x0000000100000000)
  eden space 20992K, 0% used [0x00000000eab00000,0x00000000eab00000,0x00000000ebf80000)
  from space 2048K, 76% used [0x00000000ec480000,0x00000000ec607c80,0x00000000ec680000)
  to   space 3072K, 0% used [0x00000000ec080000,0x00000000ec080000,0x00000000ec380000)
 ParOldGen       total 68608K, used 57765K [0x00000000c0000000, 0x00000000c4300000, 0x00000000eab00000)
  object space 68608K, 84% used [0x00000000c0000000,0x00000000c3869690,0x00000000c4300000)
 Metaspace       used 65492K, committed 66752K, reserved 1114112K
  class space    used 6905K, committed 7424K, reserved 1048576K
}
Event: 28.539 GC heap before
{Heap before GC invocations=46 (full 3):
 PSYoungGen      total 23040K, used 22559K [0x00000000eab00000, 0x00000000ec680000, 0x0000000100000000)
  eden space 20992K, 100% used [0x00000000eab00000,0x00000000ebf80000,0x00000000ebf80000)
  from space 2048K, 76% used [0x00000000ec480000,0x00000000ec607c80,0x00000000ec680000)
  to   space 3072K, 0% used [0x00000000ec080000,0x00000000ec080000,0x00000000ec380000)
 ParOldGen       total 68608K, used 57765K [0x00000000c0000000, 0x00000000c4300000, 0x00000000eab00000)
  object space 68608K, 84% used [0x00000000c0000000,0x00000000c3869690,0x00000000c4300000)
 Metaspace       used 65529K, committed 66752K, reserved 1114112K
  class space    used 6908K, committed 7424K, reserved 1048576K
}
Event: 28.545 GC heap after
{Heap after GC invocations=46 (full 3):
 PSYoungGen      total 24064K, used 1140K [0x00000000eab00000, 0x00000000ec500000, 0x0000000100000000)
  eden space 20992K, 0% used [0x00000000eab00000,0x00000000eab00000,0x00000000ebf80000)
  from space 3072K, 37% used [0x00000000ec080000,0x00000000ec19d170,0x00000000ec380000)
  to   space 1536K, 0% used [0x00000000ec380000,0x00000000ec380000,0x00000000ec500000)
 ParOldGen       total 68608K, used 58933K [0x00000000c0000000, 0x00000000c4300000, 0x00000000eab00000)
  object space 68608K, 85% used [0x00000000c0000000,0x00000000c398d7b8,0x00000000c4300000)
 Metaspace       used 65529K, committed 66752K, reserved 1114112K
  class space    used 6908K, committed 7424K, reserved 1048576K
}
Event: 28.787 GC heap before
{Heap before GC invocations=47 (full 3):
 PSYoungGen      total 24064K, used 22132K [0x00000000eab00000, 0x00000000ec500000, 0x0000000100000000)
  eden space 20992K, 100% used [0x00000000eab00000,0x00000000ebf80000,0x00000000ebf80000)
  from space 3072K, 37% used [0x00000000ec080000,0x00000000ec19d170,0x00000000ec380000)
  to   space 1536K, 0% used [0x00000000ec380000,0x00000000ec380000,0x00000000ec500000)
 ParOldGen       total 68608K, used 58933K [0x00000000c0000000, 0x00000000c4300000, 0x00000000eab00000)
  object space 68608K, 85% used [0x00000000c0000000,0x00000000c398d7b8,0x00000000c4300000)
 Metaspace       used 65534K, committed 66752K, reserved 1114112K
  class space    used 6908K, committed 7424K, reserved 1048576K
}
Event: 28.791 GC heap after
{Heap after GC invocations=47 (full 3):
 PSYoungGen      total 22016K, used 1024K [0x00000000eab00000, 0x00000000ec480000, 0x0000000100000000)
  eden space 20992K, 0% used [0x00000000eab00000,0x00000000eab00000,0x00000000ebf80000)
  from space 1024K, 100% used [0x00000000ec380000,0x00000000ec480000,0x00000000ec480000)
  to   space 1536K, 0% used [0x00000000ec180000,0x00000000ec180000,0x00000000ec300000)
 ParOldGen       total 68608K, used 60015K [0x00000000c0000000, 0x00000000c4300000, 0x00000000eab00000)
  object space 68608K, 87% used [0x00000000c0000000,0x00000000c3a9beb8,0x00000000c4300000)
 Metaspace       used 65534K, committed 66752K, reserved 1114112K
  class space    used 6908K, committed 7424K, reserved 1048576K
}
Event: 29.074 GC heap before
{Heap before GC invocations=48 (full 3):
 PSYoungGen      total 22016K, used 22016K [0x00000000eab00000, 0x00000000ec480000, 0x0000000100000000)
  eden space 20992K, 100% used [0x00000000eab00000,0x00000000ebf80000,0x00000000ebf80000)
  from space 1024K, 100% used [0x00000000ec380000,0x00000000ec480000,0x00000000ec480000)
  to   space 1536K, 0% used [0x00000000ec180000,0x00000000ec180000,0x00000000ec300000)
 ParOldGen       total 68608K, used 60015K [0x00000000c0000000, 0x00000000c4300000, 0x00000000eab00000)
  object space 68608K, 87% used [0x00000000c0000000,0x00000000c3a9beb8,0x00000000c4300000)
 Metaspace       used 65569K, committed 66816K, reserved 1114112K
  class space    used 6908K, committed 7424K, reserved 1048576K
}
Event: 29.079 GC heap after
{Heap after GC invocations=48 (full 3):
 PSYoungGen      total 22528K, used 1198K [0x00000000eab00000, 0x00000000ec400000, 0x0000000100000000)
  eden space 20992K, 0% used [0x00000000eab00000,0x00000000eab00000,0x00000000ebf80000)
  from space 1536K, 78% used [0x00000000ec180000,0x00000000ec2abb00,0x00000000ec300000)
  to   space 1024K, 0% used [0x00000000ec300000,0x00000000ec300000,0x00000000ec400000)
 ParOldGen       total 68608K, used 60943K [0x00000000c0000000, 0x00000000c4300000, 0x00000000eab00000)
  object space 68608K, 88% used [0x00000000c0000000,0x00000000c3b83eb8,0x00000000c4300000)
 Metaspace       used 65569K, committed 66816K, reserved 1114112K
  class space    used 6908K, committed 7424K, reserved 1048576K
}
Event: 29.220 GC heap before
{Heap before GC invocations=49 (full 3):
 PSYoungGen      total 22528K, used 22190K [0x00000000eab00000, 0x00000000ec400000, 0x0000000100000000)
  eden space 20992K, 100% used [0x00000000eab00000,0x00000000ebf80000,0x00000000ebf80000)
  from space 1536K, 78% used [0x00000000ec180000,0x00000000ec2abb00,0x00000000ec300000)
  to   space 1024K, 0% used [0x00000000ec300000,0x00000000ec300000,0x00000000ec400000)
 ParOldGen       total 68608K, used 60943K [0x00000000c0000000, 0x00000000c4300000, 0x00000000eab00000)
  object space 68608K, 88% used [0x00000000c0000000,0x00000000c3b83eb8,0x00000000c4300000)
 Metaspace       used 65591K, committed 66816K, reserved 1114112K
  class space    used 6910K, committed 7424K, reserved 1048576K
}
Event: 29.227 GC heap after
{Heap after GC invocations=49 (full 3):
 PSYoungGen      total 22016K, used 1024K [0x00000000eab00000, 0x00000000ec680000, 0x0000000100000000)
  eden space 20992K, 0% used [0x00000000eab00000,0x00000000eab00000,0x00000000ebf80000)
  from space 1024K, 100% used [0x00000000ec300000,0x00000000ec400000,0x00000000ec400000)
  to   space 3584K, 0% used [0x00000000ebf80000,0x00000000ebf80000,0x00000000ec300000)
 ParOldGen       total 68608K, used 62988K [0x00000000c0000000, 0x00000000c4300000, 0x00000000eab00000)
  object space 68608K, 91% used [0x00000000c0000000,0x00000000c3d830b8,0x00000000c4300000)
 Metaspace       used 65591K, committed 66816K, reserved 1114112K
  class space    used 6910K, committed 7424K, reserved 1048576K
}
Event: 29.517 GC heap before
{Heap before GC invocations=50 (full 3):
 PSYoungGen      total 22016K, used 22016K [0x00000000eab00000, 0x00000000ec680000, 0x0000000100000000)
  eden space 20992K, 100% used [0x00000000eab00000,0x00000000ebf80000,0x00000000ebf80000)
  from space 1024K, 100% used [0x00000000ec300000,0x00000000ec400000,0x00000000ec400000)
  to   space 3584K, 0% used [0x00000000ebf80000,0x00000000ebf80000,0x00000000ec300000)
 ParOldGen       total 68608K, used 62988K [0x00000000c0000000, 0x00000000c4300000, 0x00000000eab00000)
  object space 68608K, 91% used [0x00000000c0000000,0x00000000c3d830b8,0x00000000c4300000)
 Metaspace       used 66319K, committed 67584K, reserved 1114112K
  class space    used 7002K, committed 7552K, reserved 1048576K
}
Event: 29.524 GC heap after
{Heap after GC invocations=50 (full 3):
 PSYoungGen      total 23040K, used 1744K [0x00000000eab00000, 0x00000000ec480000, 0x0000000100000000)
  eden space 20992K, 0% used [0x00000000eab00000,0x00000000eab00000,0x00000000ebf80000)
  from space 2048K, 85% used [0x00000000ebf80000,0x00000000ec134010,0x00000000ec180000)
  to   space 2560K, 0% used [0x00000000ec200000,0x00000000ec200000,0x00000000ec480000)
 ParOldGen       total 68608K, used 64012K [0x00000000c0000000, 0x00000000c4300000, 0x00000000eab00000)
  object space 68608K, 93% used [0x00000000c0000000,0x00000000c3e830b8,0x00000000c4300000)
 Metaspace       used 66319K, committed 67584K, reserved 1114112K
  class space    used 7002K, committed 7552K, reserved 1048576K
}
Event: 30.402 GC heap before
{Heap before GC invocations=51 (full 3):
 PSYoungGen      total 23040K, used 22736K [0x00000000eab00000, 0x00000000ec480000, 0x0000000100000000)
  eden space 20992K, 100% used [0x00000000eab00000,0x00000000ebf80000,0x00000000ebf80000)
  from space 2048K, 85% used [0x00000000ebf80000,0x00000000ec134010,0x00000000ec180000)
  to   space 2560K, 0% used [0x00000000ec200000,0x00000000ec200000,0x00000000ec480000)
 ParOldGen       total 68608K, used 64012K [0x00000000c0000000, 0x00000000c4300000, 0x00000000eab00000)
  object space 68608K, 93% used [0x00000000c0000000,0x00000000c3e830b8,0x00000000c4300000)
 Metaspace       used 67764K, committed 68992K, reserved 1114112K
  class space    used 7131K, committed 7616K, reserved 1048576K
}
Event: 30.412 GC heap after
{Heap after GC invocations=51 (full 3):
 PSYoungGen      total 23040K, used 1680K [0x00000000eab00000, 0x00000000ec400000, 0x0000000100000000)
  eden space 20992K, 0% used [0x00000000eab00000,0x00000000eab00000,0x00000000ebf80000)
  from space 2048K, 82% used [0x00000000ec200000,0x00000000ec3a4008,0x00000000ec400000)
  to   space 2048K, 0% used [0x00000000ebf80000,0x00000000ebf80000,0x00000000ec180000)
 ParOldGen       total 68608K, used 65684K [0x00000000c0000000, 0x00000000c4300000, 0x00000000eab00000)
  object space 68608K, 95% used [0x00000000c0000000,0x00000000c4025348,0x00000000c4300000)
 Metaspace       used 67764K, committed 68992K, reserved 1114112K
  class space    used 7131K, committed 7616K, reserved 1048576K
}
Event: 30.619 GC heap before
{Heap before GC invocations=52 (full 3):
 PSYoungGen      total 23040K, used 22672K [0x00000000eab00000, 0x00000000ec400000, 0x0000000100000000)
  eden space 20992K, 100% used [0x00000000eab00000,0x00000000ebf80000,0x00000000ebf80000)
  from space 2048K, 82% used [0x00000000ec200000,0x00000000ec3a4008,0x00000000ec400000)
  to   space 2048K, 0% used [0x00000000ebf80000,0x00000000ebf80000,0x00000000ec180000)
 ParOldGen       total 68608K, used 65684K [0x00000000c0000000, 0x00000000c4300000, 0x00000000eab00000)
  object space 68608K, 95% used [0x00000000c0000000,0x00000000c4025348,0x00000000c4300000)
 Metaspace       used 68227K, committed 69504K, reserved 1114112K
  class space    used 7173K, committed 7680K, reserved 1048576K
}
Event: 30.627 GC heap after
{Heap after GC invocations=52 (full 3):
 PSYoungGen      total 22528K, used 1184K [0x00000000eab00000, 0x00000000ec280000, 0x0000000100000000)
  eden space 20992K, 0% used [0x00000000eab00000,0x00000000eab00000,0x00000000ebf80000)
  from space 1536K, 77% used [0x00000000ebf80000,0x00000000ec0a8020,0x00000000ec100000)
  to   space 1536K, 0% used [0x00000000ec100000,0x00000000ec100000,0x00000000ec280000)
 ParOldGen       total 68608K, used 67125K [0x00000000c0000000, 0x00000000c4300000, 0x00000000eab00000)
  object space 68608K, 97% used [0x00000000c0000000,0x00000000c418d7d0,0x00000000c4300000)
 Metaspace       used 68227K, committed 69504K, reserved 1114112K
  class space    used 7173K, committed 7680K, reserved 1048576K
}
Event: 30.627 GC heap before
{Heap before GC invocations=53 (full 4):
 PSYoungGen      total 22528K, used 1184K [0x00000000eab00000, 0x00000000ec280000, 0x0000000100000000)
  eden space 20992K, 0% used [0x00000000eab00000,0x00000000eab00000,0x00000000ebf80000)
  from space 1536K, 77% used [0x00000000ebf80000,0x00000000ec0a8020,0x00000000ec100000)
  to   space 1536K, 0% used [0x00000000ec100000,0x00000000ec100000,0x00000000ec280000)
 ParOldGen       total 68608K, used 67125K [0x00000000c0000000, 0x00000000c4300000, 0x00000000eab00000)
  object space 68608K, 97% used [0x00000000c0000000,0x00000000c418d7d0,0x00000000c4300000)
 Metaspace       used 68227K, committed 69504K, reserved 1114112K
  class space    used 7173K, committed 7680K, reserved 1048576K
}

