# JRE version: OpenJDK Runtime Environment Temurin-21.0.8+9 (21.0.8+9) (build 21.0.8+9-LTS)
# Java VM: OpenJDK 64-Bit Server VM Temurin-21.0.8+9 (21.0.8+9-LTS, mixed mode, sharing, tiered, compressed oops, compressed class ptrs, parallel gc, windows-amd64)
GC Precious Log:
 CardTable entry size: 512
 CPUs: 4 total, 4 available
 Memory: 8072M
 Large Page Support: Disabled
 NUMA Support: Disabled
 Compressed Oops: Enabled (32-bit)
 Alignments: Space 512K, Generation 512K, Heap 2M
 Heap Min Capacity: 100M
 Heap Initial Capacity: 100M
 Heap Max Capacity: 2G
 Pre-touch: Disabled
 Parallel Workers: 4
Heap:
 PSYoungGen      total 14336K, used 0K [0x00000000d5580000, 0x00000000d6600000, 0x0000000100000000)
  eden space 13824K, 0% used [0x00000000d5580000,0x00000000d5580000,0x00000000d6300000)
  from space 512K, 0% used [0x00000000d6500000,0x00000000d6500000,0x00000000d6580000)
  to   space 512K, 0% used [0x00000000d6580000,0x00000000d6580000,0x00000000d6600000)
 ParOldGen       total 1398272K, used 1391957K [0x0000000080000000, 0x00000000d5580000, 0x00000000d5580000)
  object space 1398272K, 99% used [0x0000000080000000,0x00000000d4f55610,0x00000000d5580000)
 Metaspace       used 98283K, committed 100032K, reserved 1179648K
  class space    used 10001K, committed 10816K, reserved 1048576K
GC Heap History (20 events):
Event: 7188.078 GC heap after
{Heap after GC invocations=3551 (full 8):
 PSYoungGen      total 11776K, used 256K [0x00000000d5580000, 0x00000000d6600000, 0x0000000100000000)
  eden space 11264K, 0% used [0x00000000d5580000,0x00000000d5580000,0x00000000d6080000)
  from space 512K, 50% used [0x00000000d6580000,0x00000000d65c0000,0x00000000d6600000)
  to   space 512K, 0% used [0x00000000d6500000,0x00000000d6500000,0x00000000d6580000)
 ParOldGen       total 1184768K, used 1180161K [0x0000000080000000, 0x00000000c8500000, 0x00000000d5580000)
  object space 1184768K, 99% used [0x0000000080000000,0x00000000c8080460,0x00000000c8500000)
 Metaspace       used 98167K, committed 99904K, reserved 1179648K
  class space    used 10001K, committed 10816K, reserved 1048576K
}
Event: 7191.901 GC heap before
{Heap before GC invocations=3552 (full 8):
 PSYoungGen      total 11776K, used 11518K [0x00000000d5580000, 0x00000000d6600000, 0x0000000100000000)
  eden space 11264K, 99% used [0x00000000d5580000,0x00000000d607fa78,0x00000000d6080000)
  from space 512K, 50% used [0x00000000d6580000,0x00000000d65c0000,0x00000000d6600000)
  to   space 512K, 0% used [0x00000000d6500000,0x00000000d6500000,0x00000000d6580000)
 ParOldGen       total 1216512K, used 1210881K [0x0000000080000000, 0x00000000ca400000, 0x00000000d5580000)
  object space 1216512K, 99% used [0x0000000080000000,0x00000000c9e80490,0x00000000ca400000)
 Metaspace       used 98186K, committed 99968K, reserved 1179648K
  class space    used 10001K, committed 10816K, reserved 1048576K
}
Event: 7191.904 GC heap after
{Heap after GC invocations=3552 (full 8):
 PSYoungGen      total 11776K, used 192K [0x00000000d5580000, 0x00000000d6600000, 0x0000000100000000)
  eden space 11264K, 0% used [0x00000000d5580000,0x00000000d5580000,0x00000000d6080000)
  from space 512K, 37% used [0x00000000d6500000,0x00000000d6530000,0x00000000d6580000)
  to   space 512K, 0% used [0x00000000d6580000,0x00000000d6580000,0x00000000d6600000)
 ParOldGen       total 1216512K, used 1210933K [0x0000000080000000, 0x00000000ca400000, 0x00000000d5580000)
  object space 1216512K, 99% used [0x0000000080000000,0x00000000c9e8d4a0,0x00000000ca400000)
 Metaspace       used 98186K, committed 99968K, reserved 1179648K
  class space    used 10001K, committed 10816K, reserved 1048576K
}
Event: 7192.084 GC heap before
{Heap before GC invocations=3553 (full 8):
 PSYoungGen      total 11776K, used 11456K [0x00000000d5580000, 0x00000000d6600000, 0x0000000100000000)
  eden space 11264K, 100% used [0x00000000d5580000,0x00000000d6080000,0x00000000d6080000)
  from space 512K, 37% used [0x00000000d6500000,0x00000000d6530000,0x00000000d6580000)
  to   space 512K, 0% used [0x00000000d6580000,0x00000000d6580000,0x00000000d6600000)
 ParOldGen       total 1240064K, used 1233973K [0x0000000080000000, 0x00000000cbb00000, 0x00000000d5580000)
  object space 1240064K, 99% used [0x0000000080000000,0x00000000cb50d4c0,0x00000000cbb00000)
 Metaspace       used 98192K, committed 99968K, reserved 1179648K
  class space    used 10001K, committed 10816K, reserved 1048576K
}
Event: 7192.086 GC heap after
{Heap after GC invocations=3553 (full 8):
 PSYoungGen      total 11776K, used 192K [0x00000000d5580000, 0x00000000d6600000, 0x0000000100000000)
  eden space 11264K, 0% used [0x00000000d5580000,0x00000000d5580000,0x00000000d6080000)
  from space 512K, 37% used [0x00000000d6580000,0x00000000d65b0000,0x00000000d6600000)
  to   space 512K, 0% used [0x00000000d6500000,0x00000000d6500000,0x00000000d6580000)
 ParOldGen       total 1240064K, used 1234005K [0x0000000080000000, 0x00000000cbb00000, 0x00000000d5580000)
  object space 1240064K, 99% used [0x0000000080000000,0x00000000cb5154c0,0x00000000cbb00000)
 Metaspace       used 98192K, committed 99968K, reserved 1179648K
  class space    used 10001K, committed 10816K, reserved 1048576K
}
Event: 7194.344 GC heap before
{Heap before GC invocations=3554 (full 8):
 PSYoungGen      total 11776K, used 11456K [0x00000000d5580000, 0x00000000d6600000, 0x0000000100000000)
  eden space 11264K, 100% used [0x00000000d5580000,0x00000000d6080000,0x00000000d6080000)
  from space 512K, 37% used [0x00000000d6580000,0x00000000d65b0000,0x00000000d6600000)
  to   space 512K, 0% used [0x00000000d6500000,0x00000000d6500000,0x00000000d6580000)
 ParOldGen       total 1271808K, used 1264725K [0x0000000080000000, 0x00000000cda00000, 0x00000000d5580000)
  object space 1271808K, 99% used [0x0000000080000000,0x00000000cd3154f0,0x00000000cda00000)
 Metaspace       used 98225K, committed 99968K, reserved 1179648K
  class space    used 10001K, committed 10816K, reserved 1048576K
}
Event: 7194.346 GC heap after
{Heap after GC invocations=3554 (full 8):
 PSYoungGen      total 11776K, used 384K [0x00000000d5580000, 0x00000000d6600000, 0x0000000100000000)
  eden space 11264K, 0% used [0x00000000d5580000,0x00000000d5580000,0x00000000d6080000)
  from space 512K, 75% used [0x00000000d6500000,0x00000000d6560000,0x00000000d6580000)
  to   space 512K, 0% used [0x00000000d6580000,0x00000000d6580000,0x00000000d6600000)
 ParOldGen       total 1271808K, used 1264749K [0x0000000080000000, 0x00000000cda00000, 0x00000000d5580000)
  object space 1271808K, 99% used [0x0000000080000000,0x00000000cd31b4f0,0x00000000cda00000)
 Metaspace       used 98225K, committed 99968K, reserved 1179648K
  class space    used 10001K, committed 10816K, reserved 1048576K
}
Event: 7212.913 GC heap before
{Heap before GC invocations=3555 (full 8):
 PSYoungGen      total 11776K, used 11648K [0x00000000d5580000, 0x00000000d6600000, 0x0000000100000000)
  eden space 11264K, 100% used [0x00000000d5580000,0x00000000d6080000,0x00000000d6080000)
  from space 512K, 75% used [0x00000000d6500000,0x00000000d6560000,0x00000000d6580000)
  to   space 512K, 0% used [0x00000000d6580000,0x00000000d6580000,0x00000000d6600000)
 ParOldGen       total 1303552K, used 1295469K [0x0000000080000000, 0x00000000cf900000, 0x00000000d5580000)
  object space 1303552K, 99% used [0x0000000080000000,0x00000000cf11b520,0x00000000cf900000)
 Metaspace       used 98262K, committed 100032K, reserved 1179648K
  class space    used 10001K, committed 10816K, reserved 1048576K
}
Event: 7212.919 GC heap after
{Heap after GC invocations=3555 (full 8):
 PSYoungGen      total 11776K, used 464K [0x00000000d5580000, 0x00000000d6600000, 0x0000000100000000)
  eden space 11264K, 0% used [0x00000000d5580000,0x00000000d5580000,0x00000000d6080000)
  from space 512K, 90% used [0x00000000d6580000,0x00000000d65f4010,0x00000000d6600000)
  to   space 512K, 0% used [0x00000000d6500000,0x00000000d6500000,0x00000000d6580000)
 ParOldGen       total 1303552K, used 1295493K [0x0000000080000000, 0x00000000cf900000, 0x00000000d5580000)
  object space 1303552K, 99% used [0x0000000080000000,0x00000000cf121520,0x00000000cf900000)
 Metaspace       used 98262K, committed 100032K, reserved 1179648K
  class space    used 10001K, committed 10816K, reserved 1048576K
}
Event: 7212.995 GC heap before
{Heap before GC invocations=3556 (full 8):
 PSYoungGen      total 11776K, used 11728K [0x00000000d5580000, 0x00000000d6600000, 0x0000000100000000)
  eden space 11264K, 100% used [0x00000000d5580000,0x00000000d6080000,0x00000000d6080000)
  from space 512K, 90% used [0x00000000d6580000,0x00000000d65f4010,0x00000000d6600000)
  to   space 512K, 0% used [0x00000000d6500000,0x00000000d6500000,0x00000000d6580000)
 ParOldGen       total 1327104K, used 1318533K [0x0000000080000000, 0x00000000d1000000, 0x00000000d5580000)
  object space 1327104K, 99% used [0x0000000080000000,0x00000000d07a1540,0x00000000d1000000)
 Metaspace       used 98263K, committed 100032K, reserved 1179648K
  class space    used 10001K, committed 10816K, reserved 1048576K
}
Event: 7212.997 GC heap after
{Heap after GC invocations=3556 (full 8):
 PSYoungGen      total 11776K, used 288K [0x00000000d5580000, 0x00000000d6600000, 0x0000000100000000)
  eden space 11264K, 0% used [0x00000000d5580000,0x00000000d5580000,0x00000000d6080000)
  from space 512K, 56% used [0x00000000d6500000,0x00000000d6548000,0x00000000d6580000)
  to   space 512K, 0% used [0x00000000d6580000,0x00000000d6580000,0x00000000d6600000)
 ParOldGen       total 1327104K, used 1318605K [0x0000000080000000, 0x00000000d1000000, 0x00000000d5580000)
  object space 1327104K, 99% used [0x0000000080000000,0x00000000d07b3540,0x00000000d1000000)
 Metaspace       used 98263K, committed 100032K, reserved 1179648K
  class space    used 10001K, committed 10816K, reserved 1048576K
}
Event: 7223.946 GC heap before
{Heap before GC invocations=3557 (full 8):
 PSYoungGen      total 11776K, used 11552K [0x00000000d5580000, 0x00000000d6600000, 0x0000000100000000)
  eden space 11264K, 100% used [0x00000000d5580000,0x00000000d6080000,0x00000000d6080000)
  from space 512K, 56% used [0x00000000d6500000,0x00000000d6548000,0x00000000d6580000)
  to   space 512K, 0% used [0x00000000d6580000,0x00000000d6580000,0x00000000d6600000)
 ParOldGen       total 1350656K, used 1349325K [0x0000000080000000, 0x00000000d2700000, 0x00000000d5580000)
  object space 1350656K, 99% used [0x0000000080000000,0x00000000d25b3570,0x00000000d2700000)
 Metaspace       used 98276K, committed 100032K, reserved 1179648K
  class space    used 10001K, committed 10816K, reserved 1048576K
}
Event: 7223.951 GC heap after
{Heap after GC invocations=3557 (full 8):
 PSYoungGen      total 11776K, used 192K [0x00000000d5580000, 0x00000000d6600000, 0x0000000100000000)
  eden space 11264K, 0% used [0x00000000d5580000,0x00000000d5580000,0x00000000d6080000)
  from space 512K, 37% used [0x00000000d6580000,0x00000000d65b0000,0x00000000d6600000)
  to   space 512K, 0% used [0x00000000d6500000,0x00000000d6500000,0x00000000d6580000)
 ParOldGen       total 1350656K, used 1349381K [0x0000000080000000, 0x00000000d2700000, 0x00000000d5580000)
  object space 1350656K, 99% used [0x0000000080000000,0x00000000d25c1570,0x00000000d2700000)
 Metaspace       used 98276K, committed 100032K, reserved 1179648K
  class space    used 10001K, committed 10816K, reserved 1048576K
}
Event: 7224.029 GC heap before
{Heap before GC invocations=3558 (full 8):
 PSYoungGen      total 11776K, used 11456K [0x00000000d5580000, 0x00000000d6600000, 0x0000000100000000)
  eden space 11264K, 100% used [0x00000000d5580000,0x00000000d6080000,0x00000000d6080000)
  from space 512K, 37% used [0x00000000d6580000,0x00000000d65b0000,0x00000000d6600000)
  to   space 512K, 0% used [0x00000000d6500000,0x00000000d6500000,0x00000000d6580000)
 ParOldGen       total 1374208K, used 1372421K [0x0000000080000000, 0x00000000d3e00000, 0x00000000d5580000)
  object space 1374208K, 99% used [0x0000000080000000,0x00000000d3c41590,0x00000000d3e00000)
 Metaspace       used 98282K, committed 100032K, reserved 1179648K
  class space    used 10001K, committed 10816K, reserved 1048576K
}
Event: 7224.033 GC heap after
{Heap after GC invocations=3558 (full 8):
 PSYoungGen      total 11776K, used 192K [0x00000000d5580000, 0x00000000d6600000, 0x0000000100000000)
  eden space 11264K, 0% used [0x00000000d5580000,0x00000000d5580000,0x00000000d6080000)
  from space 512K, 37% used [0x00000000d6500000,0x00000000d6530000,0x00000000d6580000)
  to   space 512K, 0% used [0x00000000d6580000,0x00000000d6580000,0x00000000d6600000)
 ParOldGen       total 1374208K, used 1372469K [0x0000000080000000, 0x00000000d3e00000, 0x00000000d5580000)
  object space 1374208K, 99% used [0x0000000080000000,0x00000000d3c4d590,0x00000000d3e00000)
 Metaspace       used 98282K, committed 100032K, reserved 1179648K
  class space    used 10001K, committed 10816K, reserved 1048576K
}
Event: 7226.332 GC heap before
{Heap before GC invocations=3559 (full 8):
 PSYoungGen      total 11776K, used 7052K [0x00000000d5580000, 0x00000000d6600000, 0x0000000100000000)
  eden space 11264K, 60% used [0x00000000d5580000,0x00000000d5c330d0,0x00000000d6080000)
  from space 512K, 37% used [0x00000000d6500000,0x00000000d6530000,0x00000000d6580000)
  to   space 512K, 0% used [0x00000000d6580000,0x00000000d6580000,0x00000000d6600000)
 ParOldGen       total 1398272K, used 1391669K [0x0000000080000000, 0x00000000d5580000, 0x00000000d5580000)
  object space 1398272K, 99% used [0x0000000080000000,0x00000000d4f0d5b0,0x00000000d5580000)
 Metaspace       used 98283K, committed 100032K, reserved 1179648K
  class space    used 10001K, committed 10816K, reserved 1048576K
}
Event: 7226.336 GC heap after
{Heap after GC invocations=3559 (full 8):
 PSYoungGen      total 11776K, used 320K [0x00000000d5580000, 0x00000000d6600000, 0x0000000100000000)
  eden space 11264K, 0% used [0x00000000d5580000,0x00000000d5580000,0x00000000d6080000)
  from space 512K, 62% used [0x00000000d6580000,0x00000000d65d0000,0x00000000d6600000)
  to   space 512K, 0% used [0x00000000d6500000,0x00000000d6500000,0x00000000d6580000)
 ParOldGen       total 1398272K, used 1391701K [0x0000000080000000, 0x00000000d5580000, 0x00000000d5580000)
  object space 1398272K, 99% used [0x0000000080000000,0x00000000d4f155b0,0x00000000d5580000)
 Metaspace       used 98283K, committed 100032K, reserved 1179648K
  class space    used 10001K, committed 10816K, reserved 1048576K
}
Event: 7226.336 GC heap before
{Heap before GC invocations=3560 (full 8):
 PSYoungGen      total 11776K, used 320K [0x00000000d5580000, 0x00000000d6600000, 0x0000000100000000)
  eden space 11264K, 0% used [0x00000000d5580000,0x00000000d5580000,0x00000000d6080000)
  from space 512K, 62% used [0x00000000d6580000,0x00000000d65d0000,0x00000000d6600000)
  to   space 512K, 0% used [0x00000000d6500000,0x00000000d6500000,0x00000000d6580000)
 ParOldGen       total 1398272K, used 1391701K [0x0000000080000000, 0x00000000d5580000, 0x00000000d5580000)
  object space 1398272K, 99% used [0x0000000080000000,0x00000000d4f155b0,0x00000000d5580000)
 Metaspace       used 98283K, committed 100032K, reserved 1179648K
  class space    used 10001K, committed 10816K, reserved 1048576K
}
Event: 7226.338 GC heap after
{Heap after GC invocations=3560 (full 8):
 PSYoungGen      total 14336K, used 0K [0x00000000d5580000, 0x00000000d6600000, 0x0000000100000000)
  eden space 13824K, 0% used [0x00000000d5580000,0x00000000d5580000,0x00000000d6300000)
  from space 512K, 0% used [0x00000000d6500000,0x00000000d6500000,0x00000000d6580000)
  to   space 512K, 0% used [0x00000000d6580000,0x00000000d6580000,0x00000000d6600000)
 ParOldGen       total 1398272K, used 1391957K [0x0000000080000000, 0x00000000d5580000, 0x00000000d5580000)
  object space 1398272K, 99% used [0x0000000080000000,0x00000000d4f55610,0x00000000d5580000)
 Metaspace       used 98283K, committed 100032K, reserved 1179648K
  class space    used 10001K, committed 10816K, reserved 1048576K
}
Event: 7226.338 GC heap before
{Heap before GC invocations=3561 (full 9):
 PSYoungGen      total 14336K, used 0K [0x00000000d5580000, 0x00000000d6600000, 0x0000000100000000)
  eden space 13824K, 0% used [0x00000000d5580000,0x00000000d5580000,0x00000000d6300000)
  from space 512K, 0% used [0x00000000d6500000,0x00000000d6500000,0x00000000d6580000)
  to   space 512K, 0% used [0x00000000d6580000,0x00000000d6580000,0x00000000d6600000)
 ParOldGen       total 1398272K, used 1391957K [0x0000000080000000, 0x00000000d5580000, 0x00000000d5580000)
  object space 1398272K, 99% used [0x0000000080000000,0x00000000d4f55610,0x00000000d5580000)
 Metaspace       used 98283K, committed 100032K, reserved 1179648K
  class space    used 10001K, committed 10816K, reserved 1048576K
}

