# JRE version: OpenJDK Runtime Environment Temurin-17.0.9+9 (17.0.9+9) (build 17.0.9+9)
# Java VM: OpenJDK 64-Bit Server VM Temurin-17.0.9+9 (17.0.9+9, mixed mode, sharing, tiered, compressed oops, compressed class ptrs, parallel gc, windows-amd64)
GC Precious Log:
 CPUs: 12 total, 12 available
 Memory: 16225M
 Large Page Support: Disabled
 NUMA Support: Disabled
 Compressed Oops: Enabled (32-bit)
 Alignments: Space 512K, Generation 512K, Heap 2M
 Heap Min Capacity: 100M
 Heap Initial Capacity: 100M
 Heap Max Capacity: 1G
 Pre-touch: Disabled
 Parallel Workers: 10
Heap:
 PSYoungGen      total 14848K, used 12888K [0x00000000eab00000, 0x00000000ec100000, 0x0000000100000000)
  eden space 8192K, 99% used [0x00000000eab00000,0x00000000eb2ffff0,0x00000000eb300000)
  from space 6656K, 70% used [0x00000000eb300000,0x00000000eb7961b0,0x00000000eb980000)
  to   space 6656K, 51% used [0x00000000eba80000,0x00000000ebde0000,0x00000000ec100000)
 ParOldGen       total 140800K, used 106753K [0x00000000c0000000, 0x00000000c8980000, 0x00000000eab00000)
  object space 140800K, 75% used [0x00000000c0000000,0x00000000c6840748,0x00000000c8980000)
 Metaspace       used 69186K, committed 70720K, reserved 1114112K
  class space    used 7298K, committed 8000K, reserved 1048576K
GC Heap History (20 events):
Event: 32.679 GC heap after
{Heap after GC invocations=100 (full 4):
 PSYoungGen      total 11264K, used 352K [0x00000000eab00000, 0x00000000eb680000, 0x0000000100000000)
  eden space 10240K, 0% used [0x00000000eab00000,0x00000000eab00000,0x00000000eb500000)
  from space 1024K, 34% used [0x00000000eb500000,0x00000000eb558000,0x00000000eb600000)
  to   space 512K, 0% used [0x00000000eb600000,0x00000000eb600000,0x00000000eb680000)
 ParOldGen       total 85504K, used 73143K [0x00000000c0000000, 0x00000000c5380000, 0x00000000eab00000)
  object space 85504K, 85% used [0x00000000c0000000,0x00000000c476df20,0x00000000c5380000)
 Metaspace       used 67569K, committed 68992K, reserved 1114112K
  class space    used 7098K, committed 7744K, reserved 1048576K
}
Event: 63.811 GC heap before
{Heap before GC invocations=101 (full 4):
 PSYoungGen      total 11264K, used 10492K [0x00000000eab00000, 0x00000000eb680000, 0x0000000100000000)
  eden space 10240K, 99% used [0x00000000eab00000,0x00000000eb4e7330,0x00000000eb500000)
  from space 1024K, 34% used [0x00000000eb500000,0x00000000eb558000,0x00000000eb600000)
  to   space 512K, 0% used [0x00000000eb600000,0x00000000eb600000,0x00000000eb680000)
 ParOldGen       total 85504K, used 73143K [0x00000000c0000000, 0x00000000c5380000, 0x00000000eab00000)
  object space 85504K, 85% used [0x00000000c0000000,0x00000000c476df20,0x00000000c5380000)
 Metaspace       used 68820K, committed 70272K, reserved 1114112K
  class space    used 7264K, committed 7872K, reserved 1048576K
}
Event: 63.812 GC heap after
{Heap after GC invocations=101 (full 4):
 PSYoungGen      total 9216K, used 496K [0x00000000eab00000, 0x00000000eba00000, 0x0000000100000000)
  eden space 8704K, 0% used [0x00000000eab00000,0x00000000eab00000,0x00000000eb380000)
  from space 512K, 96% used [0x00000000eb600000,0x00000000eb67c010,0x00000000eb680000)
  to   space 2560K, 0% used [0x00000000eb380000,0x00000000eb380000,0x00000000eb600000)
 ParOldGen       total 85504K, used 74673K [0x00000000c0000000, 0x00000000c5380000, 0x00000000eab00000)
  object space 85504K, 87% used [0x00000000c0000000,0x00000000c48ec6c0,0x00000000c5380000)
 Metaspace       used 68820K, committed 70272K, reserved 1114112K
  class space    used 7264K, committed 7872K, reserved 1048576K
}
Event: 63.832 GC heap before
{Heap before GC invocations=102 (full 4):
 PSYoungGen      total 9216K, used 7056K [0x00000000eab00000, 0x00000000eba00000, 0x0000000100000000)
  eden space 8704K, 75% used [0x00000000eab00000,0x00000000eb168370,0x00000000eb380000)
  from space 512K, 96% used [0x00000000eb600000,0x00000000eb67c010,0x00000000eb680000)
  to   space 2560K, 0% used [0x00000000eb380000,0x00000000eb380000,0x00000000eb600000)
 ParOldGen       total 85504K, used 74673K [0x00000000c0000000, 0x00000000c5380000, 0x00000000eab00000)
  object space 85504K, 87% used [0x00000000c0000000,0x00000000c48ec6c0,0x00000000c5380000)
 Metaspace       used 68836K, committed 70272K, reserved 1114112K
  class space    used 7265K, committed 7872K, reserved 1048576K
}
Event: 63.833 GC heap after
{Heap after GC invocations=102 (full 4):
 PSYoungGen      total 11264K, used 2043K [0x00000000eab00000, 0x00000000eb880000, 0x0000000100000000)
  eden space 8704K, 0% used [0x00000000eab00000,0x00000000eab00000,0x00000000eb380000)
  from space 2560K, 79% used [0x00000000eb380000,0x00000000eb57ec10,0x00000000eb600000)
  to   space 2560K, 0% used [0x00000000eb600000,0x00000000eb600000,0x00000000eb880000)
 ParOldGen       total 85504K, used 76519K [0x00000000c0000000, 0x00000000c5380000, 0x00000000eab00000)
  object space 85504K, 89% used [0x00000000c0000000,0x00000000c4ab9e80,0x00000000c5380000)
 Metaspace       used 68836K, committed 70272K, reserved 1114112K
  class space    used 7265K, committed 7872K, reserved 1048576K
}
Event: 63.877 GC heap before
{Heap before GC invocations=103 (full 5):
 PSYoungGen      total 11264K, used 10747K [0x00000000eab00000, 0x00000000eb880000, 0x0000000100000000)
  eden space 8704K, 100% used [0x00000000eab00000,0x00000000eb380000,0x00000000eb380000)
  from space 2560K, 79% used [0x00000000eb380000,0x00000000eb57ec10,0x00000000eb600000)
  to   space 2560K, 0% used [0x00000000eb600000,0x00000000eb600000,0x00000000eb880000)
 ParOldGen       total 123392K, used 121518K [0x00000000c0000000, 0x00000000c7880000, 0x00000000eab00000)
  object space 123392K, 98% used [0x00000000c0000000,0x00000000c76ab9e0,0x00000000c7880000)
 Metaspace       used 68846K, committed 70272K, reserved 1114112K
  class space    used 7267K, committed 7872K, reserved 1048576K
}
Event: 63.919 GC heap after
{Heap after GC invocations=103 (full 5):
 PSYoungGen      total 11264K, used 0K [0x00000000eab00000, 0x00000000eb880000, 0x0000000100000000)
  eden space 8704K, 0% used [0x00000000eab00000,0x00000000eab00000,0x00000000eb380000)
  from space 2560K, 0% used [0x00000000eb600000,0x00000000eb600000,0x00000000eb880000)
  to   space 2560K, 0% used [0x00000000eb380000,0x00000000eb380000,0x00000000eb600000)
 ParOldGen       total 102400K, used 75524K [0x00000000c0000000, 0x00000000c6400000, 0x00000000eab00000)
  object space 102400K, 73% used [0x00000000c0000000,0x00000000c49c1298,0x00000000c6400000)
 Metaspace       used 68846K, committed 70272K, reserved 1114112K
  class space    used 7267K, committed 7872K, reserved 1048576K
}
Event: 63.931 GC heap before
{Heap before GC invocations=104 (full 5):
 PSYoungGen      total 11264K, used 8704K [0x00000000eab00000, 0x00000000eb880000, 0x0000000100000000)
  eden space 8704K, 100% used [0x00000000eab00000,0x00000000eb380000,0x00000000eb380000)
  from space 2560K, 0% used [0x00000000eb600000,0x00000000eb600000,0x00000000eb880000)
  to   space 2560K, 0% used [0x00000000eb380000,0x00000000eb380000,0x00000000eb600000)
 ParOldGen       total 102400K, used 75524K [0x00000000c0000000, 0x00000000c6400000, 0x00000000eab00000)
  object space 102400K, 73% used [0x00000000c0000000,0x00000000c49c1298,0x00000000c6400000)
 Metaspace       used 68846K, committed 70272K, reserved 1114112K
  class space    used 7267K, committed 7872K, reserved 1048576K
}
Event: 63.933 GC heap after
{Heap after GC invocations=104 (full 5):
 PSYoungGen      total 11264K, used 2560K [0x00000000eab00000, 0x00000000ec180000, 0x0000000100000000)
  eden space 8704K, 0% used [0x00000000eab00000,0x00000000eab00000,0x00000000eb380000)
  from space 2560K, 100% used [0x00000000eb380000,0x00000000eb600000,0x00000000eb600000)
  to   space 7168K, 0% used [0x00000000eba80000,0x00000000eba80000,0x00000000ec180000)
 ParOldGen       total 102400K, used 79052K [0x00000000c0000000, 0x00000000c6400000, 0x00000000eab00000)
  object space 102400K, 77% used [0x00000000c0000000,0x00000000c4d33298,0x00000000c6400000)
 Metaspace       used 68846K, committed 70272K, reserved 1114112K
  class space    used 7267K, committed 7872K, reserved 1048576K
}
Event: 63.943 GC heap before
{Heap before GC invocations=105 (full 5):
 PSYoungGen      total 11264K, used 11264K [0x00000000eab00000, 0x00000000ec180000, 0x0000000100000000)
  eden space 8704K, 100% used [0x00000000eab00000,0x00000000eb380000,0x00000000eb380000)
  from space 2560K, 100% used [0x00000000eb380000,0x00000000eb600000,0x00000000eb600000)
  to   space 7168K, 0% used [0x00000000eba80000,0x00000000eba80000,0x00000000ec180000)
 ParOldGen       total 102400K, used 79052K [0x00000000c0000000, 0x00000000c6400000, 0x00000000eab00000)
  object space 102400K, 77% used [0x00000000c0000000,0x00000000c4d33298,0x00000000c6400000)
 Metaspace       used 68846K, committed 70272K, reserved 1114112K
  class space    used 7267K, committed 7872K, reserved 1048576K
}
Event: 63.946 GC heap after
{Heap after GC invocations=105 (full 5):
 PSYoungGen      total 15360K, used 6880K [0x00000000eab00000, 0x00000000ec280000, 0x0000000100000000)
  eden space 8192K, 0% used [0x00000000eab00000,0x00000000eab00000,0x00000000eb300000)
  from space 7168K, 95% used [0x00000000eba80000,0x00000000ec138000,0x00000000ec180000)
  to   space 7680K, 0% used [0x00000000eb300000,0x00000000eb300000,0x00000000eba80000)
 ParOldGen       total 102400K, used 81660K [0x00000000c0000000, 0x00000000c6400000, 0x00000000eab00000)
  object space 102400K, 79% used [0x00000000c0000000,0x00000000c4fbf298,0x00000000c6400000)
 Metaspace       used 68846K, committed 70272K, reserved 1114112K
  class space    used 7267K, committed 7872K, reserved 1048576K
}
Event: 63.956 GC heap before
{Heap before GC invocations=106 (full 5):
 PSYoungGen      total 15360K, used 15072K [0x00000000eab00000, 0x00000000ec280000, 0x0000000100000000)
  eden space 8192K, 100% used [0x00000000eab00000,0x00000000eb300000,0x00000000eb300000)
  from space 7168K, 95% used [0x00000000eba80000,0x00000000ec138000,0x00000000ec180000)
  to   space 7680K, 0% used [0x00000000eb300000,0x00000000eb300000,0x00000000eba80000)
 ParOldGen       total 102400K, used 81660K [0x00000000c0000000, 0x00000000c6400000, 0x00000000eab00000)
  object space 102400K, 79% used [0x00000000c0000000,0x00000000c4fbf298,0x00000000c6400000)
 Metaspace       used 68846K, committed 70272K, reserved 1114112K
  class space    used 7267K, committed 7872K, reserved 1048576K
}
Event: 63.959 GC heap after
{Heap after GC invocations=106 (full 5):
 PSYoungGen      total 14848K, used 6400K [0x00000000eab00000, 0x00000000ec000000, 0x0000000100000000)
  eden space 8192K, 0% used [0x00000000eab00000,0x00000000eab00000,0x00000000eb300000)
  from space 6656K, 96% used [0x00000000eb300000,0x00000000eb940000,0x00000000eb980000)
  to   space 6656K, 0% used [0x00000000eb980000,0x00000000eb980000,0x00000000ec000000)
 ParOldGen       total 102400K, used 88436K [0x00000000c0000000, 0x00000000c6400000, 0x00000000eab00000)
  object space 102400K, 86% used [0x00000000c0000000,0x00000000c565d298,0x00000000c6400000)
 Metaspace       used 68846K, committed 70272K, reserved 1114112K
  class space    used 7267K, committed 7872K, reserved 1048576K
}
Event: 63.969 GC heap before
{Heap before GC invocations=107 (full 5):
 PSYoungGen      total 14848K, used 14592K [0x00000000eab00000, 0x00000000ec000000, 0x0000000100000000)
  eden space 8192K, 100% used [0x00000000eab00000,0x00000000eb300000,0x00000000eb300000)
  from space 6656K, 96% used [0x00000000eb300000,0x00000000eb940000,0x00000000eb980000)
  to   space 6656K, 0% used [0x00000000eb980000,0x00000000eb980000,0x00000000ec000000)
 ParOldGen       total 102400K, used 88436K [0x00000000c0000000, 0x00000000c6400000, 0x00000000eab00000)
  object space 102400K, 86% used [0x00000000c0000000,0x00000000c565d298,0x00000000c6400000)
 Metaspace       used 68846K, committed 70272K, reserved 1114112K
  class space    used 7267K, committed 7872K, reserved 1048576K
}
Event: 63.972 GC heap after
{Heap after GC invocations=107 (full 5):
 PSYoungGen      total 14848K, used 6336K [0x00000000eab00000, 0x00000000ec000000, 0x0000000100000000)
  eden space 8192K, 0% used [0x00000000eab00000,0x00000000eab00000,0x00000000eb300000)
  from space 6656K, 95% used [0x00000000eb980000,0x00000000ebfb0000,0x00000000ec000000)
  to   space 6656K, 0% used [0x00000000eb300000,0x00000000eb300000,0x00000000eb980000)
 ParOldGen       total 102400K, used 94764K [0x00000000c0000000, 0x00000000c6400000, 0x00000000eab00000)
  object space 102400K, 92% used [0x00000000c0000000,0x00000000c5c8b298,0x00000000c6400000)
 Metaspace       used 68846K, committed 70272K, reserved 1114112K
  class space    used 7267K, committed 7872K, reserved 1048576K
}
Event: 63.981 GC heap before
{Heap before GC invocations=108 (full 5):
 PSYoungGen      total 14848K, used 14528K [0x00000000eab00000, 0x00000000ec000000, 0x0000000100000000)
  eden space 8192K, 100% used [0x00000000eab00000,0x00000000eb300000,0x00000000eb300000)
  from space 6656K, 95% used [0x00000000eb980000,0x00000000ebfb0000,0x00000000ec000000)
  to   space 6656K, 0% used [0x00000000eb300000,0x00000000eb300000,0x00000000eb980000)
 ParOldGen       total 102400K, used 94764K [0x00000000c0000000, 0x00000000c6400000, 0x00000000eab00000)
  object space 102400K, 92% used [0x00000000c0000000,0x00000000c5c8b298,0x00000000c6400000)
 Metaspace       used 68846K, committed 70272K, reserved 1114112K
  class space    used 7267K, committed 7872K, reserved 1048576K
}
Event: 63.984 GC heap after
{Heap after GC invocations=108 (full 5):
 PSYoungGen      total 14848K, used 6400K [0x00000000eab00000, 0x00000000ec000000, 0x0000000100000000)
  eden space 8192K, 0% used [0x00000000eab00000,0x00000000eab00000,0x00000000eb300000)
  from space 6656K, 96% used [0x00000000eb300000,0x00000000eb940000,0x00000000eb980000)
  to   space 6656K, 0% used [0x00000000eb980000,0x00000000eb980000,0x00000000ec000000)
 ParOldGen       total 102400K, used 101052K [0x00000000c0000000, 0x00000000c6400000, 0x00000000eab00000)
  object space 102400K, 98% used [0x00000000c0000000,0x00000000c62af298,0x00000000c6400000)
 Metaspace       used 68846K, committed 70272K, reserved 1114112K
  class space    used 7267K, committed 7872K, reserved 1048576K
}
Event: 63.984 GC heap before
{Heap before GC invocations=109 (full 6):
 PSYoungGen      total 14848K, used 6400K [0x00000000eab00000, 0x00000000ec000000, 0x0000000100000000)
  eden space 8192K, 0% used [0x00000000eab00000,0x00000000eab00000,0x00000000eb300000)
  from space 6656K, 96% used [0x00000000eb300000,0x00000000eb940000,0x00000000eb980000)
  to   space 6656K, 0% used [0x00000000eb980000,0x00000000eb980000,0x00000000ec000000)
 ParOldGen       total 102400K, used 101052K [0x00000000c0000000, 0x00000000c6400000, 0x00000000eab00000)
  object space 102400K, 98% used [0x00000000c0000000,0x00000000c62af298,0x00000000c6400000)
 Metaspace       used 68846K, committed 70272K, reserved 1114112K
  class space    used 7267K, committed 7872K, reserved 1048576K
}
Event: 64.047 GC heap after
{Heap after GC invocations=109 (full 6):
 PSYoungGen      total 14848K, used 4696K [0x00000000eab00000, 0x00000000ec100000, 0x0000000100000000)
  eden space 8192K, 0% used [0x00000000eab00000,0x00000000eab00000,0x00000000eb300000)
  from space 6656K, 70% used [0x00000000eb300000,0x00000000eb7961b0,0x00000000eb980000)
  to   space 6656K, 0% used [0x00000000eba80000,0x00000000eba80000,0x00000000ec100000)
 ParOldGen       total 140800K, used 102001K [0x00000000c0000000, 0x00000000c8980000, 0x00000000eab00000)
  object space 140800K, 72% used [0x00000000c0000000,0x00000000c639c748,0x00000000c8980000)
 Metaspace       used 68846K, committed 70272K, reserved 1114112K
  class space    used 7267K, committed 7872K, reserved 1048576K
}
Event: 1620.599 GC heap before
{Heap before GC invocations=110 (full 6):
 PSYoungGen      total 14848K, used 12888K [0x00000000eab00000, 0x00000000ec100000, 0x0000000100000000)
  eden space 8192K, 99% used [0x00000000eab00000,0x00000000eb2ffff0,0x00000000eb300000)
  from space 6656K, 70% used [0x00000000eb300000,0x00000000eb7961b0,0x00000000eb980000)
  to   space 6656K, 0% used [0x00000000eba80000,0x00000000eba80000,0x00000000ec100000)
 ParOldGen       total 140800K, used 102001K [0x00000000c0000000, 0x00000000c8980000, 0x00000000eab00000)
  object space 140800K, 72% used [0x00000000c0000000,0x00000000c639c748,0x00000000c8980000)
 Metaspace       used 69186K, committed 70720K, reserved 1114112K
  class space    used 7298K, committed 8000K, reserved 1048576K
}

