# JRE version: OpenJDK Runtime Environment Temurin-17.0.11+9 (17.0.11+9) (build 17.0.11+9)
# Java VM: OpenJDK 64-Bit Server VM Temurin-17.0.11+9 (17.0.11+9, mixed mode, emulated-client, tiered, compressed oops, compressed class ptrs, g1 gc, windows-amd64)
GC Precious Log:
 CPUs: 12 total, 12 available
 Memory: 16225M
 Large Page Support: Disabled
 NUMA Support: Disabled
 Compressed Oops: Enabled (32-bit)
 Heap Region Size: 1M
 Heap Min Capacity: 8M
 Heap Initial Capacity: 254M
 Heap Max Capacity: 1G
 Pre-touch: Disabled
 Parallel Workers: 10
 Concurrent Workers: 3
 Concurrent Refinement Workers: 10
 Periodic GC: Disabled
Heap:
 garbage-first heap   total 95232K, used 38284K [0x00000000c0000000, 0x0000000100000000)
  region size 1024K, 1 young (1024K), 0 survivors (0K)
 Metaspace       used 60213K, committed 60928K, reserved 1114112K
  class space    used 7511K, committed 7744K, reserved 1048576K
GC Heap History (20 events):
Event: 108.349 GC heap after
{Heap after GC invocations=17 (full 4):
 garbage-first heap   total 95232K, used 38064K [0x00000000c0000000, 0x0000000100000000)
  region size 1024K, 0 young (0K), 0 survivors (0K)
 Metaspace       used 58423K, committed 59200K, reserved 1114112K
  class space    used 7225K, committed 7552K, reserved 1048576K
}
Event: 216.374 GC heap before
{Heap before GC invocations=17 (full 4):
 garbage-first heap   total 95232K, used 69808K [0x00000000c0000000, 0x0000000100000000)
  region size 1024K, 32 young (32768K), 0 survivors (0K)
 Metaspace       used 60290K, committed 60736K, reserved 1114112K
  class space    used 7525K, committed 7744K, reserved 1048576K
}
Event: 216.376 GC heap after
{Heap after GC invocations=18 (full 4):
 garbage-first heap   total 95232K, used 42841K [0x00000000c0000000, 0x0000000100000000)
  region size 1024K, 4 young (4096K), 4 survivors (4096K)
 Metaspace       used 60290K, committed 60736K, reserved 1114112K
  class space    used 7525K, committed 7744K, reserved 1048576K
}
Event: 268.472 GC heap before
{Heap before GC invocations=18 (full 4):
 garbage-first heap   total 95232K, used 53081K [0x00000000c0000000, 0x0000000100000000)
  region size 1024K, 16 young (16384K), 4 survivors (4096K)
 Metaspace       used 60437K, committed 60928K, reserved 1114112K
  class space    used 7555K, committed 7744K, reserved 1048576K
}
Event: 268.487 GC heap after
{Heap after GC invocations=19 (full 5):
 garbage-first heap   total 95232K, used 39689K [0x00000000c0000000, 0x0000000100000000)
  region size 1024K, 0 young (0K), 0 survivors (0K)
 Metaspace       used 60305K, committed 60928K, reserved 1114112K
  class space    used 7528K, committed 7744K, reserved 1048576K
}
Event: 278.551 GC heap before
{Heap before GC invocations=19 (full 5):
 garbage-first heap   total 95232K, used 39689K [0x00000000c0000000, 0x0000000100000000)
  region size 1024K, 1 young (1024K), 0 survivors (0K)
 Metaspace       used 60305K, committed 60928K, reserved 1114112K
  class space    used 7528K, committed 7744K, reserved 1048576K
}
Event: 278.563 GC heap after
{Heap after GC invocations=20 (full 6):
 garbage-first heap   total 95232K, used 39685K [0x00000000c0000000, 0x0000000100000000)
  region size 1024K, 0 young (0K), 0 survivors (0K)
 Metaspace       used 60305K, committed 60928K, reserved 1114112K
  class space    used 7528K, committed 7744K, reserved 1048576K
}
Event: 288.630 GC heap before
{Heap before GC invocations=20 (full 6):
 garbage-first heap   total 95232K, used 39685K [0x00000000c0000000, 0x0000000100000000)
  region size 1024K, 1 young (1024K), 0 survivors (0K)
 Metaspace       used 60305K, committed 60928K, reserved 1114112K
  class space    used 7528K, committed 7744K, reserved 1048576K
}
Event: 288.647 GC heap after
{Heap after GC invocations=21 (full 7):
 garbage-first heap   total 95232K, used 38790K [0x00000000c0000000, 0x0000000100000000)
  region size 1024K, 0 young (0K), 0 survivors (0K)
 Metaspace       used 60213K, committed 60928K, reserved 1114112K
  class space    used 7511K, committed 7744K, reserved 1048576K
}
Event: 298.708 GC heap before
{Heap before GC invocations=21 (full 7):
 garbage-first heap   total 95232K, used 38790K [0x00000000c0000000, 0x0000000100000000)
  region size 1024K, 1 young (1024K), 0 survivors (0K)
 Metaspace       used 60213K, committed 60928K, reserved 1114112K
  class space    used 7511K, committed 7744K, reserved 1048576K
}
Event: 298.734 GC heap after
{Heap after GC invocations=22 (full 8):
 garbage-first heap   total 95232K, used 38790K [0x00000000c0000000, 0x0000000100000000)
  region size 1024K, 0 young (0K), 0 survivors (0K)
 Metaspace       used 60213K, committed 60928K, reserved 1114112K
  class space    used 7511K, committed 7744K, reserved 1048576K
}
Event: 308.800 GC heap before
{Heap before GC invocations=22 (full 8):
 garbage-first heap   total 95232K, used 38790K [0x00000000c0000000, 0x0000000100000000)
  region size 1024K, 1 young (1024K), 0 survivors (0K)
 Metaspace       used 60213K, committed 60928K, reserved 1114112K
  class space    used 7511K, committed 7744K, reserved 1048576K
}
Event: 308.819 GC heap after
{Heap after GC invocations=23 (full 9):
 garbage-first heap   total 95232K, used 38790K [0x00000000c0000000, 0x0000000100000000)
  region size 1024K, 0 young (0K), 0 survivors (0K)
 Metaspace       used 60213K, committed 60928K, reserved 1114112K
  class space    used 7511K, committed 7744K, reserved 1048576K
}
Event: 348.906 GC heap before
{Heap before GC invocations=23 (full 9):
 garbage-first heap   total 95232K, used 38790K [0x00000000c0000000, 0x0000000100000000)
  region size 1024K, 1 young (1024K), 0 survivors (0K)
 Metaspace       used 60213K, committed 60928K, reserved 1114112K
  class space    used 7511K, committed 7744K, reserved 1048576K
}
Event: 348.924 GC heap after
{Heap after GC invocations=24 (full 10):
 garbage-first heap   total 95232K, used 38229K [0x00000000c0000000, 0x0000000100000000)
  region size 1024K, 0 young (0K), 0 survivors (0K)
 Metaspace       used 60213K, committed 60928K, reserved 1114112K
  class space    used 7511K, committed 7744K, reserved 1048576K
}
Event: 358.995 GC heap before
{Heap before GC invocations=24 (full 10):
 garbage-first heap   total 95232K, used 38229K [0x00000000c0000000, 0x0000000100000000)
  region size 1024K, 1 young (1024K), 0 survivors (0K)
 Metaspace       used 60213K, committed 60928K, reserved 1114112K
  class space    used 7511K, committed 7744K, reserved 1048576K
}
Event: 359.013 GC heap after
{Heap after GC invocations=25 (full 11):
 garbage-first heap   total 95232K, used 38229K [0x00000000c0000000, 0x0000000100000000)
  region size 1024K, 0 young (0K), 0 survivors (0K)
 Metaspace       used 60213K, committed 60928K, reserved 1114112K
  class space    used 7511K, committed 7744K, reserved 1048576K
}
Event: 369.077 GC heap before
{Heap before GC invocations=25 (full 11):
 garbage-first heap   total 95232K, used 38229K [0x00000000c0000000, 0x0000000100000000)
  region size 1024K, 1 young (1024K), 0 survivors (0K)
 Metaspace       used 60213K, committed 60928K, reserved 1114112K
  class space    used 7511K, committed 7744K, reserved 1048576K
}
Event: 369.094 GC heap after
{Heap after GC invocations=26 (full 12):
 garbage-first heap   total 95232K, used 38229K [0x00000000c0000000, 0x0000000100000000)
  region size 1024K, 0 young (0K), 0 survivors (0K)
 Metaspace       used 60213K, committed 60928K, reserved 1114112K
  class space    used 7511K, committed 7744K, reserved 1048576K
}
Event: 379.162 GC heap before
{Heap before GC invocations=26 (full 12):
 garbage-first heap   total 95232K, used 38229K [0x00000000c0000000, 0x0000000100000000)
  region size 1024K, 1 young (1024K), 0 survivors (0K)
 Metaspace       used 60213K, committed 60928K, reserved 1114112K
  class space    used 7511K, committed 7744K, reserved 1048576K
}

