# JRE version: OpenJDK Runtime Environment Temurin-17.0.10+7 (17.0.10+7) (build 17.0.10+7)
# Java VM: OpenJDK 64-Bit Server VM Temurin-17.0.10+7 (17.0.10+7, mixed mode, tiered, compressed oops, compressed class ptrs, parallel gc, windows-amd64)
GC Precious Log:
 CPUs: 12 total, 12 available
 Memory: 16225M
 Large Page Support: Disabled
 NUMA Support: Disabled
 Compressed Oops: Enabled (32-bit)
 Alignments: Space 512K, Generation 512K, Heap 2M
 Heap Min Capacity: 100M
 Heap Initial Capacity: 100M
 Heap Max Capacity: 2G
 Pre-touch: Disabled
 Parallel Workers: 10
Heap:
 PSYoungGen      total 13824K, used 4608K [0x00000000d5580000, 0x00000000d7780000, 0x0000000100000000)
  eden space 9216K, 0% used [0x00000000d5580000,0x00000000d5580000,0x00000000d5e80000)
  from space 4608K, 100% used [0x00000000d5e80000,0x00000000d6300000,0x00000000d6300000)
  to   space 12800K, 0% used [0x00000000d6b00000,0x00000000d6b00000,0x00000000d7780000)
 ParOldGen       total 209920K, used 209818K [0x0000000080000000, 0x000000008cd00000, 0x00000000d5580000)
  object space 209920K, 99% used [0x0000000080000000,0x000000008cce6990,0x000000008cd00000)
 Metaspace       used 96156K, committed 97728K, reserved 1179648K
  class space    used 9359K, committed 10112K, reserved 1048576K
GC Heap History (20 events):
Event: 2272.382 GC heap after
{Heap after GC invocations=4255 (full 155):
 PSYoungGen      total 7680K, used 504K [0x00000000d5580000, 0x00000000d6d80000, 0x0000000100000000)
  eden space 7168K, 0% used [0x00000000d5580000,0x00000000d5580000,0x00000000d5c80000)
  from space 512K, 98% used [0x00000000d6800000,0x00000000d687e0e8,0x00000000d6880000)
  to   space 8704K, 0% used [0x00000000d5c80000,0x00000000d5c80000,0x00000000d6500000)
 ParOldGen       total 209920K, used 194687K [0x0000000080000000, 0x000000008cd00000, 0x00000000d5580000)
  object space 209920K, 92% used [0x0000000080000000,0x000000008be1fcd8,0x000000008cd00000)
 Metaspace       used 95894K, committed 97472K, reserved 1179648K
  class space    used 9321K, committed 10112K, reserved 1048576K
}
Event: 2272.391 GC heap before
{Heap before GC invocations=4256 (full 155):
 PSYoungGen      total 7680K, used 7672K [0x00000000d5580000, 0x00000000d6d80000, 0x0000000100000000)
  eden space 7168K, 100% used [0x00000000d5580000,0x00000000d5c80000,0x00000000d5c80000)
  from space 512K, 98% used [0x00000000d6800000,0x00000000d687e0e8,0x00000000d6880000)
  to   space 8704K, 0% used [0x00000000d5c80000,0x00000000d5c80000,0x00000000d6500000)
 ParOldGen       total 209920K, used 194687K [0x0000000080000000, 0x000000008cd00000, 0x00000000d5580000)
  object space 209920K, 92% used [0x0000000080000000,0x000000008be1fcd8,0x000000008cd00000)
 Metaspace       used 95894K, committed 97472K, reserved 1179648K
  class space    used 9321K, committed 10112K, reserved 1048576K
}
Event: 2272.395 GC heap after
{Heap after GC invocations=4256 (full 155):
 PSYoungGen      total 9216K, used 1596K [0x00000000d5580000, 0x00000000d6880000, 0x0000000100000000)
  eden space 7168K, 0% used [0x00000000d5580000,0x00000000d5580000,0x00000000d5c80000)
  from space 2048K, 77% used [0x00000000d5c80000,0x00000000d5e0f198,0x00000000d5e80000)
  to   space 4096K, 0% used [0x00000000d6480000,0x00000000d6480000,0x00000000d6880000)
 ParOldGen       total 209920K, used 194863K [0x0000000080000000, 0x000000008cd00000, 0x00000000d5580000)
  object space 209920K, 92% used [0x0000000080000000,0x000000008be4bcd8,0x000000008cd00000)
 Metaspace       used 95894K, committed 97472K, reserved 1179648K
  class space    used 9321K, committed 10112K, reserved 1048576K
}
Event: 2272.401 GC heap before
{Heap before GC invocations=4257 (full 155):
 PSYoungGen      total 9216K, used 8764K [0x00000000d5580000, 0x00000000d6880000, 0x0000000100000000)
  eden space 7168K, 100% used [0x00000000d5580000,0x00000000d5c80000,0x00000000d5c80000)
  from space 2048K, 77% used [0x00000000d5c80000,0x00000000d5e0f198,0x00000000d5e80000)
  to   space 4096K, 0% used [0x00000000d6480000,0x00000000d6480000,0x00000000d6880000)
 ParOldGen       total 209920K, used 194863K [0x0000000080000000, 0x000000008cd00000, 0x00000000d5580000)
  object space 209920K, 92% used [0x0000000080000000,0x000000008be4bcd8,0x000000008cd00000)
 Metaspace       used 95894K, committed 97472K, reserved 1179648K
  class space    used 9321K, committed 10112K, reserved 1048576K
}
Event: 2272.403 GC heap after
{Heap after GC invocations=4257 (full 155):
 PSYoungGen      total 9728K, used 992K [0x00000000d5580000, 0x00000000d6580000, 0x0000000100000000)
  eden space 8704K, 0% used [0x00000000d5580000,0x00000000d5580000,0x00000000d5e00000)
  from space 1024K, 96% used [0x00000000d6480000,0x00000000d6578000,0x00000000d6580000)
  to   space 2048K, 0% used [0x00000000d6180000,0x00000000d6180000,0x00000000d6380000)
 ParOldGen       total 209920K, used 196123K [0x0000000080000000, 0x000000008cd00000, 0x00000000d5580000)
  object space 209920K, 93% used [0x0000000080000000,0x000000008bf86f38,0x000000008cd00000)
 Metaspace       used 95894K, committed 97472K, reserved 1179648K
  class space    used 9321K, committed 10112K, reserved 1048576K
}
Event: 2272.411 GC heap before
{Heap before GC invocations=4258 (full 155):
 PSYoungGen      total 9728K, used 9696K [0x00000000d5580000, 0x00000000d6580000, 0x0000000100000000)
  eden space 8704K, 100% used [0x00000000d5580000,0x00000000d5e00000,0x00000000d5e00000)
  from space 1024K, 96% used [0x00000000d6480000,0x00000000d6578000,0x00000000d6580000)
  to   space 2048K, 0% used [0x00000000d6180000,0x00000000d6180000,0x00000000d6380000)
 ParOldGen       total 209920K, used 196123K [0x0000000080000000, 0x000000008cd00000, 0x00000000d5580000)
  object space 209920K, 93% used [0x0000000080000000,0x000000008bf86f38,0x000000008cd00000)
 Metaspace       used 95894K, committed 97472K, reserved 1179648K
  class space    used 9321K, committed 10112K, reserved 1048576K
}
Event: 2272.412 GC heap after
{Heap after GC invocations=4258 (full 155):
 PSYoungGen      total 12288K, used 992K [0x00000000d5580000, 0x00000000d6500000, 0x0000000100000000)
  eden space 10240K, 0% used [0x00000000d5580000,0x00000000d5580000,0x00000000d5f80000)
  from space 2048K, 48% used [0x00000000d6180000,0x00000000d6278000,0x00000000d6380000)
  to   space 1536K, 0% used [0x00000000d6380000,0x00000000d6380000,0x00000000d6500000)
 ParOldGen       total 209920K, used 197027K [0x0000000080000000, 0x000000008cd00000, 0x00000000d5580000)
  object space 209920K, 93% used [0x0000000080000000,0x000000008c068f98,0x000000008cd00000)
 Metaspace       used 95894K, committed 97472K, reserved 1179648K
  class space    used 9321K, committed 10112K, reserved 1048576K
}
Event: 2272.423 GC heap before
{Heap before GC invocations=4259 (full 155):
 PSYoungGen      total 12288K, used 11232K [0x00000000d5580000, 0x00000000d6500000, 0x0000000100000000)
  eden space 10240K, 100% used [0x00000000d5580000,0x00000000d5f80000,0x00000000d5f80000)
  from space 2048K, 48% used [0x00000000d6180000,0x00000000d6278000,0x00000000d6380000)
  to   space 1536K, 0% used [0x00000000d6380000,0x00000000d6380000,0x00000000d6500000)
 ParOldGen       total 209920K, used 197027K [0x0000000080000000, 0x000000008cd00000, 0x00000000d5580000)
  object space 209920K, 93% used [0x0000000080000000,0x000000008c068f98,0x000000008cd00000)
 Metaspace       used 95894K, committed 97472K, reserved 1179648K
  class space    used 9321K, committed 10112K, reserved 1048576K
}
Event: 2272.424 GC heap after
{Heap after GC invocations=4259 (full 155):
 PSYoungGen      total 13312K, used 1152K [0x00000000d5580000, 0x00000000d6500000, 0x0000000100000000)
  eden space 11776K, 0% used [0x00000000d5580000,0x00000000d5580000,0x00000000d6100000)
  from space 1536K, 75% used [0x00000000d6380000,0x00000000d64a0000,0x00000000d6500000)
  to   space 1536K, 0% used [0x00000000d6200000,0x00000000d6200000,0x00000000d6380000)
 ParOldGen       total 209920K, used 197875K [0x0000000080000000, 0x000000008cd00000, 0x00000000d5580000)
  object space 209920K, 94% used [0x0000000080000000,0x000000008c13cdb0,0x000000008cd00000)
 Metaspace       used 95894K, committed 97472K, reserved 1179648K
  class space    used 9321K, committed 10112K, reserved 1048576K
}
Event: 2272.436 GC heap before
{Heap before GC invocations=4260 (full 155):
 PSYoungGen      total 13312K, used 12928K [0x00000000d5580000, 0x00000000d6500000, 0x0000000100000000)
  eden space 11776K, 100% used [0x00000000d5580000,0x00000000d6100000,0x00000000d6100000)
  from space 1536K, 75% used [0x00000000d6380000,0x00000000d64a0000,0x00000000d6500000)
  to   space 1536K, 0% used [0x00000000d6200000,0x00000000d6200000,0x00000000d6380000)
 ParOldGen       total 209920K, used 197875K [0x0000000080000000, 0x000000008cd00000, 0x00000000d5580000)
  object space 209920K, 94% used [0x0000000080000000,0x000000008c13cdb0,0x000000008cd00000)
 Metaspace       used 95894K, committed 97472K, reserved 1179648K
  class space    used 9321K, committed 10112K, reserved 1048576K
}
Event: 2272.437 GC heap after
{Heap after GC invocations=4260 (full 155):
 PSYoungGen      total 13312K, used 1312K [0x00000000d5580000, 0x00000000d6400000, 0x0000000100000000)
  eden space 11776K, 0% used [0x00000000d5580000,0x00000000d5580000,0x00000000d6100000)
  from space 1536K, 85% used [0x00000000d6200000,0x00000000d6348020,0x00000000d6380000)
  to   space 512K, 0% used [0x00000000d6380000,0x00000000d6380000,0x00000000d6400000)
 ParOldGen       total 209920K, used 198880K [0x0000000080000000, 0x000000008cd00000, 0x00000000d5580000)
  object space 209920K, 94% used [0x0000000080000000,0x000000008c2383e0,0x000000008cd00000)
 Metaspace       used 95894K, committed 97472K, reserved 1179648K
  class space    used 9321K, committed 10112K, reserved 1048576K
}
Event: 2272.448 GC heap before
{Heap before GC invocations=4261 (full 155):
 PSYoungGen      total 13312K, used 13088K [0x00000000d5580000, 0x00000000d6400000, 0x0000000100000000)
  eden space 11776K, 100% used [0x00000000d5580000,0x00000000d6100000,0x00000000d6100000)
  from space 1536K, 85% used [0x00000000d6200000,0x00000000d6348020,0x00000000d6380000)
  to   space 512K, 0% used [0x00000000d6380000,0x00000000d6380000,0x00000000d6400000)
 ParOldGen       total 209920K, used 198880K [0x0000000080000000, 0x000000008cd00000, 0x00000000d5580000)
  object space 209920K, 94% used [0x0000000080000000,0x000000008c2383e0,0x000000008cd00000)
 Metaspace       used 95894K, committed 97472K, reserved 1179648K
  class space    used 9321K, committed 10112K, reserved 1048576K
}
Event: 2272.449 GC heap after
{Heap after GC invocations=4261 (full 155):
 PSYoungGen      total 12288K, used 512K [0x00000000d5580000, 0x00000000d6600000, 0x0000000100000000)
  eden space 11776K, 0% used [0x00000000d5580000,0x00000000d5580000,0x00000000d6100000)
  from space 512K, 100% used [0x00000000d6380000,0x00000000d6400000,0x00000000d6400000)
  to   space 2560K, 0% used [0x00000000d6100000,0x00000000d6100000,0x00000000d6380000)
 ParOldGen       total 209920K, used 200695K [0x0000000080000000, 0x000000008cd00000, 0x00000000d5580000)
  object space 209920K, 95% used [0x0000000080000000,0x000000008c3fdff8,0x000000008cd00000)
 Metaspace       used 95894K, committed 97472K, reserved 1179648K
  class space    used 9321K, committed 10112K, reserved 1048576K
}
Event: 2272.458 GC heap before
{Heap before GC invocations=4262 (full 155):
 PSYoungGen      total 12288K, used 12288K [0x00000000d5580000, 0x00000000d6600000, 0x0000000100000000)
  eden space 11776K, 100% used [0x00000000d5580000,0x00000000d6100000,0x00000000d6100000)
  from space 512K, 100% used [0x00000000d6380000,0x00000000d6400000,0x00000000d6400000)
  to   space 2560K, 0% used [0x00000000d6100000,0x00000000d6100000,0x00000000d6380000)
 ParOldGen       total 209920K, used 200695K [0x0000000080000000, 0x000000008cd00000, 0x00000000d5580000)
  object space 209920K, 95% used [0x0000000080000000,0x000000008c3fdff8,0x000000008cd00000)
 Metaspace       used 95894K, committed 97472K, reserved 1179648K
  class space    used 9321K, committed 10112K, reserved 1048576K
}
Event: 2272.459 GC heap after
{Heap after GC invocations=4262 (full 155):
 PSYoungGen      total 13312K, used 1344K [0x00000000d5580000, 0x00000000d6500000, 0x0000000100000000)
  eden space 11776K, 0% used [0x00000000d5580000,0x00000000d5580000,0x00000000d6100000)
  from space 1536K, 87% used [0x00000000d6100000,0x00000000d6250000,0x00000000d6280000)
  to   space 2048K, 0% used [0x00000000d6300000,0x00000000d6300000,0x00000000d6500000)
 ParOldGen       total 209920K, used 201207K [0x0000000080000000, 0x000000008cd00000, 0x00000000d5580000)
  object space 209920K, 95% used [0x0000000080000000,0x000000008c47dff8,0x000000008cd00000)
 Metaspace       used 95894K, committed 97472K, reserved 1179648K
  class space    used 9321K, committed 10112K, reserved 1048576K
}
Event: 2985.657 GC heap before
{Heap before GC invocations=4263 (full 155):
 PSYoungGen      total 13312K, used 13120K [0x00000000d5580000, 0x00000000d6500000, 0x0000000100000000)
  eden space 11776K, 100% used [0x00000000d5580000,0x00000000d6100000,0x00000000d6100000)
  from space 1536K, 87% used [0x00000000d6100000,0x00000000d6250000,0x00000000d6280000)
  to   space 2048K, 0% used [0x00000000d6300000,0x00000000d6300000,0x00000000d6500000)
 ParOldGen       total 209920K, used 201207K [0x0000000080000000, 0x000000008cd00000, 0x00000000d5580000)
  object space 209920K, 95% used [0x0000000080000000,0x000000008c47dff8,0x000000008cd00000)
 Metaspace       used 96156K, committed 97728K, reserved 1179648K
  class space    used 9359K, committed 10112K, reserved 1048576K
}
Event: 2985.659 GC heap after
{Heap after GC invocations=4263 (full 155):
 PSYoungGen      total 11264K, used 2035K [0x00000000d5580000, 0x00000000d6a00000, 0x0000000100000000)
  eden space 9216K, 0% used [0x00000000d5580000,0x00000000d5580000,0x00000000d5e80000)
  from space 2048K, 99% used [0x00000000d6300000,0x00000000d64fcc20,0x00000000d6500000)
  to   space 4608K, 0% used [0x00000000d5e80000,0x00000000d5e80000,0x00000000d6300000)
 ParOldGen       total 209920K, used 203158K [0x0000000080000000, 0x000000008cd00000, 0x00000000d5580000)
  object space 209920K, 96% used [0x0000000080000000,0x000000008c665ad0,0x000000008cd00000)
 Metaspace       used 96156K, committed 97728K, reserved 1179648K
  class space    used 9359K, committed 10112K, reserved 1048576K
}
Event: 2985.671 GC heap before
{Heap before GC invocations=4264 (full 155):
 PSYoungGen      total 11264K, used 11251K [0x00000000d5580000, 0x00000000d6a00000, 0x0000000100000000)
  eden space 9216K, 100% used [0x00000000d5580000,0x00000000d5e80000,0x00000000d5e80000)
  from space 2048K, 99% used [0x00000000d6300000,0x00000000d64fcc20,0x00000000d6500000)
  to   space 4608K, 0% used [0x00000000d5e80000,0x00000000d5e80000,0x00000000d6300000)
 ParOldGen       total 209920K, used 203158K [0x0000000080000000, 0x000000008cd00000, 0x00000000d5580000)
  object space 209920K, 96% used [0x0000000080000000,0x000000008c665ad0,0x000000008cd00000)
 Metaspace       used 96156K, committed 97728K, reserved 1179648K
  class space    used 9359K, committed 10112K, reserved 1048576K
}
Event: 2985.675 GC heap after
{Heap after GC invocations=4264 (full 155):
 PSYoungGen      total 13824K, used 4608K [0x00000000d5580000, 0x00000000d7780000, 0x0000000100000000)
  eden space 9216K, 0% used [0x00000000d5580000,0x00000000d5580000,0x00000000d5e80000)
  from space 4608K, 100% used [0x00000000d5e80000,0x00000000d6300000,0x00000000d6300000)
  to   space 12800K, 0% used [0x00000000d6b00000,0x00000000d6b00000,0x00000000d7780000)
 ParOldGen       total 209920K, used 209818K [0x0000000080000000, 0x000000008cd00000, 0x00000000d5580000)
  object space 209920K, 99% used [0x0000000080000000,0x000000008cce6990,0x000000008cd00000)
 Metaspace       used 96156K, committed 97728K, reserved 1179648K
  class space    used 9359K, committed 10112K, reserved 1048576K
}
Event: 2985.675 GC heap before
{Heap before GC invocations=4265 (full 156):
 PSYoungGen      total 13824K, used 4608K [0x00000000d5580000, 0x00000000d7780000, 0x0000000100000000)
  eden space 9216K, 0% used [0x00000000d5580000,0x00000000d5580000,0x00000000d5e80000)
  from space 4608K, 100% used [0x00000000d5e80000,0x00000000d6300000,0x00000000d6300000)
  to   space 12800K, 0% used [0x00000000d6b00000,0x00000000d6b00000,0x00000000d7780000)
 ParOldGen       total 209920K, used 209818K [0x0000000080000000, 0x000000008cd00000, 0x00000000d5580000)
  object space 209920K, 99% used [0x0000000080000000,0x000000008cce6990,0x000000008cd00000)
 Metaspace       used 96156K, committed 97728K, reserved 1179648K
  class space    used 9359K, committed 10112K, reserved 1048576K
}

