# JRE version: Java(TM) SE Runtime Environment (21.0.1+12) (build 21.0.1+12-LTS-29)
# Java VM: Java HotSpot(TM) 64-Bit Server VM (21.0.1+12-LTS-29, mixed mode, sharing, tiered, compressed oops, compressed class ptrs, g1 gc, windows-amd64)
GC Precious Log:
 CardTable entry size: 512
 Card Set container configuration: InlinePtr #cards 4 size 8 Array Of Cards #cards 16 size 48 Howl #buckets 8 coarsen threshold 3686 Howl Bitmap #cards 512 size 80 coarsen threshold 460 Card regions per heap region 1 cards per card region 4096
 CPUs: 8 total, 8 available
 Memory: 16316M
 Large Page Support: Disabled
 NUMA Support: Disabled
 Compressed Oops: Enabled (Zero based)
 Heap Region Size: 2M
 Heap Min Capacity: 8M
 Heap Initial Capacity: 256M
 Heap Max Capacity: 4080M
 Pre-touch: Disabled
 Parallel Workers: 8
 Concurrent Workers: 2
 Concurrent Refinement Workers: 8
 Periodic GC: Disabled
Heap:
 garbage-first heap   total 96256K, used 89011K [0x0000000701000000, 0x0000000800000000)
  region size 2048K, 27 young (55296K), 3 survivors (6144K)
 Metaspace       used 54969K, committed 55680K, reserved 1114112K
  class space    used 6901K, committed 7232K, reserved 1048576K
GC Heap History (19 events):
Event: 0.688 GC heap before
{Heap before GC invocations=0 (full 0):
 garbage-first heap   total 262144K, used 20480K [0x0000000701000000, 0x0000000800000000)
  region size 2048K, 11 young (22528K), 0 survivors (0K)
 Metaspace       used 7279K, committed 7552K, reserved 1114112K
  class space    used 775K, committed 896K, reserved 1048576K
}
Event: 0.694 GC heap after
{Heap after GC invocations=1 (full 0):
 garbage-first heap   total 262144K, used 7155K [0x0000000701000000, 0x0000000800000000)
  region size 2048K, 2 young (4096K), 2 survivors (4096K)
 Metaspace       used 7279K, committed 7552K, reserved 1114112K
  class space    used 775K, committed 896K, reserved 1048576K
}
Event: 1.146 GC heap before
{Heap before GC invocations=1 (full 0):
 garbage-first heap   total 262144K, used 31731K [0x0000000701000000, 0x0000000800000000)
  region size 2048K, 14 young (28672K), 2 survivors (4096K)
 Metaspace       used 11038K, committed 11328K, reserved 1114112K
  class space    used 1272K, committed 1408K, reserved 1048576K
}
Event: 1.150 GC heap after
{Heap after GC invocations=2 (full 0):
 garbage-first heap   total 262144K, used 9021K [0x0000000701000000, 0x0000000800000000)
  region size 2048K, 1 young (2048K), 1 survivors (2048K)
 Metaspace       used 11038K, committed 11328K, reserved 1114112K
  class space    used 1272K, committed 1408K, reserved 1048576K
}
Event: 1.795 GC heap before
{Heap before GC invocations=2 (full 0):
 garbage-first heap   total 262144K, used 56125K [0x0000000701000000, 0x0000000800000000)
  region size 2048K, 25 young (51200K), 1 survivors (2048K)
 Metaspace       used 21166K, committed 21504K, reserved 1114112K
  class space    used 2588K, committed 2752K, reserved 1048576K
}
Event: 1.801 GC heap after
{Heap after GC invocations=3 (full 0):
 garbage-first heap   total 262144K, used 13296K [0x0000000701000000, 0x0000000800000000)
  region size 2048K, 3 young (6144K), 3 survivors (6144K)
 Metaspace       used 21166K, committed 21504K, reserved 1114112K
  class space    used 2588K, committed 2752K, reserved 1048576K
}
Event: 2.379 GC heap before
{Heap before GC invocations=4 (full 0):
 garbage-first heap   total 61440K, used 44016K [0x0000000701000000, 0x0000000800000000)
  region size 2048K, 18 young (36864K), 3 survivors (6144K)
 Metaspace       used 24768K, committed 25216K, reserved 1114112K
  class space    used 3009K, committed 3200K, reserved 1048576K
}
Event: 2.389 GC heap after
{Heap after GC invocations=5 (full 0):
 garbage-first heap   total 61440K, used 16271K [0x0000000701000000, 0x0000000800000000)
  region size 2048K, 2 young (4096K), 2 survivors (4096K)
 Metaspace       used 24768K, committed 25216K, reserved 1114112K
  class space    used 3009K, committed 3200K, reserved 1048576K
}
Event: 2.988 GC heap before
{Heap before GC invocations=5 (full 0):
 garbage-first heap   total 61440K, used 42895K [0x0000000701000000, 0x0000000800000000)
  region size 2048K, 15 young (30720K), 2 survivors (4096K)
 Metaspace       used 27368K, committed 27776K, reserved 1114112K
  class space    used 3351K, committed 3520K, reserved 1048576K
}
Event: 2.995 GC heap after
{Heap after GC invocations=6 (full 0):
 garbage-first heap   total 61440K, used 18446K [0x0000000701000000, 0x0000000800000000)
  region size 2048K, 2 young (4096K), 2 survivors (4096K)
 Metaspace       used 27368K, committed 27776K, reserved 1114112K
  class space    used 3351K, committed 3520K, reserved 1048576K
}
Event: 3.705 GC heap before
{Heap before GC invocations=6 (full 0):
 garbage-first heap   total 61440K, used 45070K [0x0000000701000000, 0x0000000800000000)
  region size 2048K, 15 young (30720K), 2 survivors (4096K)
 Metaspace       used 30227K, committed 30592K, reserved 1114112K
  class space    used 3702K, committed 3840K, reserved 1048576K
}
Event: 3.713 GC heap after
{Heap after GC invocations=7 (full 0):
 garbage-first heap   total 61440K, used 21006K [0x0000000701000000, 0x0000000800000000)
  region size 2048K, 2 young (4096K), 2 survivors (4096K)
 Metaspace       used 30227K, committed 30592K, reserved 1114112K
  class space    used 3702K, committed 3840K, reserved 1048576K
}
Event: 4.016 GC heap before
{Heap before GC invocations=7 (full 0):
 garbage-first heap   total 61440K, used 47630K [0x0000000701000000, 0x0000000800000000)
  region size 2048K, 15 young (30720K), 2 survivors (4096K)
 Metaspace       used 31854K, committed 32256K, reserved 1114112K
  class space    used 3913K, committed 4096K, reserved 1048576K
}
Event: 4.024 GC heap after
{Heap after GC invocations=8 (full 0):
 garbage-first heap   total 161792K, used 22403K [0x0000000701000000, 0x0000000800000000)
  region size 2048K, 1 young (2048K), 1 survivors (2048K)
 Metaspace       used 31854K, committed 32256K, reserved 1114112K
  class space    used 3913K, committed 4096K, reserved 1048576K
}
Event: 4.716 GC heap before
{Heap before GC invocations=8 (full 0):
 garbage-first heap   total 161792K, used 46979K [0x0000000701000000, 0x0000000800000000)
  region size 2048K, 14 young (28672K), 1 survivors (2048K)
 Metaspace       used 35582K, committed 36096K, reserved 1114112K
  class space    used 4476K, committed 4736K, reserved 1048576K
}
Event: 4.724 GC heap after
{Heap after GC invocations=9 (full 0):
 garbage-first heap   total 161792K, used 24833K [0x0000000701000000, 0x0000000800000000)
  region size 2048K, 2 young (4096K), 2 survivors (4096K)
 Metaspace       used 35582K, committed 36096K, reserved 1114112K
  class space    used 4476K, committed 4736K, reserved 1048576K
}
Event: 6.217 GC heap before
{Heap before GC invocations=10 (full 0):
 garbage-first heap   total 96256K, used 78081K [0x0000000701000000, 0x0000000800000000)
  region size 2048K, 28 young (57344K), 2 survivors (4096K)
 Metaspace       used 47874K, committed 48512K, reserved 1114112K
  class space    used 6056K, committed 6336K, reserved 1048576K
}
Event: 6.232 GC heap after
{Heap after GC invocations=11 (full 0):
 garbage-first heap   total 96256K, used 28988K [0x0000000701000000, 0x0000000800000000)
  region size 2048K, 4 young (8192K), 4 survivors (8192K)
 Metaspace       used 47874K, committed 48512K, reserved 1114112K
  class space    used 6056K, committed 6336K, reserved 1048576K
}
Event: 7.538 GC heap before
{Heap before GC invocations=11 (full 0):
 garbage-first heap   total 96256K, used 78140K [0x0000000701000000, 0x0000000800000000)
  region size 2048K, 28 young (57344K), 4 survivors (8192K)
 Metaspace       used 54969K, committed 55680K, reserved 1114112K
  class space    used 6901K, committed 7232K, reserved 1048576K
}

