# JRE version: OpenJDK Runtime Environment Temurin-17.0.10+7 (17.0.10+7) (build 17.0.10+7)
# Java VM: OpenJDK 64-Bit Server VM Temurin-17.0.10+7 (17.0.10+7, mixed mode, emulated-client, tiered, compressed oops, compressed class ptrs, g1 gc, windows-amd64)
GC Precious Log:
 CPUs: 12 total, 12 available
 Memory: 16225M
 Large Page Support: Disabled
 NUMA Support: Disabled
 Compressed Oops: Enabled (32-bit)
 Heap Region Size: 1M
 Heap Min Capacity: 8M
 Heap Initial Capacity: 254M
 Heap Max Capacity: 1G
 Pre-touch: Disabled
 Parallel Workers: 10
 Concurrent Workers: 3
 Concurrent Refinement Workers: 10
 Periodic GC: Disabled
Heap:
 garbage-first heap   total 95232K, used 38884K [0x00000000c0000000, 0x0000000100000000)
  region size 1024K, 1 young (1024K), 0 survivors (0K)
 Metaspace       used 59708K, committed 60160K, reserved 1114112K
  class space    used 7448K, committed 7680K, reserved 1048576K
GC Heap History (20 events):
Event: 11332.972 GC heap after
{Heap after GC invocations=850 (full 710):
 garbage-first heap   total 95232K, used 38862K [0x00000000c0000000, 0x0000000100000000)
  region size 1024K, 0 young (0K), 0 survivors (0K)
 Metaspace       used 59708K, committed 60160K, reserved 1114112K
  class space    used 7448K, committed 7680K, reserved 1048576K
}
Event: 11373.048 GC heap before
{Heap before GC invocations=850 (full 710):
 garbage-first heap   total 95232K, used 75726K [0x00000000c0000000, 0x0000000100000000)
  region size 1024K, 37 young (37888K), 0 survivors (0K)
 Metaspace       used 59708K, committed 60160K, reserved 1114112K
  class space    used 7448K, committed 7680K, reserved 1048576K
}
Event: 11373.070 GC heap after
{Heap after GC invocations=851 (full 711):
 garbage-first heap   total 95232K, used 38885K [0x00000000c0000000, 0x0000000100000000)
  region size 1024K, 0 young (0K), 0 survivors (0K)
 Metaspace       used 59708K, committed 60160K, reserved 1114112K
  class space    used 7448K, committed 7680K, reserved 1048576K
}
Event: 11383.135 GC heap before
{Heap before GC invocations=851 (full 711):
 garbage-first heap   total 95232K, used 38885K [0x00000000c0000000, 0x0000000100000000)
  region size 1024K, 1 young (1024K), 0 survivors (0K)
 Metaspace       used 59708K, committed 60160K, reserved 1114112K
  class space    used 7448K, committed 7680K, reserved 1048576K
}
Event: 11383.157 GC heap after
{Heap after GC invocations=852 (full 712):
 garbage-first heap   total 95232K, used 38885K [0x00000000c0000000, 0x0000000100000000)
  region size 1024K, 0 young (0K), 0 survivors (0K)
 Metaspace       used 59708K, committed 60160K, reserved 1114112K
  class space    used 7448K, committed 7680K, reserved 1048576K
}
Event: 11393.215 GC heap before
{Heap before GC invocations=852 (full 712):
 garbage-first heap   total 95232K, used 38885K [0x00000000c0000000, 0x0000000100000000)
  region size 1024K, 1 young (1024K), 0 survivors (0K)
 Metaspace       used 59708K, committed 60160K, reserved 1114112K
  class space    used 7448K, committed 7680K, reserved 1048576K
}
Event: 11393.237 GC heap after
{Heap after GC invocations=853 (full 713):
 garbage-first heap   total 95232K, used 38885K [0x00000000c0000000, 0x0000000100000000)
  region size 1024K, 0 young (0K), 0 survivors (0K)
 Metaspace       used 59708K, committed 60160K, reserved 1114112K
  class space    used 7448K, committed 7680K, reserved 1048576K
}
Event: 11403.293 GC heap before
{Heap before GC invocations=853 (full 713):
 garbage-first heap   total 95232K, used 38885K [0x00000000c0000000, 0x0000000100000000)
  region size 1024K, 1 young (1024K), 0 survivors (0K)
 Metaspace       used 59708K, committed 60160K, reserved 1114112K
  class space    used 7448K, committed 7680K, reserved 1048576K
}
Event: 11403.315 GC heap after
{Heap after GC invocations=854 (full 714):
 garbage-first heap   total 95232K, used 38862K [0x00000000c0000000, 0x0000000100000000)
  region size 1024K, 0 young (0K), 0 survivors (0K)
 Metaspace       used 59708K, committed 60160K, reserved 1114112K
  class space    used 7448K, committed 7680K, reserved 1048576K
}
Event: 11413.374 GC heap before
{Heap before GC invocations=854 (full 714):
 garbage-first heap   total 95232K, used 38862K [0x00000000c0000000, 0x0000000100000000)
  region size 1024K, 1 young (1024K), 0 survivors (0K)
 Metaspace       used 59708K, committed 60160K, reserved 1114112K
  class space    used 7448K, committed 7680K, reserved 1048576K
}
Event: 11413.395 GC heap after
{Heap after GC invocations=855 (full 715):
 garbage-first heap   total 95232K, used 38862K [0x00000000c0000000, 0x0000000100000000)
  region size 1024K, 0 young (0K), 0 survivors (0K)
 Metaspace       used 59708K, committed 60160K, reserved 1114112K
  class space    used 7448K, committed 7680K, reserved 1048576K
}
Event: 11423.457 GC heap before
{Heap before GC invocations=855 (full 715):
 garbage-first heap   total 95232K, used 38862K [0x00000000c0000000, 0x0000000100000000)
  region size 1024K, 1 young (1024K), 0 survivors (0K)
 Metaspace       used 59708K, committed 60160K, reserved 1114112K
  class space    used 7448K, committed 7680K, reserved 1048576K
}
Event: 11423.480 GC heap after
{Heap after GC invocations=856 (full 716):
 garbage-first heap   total 95232K, used 38862K [0x00000000c0000000, 0x0000000100000000)
  region size 1024K, 0 young (0K), 0 survivors (0K)
 Metaspace       used 59708K, committed 60160K, reserved 1114112K
  class space    used 7448K, committed 7680K, reserved 1048576K
}
Event: 11433.540 GC heap before
{Heap before GC invocations=856 (full 716):
 garbage-first heap   total 95232K, used 38862K [0x00000000c0000000, 0x0000000100000000)
  region size 1024K, 1 young (1024K), 0 survivors (0K)
 Metaspace       used 59708K, committed 60160K, reserved 1114112K
  class space    used 7448K, committed 7680K, reserved 1048576K
}
Event: 11433.561 GC heap after
{Heap after GC invocations=857 (full 717):
 garbage-first heap   total 95232K, used 38862K [0x00000000c0000000, 0x0000000100000000)
  region size 1024K, 0 young (0K), 0 survivors (0K)
 Metaspace       used 59708K, committed 60160K, reserved 1114112K
  class space    used 7448K, committed 7680K, reserved 1048576K
}
Event: 11443.620 GC heap before
{Heap before GC invocations=857 (full 717):
 garbage-first heap   total 95232K, used 38862K [0x00000000c0000000, 0x0000000100000000)
  region size 1024K, 1 young (1024K), 0 survivors (0K)
 Metaspace       used 59708K, committed 60160K, reserved 1114112K
  class space    used 7448K, committed 7680K, reserved 1048576K
}
Event: 11443.642 GC heap after
{Heap after GC invocations=858 (full 718):
 garbage-first heap   total 95232K, used 38862K [0x00000000c0000000, 0x0000000100000000)
  region size 1024K, 0 young (0K), 0 survivors (0K)
 Metaspace       used 59708K, committed 60160K, reserved 1114112K
  class space    used 7448K, committed 7680K, reserved 1048576K
}
Event: 11453.701 GC heap before
{Heap before GC invocations=858 (full 718):
 garbage-first heap   total 95232K, used 38862K [0x00000000c0000000, 0x0000000100000000)
  region size 1024K, 1 young (1024K), 0 survivors (0K)
 Metaspace       used 59708K, committed 60160K, reserved 1114112K
  class space    used 7448K, committed 7680K, reserved 1048576K
}
Event: 11453.724 GC heap after
{Heap after GC invocations=859 (full 719):
 garbage-first heap   total 95232K, used 38862K [0x00000000c0000000, 0x0000000100000000)
  region size 1024K, 0 young (0K), 0 survivors (0K)
 Metaspace       used 59708K, committed 60160K, reserved 1114112K
  class space    used 7448K, committed 7680K, reserved 1048576K
}
Event: 11463.779 GC heap before
{Heap before GC invocations=859 (full 719):
 garbage-first heap   total 95232K, used 38862K [0x00000000c0000000, 0x0000000100000000)
  region size 1024K, 1 young (1024K), 0 survivors (0K)
 Metaspace       used 59708K, committed 60160K, reserved 1114112K
  class space    used 7448K, committed 7680K, reserved 1048576K
}

