# JRE version: OpenJDK Runtime Environment Temurin-17.0.10+7 (17.0.10+7) (build 17.0.10+7)
# Java VM: OpenJDK 64-Bit Server VM Temurin-17.0.10+7 (17.0.10+7, mixed mode, emulated-client, tiered, compressed oops, compressed class ptrs, g1 gc, windows-amd64)
GC Precious Log:
 CPUs: 12 total, 12 available
 Memory: 16225M
 Large Page Support: Disabled
 NUMA Support: Disabled
 Compressed Oops: Enabled (32-bit)
 Heap Region Size: 1M
 Heap Min Capacity: 8M
 Heap Initial Capacity: 254M
 Heap Max Capacity: 1G
 Pre-touch: Disabled
 Parallel Workers: 10
 Concurrent Workers: 3
 Concurrent Refinement Workers: 10
 Periodic GC: Disabled
Heap:
 garbage-first heap   total 137216K, used 39898K [0x00000000c0000000, 0x0000000100000000)
  region size 1024K, 1 young (1024K), 0 survivors (0K)
 Metaspace       used 60915K, committed 61440K, reserved 1114112K
  class space    used 7636K, committed 7872K, reserved 1048576K
GC Heap History (20 events):
Event: 1183.539 GC heap after
{Heap after GC invocations=47 (full 4):
 garbage-first heap   total 163840K, used 51012K [0x00000000c0000000, 0x0000000100000000)
  region size 1024K, 1 young (1024K), 1 survivors (1024K)
 Metaspace       used 60845K, committed 61376K, reserved 1114112K
  class space    used 7629K, committed 7872K, reserved 1048576K
}
Event: 1207.524 GC heap before
{Heap before GC invocations=48 (full 4):
 garbage-first heap   total 163840K, used 138052K [0x00000000c0000000, 0x0000000100000000)
  region size 1024K, 86 young (88064K), 1 survivors (1024K)
 Metaspace       used 60846K, committed 61376K, reserved 1114112K
  class space    used 7629K, committed 7872K, reserved 1048576K
}
Event: 1207.526 GC heap after
{Heap after GC invocations=49 (full 4):
 garbage-first heap   total 163840K, used 52148K [0x00000000c0000000, 0x0000000100000000)
  region size 1024K, 2 young (2048K), 2 survivors (2048K)
 Metaspace       used 60846K, committed 61376K, reserved 1114112K
  class space    used 7629K, committed 7872K, reserved 1048576K
}
Event: 1223.761 GC heap before
{Heap before GC invocations=49 (full 4):
 garbage-first heap   total 163840K, used 57268K [0x00000000c0000000, 0x0000000100000000)
  region size 1024K, 8 young (8192K), 2 survivors (2048K)
 Metaspace       used 60898K, committed 61440K, reserved 1114112K
  class space    used 7638K, committed 7872K, reserved 1048576K
}
Event: 1223.762 GC heap after
{Heap after GC invocations=50 (full 4):
 garbage-first heap   total 163840K, used 51646K [0x00000000c0000000, 0x0000000100000000)
  region size 1024K, 1 young (1024K), 1 survivors (1024K)
 Metaspace       used 60898K, committed 61440K, reserved 1114112K
  class space    used 7638K, committed 7872K, reserved 1048576K
}
Event: 1394.289 GC heap before
{Heap before GC invocations=50 (full 4):
 garbage-first heap   total 163840K, used 136638K [0x00000000c0000000, 0x0000000100000000)
  region size 1024K, 85 young (87040K), 1 survivors (1024K)
 Metaspace       used 60915K, committed 61440K, reserved 1114112K
  class space    used 7641K, committed 7872K, reserved 1048576K
}
Event: 1394.292 GC heap after
{Heap after GC invocations=51 (full 4):
 garbage-first heap   total 163840K, used 56304K [0x00000000c0000000, 0x0000000100000000)
  region size 1024K, 5 young (5120K), 5 survivors (5120K)
 Metaspace       used 60915K, committed 61440K, reserved 1114112K
  class space    used 7641K, committed 7872K, reserved 1048576K
}
Event: 1664.280 GC heap before
{Heap before GC invocations=52 (full 4):
 garbage-first heap   total 163840K, used 134128K [0x00000000c0000000, 0x0000000100000000)
  region size 1024K, 83 young (84992K), 5 survivors (5120K)
 Metaspace       used 60873K, committed 61440K, reserved 1114112K
  class space    used 7631K, committed 7872K, reserved 1048576K
}
Event: 1664.283 GC heap after
{Heap after GC invocations=53 (full 4):
 garbage-first heap   total 163840K, used 54266K [0x00000000c0000000, 0x0000000100000000)
  region size 1024K, 5 young (5120K), 5 survivors (5120K)
 Metaspace       used 60873K, committed 61440K, reserved 1114112K
  class space    used 7631K, committed 7872K, reserved 1048576K
}
Event: 1674.279 GC heap before
{Heap before GC invocations=53 (full 4):
 garbage-first heap   total 163840K, used 57338K [0x00000000c0000000, 0x0000000100000000)
  region size 1024K, 8 young (8192K), 5 survivors (5120K)
 Metaspace       used 60873K, committed 61440K, reserved 1114112K
  class space    used 7631K, committed 7872K, reserved 1048576K
}
Event: 1674.283 GC heap after
{Heap after GC invocations=54 (full 4):
 garbage-first heap   total 163840K, used 51725K [0x00000000c0000000, 0x0000000100000000)
  region size 1024K, 1 young (1024K), 1 survivors (1024K)
 Metaspace       used 60873K, committed 61440K, reserved 1114112K
  class space    used 7631K, committed 7872K, reserved 1048576K
}
Event: 1956.537 GC heap before
{Heap before GC invocations=54 (full 4):
 garbage-first heap   total 163840K, used 136717K [0x00000000c0000000, 0x0000000100000000)
  region size 1024K, 84 young (86016K), 1 survivors (1024K)
 Metaspace       used 60873K, committed 61440K, reserved 1114112K
  class space    used 7631K, committed 7872K, reserved 1048576K
}
Event: 1956.539 GC heap after
{Heap after GC invocations=55 (full 4):
 garbage-first heap   total 163840K, used 51277K [0x00000000c0000000, 0x0000000100000000)
  region size 1024K, 1 young (1024K), 1 survivors (1024K)
 Metaspace       used 60873K, committed 61440K, reserved 1114112K
  class space    used 7631K, committed 7872K, reserved 1048576K
}
Event: 2041.755 GC heap before
{Heap before GC invocations=56 (full 4):
 garbage-first heap   total 163840K, used 69709K [0x00000000c0000000, 0x0000000100000000)
  region size 1024K, 21 young (21504K), 1 survivors (1024K)
 Metaspace       used 60825K, committed 61440K, reserved 1114112K
  class space    used 7623K, committed 7872K, reserved 1048576K
}
Event: 2041.776 GC heap after
{Heap after GC invocations=57 (full 5):
 garbage-first heap   total 147456K, used 40641K [0x00000000c0000000, 0x0000000100000000)
  region size 1024K, 0 young (0K), 0 survivors (0K)
 Metaspace       used 60808K, committed 61440K, reserved 1114112K
  class space    used 7620K, committed 7872K, reserved 1048576K
}
Event: 2051.831 GC heap before
{Heap before GC invocations=57 (full 5):
 garbage-first heap   total 147456K, used 40641K [0x00000000c0000000, 0x0000000100000000)
  region size 1024K, 1 young (1024K), 0 survivors (0K)
 Metaspace       used 60808K, committed 61440K, reserved 1114112K
  class space    used 7620K, committed 7872K, reserved 1048576K
}
Event: 2051.849 GC heap after
{Heap after GC invocations=58 (full 6):
 garbage-first heap   total 143360K, used 40641K [0x00000000c0000000, 0x0000000100000000)
  region size 1024K, 0 young (0K), 0 survivors (0K)
 Metaspace       used 60808K, committed 61440K, reserved 1114112K
  class space    used 7620K, committed 7872K, reserved 1048576K
}
Event: 2181.962 GC heap before
{Heap before GC invocations=58 (full 6):
 garbage-first heap   total 143360K, used 84673K [0x00000000c0000000, 0x0000000100000000)
  region size 1024K, 44 young (45056K), 0 survivors (0K)
 Metaspace       used 60915K, committed 61440K, reserved 1114112K
  class space    used 7636K, committed 7872K, reserved 1048576K
}
Event: 2181.985 GC heap after
{Heap after GC invocations=59 (full 7):
 garbage-first heap   total 137216K, used 39870K [0x00000000c0000000, 0x0000000100000000)
  region size 1024K, 0 young (0K), 0 survivors (0K)
 Metaspace       used 60915K, committed 61440K, reserved 1114112K
  class space    used 7636K, committed 7872K, reserved 1048576K
}
Event: 2192.055 GC heap before
{Heap before GC invocations=59 (full 7):
 garbage-first heap   total 137216K, used 39870K [0x00000000c0000000, 0x0000000100000000)
  region size 1024K, 1 young (1024K), 0 survivors (0K)
 Metaspace       used 60915K, committed 61440K, reserved 1114112K
  class space    used 7636K, committed 7872K, reserved 1048576K
}

