# JRE version: Java(TM) SE Runtime Environment (21.0.1+12) (build 21.0.1+12-LTS-29)
# Java VM: Java HotSpot(TM) 64-Bit Server VM (21.0.1+12-LTS-29, mixed mode, sharing, tiered, compressed oops, compressed class ptrs, g1 gc, windows-amd64)
GC Precious Log:
 CardTable entry size: 512
 Card Set container configuration: InlinePtr #cards 5 size 8 Array Of Cards #cards 12 size 40 Howl #buckets 4 coarsen threshold 1843 Howl Bitmap #cards 512 size 80 coarsen threshold 460 Card regions per heap region 1 cards per card region 2048
 CPUs: 4 total, 4 available
 Memory: 7167M
 Large Page Support: Disabled
 NUMA Support: Disabled
 Compressed Oops: Enabled (32-bit)
 Heap Region Size: 1M
 Heap Min Capacity: 8M
 Heap Initial Capacity: 112M
 Heap Max Capacity: 1792M
 Pre-touch: Disabled
 Parallel Workers: 4
 Concurrent Workers: 1
 Concurrent Refinement Workers: 4
 Periodic GC: Disabled
Heap:
 garbage-first heap   total 58368K, used 45937K [0x0000000090000000, 0x0000000100000000)
  region size 1024K, 22 young (22528K), 2 survivors (2048K)
 Metaspace       used 48786K, committed 49408K, reserved 1114112K
  class space    used 6214K, committed 6528K, reserved 1048576K
GC Heap History (18 events):
Event: 4.925 GC heap before
{Heap before GC invocations=0 (full 0):
 garbage-first heap   total 114688K, used 13312K [0x0000000090000000, 0x0000000100000000)
  region size 1024K, 13 young (13312K), 0 survivors (0K)
 Metaspace       used 3223K, committed 3456K, reserved 1114112K
  class space    used 308K, committed 448K, reserved 1048576K
}
Event: 4.936 GC heap after
{Heap after GC invocations=1 (full 0):
 garbage-first heap   total 114688K, used 7062K [0x0000000090000000, 0x0000000100000000)
  region size 1024K, 2 young (2048K), 2 survivors (2048K)
 Metaspace       used 3223K, committed 3456K, reserved 1114112K
  class space    used 308K, committed 448K, reserved 1048576K
}
Event: 5.423 GC heap before
{Heap before GC invocations=1 (full 0):
 garbage-first heap   total 114688K, used 18326K [0x0000000090000000, 0x0000000100000000)
  region size 1024K, 13 young (13312K), 2 survivors (2048K)
 Metaspace       used 6824K, committed 7040K, reserved 1114112K
  class space    used 789K, committed 896K, reserved 1048576K
}
Event: 5.432 GC heap after
{Heap after GC invocations=2 (full 0):
 garbage-first heap   total 114688K, used 8233K [0x0000000090000000, 0x0000000100000000)
  region size 1024K, 2 young (2048K), 2 survivors (2048K)
 Metaspace       used 6824K, committed 7040K, reserved 1114112K
  class space    used 789K, committed 896K, reserved 1048576K
}
Event: 6.319 GC heap before
{Heap before GC invocations=2 (full 0):
 garbage-first heap   total 114688K, used 36905K [0x0000000090000000, 0x0000000100000000)
  region size 1024K, 31 young (31744K), 2 survivors (2048K)
 Metaspace       used 14595K, committed 14848K, reserved 1114112K
  class space    used 1858K, committed 1984K, reserved 1048576K
}
Event: 6.328 GC heap after
{Heap after GC invocations=3 (full 0):
 garbage-first heap   total 114688K, used 10485K [0x0000000090000000, 0x0000000100000000)
  region size 1024K, 4 young (4096K), 4 survivors (4096K)
 Metaspace       used 14595K, committed 14848K, reserved 1114112K
  class space    used 1858K, committed 1984K, reserved 1048576K
}
Event: 8.425 GC heap before
{Heap before GC invocations=3 (full 0):
 garbage-first heap   total 114688K, used 56565K [0x0000000090000000, 0x0000000100000000)
  region size 1024K, 51 young (52224K), 4 survivors (4096K)
 Metaspace       used 21209K, committed 21504K, reserved 1114112K
  class space    used 2595K, committed 2752K, reserved 1048576K
}
Event: 8.445 GC heap after
{Heap after GC invocations=4 (full 0):
 garbage-first heap   total 114688K, used 16328K [0x0000000090000000, 0x0000000100000000)
  region size 1024K, 9 young (9216K), 9 survivors (9216K)
 Metaspace       used 21209K, committed 21504K, reserved 1114112K
  class space    used 2595K, committed 2752K, reserved 1048576K
}
Event: 12.519 GC heap before
{Heap before GC invocations=5 (full 0):
 garbage-first heap   total 58368K, used 41928K [0x0000000090000000, 0x0000000100000000)
  region size 1024K, 34 young (34816K), 9 survivors (9216K)
 Metaspace       used 24034K, committed 24320K, reserved 1114112K
  class space    used 3002K, committed 3136K, reserved 1048576K
}
Event: 12.555 GC heap after
{Heap after GC invocations=6 (full 0):
 garbage-first heap   total 58368K, used 17853K [0x0000000090000000, 0x0000000100000000)
  region size 1024K, 3 young (3072K), 3 survivors (3072K)
 Metaspace       used 24034K, committed 24320K, reserved 1114112K
  class space    used 3002K, committed 3136K, reserved 1048576K
}
Event: 18.462 GC heap before
{Heap before GC invocations=6 (full 0):
 garbage-first heap   total 58368K, used 45501K [0x0000000090000000, 0x0000000100000000)
  region size 1024K, 30 young (30720K), 3 survivors (3072K)
 Metaspace       used 27209K, committed 27584K, reserved 1114112K
  class space    used 3390K, committed 3584K, reserved 1048576K
}
Event: 18.479 GC heap after
{Heap after GC invocations=7 (full 0):
 garbage-first heap   total 58368K, used 19968K [0x0000000090000000, 0x0000000100000000)
  region size 1024K, 4 young (4096K), 4 survivors (4096K)
 Metaspace       used 27209K, committed 27584K, reserved 1114112K
  class space    used 3390K, committed 3584K, reserved 1048576K
}
Event: 22.909 GC heap before
{Heap before GC invocations=7 (full 0):
 garbage-first heap   total 58368K, used 47616K [0x0000000090000000, 0x0000000100000000)
  region size 1024K, 31 young (31744K), 4 survivors (4096K)
 Metaspace       used 32599K, committed 33088K, reserved 1114112K
  class space    used 4122K, committed 4352K, reserved 1048576K
}
Event: 22.932 GC heap after
{Heap after GC invocations=8 (full 0):
 garbage-first heap   total 58368K, used 22968K [0x0000000090000000, 0x0000000100000000)
  region size 1024K, 4 young (4096K), 4 survivors (4096K)
 Metaspace       used 32599K, committed 33088K, reserved 1114112K
  class space    used 4122K, committed 4352K, reserved 1048576K
}
Event: 24.826 GC heap before
{Heap before GC invocations=8 (full 0):
 garbage-first heap   total 58368K, used 37304K [0x0000000090000000, 0x0000000100000000)
  region size 1024K, 20 young (20480K), 4 survivors (4096K)
 Metaspace       used 35457K, committed 35968K, reserved 1114112K
  class space    used 4489K, committed 4672K, reserved 1048576K
}
Event: 24.848 GC heap after
{Heap after GC invocations=9 (full 0):
 garbage-first heap   total 58368K, used 25499K [0x0000000090000000, 0x0000000100000000)
  region size 1024K, 3 young (3072K), 3 survivors (3072K)
 Metaspace       used 35457K, committed 35968K, reserved 1114112K
  class space    used 4489K, committed 4672K, reserved 1048576K
}
Event: 27.579 GC heap before
{Heap before GC invocations=10 (full 0):
 garbage-first heap   total 58368K, used 47003K [0x0000000090000000, 0x0000000100000000)
  region size 1024K, 25 young (25600K), 3 survivors (3072K)
 Metaspace       used 40352K, committed 40896K, reserved 1114112K
  class space    used 5176K, committed 5440K, reserved 1048576K
}
Event: 27.590 GC heap after
{Heap after GC invocations=11 (full 0):
 garbage-first heap   total 58368K, used 26481K [0x0000000090000000, 0x0000000100000000)
  region size 1024K, 2 young (2048K), 2 survivors (2048K)
 Metaspace       used 40352K, committed 40896K, reserved 1114112K
  class space    used 5176K, committed 5440K, reserved 1048576K
}

